[0.196s] Invoking command in '/home/jason/C-ROS-Automodel_Car/simulacion_ws/build/motor_msgs': CMAKE_PREFIX_PATH=${CMAKE_PREFIX_PATH}:/opt/ros/jazzy /usr/bin/cmake /home/jason/C-ROS-Automodel_Car/simulacion_ws/src/motor_msgs -DCMAKE_INSTALL_PREFIX=/home/jason/C-ROS-Automodel_Car/simulacion_ws/install/motor_msgs
[0.633s] -- The C compiler identification is GNU 13.3.0
[2.130s] -- The CXX compiler identification is GNU 13.3.0
[3.331s] -- Detecting C compiler ABI info
[3.684s] -- Detecting C compiler ABI info - done
[3.692s] -- Check for working C compiler: /usr/bin/cc - skipped
[3.693s] -- Detecting C compile features
[3.694s] -- Detecting C compile features - done
[3.850s] -- Detecting CXX compiler ABI info
[4.306s] -- Detecting CXX compiler ABI info - done
[4.313s] -- Check for working CXX compiler: /usr/bin/c++ - skipped
[4.313s] -- Detecting CXX compile features
[4.313s] -- Detecting CXX compile features - done
[4.342s] -- Found ament_cmake: 2.5.5 (/opt/ros/jazzy/share/ament_cmake/cmake)
[4.485s] -- Found Python3: /usr/bin/python3 (found version "3.12.3") found components: Interpreter 
[4.617s] -- Found std_msgs: 5.3.6 (/opt/ros/jazzy/share/std_msgs/cmake)
[4.885s] -- Found rosidl_generator_c: 4.6.7 (/opt/ros/jazzy/share/rosidl_generator_c/cmake)
[4.904s] -- Found rosidl_generator_cpp: 4.6.7 (/opt/ros/jazzy/share/rosidl_generator_cpp/cmake)
[4.941s] -- Using all available rosidl_typesupport_c: rosidl_typesupport_fastrtps_c;rosidl_typesupport_introspection_c
[4.973s] -- Using all available rosidl_typesupport_cpp: rosidl_typesupport_fastrtps_cpp;rosidl_typesupport_introspection_cpp
[5.020s] -- Found rosidl_default_generators: 1.6.0 (/opt/ros/jazzy/share/rosidl_default_generators/cmake)
[5.041s] -- Found rosidl_adapter: 4.6.7 (/opt/ros/jazzy/share/rosidl_adapter/cmake)
[5.598s] -- Found ament_cmake_ros: 0.12.0 (/opt/ros/jazzy/share/ament_cmake_ros/cmake)
[6.264s] -- Using all available rosidl_typesupport_c: rosidl_typesupport_fastrtps_c;rosidl_typesupport_introspection_c
[6.512s] -- Using all available rosidl_typesupport_cpp: rosidl_typesupport_fastrtps_cpp;rosidl_typesupport_introspection_cpp
[6.519s] -- Found python_cmake_module: 0.11.1 (/opt/ros/jazzy/share/python_cmake_module/cmake)
[6.645s] -- Found PythonExtra: /usr/bin/python3  
[7.135s] -- Found Python3: /usr/bin/python3 (found version "3.12.3") found components: Interpreter Development NumPy Development.Module Development.Embed 
[7.177s] -- Found ament_lint_auto: 0.17.4 (/opt/ros/jazzy/share/ament_lint_auto/cmake)
[7.219s] -- Added test 'lint_cmake' to check CMake code style
[7.221s] -- Added test 'xmllint' to check XML markup files
[7.227s] -- Configuring done (6.9s)
[7.272s] -- Generating done (0.0s)
[7.283s] -- Build files have been written to: /home/jason/C-ROS-Automodel_Car/simulacion_ws/build/motor_msgs
[7.292s] Invoked command in '/home/jason/C-ROS-Automodel_Car/simulacion_ws/build/motor_msgs' returned '0': CMAKE_PREFIX_PATH=${CMAKE_PREFIX_PATH}:/opt/ros/jazzy /usr/bin/cmake /home/jason/C-ROS-Automodel_Car/simulacion_ws/src/motor_msgs -DCMAKE_INSTALL_PREFIX=/home/jason/C-ROS-Automodel_Car/simulacion_ws/install/motor_msgs
[7.294s] Invoking command in '/home/jason/C-ROS-Automodel_Car/simulacion_ws/build/motor_msgs': CMAKE_PREFIX_PATH=${CMAKE_PREFIX_PATH}:/opt/ros/jazzy /usr/bin/cmake --build /home/jason/C-ROS-Automodel_Car/simulacion_ws/build/motor_msgs -- -j12 -l12
[7.318s] -- Found ament_cmake: 2.5.5 (/opt/ros/jazzy/share/ament_cmake/cmake)
[7.339s] -- Found Python3: /usr/bin/python3 (found version "3.12.3") found components: Interpreter 
[7.401s] -- Found std_msgs: 5.3.6 (/opt/ros/jazzy/share/std_msgs/cmake)
[7.660s] -- Found rosidl_generator_c: 4.6.7 (/opt/ros/jazzy/share/rosidl_generator_c/cmake)
[7.667s] -- Found rosidl_generator_cpp: 4.6.7 (/opt/ros/jazzy/share/rosidl_generator_cpp/cmake)
[7.677s] -- Using all available rosidl_typesupport_c: rosidl_typesupport_fastrtps_c;rosidl_typesupport_introspection_c
[7.686s] -- Using all available rosidl_typesupport_cpp: rosidl_typesupport_fastrtps_cpp;rosidl_typesupport_introspection_cpp
[7.704s] -- Found rosidl_default_generators: 1.6.0 (/opt/ros/jazzy/share/rosidl_default_generators/cmake)
[7.709s] -- Found rosidl_adapter: 4.6.7 (/opt/ros/jazzy/share/rosidl_adapter/cmake)
[7.942s] -- Found ament_cmake_ros: 0.12.0 (/opt/ros/jazzy/share/ament_cmake_ros/cmake)
[8.123s] -- Using all available rosidl_typesupport_c: rosidl_typesupport_fastrtps_c;rosidl_typesupport_introspection_c
[8.187s] -- Using all available rosidl_typesupport_cpp: rosidl_typesupport_fastrtps_cpp;rosidl_typesupport_introspection_cpp
[8.188s] -- Found python_cmake_module: 0.11.1 (/opt/ros/jazzy/share/python_cmake_module/cmake)
[8.413s] -- Found Python3: /usr/bin/python3 (found version "3.12.3") found components: Interpreter Development NumPy Development.Module Development.Embed 
[8.429s] -- Found ament_lint_auto: 0.17.4 (/opt/ros/jazzy/share/ament_lint_auto/cmake)
[8.435s] -- Added test 'lint_cmake' to check CMake code style
[8.435s] -- Added test 'xmllint' to check XML markup files
[8.437s] -- Configuring done (1.1s)
[8.467s] -- Generating done (0.0s)
[8.477s] -- Build files have been written to: /home/jason/C-ROS-Automodel_Car/simulacion_ws/build/motor_msgs
[8.512s] [  2%] [34m[1mGenerating type hashes for ROS interfaces[0m
[8.519s] [  2%] Built target ament_cmake_python_copy_motor_msgs
[8.685s] running egg_info
[8.685s] creating motor_msgs.egg-info
[8.699s] writing motor_msgs.egg-info/PKG-INFO
[8.699s] writing dependency_links to motor_msgs.egg-info/dependency_links.txt
[8.699s] writing top-level names to motor_msgs.egg-info/top_level.txt
[8.699s] writing manifest file 'motor_msgs.egg-info/SOURCES.txt'
[8.701s] [  2%] Built target motor_msgs__rosidl_generator_type_description
[8.711s] [  4%] [34m[1mGenerating C code for ROS interfaces[0m
[8.723s] [  6%] [34m[1mGenerating C++ code for ROS interfaces[0m
[8.740s] reading manifest file 'motor_msgs.egg-info/SOURCES.txt'
[8.740s] writing manifest file 'motor_msgs.egg-info/SOURCES.txt'
[8.770s] [  6%] Built target ament_cmake_python_build_motor_msgs_egg
[8.942s] [  6%] Built target motor_msgs__cpp
[8.976s] [ 11%] [32mBuilding C object CMakeFiles/motor_msgs__rosidl_generator_c.dir/rosidl_generator_c/motor_msgs/msg/detail/motor_command__description.c.o[0m
[8.977s] [ 11%] [32mBuilding C object CMakeFiles/motor_msgs__rosidl_generator_c.dir/rosidl_generator_c/motor_msgs/msg/detail/motor_command__functions.c.o[0m
[8.977s] [ 15%] [32mBuilding C object CMakeFiles/motor_msgs__rosidl_generator_c.dir/rosidl_generator_c/motor_msgs/msg/detail/motor_command__type_support.c.o[0m
[8.977s] [ 15%] [32mBuilding C object CMakeFiles/motor_msgs__rosidl_generator_c.dir/rosidl_generator_c/motor_msgs/msg/detail/encoder_data__description.c.o[0m
[8.980s] [ 20%] [32mBuilding C object CMakeFiles/motor_msgs__rosidl_generator_c.dir/rosidl_generator_c/motor_msgs/msg/detail/encoder_data__type_support.c.o[0m
[8.980s] [ 20%] [32mBuilding C object CMakeFiles/motor_msgs__rosidl_generator_c.dir/rosidl_generator_c/motor_msgs/msg/detail/encoder_data__functions.c.o[0m
[9.048s] [ 22%] [32m[1mLinking C shared library libmotor_msgs__rosidl_generator_c.so[0m
[9.260s] [ 22%] Built target motor_msgs__rosidl_generator_c
[9.271s] [ 25%] [34m[1mGenerating C++ introspection for ROS interfaces[0m
[9.272s] [ 29%] [34m[1mGenerating C++ type support for eProsima Fast-RTPS[0m
[9.272s] [ 29%] [34m[1mGenerating C type support dispatch for ROS interfaces[0m
[9.273s] [ 31%] [34m[1mGenerating C type support for eProsima Fast-RTPS[0m
[9.274s] [ 34%] [34m[1mGenerating C++ type support dispatch for ROS interfaces[0m
[9.276s] [ 36%] [34m[1mGenerating C introspection for ROS interfaces[0m
[9.543s] [ 38%] [32mBuilding CXX object CMakeFiles/motor_msgs__rosidl_typesupport_introspection_cpp.dir/rosidl_typesupport_introspection_cpp/motor_msgs/msg/detail/motor_command__type_support.cpp.o[0m
[9.544s] [ 40%] [32mBuilding CXX object CMakeFiles/motor_msgs__rosidl_typesupport_introspection_cpp.dir/rosidl_typesupport_introspection_cpp/motor_msgs/msg/detail/encoder_data__type_support.cpp.o[0m
[9.550s] [ 43%] [32mBuilding CXX object CMakeFiles/motor_msgs__rosidl_typesupport_cpp.dir/rosidl_typesupport_cpp/motor_msgs/msg/motor_command__type_support.cpp.o[0m
[9.550s] [ 45%] [32mBuilding CXX object CMakeFiles/motor_msgs__rosidl_typesupport_cpp.dir/rosidl_typesupport_cpp/motor_msgs/msg/encoder_data__type_support.cpp.o[0m
[9.558s] [ 50%] [32mBuilding C object CMakeFiles/motor_msgs__rosidl_typesupport_introspection_c.dir/rosidl_typesupport_introspection_c/motor_msgs/msg/detail/motor_command__type_support.c.o[0m
[9.558s] [ 50%] [32mBuilding C object CMakeFiles/motor_msgs__rosidl_typesupport_introspection_c.dir/rosidl_typesupport_introspection_c/motor_msgs/msg/detail/encoder_data__type_support.c.o[0m
[9.574s] [ 52%] [32mBuilding CXX object CMakeFiles/motor_msgs__rosidl_typesupport_c.dir/rosidl_typesupport_c/motor_msgs/msg/motor_command__type_support.cpp.o[0m
[9.574s] [ 54%] [32mBuilding CXX object CMakeFiles/motor_msgs__rosidl_typesupport_c.dir/rosidl_typesupport_c/motor_msgs/msg/encoder_data__type_support.cpp.o[0m
[9.604s] [ 56%] [32mBuilding CXX object CMakeFiles/motor_msgs__rosidl_typesupport_fastrtps_c.dir/rosidl_typesupport_fastrtps_c/motor_msgs/msg/detail/motor_command__type_support_c.cpp.o[0m
[9.612s] [ 61%] [32mBuilding CXX object CMakeFiles/motor_msgs__rosidl_typesupport_fastrtps_c.dir/rosidl_typesupport_fastrtps_c/motor_msgs/msg/detail/encoder_data__type_support_c.cpp.o[0m
[9.613s] [ 61%] [32m[1mLinking C shared library libmotor_msgs__rosidl_typesupport_introspection_c.so[0m
[9.629s] [ 63%] [32mBuilding CXX object CMakeFiles/motor_msgs__rosidl_typesupport_fastrtps_cpp.dir/rosidl_typesupport_fastrtps_cpp/motor_msgs/msg/detail/dds_fastrtps/motor_command__type_support.cpp.o[0m
[9.630s] [ 65%] [32mBuilding CXX object CMakeFiles/motor_msgs__rosidl_typesupport_fastrtps_cpp.dir/rosidl_typesupport_fastrtps_cpp/motor_msgs/msg/detail/dds_fastrtps/encoder_data__type_support.cpp.o[0m
[9.638s] [ 68%] [32m[1mLinking CXX shared library libmotor_msgs__rosidl_typesupport_c.so[0m
[9.889s] [ 68%] Built target motor_msgs__rosidl_typesupport_introspection_c
[9.916s] [ 68%] Built target motor_msgs__rosidl_typesupport_c
[10.045s] [ 70%] [32m[1mLinking CXX shared library libmotor_msgs__rosidl_typesupport_cpp.so[0m
[10.068s] [ 72%] [32m[1mLinking CXX shared library libmotor_msgs__rosidl_typesupport_introspection_cpp.so[0m
[10.224s] [ 75%] [32m[1mLinking CXX shared library libmotor_msgs__rosidl_typesupport_fastrtps_c.so[0m
[10.226s] [ 77%] [32m[1mLinking CXX shared library libmotor_msgs__rosidl_typesupport_fastrtps_cpp.so[0m
[10.283s] [ 77%] Built target motor_msgs__rosidl_typesupport_cpp
[10.304s] [ 77%] Built target motor_msgs__rosidl_typesupport_introspection_cpp
[10.399s] [ 77%] Built target motor_msgs__rosidl_typesupport_fastrtps_c
[10.400s] [ 77%] Built target motor_msgs__rosidl_typesupport_fastrtps_cpp
[10.421s] [ 77%] Built target motor_msgs
[10.444s] [ 79%] [34m[1mGenerating Python code for ROS interfaces[0m
[10.733s] [ 79%] Built target motor_msgs__py
[10.753s] [ 84%] [32mBuilding C object CMakeFiles/motor_msgs__rosidl_generator_py.dir/rosidl_generator_py/motor_msgs/msg/_motor_command_s.c.o[0m
[10.753s] [ 84%] [32mBuilding C object CMakeFiles/motor_msgs__rosidl_generator_py.dir/rosidl_generator_py/motor_msgs/msg/_encoder_data_s.c.o[0m
[10.906s] [ 86%] [32m[1mLinking C shared library libmotor_msgs__rosidl_generator_py.so[0m
[11.100s] [ 86%] Built target motor_msgs__rosidl_generator_py
[11.118s] [ 90%] [32mBuilding C object CMakeFiles/motor_msgs_s__rosidl_typesupport_fastrtps_c.dir/rosidl_generator_py/motor_msgs/_motor_msgs_s.ep.rosidl_typesupport_fastrtps_c.c.o[0m
[11.118s] [ 90%] [32mBuilding C object CMakeFiles/motor_msgs_s__rosidl_typesupport_c.dir/rosidl_generator_py/motor_msgs/_motor_msgs_s.ep.rosidl_typesupport_c.c.o[0m
[11.118s] [ 93%] [32mBuilding C object CMakeFiles/motor_msgs_s__rosidl_typesupport_introspection_c.dir/rosidl_generator_py/motor_msgs/_motor_msgs_s.ep.rosidl_typesupport_introspection_c.c.o[0m
[11.195s] [ 97%] [32m[1mLinking C shared module rosidl_generator_py/motor_msgs/motor_msgs_s__rosidl_typesupport_introspection_c.so[0m
[11.195s] [ 97%] [32m[1mLinking C shared module rosidl_generator_py/motor_msgs/motor_msgs_s__rosidl_typesupport_c.so[0m
[11.197s] [100%] [32m[1mLinking C shared module rosidl_generator_py/motor_msgs/motor_msgs_s__rosidl_typesupport_fastrtps_c.so[0m
[11.326s] [100%] Built target motor_msgs_s__rosidl_typesupport_c
[11.326s] [100%] Built target motor_msgs_s__rosidl_typesupport_fastrtps_c
[11.326s] [100%] Built target motor_msgs_s__rosidl_typesupport_introspection_c
[11.337s] Invoked command in '/home/jason/C-ROS-Automodel_Car/simulacion_ws/build/motor_msgs' returned '0': CMAKE_PREFIX_PATH=${CMAKE_PREFIX_PATH}:/opt/ros/jazzy /usr/bin/cmake --build /home/jason/C-ROS-Automodel_Car/simulacion_ws/build/motor_msgs -- -j12 -l12
[11.347s] Invoking command in '/home/jason/C-ROS-Automodel_Car/simulacion_ws/build/motor_msgs': CMAKE_PREFIX_PATH=${CMAKE_PREFIX_PATH}:/opt/ros/jazzy /usr/bin/cmake --install /home/jason/C-ROS-Automodel_Car/simulacion_ws/build/motor_msgs
[11.354s] -- Install configuration: ""
[11.355s] -- Installing: /home/jason/C-ROS-Automodel_Car/simulacion_ws/install/motor_msgs/share/ament_index/resource_index/rosidl_interfaces/motor_msgs
[11.356s] -- Installing: /home/jason/C-ROS-Automodel_Car/simulacion_ws/install/motor_msgs/share/motor_msgs/msg/MotorCommand.json
[11.356s] -- Installing: /home/jason/C-ROS-Automodel_Car/simulacion_ws/install/motor_msgs/share/motor_msgs/msg/EncoderData.json
[11.356s] -- Installing: /home/jason/C-ROS-Automodel_Car/simulacion_ws/install/motor_msgs/include/motor_msgs/motor_msgs
[11.357s] -- Installing: /home/jason/C-ROS-Automodel_Car/simulacion_ws/install/motor_msgs/include/motor_msgs/motor_msgs/msg
[11.357s] -- Installing: /home/jason/C-ROS-Automodel_Car/simulacion_ws/install/motor_msgs/include/motor_msgs/motor_msgs/msg/motor_command.h
[11.357s] -- Installing: /home/jason/C-ROS-Automodel_Car/simulacion_ws/install/motor_msgs/include/motor_msgs/motor_msgs/msg/detail
[11.357s] -- Installing: /home/jason/C-ROS-Automodel_Car/simulacion_ws/install/motor_msgs/include/motor_msgs/motor_msgs/msg/detail/encoder_data__struct.h
[11.357s] -- Installing: /home/jason/C-ROS-Automodel_Car/simulacion_ws/install/motor_msgs/include/motor_msgs/motor_msgs/msg/detail/encoder_data__description.c
[11.357s] -- Installing: /home/jason/C-ROS-Automodel_Car/simulacion_ws/install/motor_msgs/include/motor_msgs/motor_msgs/msg/detail/motor_command__functions.c
[11.358s] -- Installing: /home/jason/C-ROS-Automodel_Car/simulacion_ws/install/motor_msgs/include/motor_msgs/motor_msgs/msg/detail/motor_command__type_support.c
[11.358s] -- Installing: /home/jason/C-ROS-Automodel_Car/simulacion_ws/install/motor_msgs/include/motor_msgs/motor_msgs/msg/detail/encoder_data__type_support.c
[11.358s] -- Installing: /home/jason/C-ROS-Automodel_Car/simulacion_ws/install/motor_msgs/include/motor_msgs/motor_msgs/msg/detail/encoder_data__functions.h
[11.358s] -- Installing: /home/jason/C-ROS-Automodel_Car/simulacion_ws/install/motor_msgs/include/motor_msgs/motor_msgs/msg/detail/motor_command__type_support.h
[11.358s] -- Installing: /home/jason/C-ROS-Automodel_Car/simulacion_ws/install/motor_msgs/include/motor_msgs/motor_msgs/msg/detail/motor_command__functions.h
[11.358s] -- Installing: /home/jason/C-ROS-Automodel_Car/simulacion_ws/install/motor_msgs/include/motor_msgs/motor_msgs/msg/detail/motor_command__struct.h
[11.358s] -- Installing: /home/jason/C-ROS-Automodel_Car/simulacion_ws/install/motor_msgs/include/motor_msgs/motor_msgs/msg/detail/encoder_data__type_support.h
[11.358s] -- Installing: /home/jason/C-ROS-Automodel_Car/simulacion_ws/install/motor_msgs/include/motor_msgs/motor_msgs/msg/detail/encoder_data__functions.c
[11.359s] -- Installing: /home/jason/C-ROS-Automodel_Car/simulacion_ws/install/motor_msgs/include/motor_msgs/motor_msgs/msg/detail/motor_command__description.c
[11.359s] -- Installing: /home/jason/C-ROS-Automodel_Car/simulacion_ws/install/motor_msgs/include/motor_msgs/motor_msgs/msg/rosidl_generator_c__visibility_control.h
[11.359s] -- Installing: /home/jason/C-ROS-Automodel_Car/simulacion_ws/install/motor_msgs/include/motor_msgs/motor_msgs/msg/encoder_data.h
[11.359s] -- Installing: /home/jason/C-ROS-Automodel_Car/simulacion_ws/install/motor_msgs/share/motor_msgs/environment/library_path.sh
[11.359s] -- Installing: /home/jason/C-ROS-Automodel_Car/simulacion_ws/install/motor_msgs/share/motor_msgs/environment/library_path.dsv
[11.359s] -- Installing: /home/jason/C-ROS-Automodel_Car/simulacion_ws/install/motor_msgs/lib/libmotor_msgs__rosidl_generator_c.so
[11.359s] -- Set non-toolchain portion of runtime path of "/home/jason/C-ROS-Automodel_Car/simulacion_ws/install/motor_msgs/lib/libmotor_msgs__rosidl_generator_c.so" to ""
[11.359s] -- Up-to-date: /home/jason/C-ROS-Automodel_Car/simulacion_ws/install/motor_msgs/include/motor_msgs/motor_msgs
[11.359s] -- Up-to-date: /home/jason/C-ROS-Automodel_Car/simulacion_ws/install/motor_msgs/include/motor_msgs/motor_msgs/msg
[11.359s] -- Up-to-date: /home/jason/C-ROS-Automodel_Car/simulacion_ws/install/motor_msgs/include/motor_msgs/motor_msgs/msg/detail
[11.360s] -- Installing: /home/jason/C-ROS-Automodel_Car/simulacion_ws/install/motor_msgs/include/motor_msgs/motor_msgs/msg/detail/encoder_data__rosidl_typesupport_fastrtps_c.h
[11.360s] -- Installing: /home/jason/C-ROS-Automodel_Car/simulacion_ws/install/motor_msgs/include/motor_msgs/motor_msgs/msg/detail/motor_command__rosidl_typesupport_fastrtps_c.h
[11.360s] -- Installing: /home/jason/C-ROS-Automodel_Car/simulacion_ws/install/motor_msgs/include/motor_msgs/motor_msgs/msg/rosidl_typesupport_fastrtps_c__visibility_control.h
[11.360s] -- Installing: /home/jason/C-ROS-Automodel_Car/simulacion_ws/install/motor_msgs/lib/libmotor_msgs__rosidl_typesupport_fastrtps_c.so
[11.360s] -- Set non-toolchain portion of runtime path of "/home/jason/C-ROS-Automodel_Car/simulacion_ws/install/motor_msgs/lib/libmotor_msgs__rosidl_typesupport_fastrtps_c.so" to ""
[11.360s] -- Up-to-date: /home/jason/C-ROS-Automodel_Car/simulacion_ws/install/motor_msgs/include/motor_msgs/motor_msgs
[11.360s] -- Up-to-date: /home/jason/C-ROS-Automodel_Car/simulacion_ws/install/motor_msgs/include/motor_msgs/motor_msgs/msg
[11.360s] -- Installing: /home/jason/C-ROS-Automodel_Car/simulacion_ws/install/motor_msgs/include/motor_msgs/motor_msgs/msg/encoder_data.hpp
[11.360s] -- Up-to-date: /home/jason/C-ROS-Automodel_Car/simulacion_ws/install/motor_msgs/include/motor_msgs/motor_msgs/msg/detail
[11.361s] -- Installing: /home/jason/C-ROS-Automodel_Car/simulacion_ws/install/motor_msgs/include/motor_msgs/motor_msgs/msg/detail/encoder_data__traits.hpp
[11.361s] -- Installing: /home/jason/C-ROS-Automodel_Car/simulacion_ws/install/motor_msgs/include/motor_msgs/motor_msgs/msg/detail/motor_command__builder.hpp
[11.361s] -- Installing: /home/jason/C-ROS-Automodel_Car/simulacion_ws/install/motor_msgs/include/motor_msgs/motor_msgs/msg/detail/encoder_data__struct.hpp
[11.361s] -- Installing: /home/jason/C-ROS-Automodel_Car/simulacion_ws/install/motor_msgs/include/motor_msgs/motor_msgs/msg/detail/encoder_data__type_support.hpp
[11.361s] -- Installing: /home/jason/C-ROS-Automodel_Car/simulacion_ws/install/motor_msgs/include/motor_msgs/motor_msgs/msg/detail/encoder_data__builder.hpp
[11.361s] -- Installing: /home/jason/C-ROS-Automodel_Car/simulacion_ws/install/motor_msgs/include/motor_msgs/motor_msgs/msg/detail/motor_command__traits.hpp
[11.361s] -- Installing: /home/jason/C-ROS-Automodel_Car/simulacion_ws/install/motor_msgs/include/motor_msgs/motor_msgs/msg/detail/motor_command__type_support.hpp
[11.361s] -- Installing: /home/jason/C-ROS-Automodel_Car/simulacion_ws/install/motor_msgs/include/motor_msgs/motor_msgs/msg/detail/motor_command__struct.hpp
[11.362s] -- Installing: /home/jason/C-ROS-Automodel_Car/simulacion_ws/install/motor_msgs/include/motor_msgs/motor_msgs/msg/motor_command.hpp
[11.362s] -- Installing: /home/jason/C-ROS-Automodel_Car/simulacion_ws/install/motor_msgs/include/motor_msgs/motor_msgs/msg/rosidl_generator_cpp__visibility_control.hpp
[11.362s] -- Up-to-date: /home/jason/C-ROS-Automodel_Car/simulacion_ws/install/motor_msgs/include/motor_msgs/motor_msgs
[11.362s] -- Up-to-date: /home/jason/C-ROS-Automodel_Car/simulacion_ws/install/motor_msgs/include/motor_msgs/motor_msgs/msg
[11.362s] -- Up-to-date: /home/jason/C-ROS-Automodel_Car/simulacion_ws/install/motor_msgs/include/motor_msgs/motor_msgs/msg/detail
[11.362s] -- Installing: /home/jason/C-ROS-Automodel_Car/simulacion_ws/install/motor_msgs/include/motor_msgs/motor_msgs/msg/detail/dds_fastrtps
[11.362s] -- Installing: /home/jason/C-ROS-Automodel_Car/simulacion_ws/install/motor_msgs/include/motor_msgs/motor_msgs/msg/detail/encoder_data__rosidl_typesupport_fastrtps_cpp.hpp
[11.362s] -- Installing: /home/jason/C-ROS-Automodel_Car/simulacion_ws/install/motor_msgs/include/motor_msgs/motor_msgs/msg/detail/motor_command__rosidl_typesupport_fastrtps_cpp.hpp
[11.362s] -- Installing: /home/jason/C-ROS-Automodel_Car/simulacion_ws/install/motor_msgs/include/motor_msgs/motor_msgs/msg/rosidl_typesupport_fastrtps_cpp__visibility_control.h
[11.362s] -- Installing: /home/jason/C-ROS-Automodel_Car/simulacion_ws/install/motor_msgs/lib/libmotor_msgs__rosidl_typesupport_fastrtps_cpp.so
[11.363s] -- Set non-toolchain portion of runtime path of "/home/jason/C-ROS-Automodel_Car/simulacion_ws/install/motor_msgs/lib/libmotor_msgs__rosidl_typesupport_fastrtps_cpp.so" to ""
[11.363s] -- Up-to-date: /home/jason/C-ROS-Automodel_Car/simulacion_ws/install/motor_msgs/include/motor_msgs/motor_msgs
[11.363s] -- Up-to-date: /home/jason/C-ROS-Automodel_Car/simulacion_ws/install/motor_msgs/include/motor_msgs/motor_msgs/msg
[11.363s] -- Installing: /home/jason/C-ROS-Automodel_Car/simulacion_ws/install/motor_msgs/include/motor_msgs/motor_msgs/msg/rosidl_typesupport_introspection_c__visibility_control.h
[11.363s] -- Up-to-date: /home/jason/C-ROS-Automodel_Car/simulacion_ws/install/motor_msgs/include/motor_msgs/motor_msgs/msg/detail
[11.363s] -- Installing: /home/jason/C-ROS-Automodel_Car/simulacion_ws/install/motor_msgs/include/motor_msgs/motor_msgs/msg/detail/motor_command__rosidl_typesupport_introspection_c.h
[11.363s] -- Installing: /home/jason/C-ROS-Automodel_Car/simulacion_ws/install/motor_msgs/include/motor_msgs/motor_msgs/msg/detail/encoder_data__rosidl_typesupport_introspection_c.h
[11.364s] -- Installing: /home/jason/C-ROS-Automodel_Car/simulacion_ws/install/motor_msgs/include/motor_msgs/motor_msgs/msg/detail/motor_command__type_support.c
[11.364s] -- Installing: /home/jason/C-ROS-Automodel_Car/simulacion_ws/install/motor_msgs/include/motor_msgs/motor_msgs/msg/detail/encoder_data__type_support.c
[11.364s] -- Installing: /home/jason/C-ROS-Automodel_Car/simulacion_ws/install/motor_msgs/lib/libmotor_msgs__rosidl_typesupport_introspection_c.so
[11.364s] -- Set non-toolchain portion of runtime path of "/home/jason/C-ROS-Automodel_Car/simulacion_ws/install/motor_msgs/lib/libmotor_msgs__rosidl_typesupport_introspection_c.so" to ""
[11.364s] -- Installing: /home/jason/C-ROS-Automodel_Car/simulacion_ws/install/motor_msgs/lib/libmotor_msgs__rosidl_typesupport_c.so
[11.364s] -- Set non-toolchain portion of runtime path of "/home/jason/C-ROS-Automodel_Car/simulacion_ws/install/motor_msgs/lib/libmotor_msgs__rosidl_typesupport_c.so" to ""
[11.364s] -- Up-to-date: /home/jason/C-ROS-Automodel_Car/simulacion_ws/install/motor_msgs/include/motor_msgs/motor_msgs
[11.364s] -- Up-to-date: /home/jason/C-ROS-Automodel_Car/simulacion_ws/install/motor_msgs/include/motor_msgs/motor_msgs/msg
[11.364s] -- Up-to-date: /home/jason/C-ROS-Automodel_Car/simulacion_ws/install/motor_msgs/include/motor_msgs/motor_msgs/msg/detail
[11.364s] -- Installing: /home/jason/C-ROS-Automodel_Car/simulacion_ws/install/motor_msgs/include/motor_msgs/motor_msgs/msg/detail/motor_command__rosidl_typesupport_introspection_cpp.hpp
[11.365s] -- Installing: /home/jason/C-ROS-Automodel_Car/simulacion_ws/install/motor_msgs/include/motor_msgs/motor_msgs/msg/detail/encoder_data__type_support.cpp
[11.365s] -- Installing: /home/jason/C-ROS-Automodel_Car/simulacion_ws/install/motor_msgs/include/motor_msgs/motor_msgs/msg/detail/motor_command__type_support.cpp
[11.365s] -- Installing: /home/jason/C-ROS-Automodel_Car/simulacion_ws/install/motor_msgs/include/motor_msgs/motor_msgs/msg/detail/encoder_data__rosidl_typesupport_introspection_cpp.hpp
[11.365s] -- Installing: /home/jason/C-ROS-Automodel_Car/simulacion_ws/install/motor_msgs/lib/libmotor_msgs__rosidl_typesupport_introspection_cpp.so
[11.365s] -- Set non-toolchain portion of runtime path of "/home/jason/C-ROS-Automodel_Car/simulacion_ws/install/motor_msgs/lib/libmotor_msgs__rosidl_typesupport_introspection_cpp.so" to ""
[11.366s] -- Installing: /home/jason/C-ROS-Automodel_Car/simulacion_ws/install/motor_msgs/lib/libmotor_msgs__rosidl_typesupport_cpp.so
[11.366s] -- Set non-toolchain portion of runtime path of "/home/jason/C-ROS-Automodel_Car/simulacion_ws/install/motor_msgs/lib/libmotor_msgs__rosidl_typesupport_cpp.so" to ""
[11.366s] -- Installing: /home/jason/C-ROS-Automodel_Car/simulacion_ws/install/motor_msgs/share/motor_msgs/environment/pythonpath.sh
[11.366s] -- Installing: /home/jason/C-ROS-Automodel_Car/simulacion_ws/install/motor_msgs/share/motor_msgs/environment/pythonpath.dsv
[11.366s] -- Installing: /home/jason/C-ROS-Automodel_Car/simulacion_ws/install/motor_msgs/lib/python3.12/site-packages/motor_msgs-0.0.0-py3.12.egg-info
[11.366s] -- Installing: /home/jason/C-ROS-Automodel_Car/simulacion_ws/install/motor_msgs/lib/python3.12/site-packages/motor_msgs-0.0.0-py3.12.egg-info/dependency_links.txt
[11.366s] -- Installing: /home/jason/C-ROS-Automodel_Car/simulacion_ws/install/motor_msgs/lib/python3.12/site-packages/motor_msgs-0.0.0-py3.12.egg-info/top_level.txt
[11.366s] -- Installing: /home/jason/C-ROS-Automodel_Car/simulacion_ws/install/motor_msgs/lib/python3.12/site-packages/motor_msgs-0.0.0-py3.12.egg-info/PKG-INFO
[11.366s] -- Installing: /home/jason/C-ROS-Automodel_Car/simulacion_ws/install/motor_msgs/lib/python3.12/site-packages/motor_msgs-0.0.0-py3.12.egg-info/SOURCES.txt
[11.366s] -- Installing: /home/jason/C-ROS-Automodel_Car/simulacion_ws/install/motor_msgs/lib/python3.12/site-packages/motor_msgs
[11.367s] -- Installing: /home/jason/C-ROS-Automodel_Car/simulacion_ws/install/motor_msgs/lib/python3.12/site-packages/motor_msgs/motor_msgs_s__rosidl_typesupport_fastrtps_c.so
[11.367s] -- Installing: /home/jason/C-ROS-Automodel_Car/simulacion_ws/install/motor_msgs/lib/python3.12/site-packages/motor_msgs/_motor_msgs_s.ep.rosidl_typesupport_fastrtps_c.c
[11.367s] -- Installing: /home/jason/C-ROS-Automodel_Car/simulacion_ws/install/motor_msgs/lib/python3.12/site-packages/motor_msgs/_motor_msgs_s.ep.rosidl_typesupport_introspection_c.c
[11.367s] -- Installing: /home/jason/C-ROS-Automodel_Car/simulacion_ws/install/motor_msgs/lib/python3.12/site-packages/motor_msgs/__init__.py
[11.367s] -- Installing: /home/jason/C-ROS-Automodel_Car/simulacion_ws/install/motor_msgs/lib/python3.12/site-packages/motor_msgs/motor_msgs_s__rosidl_typesupport_introspection_c.so
[11.367s] -- Installing: /home/jason/C-ROS-Automodel_Car/simulacion_ws/install/motor_msgs/lib/python3.12/site-packages/motor_msgs/motor_msgs_s__rosidl_typesupport_c.so
[11.367s] -- Installing: /home/jason/C-ROS-Automodel_Car/simulacion_ws/install/motor_msgs/lib/python3.12/site-packages/motor_msgs/_motor_msgs_s.ep.rosidl_typesupport_c.c
[11.367s] -- Installing: /home/jason/C-ROS-Automodel_Car/simulacion_ws/install/motor_msgs/lib/python3.12/site-packages/motor_msgs/msg
[11.367s] -- Installing: /home/jason/C-ROS-Automodel_Car/simulacion_ws/install/motor_msgs/lib/python3.12/site-packages/motor_msgs/msg/_encoder_data_s.c
[11.367s] -- Installing: /home/jason/C-ROS-Automodel_Car/simulacion_ws/install/motor_msgs/lib/python3.12/site-packages/motor_msgs/msg/_encoder_data.py
[11.367s] -- Installing: /home/jason/C-ROS-Automodel_Car/simulacion_ws/install/motor_msgs/lib/python3.12/site-packages/motor_msgs/msg/__init__.py
[11.367s] -- Installing: /home/jason/C-ROS-Automodel_Car/simulacion_ws/install/motor_msgs/lib/python3.12/site-packages/motor_msgs/msg/_motor_command.py
[11.367s] -- Installing: /home/jason/C-ROS-Automodel_Car/simulacion_ws/install/motor_msgs/lib/python3.12/site-packages/motor_msgs/msg/_motor_command_s.c
[11.402s] Listing '/home/jason/C-ROS-Automodel_Car/simulacion_ws/install/motor_msgs/lib/python3.12/site-packages/motor_msgs'...
[11.402s] Compiling '/home/jason/C-ROS-Automodel_Car/simulacion_ws/install/motor_msgs/lib/python3.12/site-packages/motor_msgs/__init__.py'...
[11.402s] Listing '/home/jason/C-ROS-Automodel_Car/simulacion_ws/install/motor_msgs/lib/python3.12/site-packages/motor_msgs/msg'...
[11.402s] Compiling '/home/jason/C-ROS-Automodel_Car/simulacion_ws/install/motor_msgs/lib/python3.12/site-packages/motor_msgs/msg/__init__.py'...
[11.402s] Compiling '/home/jason/C-ROS-Automodel_Car/simulacion_ws/install/motor_msgs/lib/python3.12/site-packages/motor_msgs/msg/_encoder_data.py'...
[11.402s] Compiling '/home/jason/C-ROS-Automodel_Car/simulacion_ws/install/motor_msgs/lib/python3.12/site-packages/motor_msgs/msg/_motor_command.py'...
[11.407s] -- Installing: /home/jason/C-ROS-Automodel_Car/simulacion_ws/install/motor_msgs/lib/python3.12/site-packages/motor_msgs/motor_msgs_s__rosidl_typesupport_fastrtps_c.so
[11.407s] -- Set non-toolchain portion of runtime path of "/home/jason/C-ROS-Automodel_Car/simulacion_ws/install/motor_msgs/lib/python3.12/site-packages/motor_msgs/motor_msgs_s__rosidl_typesupport_fastrtps_c.so" to ""
[11.407s] -- Installing: /home/jason/C-ROS-Automodel_Car/simulacion_ws/install/motor_msgs/lib/python3.12/site-packages/motor_msgs/motor_msgs_s__rosidl_typesupport_introspection_c.so
[11.407s] -- Set non-toolchain portion of runtime path of "/home/jason/C-ROS-Automodel_Car/simulacion_ws/install/motor_msgs/lib/python3.12/site-packages/motor_msgs/motor_msgs_s__rosidl_typesupport_introspection_c.so" to ""
[11.408s] -- Installing: /home/jason/C-ROS-Automodel_Car/simulacion_ws/install/motor_msgs/lib/python3.12/site-packages/motor_msgs/motor_msgs_s__rosidl_typesupport_c.so
[11.408s] -- Set non-toolchain portion of runtime path of "/home/jason/C-ROS-Automodel_Car/simulacion_ws/install/motor_msgs/lib/python3.12/site-packages/motor_msgs/motor_msgs_s__rosidl_typesupport_c.so" to ""
[11.408s] -- Installing: /home/jason/C-ROS-Automodel_Car/simulacion_ws/install/motor_msgs/lib/libmotor_msgs__rosidl_generator_py.so
[11.408s] -- Set non-toolchain portion of runtime path of "/home/jason/C-ROS-Automodel_Car/simulacion_ws/install/motor_msgs/lib/libmotor_msgs__rosidl_generator_py.so" to ""
[11.408s] -- Installing: /home/jason/C-ROS-Automodel_Car/simulacion_ws/install/motor_msgs/share/motor_msgs/msg/MotorCommand.idl
[11.408s] -- Installing: /home/jason/C-ROS-Automodel_Car/simulacion_ws/install/motor_msgs/share/motor_msgs/msg/EncoderData.idl
[11.408s] -- Installing: /home/jason/C-ROS-Automodel_Car/simulacion_ws/install/motor_msgs/share/motor_msgs/msg/MotorCommand.msg
[11.408s] -- Installing: /home/jason/C-ROS-Automodel_Car/simulacion_ws/install/motor_msgs/share/motor_msgs/msg/EncoderData.msg
[11.408s] -- Installing: /home/jason/C-ROS-Automodel_Car/simulacion_ws/install/motor_msgs/share/ament_index/resource_index/package_run_dependencies/motor_msgs
[11.409s] -- Installing: /home/jason/C-ROS-Automodel_Car/simulacion_ws/install/motor_msgs/share/ament_index/resource_index/parent_prefix_path/motor_msgs
[11.409s] -- Installing: /home/jason/C-ROS-Automodel_Car/simulacion_ws/install/motor_msgs/share/motor_msgs/environment/ament_prefix_path.sh
[11.409s] -- Installing: /home/jason/C-ROS-Automodel_Car/simulacion_ws/install/motor_msgs/share/motor_msgs/environment/ament_prefix_path.dsv
[11.410s] -- Installing: /home/jason/C-ROS-Automodel_Car/simulacion_ws/install/motor_msgs/share/motor_msgs/environment/path.sh
[11.410s] -- Installing: /home/jason/C-ROS-Automodel_Car/simulacion_ws/install/motor_msgs/share/motor_msgs/environment/path.dsv
[11.410s] -- Installing: /home/jason/C-ROS-Automodel_Car/simulacion_ws/install/motor_msgs/share/motor_msgs/local_setup.bash
[11.410s] -- Installing: /home/jason/C-ROS-Automodel_Car/simulacion_ws/install/motor_msgs/share/motor_msgs/local_setup.sh
[11.410s] -- Installing: /home/jason/C-ROS-Automodel_Car/simulacion_ws/install/motor_msgs/share/motor_msgs/local_setup.zsh
[11.410s] -- Installing: /home/jason/C-ROS-Automodel_Car/simulacion_ws/install/motor_msgs/share/motor_msgs/local_setup.dsv
[11.410s] -- Installing: /home/jason/C-ROS-Automodel_Car/simulacion_ws/install/motor_msgs/share/motor_msgs/package.dsv
[11.410s] -- Installing: /home/jason/C-ROS-Automodel_Car/simulacion_ws/install/motor_msgs/share/ament_index/resource_index/packages/motor_msgs
[11.411s] -- Installing: /home/jason/C-ROS-Automodel_Car/simulacion_ws/install/motor_msgs/share/motor_msgs/cmake/export_motor_msgs__rosidl_generator_cExport.cmake
[11.411s] -- Installing: /home/jason/C-ROS-Automodel_Car/simulacion_ws/install/motor_msgs/share/motor_msgs/cmake/export_motor_msgs__rosidl_generator_cExport-noconfig.cmake
[11.411s] -- Installing: /home/jason/C-ROS-Automodel_Car/simulacion_ws/install/motor_msgs/share/motor_msgs/cmake/export_motor_msgs__rosidl_typesupport_fastrtps_cExport.cmake
[11.411s] -- Installing: /home/jason/C-ROS-Automodel_Car/simulacion_ws/install/motor_msgs/share/motor_msgs/cmake/export_motor_msgs__rosidl_typesupport_fastrtps_cExport-noconfig.cmake
[11.411s] -- Installing: /home/jason/C-ROS-Automodel_Car/simulacion_ws/install/motor_msgs/share/motor_msgs/cmake/export_motor_msgs__rosidl_generator_cppExport.cmake
[11.411s] -- Installing: /home/jason/C-ROS-Automodel_Car/simulacion_ws/install/motor_msgs/share/motor_msgs/cmake/export_motor_msgs__rosidl_typesupport_fastrtps_cppExport.cmake
[11.412s] -- Installing: /home/jason/C-ROS-Automodel_Car/simulacion_ws/install/motor_msgs/share/motor_msgs/cmake/export_motor_msgs__rosidl_typesupport_fastrtps_cppExport-noconfig.cmake
[11.412s] -- Installing: /home/jason/C-ROS-Automodel_Car/simulacion_ws/install/motor_msgs/share/motor_msgs/cmake/motor_msgs__rosidl_typesupport_introspection_cExport.cmake
[11.412s] -- Installing: /home/jason/C-ROS-Automodel_Car/simulacion_ws/install/motor_msgs/share/motor_msgs/cmake/motor_msgs__rosidl_typesupport_introspection_cExport-noconfig.cmake
[11.412s] -- Installing: /home/jason/C-ROS-Automodel_Car/simulacion_ws/install/motor_msgs/share/motor_msgs/cmake/motor_msgs__rosidl_typesupport_cExport.cmake
[11.412s] -- Installing: /home/jason/C-ROS-Automodel_Car/simulacion_ws/install/motor_msgs/share/motor_msgs/cmake/motor_msgs__rosidl_typesupport_cExport-noconfig.cmake
[11.412s] -- Installing: /home/jason/C-ROS-Automodel_Car/simulacion_ws/install/motor_msgs/share/motor_msgs/cmake/motor_msgs__rosidl_typesupport_introspection_cppExport.cmake
[11.412s] -- Installing: /home/jason/C-ROS-Automodel_Car/simulacion_ws/install/motor_msgs/share/motor_msgs/cmake/motor_msgs__rosidl_typesupport_introspection_cppExport-noconfig.cmake
[11.412s] -- Installing: /home/jason/C-ROS-Automodel_Car/simulacion_ws/install/motor_msgs/share/motor_msgs/cmake/motor_msgs__rosidl_typesupport_cppExport.cmake
[11.412s] -- Installing: /home/jason/C-ROS-Automodel_Car/simulacion_ws/install/motor_msgs/share/motor_msgs/cmake/motor_msgs__rosidl_typesupport_cppExport-noconfig.cmake
[11.412s] -- Installing: /home/jason/C-ROS-Automodel_Car/simulacion_ws/install/motor_msgs/share/motor_msgs/cmake/export_motor_msgs__rosidl_generator_pyExport.cmake
[11.412s] -- Installing: /home/jason/C-ROS-Automodel_Car/simulacion_ws/install/motor_msgs/share/motor_msgs/cmake/export_motor_msgs__rosidl_generator_pyExport-noconfig.cmake
[11.413s] -- Installing: /home/jason/C-ROS-Automodel_Car/simulacion_ws/install/motor_msgs/share/motor_msgs/cmake/rosidl_cmake-extras.cmake
[11.413s] -- Installing: /home/jason/C-ROS-Automodel_Car/simulacion_ws/install/motor_msgs/share/motor_msgs/cmake/ament_cmake_export_dependencies-extras.cmake
[11.413s] -- Installing: /home/jason/C-ROS-Automodel_Car/simulacion_ws/install/motor_msgs/share/motor_msgs/cmake/ament_cmake_export_include_directories-extras.cmake
[11.413s] -- Installing: /home/jason/C-ROS-Automodel_Car/simulacion_ws/install/motor_msgs/share/motor_msgs/cmake/ament_cmake_export_libraries-extras.cmake
[11.413s] -- Installing: /home/jason/C-ROS-Automodel_Car/simulacion_ws/install/motor_msgs/share/motor_msgs/cmake/ament_cmake_export_targets-extras.cmake
[11.413s] -- Installing: /home/jason/C-ROS-Automodel_Car/simulacion_ws/install/motor_msgs/share/motor_msgs/cmake/rosidl_cmake_export_typesupport_targets-extras.cmake
[11.413s] -- Installing: /home/jason/C-ROS-Automodel_Car/simulacion_ws/install/motor_msgs/share/motor_msgs/cmake/rosidl_cmake_export_typesupport_libraries-extras.cmake
[11.413s] -- Installing: /home/jason/C-ROS-Automodel_Car/simulacion_ws/install/motor_msgs/share/motor_msgs/cmake/motor_msgsConfig.cmake
[11.413s] -- Installing: /home/jason/C-ROS-Automodel_Car/simulacion_ws/install/motor_msgs/share/motor_msgs/cmake/motor_msgsConfig-version.cmake
[11.413s] -- Installing: /home/jason/C-ROS-Automodel_Car/simulacion_ws/install/motor_msgs/share/motor_msgs/package.xml
[11.416s] Invoked command in '/home/jason/C-ROS-Automodel_Car/simulacion_ws/build/motor_msgs' returned '0': CMAKE_PREFIX_PATH=${CMAKE_PREFIX_PATH}:/opt/ros/jazzy /usr/bin/cmake --install /home/jason/C-ROS-Automodel_Car/simulacion_ws/build/motor_msgs
