[0.018s] Invoking command in '/home/alereyes/C-ROS-Automodel_Car/AutoModelRasp_ws/src/build/ascamera': CMAKE_PREFIX_PATH=${CMAKE_PREFIX_PATH}:/home/alereyes/C-ROS-Automodel_Car/AutoModelRasp_ws/src/install/parking:/home/alereyes/C-ROS-Automodel_Car/AutoModelRasp_ws/src/install/ms200_driver:/home/alereyes/C-ROS-Automodel_Car/AutoModelRasp_ws/src/install/manual:/home/alereyes/C-ROS-Automodel_Car/AutoModelRasp_ws/src/install/com_stm:/home/alereyes/C-ROS-Automodel_Car/AutoModelRasp_ws/src/install/driving:/opt/ros/jazzy DEBUGINFOD_URLS=https://debuginfod.ubuntu.com /usr/bin/cmake --build /home/alereyes/C-ROS-Automodel_Car/AutoModelRasp_ws/src/build/ascamera -- -j12 -l12
[0.342s] [100%] Built target ascamera_node
[0.350s] Invoked command in '/home/alereyes/C-ROS-Automodel_Car/AutoModelRasp_ws/src/build/ascamera' returned '0': CMAKE_PREFIX_PATH=${CMAKE_PREFIX_PATH}:/home/alereyes/C-ROS-Automodel_Car/AutoModelRasp_ws/src/install/parking:/home/alereyes/C-ROS-Automodel_Car/AutoModelRasp_ws/src/install/ms200_driver:/home/alereyes/C-ROS-Automodel_Car/AutoModelRasp_ws/src/install/manual:/home/alereyes/C-ROS-Automodel_Car/AutoModelRasp_ws/src/install/com_stm:/home/alereyes/C-ROS-Automodel_Car/AutoModelRasp_ws/src/install/driving:/opt/ros/jazzy DEBUGINFOD_URLS=https://debuginfod.ubuntu.com /usr/bin/cmake --build /home/alereyes/C-ROS-Automodel_Car/AutoModelRasp_ws/src/build/ascamera -- -j12 -l12
[0.351s] Invoking command in '/home/alereyes/C-ROS-Automodel_Car/AutoModelRasp_ws/src/build/ascamera': CMAKE_PREFIX_PATH=${CMAKE_PREFIX_PATH}:/home/alereyes/C-ROS-Automodel_Car/AutoModelRasp_ws/src/install/parking:/home/alereyes/C-ROS-Automodel_Car/AutoModelRasp_ws/src/install/ms200_driver:/home/alereyes/C-ROS-Automodel_Car/AutoModelRasp_ws/src/install/manual:/home/alereyes/C-ROS-Automodel_Car/AutoModelRasp_ws/src/install/com_stm:/home/alereyes/C-ROS-Automodel_Car/AutoModelRasp_ws/src/install/driving:/opt/ros/jazzy DEBUGINFOD_URLS=https://debuginfod.ubuntu.com /usr/bin/cmake --install /home/alereyes/C-ROS-Automodel_Car/AutoModelRasp_ws/src/build/ascamera
[0.512s] -- Install configuration: ""
[0.512s] -- Up-to-date: /home/alereyes/C-ROS-Automodel_Car/AutoModelRasp_ws/src/install/ascamera/lib/ascamera/ascamera_node
[0.512s] -- Up-to-date: /home/alereyes/C-ROS-Automodel_Car/AutoModelRasp_ws/src/install/ascamera/share/ascamera/launch
[0.512s] -- Up-to-date: /home/alereyes/C-ROS-Automodel_Car/AutoModelRasp_ws/src/install/ascamera/share/ascamera/launch/hp60c.launch.py
[0.512s] -- Up-to-date: /home/alereyes/C-ROS-Automodel_Car/AutoModelRasp_ws/src/install/ascamera/share/ascamera/launch/kondyor.launch.py
[0.512s] -- Up-to-date: /home/alereyes/C-ROS-Automodel_Car/AutoModelRasp_ws/src/install/ascamera/share/ascamera/launch/kunlun_c.launch.py
[0.512s] -- Up-to-date: /home/alereyes/C-ROS-Automodel_Car/AutoModelRasp_ws/src/install/ascamera/share/ascamera/launch/hp60cn.launch.py
[0.512s] -- Up-to-date: /home/alereyes/C-ROS-Automodel_Car/AutoModelRasp_ws/src/install/ascamera/share/ascamera/launch/changA.launch.py
[0.512s] -- Up-to-date: /home/alereyes/C-ROS-Automodel_Car/AutoModelRasp_ws/src/install/ascamera/share/ascamera/launch/nuwa.launch.py
[0.512s] -- Up-to-date: /home/alereyes/C-ROS-Automodel_Car/AutoModelRasp_ws/src/install/ascamera/share/ascamera/launch/kunlun_a.launch.py
[0.512s] -- Up-to-date: /home/alereyes/C-ROS-Automodel_Car/AutoModelRasp_ws/src/install/ascamera/share/ascamera/launch/ascamera.launch.py
[0.513s] -- Up-to-date: /home/alereyes/C-ROS-Automodel_Car/AutoModelRasp_ws/src/install/ascamera/share/ament_index/resource_index/package_run_dependencies/ascamera
[0.513s] -- Up-to-date: /home/alereyes/C-ROS-Automodel_Car/AutoModelRasp_ws/src/install/ascamera/share/ament_index/resource_index/parent_prefix_path/ascamera
[0.513s] -- Up-to-date: /home/alereyes/C-ROS-Automodel_Car/AutoModelRasp_ws/src/install/ascamera/share/ascamera/environment/ament_prefix_path.sh
[0.513s] -- Up-to-date: /home/alereyes/C-ROS-Automodel_Car/AutoModelRasp_ws/src/install/ascamera/share/ascamera/environment/ament_prefix_path.dsv
[0.513s] -- Up-to-date: /home/alereyes/C-ROS-Automodel_Car/AutoModelRasp_ws/src/install/ascamera/share/ascamera/environment/path.sh
[0.513s] -- Up-to-date: /home/alereyes/C-ROS-Automodel_Car/AutoModelRasp_ws/src/install/ascamera/share/ascamera/environment/path.dsv
[0.513s] -- Up-to-date: /home/alereyes/C-ROS-Automodel_Car/AutoModelRasp_ws/src/install/ascamera/share/ascamera/local_setup.bash
[0.513s] -- Up-to-date: /home/alereyes/C-ROS-Automodel_Car/AutoModelRasp_ws/src/install/ascamera/share/ascamera/local_setup.sh
[0.513s] -- Up-to-date: /home/alereyes/C-ROS-Automodel_Car/AutoModelRasp_ws/src/install/ascamera/share/ascamera/local_setup.zsh
[0.513s] -- Up-to-date: /home/alereyes/C-ROS-Automodel_Car/AutoModelRasp_ws/src/install/ascamera/share/ascamera/local_setup.dsv
[0.513s] -- Installing: /home/alereyes/C-ROS-Automodel_Car/AutoModelRasp_ws/src/install/ascamera/share/ascamera/package.dsv
[0.513s] -- Up-to-date: /home/alereyes/C-ROS-Automodel_Car/AutoModelRasp_ws/src/install/ascamera/share/ament_index/resource_index/packages/ascamera
[0.513s] -- Up-to-date: /home/alereyes/C-ROS-Automodel_Car/AutoModelRasp_ws/src/install/ascamera/share/ascamera/cmake/ascameraConfig.cmake
[0.513s] -- Up-to-date: /home/alereyes/C-ROS-Automodel_Car/AutoModelRasp_ws/src/install/ascamera/share/ascamera/cmake/ascameraConfig-version.cmake
[0.513s] -- Up-to-date: /home/alereyes/C-ROS-Automodel_Car/AutoModelRasp_ws/src/install/ascamera/share/ascamera/package.xml
[0.516s] Invoked command in '/home/alereyes/C-ROS-Automodel_Car/AutoModelRasp_ws/src/build/ascamera' returned '0': CMAKE_PREFIX_PATH=${CMAKE_PREFIX_PATH}:/home/alereyes/C-ROS-Automodel_Car/AutoModelRasp_ws/src/install/parking:/home/alereyes/C-ROS-Automodel_Car/AutoModelRasp_ws/src/install/ms200_driver:/home/alereyes/C-ROS-Automodel_Car/AutoModelRasp_ws/src/install/manual:/home/alereyes/C-ROS-Automodel_Car/AutoModelRasp_ws/src/install/com_stm:/home/alereyes/C-ROS-Automodel_Car/AutoModelRasp_ws/src/install/driving:/opt/ros/jazzy DEBUGINFOD_URLS=https://debuginfod.ubuntu.com /usr/bin/cmake --install /home/alereyes/C-ROS-Automodel_Car/AutoModelRasp_ws/src/build/ascamera
