running egg_info
creating build/driving/driving.egg-info
writing build/driving/driving.egg-info/PKG-INFO
writing dependency_links to build/driving/driving.egg-info/dependency_links.txt
writing entry points to build/driving/driving.egg-info/entry_points.txt
writing requirements to build/driving/driving.egg-info/requires.txt
writing top-level names to build/driving/driving.egg-info/top_level.txt
writing manifest file 'build/driving/driving.egg-info/SOURCES.txt'
reading manifest file 'build/driving/driving.egg-info/SOURCES.txt'
adding license file 'LICENSE'
writing manifest file 'build/driving/driving.egg-info/SOURCES.txt'
running build
running build_py
creating /home/victo/C-ROS-Automodel_Car/AutoModelRasp_ws/src/driving/build/driving/build
creating /home/victo/C-ROS-Automodel_Car/AutoModelRasp_ws/src/driving/build/driving/build/lib
creating /home/victo/C-ROS-Automodel_Car/AutoModelRasp_ws/src/driving/build/driving/build/lib/driving
copying driving/__init__.py -> /home/victo/C-ROS-Automodel_Car/AutoModelRasp_ws/src/driving/build/driving/build/lib/driving
copying driving/detector_senales.py -> /home/victo/C-ROS-Automodel_Car/AutoModelRasp_ws/src/driving/build/driving/build/lib/driving
copying driving/drive_carril.py -> /home/victo/C-ROS-Automodel_Car/AutoModelRasp_ws/src/driving/build/driving/build/lib/driving
copying driving/detector_carril.py -> /home/victo/C-ROS-Automodel_Car/AutoModelRasp_ws/src/driving/build/driving/build/lib/driving
running install
running install_lib
creating /home/victo/C-ROS-Automodel_Car/AutoModelRasp_ws/src/driving/install/driving/lib/python3.12/site-packages/driving
copying /home/victo/C-ROS-Automodel_Car/AutoModelRasp_ws/src/driving/build/driving/build/lib/driving/__init__.py -> /home/victo/C-ROS-Automodel_Car/AutoModelRasp_ws/src/driving/install/driving/lib/python3.12/site-packages/driving
copying /home/victo/C-ROS-Automodel_Car/AutoModelRasp_ws/src/driving/build/driving/build/lib/driving/detector_senales.py -> /home/victo/C-ROS-Automodel_Car/AutoModelRasp_ws/src/driving/install/driving/lib/python3.12/site-packages/driving
copying /home/victo/C-ROS-Automodel_Car/AutoModelRasp_ws/src/driving/build/driving/build/lib/driving/drive_carril.py -> /home/victo/C-ROS-Automodel_Car/AutoModelRasp_ws/src/driving/install/driving/lib/python3.12/site-packages/driving
copying /home/victo/C-ROS-Automodel_Car/AutoModelRasp_ws/src/driving/build/driving/build/lib/driving/detector_carril.py -> /home/victo/C-ROS-Automodel_Car/AutoModelRasp_ws/src/driving/install/driving/lib/python3.12/site-packages/driving
byte-compiling /home/victo/C-ROS-Automodel_Car/AutoModelRasp_ws/src/driving/install/driving/lib/python3.12/site-packages/driving/__init__.py to __init__.cpython-312.pyc
byte-compiling /home/victo/C-ROS-Automodel_Car/AutoModelRasp_ws/src/driving/install/driving/lib/python3.12/site-packages/driving/detector_senales.py to detector_senales.cpython-312.pyc
byte-compiling /home/victo/C-ROS-Automodel_Car/AutoModelRasp_ws/src/driving/install/driving/lib/python3.12/site-packages/driving/drive_carril.py to drive_carril.cpython-312.pyc
byte-compiling /home/victo/C-ROS-Automodel_Car/AutoModelRasp_ws/src/driving/install/driving/lib/python3.12/site-packages/driving/detector_carril.py to detector_carril.cpython-312.pyc
running install_data
creating /home/victo/C-ROS-Automodel_Car/AutoModelRasp_ws/src/driving/install/driving/share/ament_index
creating /home/victo/C-ROS-Automodel_Car/AutoModelRasp_ws/src/driving/install/driving/share/ament_index/resource_index
creating /home/victo/C-ROS-Automodel_Car/AutoModelRasp_ws/src/driving/install/driving/share/ament_index/resource_index/packages
copying resource/driving -> /home/victo/C-ROS-Automodel_Car/AutoModelRasp_ws/src/driving/install/driving/share/ament_index/resource_index/packages
copying package.xml -> /home/victo/C-ROS-Automodel_Car/AutoModelRasp_ws/src/driving/install/driving/share/driving
running install_egg_info
Copying build/driving/driving.egg-info to /home/victo/C-ROS-Automodel_Car/AutoModelRasp_ws/src/driving/install/driving/lib/python3.12/site-packages/driving-0.0.0-py3.12.egg-info
running install_scripts
Installing detector_carril script to /home/victo/C-ROS-Automodel_Car/AutoModelRasp_ws/src/driving/install/driving/lib/driving
Installing detector_senales script to /home/victo/C-ROS-Automodel_Car/AutoModelRasp_ws/src/driving/install/driving/lib/driving
Installing drive_carril script to /home/victo/C-ROS-Automodel_Car/AutoModelRasp_ws/src/driving/install/driving/lib/driving
writing list of installed files to '/home/victo/C-ROS-Automodel_Car/AutoModelRasp_ws/src/driving/build/driving/install.log'
