[0.837s] Invoking command in '/home/victo/C-ROS-Automodel_Car/AutoModelRasp_ws/src/driving': PYTHONPATH=/home/victo/C-ROS-Automodel_Car/AutoModelRasp_ws/src/driving/build/driving/prefix_override:/usr/lib/python3/dist-packages/colcon_core/task/python/colcon_distutils_commands:/home/victo/C-ROS-Automodel_Car/AutoModelRasp_ws/src/driving/install/driving/lib/python3.12/site-packages:${PYTHONPATH} /usr/bin/python3 -W ignore:setup.py install is deprecated -W ignore:easy_install command is deprecated setup.py egg_info --egg-base build/driving build --build-base /home/victo/C-ROS-Automodel_Car/AutoModelRasp_ws/src/driving/build/driving/build install --record /home/victo/C-ROS-Automodel_Car/AutoModelRasp_ws/src/driving/build/driving/install.log --single-version-externally-managed install_data
[1.004s] running egg_info
[1.004s] creating build/driving/driving.egg-info
[1.016s] writing build/driving/driving.egg-info/PKG-INFO
[1.016s] writing dependency_links to build/driving/driving.egg-info/dependency_links.txt
[1.016s] writing entry points to build/driving/driving.egg-info/entry_points.txt
[1.016s] writing requirements to build/driving/driving.egg-info/requires.txt
[1.016s] writing top-level names to build/driving/driving.egg-info/top_level.txt
[1.017s] writing manifest file 'build/driving/driving.egg-info/SOURCES.txt'
[1.041s] reading manifest file 'build/driving/driving.egg-info/SOURCES.txt'
[1.041s] adding license file 'LICENSE'
[1.041s] writing manifest file 'build/driving/driving.egg-info/SOURCES.txt'
[1.042s] running build
[1.042s] running build_py
[1.042s] creating /home/victo/C-ROS-Automodel_Car/AutoModelRasp_ws/src/driving/build/driving/build
[1.042s] creating /home/victo/C-ROS-Automodel_Car/AutoModelRasp_ws/src/driving/build/driving/build/lib
[1.042s] creating /home/victo/C-ROS-Automodel_Car/AutoModelRasp_ws/src/driving/build/driving/build/lib/driving
[1.042s] copying driving/__init__.py -> /home/victo/C-ROS-Automodel_Car/AutoModelRasp_ws/src/driving/build/driving/build/lib/driving
[1.043s] copying driving/detector_senales.py -> /home/victo/C-ROS-Automodel_Car/AutoModelRasp_ws/src/driving/build/driving/build/lib/driving
[1.044s] copying driving/drive_carril.py -> /home/victo/C-ROS-Automodel_Car/AutoModelRasp_ws/src/driving/build/driving/build/lib/driving
[1.045s] copying driving/detector_carril.py -> /home/victo/C-ROS-Automodel_Car/AutoModelRasp_ws/src/driving/build/driving/build/lib/driving
[1.046s] running install
[1.050s] running install_lib
[1.062s] creating /home/victo/C-ROS-Automodel_Car/AutoModelRasp_ws/src/driving/install/driving/lib/python3.12/site-packages/driving
[1.062s] copying /home/victo/C-ROS-Automodel_Car/AutoModelRasp_ws/src/driving/build/driving/build/lib/driving/__init__.py -> /home/victo/C-ROS-Automodel_Car/AutoModelRasp_ws/src/driving/install/driving/lib/python3.12/site-packages/driving
[1.063s] copying /home/victo/C-ROS-Automodel_Car/AutoModelRasp_ws/src/driving/build/driving/build/lib/driving/detector_senales.py -> /home/victo/C-ROS-Automodel_Car/AutoModelRasp_ws/src/driving/install/driving/lib/python3.12/site-packages/driving
[1.063s] copying /home/victo/C-ROS-Automodel_Car/AutoModelRasp_ws/src/driving/build/driving/build/lib/driving/drive_carril.py -> /home/victo/C-ROS-Automodel_Car/AutoModelRasp_ws/src/driving/install/driving/lib/python3.12/site-packages/driving
[1.063s] copying /home/victo/C-ROS-Automodel_Car/AutoModelRasp_ws/src/driving/build/driving/build/lib/driving/detector_carril.py -> /home/victo/C-ROS-Automodel_Car/AutoModelRasp_ws/src/driving/install/driving/lib/python3.12/site-packages/driving
[1.064s] byte-compiling /home/victo/C-ROS-Automodel_Car/AutoModelRasp_ws/src/driving/install/driving/lib/python3.12/site-packages/driving/__init__.py to __init__.cpython-312.pyc
[1.064s] byte-compiling /home/victo/C-ROS-Automodel_Car/AutoModelRasp_ws/src/driving/install/driving/lib/python3.12/site-packages/driving/detector_senales.py to detector_senales.cpython-312.pyc
[1.066s] byte-compiling /home/victo/C-ROS-Automodel_Car/AutoModelRasp_ws/src/driving/install/driving/lib/python3.12/site-packages/driving/drive_carril.py to drive_carril.cpython-312.pyc
[1.066s] byte-compiling /home/victo/C-ROS-Automodel_Car/AutoModelRasp_ws/src/driving/install/driving/lib/python3.12/site-packages/driving/detector_carril.py to detector_carril.cpython-312.pyc
[1.068s] running install_data
[1.068s] creating /home/victo/C-ROS-Automodel_Car/AutoModelRasp_ws/src/driving/install/driving/share/ament_index
[1.068s] creating /home/victo/C-ROS-Automodel_Car/AutoModelRasp_ws/src/driving/install/driving/share/ament_index/resource_index
[1.069s] creating /home/victo/C-ROS-Automodel_Car/AutoModelRasp_ws/src/driving/install/driving/share/ament_index/resource_index/packages
[1.069s] copying resource/driving -> /home/victo/C-ROS-Automodel_Car/AutoModelRasp_ws/src/driving/install/driving/share/ament_index/resource_index/packages
[1.069s] copying package.xml -> /home/victo/C-ROS-Automodel_Car/AutoModelRasp_ws/src/driving/install/driving/share/driving
[1.069s] running install_egg_info
[1.081s] Copying build/driving/driving.egg-info to /home/victo/C-ROS-Automodel_Car/AutoModelRasp_ws/src/driving/install/driving/lib/python3.12/site-packages/driving-0.0.0-py3.12.egg-info
[1.082s] running install_scripts
[1.161s] Installing detector_carril script to /home/victo/C-ROS-Automodel_Car/AutoModelRasp_ws/src/driving/install/driving/lib/driving
[1.161s] Installing detector_senales script to /home/victo/C-ROS-Automodel_Car/AutoModelRasp_ws/src/driving/install/driving/lib/driving
[1.161s] Installing drive_carril script to /home/victo/C-ROS-Automodel_Car/AutoModelRasp_ws/src/driving/install/driving/lib/driving
[1.162s] writing list of installed files to '/home/victo/C-ROS-Automodel_Car/AutoModelRasp_ws/src/driving/build/driving/install.log'
[1.185s] Invoked command in '/home/victo/C-ROS-Automodel_Car/AutoModelRasp_ws/src/driving' returned '0': PYTHONPATH=/home/victo/C-ROS-Automodel_Car/AutoModelRasp_ws/src/driving/build/driving/prefix_override:/usr/lib/python3/dist-packages/colcon_core/task/python/colcon_distutils_commands:/home/victo/C-ROS-Automodel_Car/AutoModelRasp_ws/src/driving/install/driving/lib/python3.12/site-packages:${PYTHONPATH} /usr/bin/python3 -W ignore:setup.py install is deprecated -W ignore:easy_install command is deprecated setup.py egg_info --egg-base build/driving build --build-base /home/victo/C-ROS-Automodel_Car/AutoModelRasp_ws/src/driving/build/driving/build install --record /home/victo/C-ROS-Automodel_Car/AutoModelRasp_ws/src/driving/build/driving/install.log --single-version-externally-managed install_data
