running egg_info
writing ../build/manual/manual.egg-info/PKG-INFO
writing dependency_links to ../build/manual/manual.egg-info/dependency_links.txt
writing entry points to ../build/manual/manual.egg-info/entry_points.txt
writing requirements to ../build/manual/manual.egg-info/requires.txt
writing top-level names to ../build/manual/manual.egg-info/top_level.txt
reading manifest file '../build/manual/manual.egg-info/SOURCES.txt'
adding license file 'LICENSE'
writing manifest file '../build/manual/manual.egg-info/SOURCES.txt'
running build
running build_py
running install
running install_lib
running install_data
running install_egg_info
removing '/home/alereyes/C-ROS-Automodel_Car/AutoModelRasp_ws/src/install/manual/lib/python3.12/site-packages/manual-0.0.0-py3.12.egg-info' (and everything under it)
Copying ../build/manual/manual.egg-info to /home/alereyes/C-ROS-Automodel_Car/AutoModelRasp_ws/src/install/manual/lib/python3.12/site-packages/manual-0.0.0-py3.12.egg-info
running install_scripts
Installing full_test script to /home/alereyes/C-ROS-Automodel_Car/AutoModelRasp_ws/src/install/manual/lib/manual
Installing joy_control script to /home/alereyes/C-ROS-Automodel_Car/AutoModelRasp_ws/src/install/manual/lib/manual
Installing key_control script to /home/alereyes/C-ROS-Automodel_Car/AutoModelRasp_ws/src/install/manual/lib/manual
writing list of installed files to '/home/alereyes/C-ROS-Automodel_Car/AutoModelRasp_ws/src/build/manual/install.log'
