[0.936s] Invoking command in '/home/alereyes/C-ROS-Automodel_Car/AutoModelRasp_ws/src/driving': DEBUGINFOD_URLS=https://debuginfod.ubuntu.com PYTHONPATH=/home/alereyes/C-ROS-Automodel_Car/AutoModelRasp_ws/src/build/driving/prefix_override:/usr/lib/python3/dist-packages/colcon_core/task/python/colcon_distutils_commands:/home/alereyes/C-ROS-Automodel_Car/AutoModelRasp_ws/src/install/driving/lib/python3.12/site-packages:${PYTHONPATH} /usr/bin/python3 -W ignore:setup.py install is deprecated -W ignore:easy_install command is deprecated setup.py egg_info --egg-base ../build/driving build --build-base /home/alereyes/C-ROS-Automodel_Car/AutoModelRasp_ws/src/build/driving/build install --record /home/alereyes/C-ROS-Automodel_Car/AutoModelRasp_ws/src/build/driving/install.log --single-version-externally-managed install_data
[1.126s] running egg_info
[1.139s] writing ../build/driving/driving.egg-info/PKG-INFO
[1.140s] writing dependency_links to ../build/driving/driving.egg-info/dependency_links.txt
[1.140s] writing requirements to ../build/driving/driving.egg-info/requires.txt
[1.140s] writing top-level names to ../build/driving/driving.egg-info/top_level.txt
[1.166s] reading manifest file '../build/driving/driving.egg-info/SOURCES.txt'
[1.166s] adding license file 'LICENSE'
[1.167s] writing manifest file '../build/driving/driving.egg-info/SOURCES.txt'
[1.167s] running build
[1.167s] running build_py
[1.167s] copying driving/detector_senales.py -> /home/alereyes/C-ROS-Automodel_Car/AutoModelRasp_ws/src/build/driving/build/lib/driving
[1.167s] running install
[1.172s] running install_lib
[1.185s] copying /home/alereyes/C-ROS-Automodel_Car/AutoModelRasp_ws/src/build/driving/build/lib/driving/detector_senales.py -> /home/alereyes/C-ROS-Automodel_Car/AutoModelRasp_ws/src/install/driving/lib/python3.12/site-packages/driving
[1.185s] byte-compiling /home/alereyes/C-ROS-Automodel_Car/AutoModelRasp_ws/src/install/driving/lib/python3.12/site-packages/driving/detector_senales.py to detector_senales.cpython-312.pyc
[1.185s] running install_data
[1.185s] running install_egg_info
[1.199s] removing '/home/alereyes/C-ROS-Automodel_Car/AutoModelRasp_ws/src/install/driving/lib/python3.12/site-packages/driving-0.0.0-py3.12.egg-info' (and everything under it)
[1.199s] Copying ../build/driving/driving.egg-info to /home/alereyes/C-ROS-Automodel_Car/AutoModelRasp_ws/src/install/driving/lib/python3.12/site-packages/driving-0.0.0-py3.12.egg-info
[1.200s] running install_scripts
[1.293s] writing list of installed files to '/home/alereyes/C-ROS-Automodel_Car/AutoModelRasp_ws/src/build/driving/install.log'
[1.321s] Invoked command in '/home/alereyes/C-ROS-Automodel_Car/AutoModelRasp_ws/src/driving' returned '0': DEBUGINFOD_URLS=https://debuginfod.ubuntu.com PYTHONPATH=/home/alereyes/C-ROS-Automodel_Car/AutoModelRasp_ws/src/build/driving/prefix_override:/usr/lib/python3/dist-packages/colcon_core/task/python/colcon_distutils_commands:/home/alereyes/C-ROS-Automodel_Car/AutoModelRasp_ws/src/install/driving/lib/python3.12/site-packages:${PYTHONPATH} /usr/bin/python3 -W ignore:setup.py install is deprecated -W ignore:easy_install command is deprecated setup.py egg_info --egg-base ../build/driving build --build-base /home/alereyes/C-ROS-Automodel_Car/AutoModelRasp_ws/src/build/driving/build install --record /home/alereyes/C-ROS-Automodel_Car/AutoModelRasp_ws/src/build/driving/install.log --single-version-externally-managed install_data
