/home/alereyes/C-ROS-Automodel_Car/simulacion_ws/install/carro_simulacion/lib/python3.12/site-packages/carro_simulacion/camera_filter.py
/home/alereyes/C-ROS-Automodel_Car/simulacion_ws/install/carro_simulacion/lib/python3.12/site-packages/carro_simulacion/__init__.py
/home/alereyes/C-ROS-Automodel_Car/simulacion_ws/install/carro_simulacion/lib/python3.12/site-packages/carro_simulacion/sim_adapter.py
/home/alereyes/C-ROS-Automodel_Car/simulacion_ws/install/carro_simulacion/lib/python3.12/site-packages/carro_simulacion/__pycache__/camera_filter.cpython-312.pyc
/home/alereyes/C-ROS-Automodel_Car/simulacion_ws/install/carro_simulacion/lib/python3.12/site-packages/carro_simulacion/__pycache__/__init__.cpython-312.pyc
/home/alereyes/C-ROS-Automodel_Car/simulacion_ws/install/carro_simulacion/lib/python3.12/site-packages/carro_simulacion/__pycache__/sim_adapter.cpython-312.pyc
/home/alereyes/C-ROS-Automodel_Car/simulacion_ws/install/carro_simulacion/share/ament_index/resource_index/packages/carro_simulacion
/home/alereyes/C-ROS-Automodel_Car/simulacion_ws/install/carro_simulacion/share/carro_simulacion/package.xml
/home/alereyes/C-ROS-Automodel_Car/simulacion_ws/install/carro_simulacion/share/carro_simulacion/launch/car_sim.launch.py
/home/alereyes/C-ROS-Automodel_Car/simulacion_ws/install/carro_simulacion/share/carro_simulacion/urdf/carro.urdf
/home/alereyes/C-ROS-Automodel_Car/simulacion_ws/install/carro_simulacion/share/carro_simulacion/meshes/chasis-Assembly2.stl
/home/alereyes/C-ROS-Automodel_Car/simulacion_ws/install/carro_simulacion/share/carro_simulacion/worlds/pista.world
/home/alereyes/C-ROS-Automodel_Car/simulacion_ws/install/carro_simulacion/share/carro_simulacion/materials/textures/pista.png
/home/alereyes/C-ROS-Automodel_Car/simulacion_ws/install/carro_simulacion/lib/python3.12/site-packages/carro_simulacion-0.0.0-py3.12.egg-info/SOURCES.txt
/home/alereyes/C-ROS-Automodel_Car/simulacion_ws/install/carro_simulacion/lib/python3.12/site-packages/carro_simulacion-0.0.0-py3.12.egg-info/dependency_links.txt
/home/alereyes/C-ROS-Automodel_Car/simulacion_ws/install/carro_simulacion/lib/python3.12/site-packages/carro_simulacion-0.0.0-py3.12.egg-info/zip-safe
/home/alereyes/C-ROS-Automodel_Car/simulacion_ws/install/carro_simulacion/lib/python3.12/site-packages/carro_simulacion-0.0.0-py3.12.egg-info/entry_points.txt
/home/alereyes/C-ROS-Automodel_Car/simulacion_ws/install/carro_simulacion/lib/python3.12/site-packages/carro_simulacion-0.0.0-py3.12.egg-info/PKG-INFO
/home/alereyes/C-ROS-Automodel_Car/simulacion_ws/install/carro_simulacion/lib/python3.12/site-packages/carro_simulacion-0.0.0-py3.12.egg-info/requires.txt
/home/alereyes/C-ROS-Automodel_Car/simulacion_ws/install/carro_simulacion/lib/python3.12/site-packages/carro_simulacion-0.0.0-py3.12.egg-info/top_level.txt
/home/alereyes/C-ROS-Automodel_Car/simulacion_ws/install/carro_simulacion/lib/carro_simulacion/camera_filter
/home/alereyes/C-ROS-Automodel_Car/simulacion_ws/install/carro_simulacion/lib/carro_simulacion/sim_adapter
