running egg_info
creating ../build/driving/driving.egg-info
writing ../build/driving/driving.egg-info/PKG-INFO
writing dependency_links to ../build/driving/driving.egg-info/dependency_links.txt
writing requirements to ../build/driving/driving.egg-info/requires.txt
writing top-level names to ../build/driving/driving.egg-info/top_level.txt
writing manifest file '../build/driving/driving.egg-info/SOURCES.txt'
reading manifest file '../build/driving/driving.egg-info/SOURCES.txt'
adding license file 'LICENSE'
writing manifest file '../build/driving/driving.egg-info/SOURCES.txt'
running build
running build_py
creating /home/alereyes/C-ROS-Automodel_Car/AutoModelRasp_ws/src/build/driving/build
creating /home/alereyes/C-ROS-Automodel_Car/AutoModelRasp_ws/src/build/driving/build/lib
creating /home/alereyes/C-ROS-Automodel_Car/AutoModelRasp_ws/src/build/driving/build/lib/driving
copying driving/__init__.py -> /home/alereyes/C-ROS-Automodel_Car/AutoModelRasp_ws/src/build/driving/build/lib/driving
running install
running install_lib
creating /home/alereyes/C-ROS-Automodel_Car/AutoModelRasp_ws/src/install/driving/lib/python3.12/site-packages/driving
copying /home/alereyes/C-ROS-Automodel_Car/AutoModelRasp_ws/src/build/driving/build/lib/driving/__init__.py -> /home/alereyes/C-ROS-Automodel_Car/AutoModelRasp_ws/src/install/driving/lib/python3.12/site-packages/driving
byte-compiling /home/alereyes/C-ROS-Automodel_Car/AutoModelRasp_ws/src/install/driving/lib/python3.12/site-packages/driving/__init__.py to __init__.cpython-312.pyc
running install_data
creating /home/alereyes/C-ROS-Automodel_Car/AutoModelRasp_ws/src/install/driving/share/ament_index
creating /home/alereyes/C-ROS-Automodel_Car/AutoModelRasp_ws/src/install/driving/share/ament_index/resource_index
creating /home/alereyes/C-ROS-Automodel_Car/AutoModelRasp_ws/src/install/driving/share/ament_index/resource_index/packages
copying resource/driving -> /home/alereyes/C-ROS-Automodel_Car/AutoModelRasp_ws/src/install/driving/share/ament_index/resource_index/packages
copying package.xml -> /home/alereyes/C-ROS-Automodel_Car/AutoModelRasp_ws/src/install/driving/share/driving
running install_egg_info
Copying ../build/driving/driving.egg-info to /home/alereyes/C-ROS-Automodel_Car/AutoModelRasp_ws/src/install/driving/lib/python3.12/site-packages/driving-0.0.0-py3.12.egg-info
running install_scripts
writing list of installed files to '/home/alereyes/C-ROS-Automodel_Car/AutoModelRasp_ws/src/build/driving/install.log'
