running egg_info
creating ../build/ms200_driver/ms200_driver.egg-info
writing ../build/ms200_driver/ms200_driver.egg-info/PKG-INFO
writing dependency_links to ../build/ms200_driver/ms200_driver.egg-info/dependency_links.txt
writing entry points to ../build/ms200_driver/ms200_driver.egg-info/entry_points.txt
writing requirements to ../build/ms200_driver/ms200_driver.egg-info/requires.txt
writing top-level names to ../build/ms200_driver/ms200_driver.egg-info/top_level.txt
writing manifest file '../build/ms200_driver/ms200_driver.egg-info/SOURCES.txt'
reading manifest file '../build/ms200_driver/ms200_driver.egg-info/SOURCES.txt'
adding license file 'LICENSE'
writing manifest file '../build/ms200_driver/ms200_driver.egg-info/SOURCES.txt'
running build
running build_py
creating /home/alereyes/C-ROS-Automodel_Car/AutoModelRasp_ws/src/build/ms200_driver/build
creating /home/alereyes/C-ROS-Automodel_Car/AutoModelRasp_ws/src/build/ms200_driver/build/lib
creating /home/alereyes/C-ROS-Automodel_Car/AutoModelRasp_ws/src/build/ms200_driver/build/lib/ms200_driver
copying ms200_driver/ms200_node.py -> /home/alereyes/C-ROS-Automodel_Car/AutoModelRasp_ws/src/build/ms200_driver/build/lib/ms200_driver
copying ms200_driver/__init__.py -> /home/alereyes/C-ROS-Automodel_Car/AutoModelRasp_ws/src/build/ms200_driver/build/lib/ms200_driver
creating /home/alereyes/C-ROS-Automodel_Car/AutoModelRasp_ws/src/build/ms200_driver/build/lib/lidar
copying lidar/__init__.py -> /home/alereyes/C-ROS-Automodel_Car/AutoModelRasp_ws/src/build/ms200_driver/build/lib/lidar
running install
running install_lib
creating /home/alereyes/C-ROS-Automodel_Car/AutoModelRasp_ws/src/install/ms200_driver/lib/python3.12/site-packages/ms200_driver
copying /home/alereyes/C-ROS-Automodel_Car/AutoModelRasp_ws/src/build/ms200_driver/build/lib/ms200_driver/ms200_node.py -> /home/alereyes/C-ROS-Automodel_Car/AutoModelRasp_ws/src/install/ms200_driver/lib/python3.12/site-packages/ms200_driver
copying /home/alereyes/C-ROS-Automodel_Car/AutoModelRasp_ws/src/build/ms200_driver/build/lib/ms200_driver/__init__.py -> /home/alereyes/C-ROS-Automodel_Car/AutoModelRasp_ws/src/install/ms200_driver/lib/python3.12/site-packages/ms200_driver
creating /home/alereyes/C-ROS-Automodel_Car/AutoModelRasp_ws/src/install/ms200_driver/lib/python3.12/site-packages/lidar
copying /home/alereyes/C-ROS-Automodel_Car/AutoModelRasp_ws/src/build/ms200_driver/build/lib/lidar/__init__.py -> /home/alereyes/C-ROS-Automodel_Car/AutoModelRasp_ws/src/install/ms200_driver/lib/python3.12/site-packages/lidar
byte-compiling /home/alereyes/C-ROS-Automodel_Car/AutoModelRasp_ws/src/install/ms200_driver/lib/python3.12/site-packages/ms200_driver/ms200_node.py to ms200_node.cpython-312.pyc
byte-compiling /home/alereyes/C-ROS-Automodel_Car/AutoModelRasp_ws/src/install/ms200_driver/lib/python3.12/site-packages/ms200_driver/__init__.py to __init__.cpython-312.pyc
byte-compiling /home/alereyes/C-ROS-Automodel_Car/AutoModelRasp_ws/src/install/ms200_driver/lib/python3.12/site-packages/lidar/__init__.py to __init__.cpython-312.pyc
running install_data
creating /home/alereyes/C-ROS-Automodel_Car/AutoModelRasp_ws/src/install/ms200_driver/share/ament_index
creating /home/alereyes/C-ROS-Automodel_Car/AutoModelRasp_ws/src/install/ms200_driver/share/ament_index/resource_index
creating /home/alereyes/C-ROS-Automodel_Car/AutoModelRasp_ws/src/install/ms200_driver/share/ament_index/resource_index/packages
copying resource/ms200_driver -> /home/alereyes/C-ROS-Automodel_Car/AutoModelRasp_ws/src/install/ms200_driver/share/ament_index/resource_index/packages
copying package.xml -> /home/alereyes/C-ROS-Automodel_Car/AutoModelRasp_ws/src/install/ms200_driver/share/ms200_driver
running install_egg_info
Copying ../build/ms200_driver/ms200_driver.egg-info to /home/alereyes/C-ROS-Automodel_Car/AutoModelRasp_ws/src/install/ms200_driver/lib/python3.12/site-packages/ms200_driver-0.0.0-py3.12.egg-info
running install_scripts
Installing ms200_node script to /home/alereyes/C-ROS-Automodel_Car/AutoModelRasp_ws/src/install/ms200_driver/lib/ms200_driver
writing list of installed files to '/home/alereyes/C-ROS-Automodel_Car/AutoModelRasp_ws/src/build/ms200_driver/install.log'
