[13.744s] Invoking command in '/home/alereyes/C-ROS-Automodel_Car/AutoModelRasp_ws/src/lidar': DEBUGINFOD_URLS=https://debuginfod.ubuntu.com PYTHONPATH=/home/alereyes/C-ROS-Automodel_Car/AutoModelRasp_ws/src/build/ms200_driver/prefix_override:/usr/lib/python3/dist-packages/colcon_core/task/python/colcon_distutils_commands:/home/alereyes/C-ROS-Automodel_Car/AutoModelRasp_ws/src/install/ms200_driver/lib/python3.12/site-packages:${PYTHONPATH} /usr/bin/python3 -W ignore:setup.py install is deprecated -W ignore:easy_install command is deprecated setup.py egg_info --egg-base ../build/ms200_driver build --build-base /home/alereyes/C-ROS-Automodel_Car/AutoModelRasp_ws/src/build/ms200_driver/build install --record /home/alereyes/C-ROS-Automodel_Car/AutoModelRasp_ws/src/build/ms200_driver/install.log --single-version-externally-managed install_data
[13.923s] running egg_info
[13.924s] creating ../build/ms200_driver/ms200_driver.egg-info
[13.936s] writing ../build/ms200_driver/ms200_driver.egg-info/PKG-INFO
[13.936s] writing dependency_links to ../build/ms200_driver/ms200_driver.egg-info/dependency_links.txt
[13.936s] writing entry points to ../build/ms200_driver/ms200_driver.egg-info/entry_points.txt
[13.936s] writing requirements to ../build/ms200_driver/ms200_driver.egg-info/requires.txt
[13.936s] writing top-level names to ../build/ms200_driver/ms200_driver.egg-info/top_level.txt
[13.937s] writing manifest file '../build/ms200_driver/ms200_driver.egg-info/SOURCES.txt'
[13.965s] reading manifest file '../build/ms200_driver/ms200_driver.egg-info/SOURCES.txt'
[13.965s] adding license file 'LICENSE'
[13.966s] writing manifest file '../build/ms200_driver/ms200_driver.egg-info/SOURCES.txt'
[13.966s] running build
[13.966s] running build_py
[13.966s] creating /home/alereyes/C-ROS-Automodel_Car/AutoModelRasp_ws/src/build/ms200_driver/build
[13.966s] creating /home/alereyes/C-ROS-Automodel_Car/AutoModelRasp_ws/src/build/ms200_driver/build/lib
[13.966s] creating /home/alereyes/C-ROS-Automodel_Car/AutoModelRasp_ws/src/build/ms200_driver/build/lib/ms200_driver
[13.966s] copying ms200_driver/ms200_node.py -> /home/alereyes/C-ROS-Automodel_Car/AutoModelRasp_ws/src/build/ms200_driver/build/lib/ms200_driver
[13.967s] copying ms200_driver/__init__.py -> /home/alereyes/C-ROS-Automodel_Car/AutoModelRasp_ws/src/build/ms200_driver/build/lib/ms200_driver
[13.967s] creating /home/alereyes/C-ROS-Automodel_Car/AutoModelRasp_ws/src/build/ms200_driver/build/lib/lidar
[13.967s] copying lidar/__init__.py -> /home/alereyes/C-ROS-Automodel_Car/AutoModelRasp_ws/src/build/ms200_driver/build/lib/lidar
[13.967s] running install
[13.972s] running install_lib
[13.985s] creating /home/alereyes/C-ROS-Automodel_Car/AutoModelRasp_ws/src/install/ms200_driver/lib/python3.12/site-packages/ms200_driver
[13.985s] copying /home/alereyes/C-ROS-Automodel_Car/AutoModelRasp_ws/src/build/ms200_driver/build/lib/ms200_driver/ms200_node.py -> /home/alereyes/C-ROS-Automodel_Car/AutoModelRasp_ws/src/install/ms200_driver/lib/python3.12/site-packages/ms200_driver
[13.985s] copying /home/alereyes/C-ROS-Automodel_Car/AutoModelRasp_ws/src/build/ms200_driver/build/lib/ms200_driver/__init__.py -> /home/alereyes/C-ROS-Automodel_Car/AutoModelRasp_ws/src/install/ms200_driver/lib/python3.12/site-packages/ms200_driver
[13.985s] creating /home/alereyes/C-ROS-Automodel_Car/AutoModelRasp_ws/src/install/ms200_driver/lib/python3.12/site-packages/lidar
[13.985s] copying /home/alereyes/C-ROS-Automodel_Car/AutoModelRasp_ws/src/build/ms200_driver/build/lib/lidar/__init__.py -> /home/alereyes/C-ROS-Automodel_Car/AutoModelRasp_ws/src/install/ms200_driver/lib/python3.12/site-packages/lidar
[13.985s] byte-compiling /home/alereyes/C-ROS-Automodel_Car/AutoModelRasp_ws/src/install/ms200_driver/lib/python3.12/site-packages/ms200_driver/ms200_node.py to ms200_node.cpython-312.pyc
[13.986s] byte-compiling /home/alereyes/C-ROS-Automodel_Car/AutoModelRasp_ws/src/install/ms200_driver/lib/python3.12/site-packages/ms200_driver/__init__.py to __init__.cpython-312.pyc
[13.986s] byte-compiling /home/alereyes/C-ROS-Automodel_Car/AutoModelRasp_ws/src/install/ms200_driver/lib/python3.12/site-packages/lidar/__init__.py to __init__.cpython-312.pyc
[13.986s] running install_data
[13.986s] creating /home/alereyes/C-ROS-Automodel_Car/AutoModelRasp_ws/src/install/ms200_driver/share/ament_index
[13.986s] creating /home/alereyes/C-ROS-Automodel_Car/AutoModelRasp_ws/src/install/ms200_driver/share/ament_index/resource_index
[13.986s] creating /home/alereyes/C-ROS-Automodel_Car/AutoModelRasp_ws/src/install/ms200_driver/share/ament_index/resource_index/packages
[13.986s] copying resource/ms200_driver -> /home/alereyes/C-ROS-Automodel_Car/AutoModelRasp_ws/src/install/ms200_driver/share/ament_index/resource_index/packages
[13.986s] copying package.xml -> /home/alereyes/C-ROS-Automodel_Car/AutoModelRasp_ws/src/install/ms200_driver/share/ms200_driver
[13.987s] running install_egg_info
[14.000s] Copying ../build/ms200_driver/ms200_driver.egg-info to /home/alereyes/C-ROS-Automodel_Car/AutoModelRasp_ws/src/install/ms200_driver/lib/python3.12/site-packages/ms200_driver-0.0.0-py3.12.egg-info
[14.000s] running install_scripts
[14.087s] Installing ms200_node script to /home/alereyes/C-ROS-Automodel_Car/AutoModelRasp_ws/src/install/ms200_driver/lib/ms200_driver
[14.087s] writing list of installed files to '/home/alereyes/C-ROS-Automodel_Car/AutoModelRasp_ws/src/build/ms200_driver/install.log'
[14.430s] Invoked command in '/home/alereyes/C-ROS-Automodel_Car/AutoModelRasp_ws/src/lidar' returned '0': DEBUGINFOD_URLS=https://debuginfod.ubuntu.com PYTHONPATH=/home/alereyes/C-ROS-Automodel_Car/AutoModelRasp_ws/src/build/ms200_driver/prefix_override:/usr/lib/python3/dist-packages/colcon_core/task/python/colcon_distutils_commands:/home/alereyes/C-ROS-Automodel_Car/AutoModelRasp_ws/src/install/ms200_driver/lib/python3.12/site-packages:${PYTHONPATH} /usr/bin/python3 -W ignore:setup.py install is deprecated -W ignore:easy_install command is deprecated setup.py egg_info --egg-base ../build/ms200_driver build --build-base /home/alereyes/C-ROS-Automodel_Car/AutoModelRasp_ws/src/build/ms200_driver/build install --record /home/alereyes/C-ROS-Automodel_Car/AutoModelRasp_ws/src/build/ms200_driver/install.log --single-version-externally-managed install_data
