running egg_info
creating ../build/manual/manual.egg-info
writing ../build/manual/manual.egg-info/PKG-INFO
writing dependency_links to ../build/manual/manual.egg-info/dependency_links.txt
writing entry points to ../build/manual/manual.egg-info/entry_points.txt
writing requirements to ../build/manual/manual.egg-info/requires.txt
writing top-level names to ../build/manual/manual.egg-info/top_level.txt
writing manifest file '../build/manual/manual.egg-info/SOURCES.txt'
reading manifest file '../build/manual/manual.egg-info/SOURCES.txt'
adding license file 'LICENSE'
writing manifest file '../build/manual/manual.egg-info/SOURCES.txt'
running build
running build_py
creating /home/alereyes/C-ROS-Automodel_Car/AutoModelRasp_ws/src/build/manual/build
creating /home/alereyes/C-ROS-Automodel_Car/AutoModelRasp_ws/src/build/manual/build/lib
creating /home/alereyes/C-ROS-Automodel_Car/AutoModelRasp_ws/src/build/manual/build/lib/manual
copying manual/key_control.py -> /home/alereyes/C-ROS-Automodel_Car/AutoModelRasp_ws/src/build/manual/build/lib/manual
copying manual/full_test.py -> /home/alereyes/C-ROS-Automodel_Car/AutoModelRasp_ws/src/build/manual/build/lib/manual
copying manual/__init__.py -> /home/alereyes/C-ROS-Automodel_Car/AutoModelRasp_ws/src/build/manual/build/lib/manual
copying manual/joystick_control.py -> /home/alereyes/C-ROS-Automodel_Car/AutoModelRasp_ws/src/build/manual/build/lib/manual
running install
running install_lib
creating /home/alereyes/C-ROS-Automodel_Car/AutoModelRasp_ws/src/install/manual/lib/python3.12/site-packages/manual
copying /home/alereyes/C-ROS-Automodel_Car/AutoModelRasp_ws/src/build/manual/build/lib/manual/key_control.py -> /home/alereyes/C-ROS-Automodel_Car/AutoModelRasp_ws/src/install/manual/lib/python3.12/site-packages/manual
copying /home/alereyes/C-ROS-Automodel_Car/AutoModelRasp_ws/src/build/manual/build/lib/manual/full_test.py -> /home/alereyes/C-ROS-Automodel_Car/AutoModelRasp_ws/src/install/manual/lib/python3.12/site-packages/manual
copying /home/alereyes/C-ROS-Automodel_Car/AutoModelRasp_ws/src/build/manual/build/lib/manual/__init__.py -> /home/alereyes/C-ROS-Automodel_Car/AutoModelRasp_ws/src/install/manual/lib/python3.12/site-packages/manual
copying /home/alereyes/C-ROS-Automodel_Car/AutoModelRasp_ws/src/build/manual/build/lib/manual/joystick_control.py -> /home/alereyes/C-ROS-Automodel_Car/AutoModelRasp_ws/src/install/manual/lib/python3.12/site-packages/manual
byte-compiling /home/alereyes/C-ROS-Automodel_Car/AutoModelRasp_ws/src/install/manual/lib/python3.12/site-packages/manual/key_control.py to key_control.cpython-312.pyc
byte-compiling /home/alereyes/C-ROS-Automodel_Car/AutoModelRasp_ws/src/install/manual/lib/python3.12/site-packages/manual/full_test.py to full_test.cpython-312.pyc
byte-compiling /home/alereyes/C-ROS-Automodel_Car/AutoModelRasp_ws/src/install/manual/lib/python3.12/site-packages/manual/__init__.py to __init__.cpython-312.pyc
byte-compiling /home/alereyes/C-ROS-Automodel_Car/AutoModelRasp_ws/src/install/manual/lib/python3.12/site-packages/manual/joystick_control.py to joystick_control.cpython-312.pyc
running install_data
creating /home/alereyes/C-ROS-Automodel_Car/AutoModelRasp_ws/src/install/manual/share/ament_index
creating /home/alereyes/C-ROS-Automodel_Car/AutoModelRasp_ws/src/install/manual/share/ament_index/resource_index
creating /home/alereyes/C-ROS-Automodel_Car/AutoModelRasp_ws/src/install/manual/share/ament_index/resource_index/packages
copying resource/manual -> /home/alereyes/C-ROS-Automodel_Car/AutoModelRasp_ws/src/install/manual/share/ament_index/resource_index/packages
copying package.xml -> /home/alereyes/C-ROS-Automodel_Car/AutoModelRasp_ws/src/install/manual/share/manual
running install_egg_info
Copying ../build/manual/manual.egg-info to /home/alereyes/C-ROS-Automodel_Car/AutoModelRasp_ws/src/install/manual/lib/python3.12/site-packages/manual-0.0.0-py3.12.egg-info
running install_scripts
Installing full_test script to /home/alereyes/C-ROS-Automodel_Car/AutoModelRasp_ws/src/install/manual/lib/manual
Installing joy_control script to /home/alereyes/C-ROS-Automodel_Car/AutoModelRasp_ws/src/install/manual/lib/manual
Installing key_control script to /home/alereyes/C-ROS-Automodel_Car/AutoModelRasp_ws/src/install/manual/lib/manual
writing list of installed files to '/home/alereyes/C-ROS-Automodel_Car/AutoModelRasp_ws/src/build/manual/install.log'
