[0.932s] Invoking command in '/home/alereyes/C-ROS-Automodel_Car/AutoModelRasp_ws/src/manual': AMENT_PREFIX_PATH=/home/alereyes/C-ROS-Automodel_Car/AutoModelRasp_ws/src/install/motor_msgs:${AMENT_PREFIX_PATH} CMAKE_PREFIX_PATH=/home/alereyes/C-ROS-Automodel_Car/AutoModelRasp_ws/src/install/motor_msgs:${CMAKE_PREFIX_PATH} DEBUGINFOD_URLS=https://debuginfod.ubuntu.com LD_LIBRARY_PATH=/home/alereyes/C-ROS-Automodel_Car/AutoModelRasp_ws/src/install/motor_msgs/lib:${LD_LIBRARY_PATH} PYTHONPATH=/home/alereyes/C-ROS-Automodel_Car/AutoModelRasp_ws/src/build/manual/prefix_override:/usr/lib/python3/dist-packages/colcon_core/task/python/colcon_distutils_commands:/home/alereyes/C-ROS-Automodel_Car/AutoModelRasp_ws/src/install/manual/lib/python3.12/site-packages:/home/alereyes/C-ROS-Automodel_Car/AutoModelRasp_ws/src/install/motor_msgs/lib/python3.12/site-packages:${PYTHONPATH} /usr/bin/python3 -W ignore:setup.py install is deprecated -W ignore:easy_install command is deprecated setup.py egg_info --egg-base ../build/manual build --build-base /home/alereyes/C-ROS-Automodel_Car/AutoModelRasp_ws/src/build/manual/build install --record /home/alereyes/C-ROS-Automodel_Car/AutoModelRasp_ws/src/build/manual/install.log --single-version-externally-managed install_data
[1.085s] running egg_info
[1.086s] creating ../build/manual/manual.egg-info
[1.098s] writing ../build/manual/manual.egg-info/PKG-INFO
[1.098s] writing dependency_links to ../build/manual/manual.egg-info/dependency_links.txt
[1.098s] writing entry points to ../build/manual/manual.egg-info/entry_points.txt
[1.098s] writing requirements to ../build/manual/manual.egg-info/requires.txt
[1.098s] writing top-level names to ../build/manual/manual.egg-info/top_level.txt
[1.098s] writing manifest file '../build/manual/manual.egg-info/SOURCES.txt'
[1.123s] reading manifest file '../build/manual/manual.egg-info/SOURCES.txt'
[1.123s] adding license file 'LICENSE'
[1.123s] writing manifest file '../build/manual/manual.egg-info/SOURCES.txt'
[1.144s] running build
[1.145s] running build_py
[1.145s] creating /home/alereyes/C-ROS-Automodel_Car/AutoModelRasp_ws/src/build/manual/build
[1.145s] creating /home/alereyes/C-ROS-Automodel_Car/AutoModelRasp_ws/src/build/manual/build/lib
[1.145s] creating /home/alereyes/C-ROS-Automodel_Car/AutoModelRasp_ws/src/build/manual/build/lib/manual
[1.145s] copying manual/key_control.py -> /home/alereyes/C-ROS-Automodel_Car/AutoModelRasp_ws/src/build/manual/build/lib/manual
[1.145s] copying manual/full_test.py -> /home/alereyes/C-ROS-Automodel_Car/AutoModelRasp_ws/src/build/manual/build/lib/manual
[1.146s] copying manual/__init__.py -> /home/alereyes/C-ROS-Automodel_Car/AutoModelRasp_ws/src/build/manual/build/lib/manual
[1.146s] copying manual/joystick_control.py -> /home/alereyes/C-ROS-Automodel_Car/AutoModelRasp_ws/src/build/manual/build/lib/manual
[1.146s] running install
[1.150s] running install_lib
[1.162s] creating /home/alereyes/C-ROS-Automodel_Car/AutoModelRasp_ws/src/install/manual/lib/python3.12/site-packages/manual
[1.162s] copying /home/alereyes/C-ROS-Automodel_Car/AutoModelRasp_ws/src/build/manual/build/lib/manual/key_control.py -> /home/alereyes/C-ROS-Automodel_Car/AutoModelRasp_ws/src/install/manual/lib/python3.12/site-packages/manual
[1.163s] copying /home/alereyes/C-ROS-Automodel_Car/AutoModelRasp_ws/src/build/manual/build/lib/manual/full_test.py -> /home/alereyes/C-ROS-Automodel_Car/AutoModelRasp_ws/src/install/manual/lib/python3.12/site-packages/manual
[1.163s] copying /home/alereyes/C-ROS-Automodel_Car/AutoModelRasp_ws/src/build/manual/build/lib/manual/__init__.py -> /home/alereyes/C-ROS-Automodel_Car/AutoModelRasp_ws/src/install/manual/lib/python3.12/site-packages/manual
[1.163s] copying /home/alereyes/C-ROS-Automodel_Car/AutoModelRasp_ws/src/build/manual/build/lib/manual/joystick_control.py -> /home/alereyes/C-ROS-Automodel_Car/AutoModelRasp_ws/src/install/manual/lib/python3.12/site-packages/manual
[1.163s] byte-compiling /home/alereyes/C-ROS-Automodel_Car/AutoModelRasp_ws/src/install/manual/lib/python3.12/site-packages/manual/key_control.py to key_control.cpython-312.pyc
[1.164s] byte-compiling /home/alereyes/C-ROS-Automodel_Car/AutoModelRasp_ws/src/install/manual/lib/python3.12/site-packages/manual/full_test.py to full_test.cpython-312.pyc
[1.164s] byte-compiling /home/alereyes/C-ROS-Automodel_Car/AutoModelRasp_ws/src/install/manual/lib/python3.12/site-packages/manual/__init__.py to __init__.cpython-312.pyc
[1.165s] byte-compiling /home/alereyes/C-ROS-Automodel_Car/AutoModelRasp_ws/src/install/manual/lib/python3.12/site-packages/manual/joystick_control.py to joystick_control.cpython-312.pyc
[1.165s] running install_data
[1.165s] creating /home/alereyes/C-ROS-Automodel_Car/AutoModelRasp_ws/src/install/manual/share/ament_index
[1.165s] creating /home/alereyes/C-ROS-Automodel_Car/AutoModelRasp_ws/src/install/manual/share/ament_index/resource_index
[1.165s] creating /home/alereyes/C-ROS-Automodel_Car/AutoModelRasp_ws/src/install/manual/share/ament_index/resource_index/packages
[1.165s] copying resource/manual -> /home/alereyes/C-ROS-Automodel_Car/AutoModelRasp_ws/src/install/manual/share/ament_index/resource_index/packages
[1.165s] copying package.xml -> /home/alereyes/C-ROS-Automodel_Car/AutoModelRasp_ws/src/install/manual/share/manual
[1.165s] running install_egg_info
[1.179s] Copying ../build/manual/manual.egg-info to /home/alereyes/C-ROS-Automodel_Car/AutoModelRasp_ws/src/install/manual/lib/python3.12/site-packages/manual-0.0.0-py3.12.egg-info
[1.179s] running install_scripts
[1.265s] Installing full_test script to /home/alereyes/C-ROS-Automodel_Car/AutoModelRasp_ws/src/install/manual/lib/manual
[1.265s] Installing joy_control script to /home/alereyes/C-ROS-Automodel_Car/AutoModelRasp_ws/src/install/manual/lib/manual
[1.265s] Installing key_control script to /home/alereyes/C-ROS-Automodel_Car/AutoModelRasp_ws/src/install/manual/lib/manual
[1.265s] writing list of installed files to '/home/alereyes/C-ROS-Automodel_Car/AutoModelRasp_ws/src/build/manual/install.log'
[1.291s] Invoked command in '/home/alereyes/C-ROS-Automodel_Car/AutoModelRasp_ws/src/manual' returned '0': AMENT_PREFIX_PATH=/home/alereyes/C-ROS-Automodel_Car/AutoModelRasp_ws/src/install/motor_msgs:${AMENT_PREFIX_PATH} CMAKE_PREFIX_PATH=/home/alereyes/C-ROS-Automodel_Car/AutoModelRasp_ws/src/install/motor_msgs:${CMAKE_PREFIX_PATH} DEBUGINFOD_URLS=https://debuginfod.ubuntu.com LD_LIBRARY_PATH=/home/alereyes/C-ROS-Automodel_Car/AutoModelRasp_ws/src/install/motor_msgs/lib:${LD_LIBRARY_PATH} PYTHONPATH=/home/alereyes/C-ROS-Automodel_Car/AutoModelRasp_ws/src/build/manual/prefix_override:/usr/lib/python3/dist-packages/colcon_core/task/python/colcon_distutils_commands:/home/alereyes/C-ROS-Automodel_Car/AutoModelRasp_ws/src/install/manual/lib/python3.12/site-packages:/home/alereyes/C-ROS-Automodel_Car/AutoModelRasp_ws/src/install/motor_msgs/lib/python3.12/site-packages:${PYTHONPATH} /usr/bin/python3 -W ignore:setup.py install is deprecated -W ignore:easy_install command is deprecated setup.py egg_info --egg-base ../build/manual build --build-base /home/alereyes/C-ROS-Automodel_Car/AutoModelRasp_ws/src/build/manual/build install --record /home/alereyes/C-ROS-Automodel_Car/AutoModelRasp_ws/src/build/manual/install.log --single-version-externally-managed install_data
