/home/victo/C-ROS-Automodel_Car/AutoModelRasp_ws/src/driving/install/driving/lib/python3.12/site-packages/driving/__init__.py
/home/victo/C-ROS-Automodel_Car/AutoModelRasp_ws/src/driving/install/driving/lib/python3.12/site-packages/driving/detector_senales.py
/home/victo/C-ROS-Automodel_Car/AutoModelRasp_ws/src/driving/install/driving/lib/python3.12/site-packages/driving/drive_carril.py
/home/victo/C-ROS-Automodel_Car/AutoModelRasp_ws/src/driving/install/driving/lib/python3.12/site-packages/driving/detector_carril.py
/home/victo/C-ROS-Automodel_Car/AutoModelRasp_ws/src/driving/install/driving/lib/python3.12/site-packages/driving/__pycache__/__init__.cpython-312.pyc
/home/victo/C-ROS-Automodel_Car/AutoModelRasp_ws/src/driving/install/driving/lib/python3.12/site-packages/driving/__pycache__/detector_senales.cpython-312.pyc
/home/victo/C-ROS-Automodel_Car/AutoModelRasp_ws/src/driving/install/driving/lib/python3.12/site-packages/driving/__pycache__/drive_carril.cpython-312.pyc
/home/victo/C-ROS-Automodel_Car/AutoModelRasp_ws/src/driving/install/driving/lib/python3.12/site-packages/driving/__pycache__/detector_carril.cpython-312.pyc
/home/victo/C-ROS-Automodel_Car/AutoModelRasp_ws/src/driving/install/driving/share/ament_index/resource_index/packages/driving
/home/victo/C-ROS-Automodel_Car/AutoModelRasp_ws/src/driving/install/driving/share/driving/package.xml
/home/victo/C-ROS-Automodel_Car/AutoModelRasp_ws/src/driving/install/driving/lib/python3.12/site-packages/driving-0.0.0-py3.12.egg-info/dependency_links.txt
/home/victo/C-ROS-Automodel_Car/AutoModelRasp_ws/src/driving/install/driving/lib/python3.12/site-packages/driving-0.0.0-py3.12.egg-info/zip-safe
/home/victo/C-ROS-Automodel_Car/AutoModelRasp_ws/src/driving/install/driving/lib/python3.12/site-packages/driving-0.0.0-py3.12.egg-info/entry_points.txt
/home/victo/C-ROS-Automodel_Car/AutoModelRasp_ws/src/driving/install/driving/lib/python3.12/site-packages/driving-0.0.0-py3.12.egg-info/requires.txt
/home/victo/C-ROS-Automodel_Car/AutoModelRasp_ws/src/driving/install/driving/lib/python3.12/site-packages/driving-0.0.0-py3.12.egg-info/top_level.txt
/home/victo/C-ROS-Automodel_Car/AutoModelRasp_ws/src/driving/install/driving/lib/python3.12/site-packages/driving-0.0.0-py3.12.egg-info/PKG-INFO
/home/victo/C-ROS-Automodel_Car/AutoModelRasp_ws/src/driving/install/driving/lib/python3.12/site-packages/driving-0.0.0-py3.12.egg-info/SOURCES.txt
/home/victo/C-ROS-Automodel_Car/AutoModelRasp_ws/src/driving/install/driving/lib/driving/detector_carril
/home/victo/C-ROS-Automodel_Car/AutoModelRasp_ws/src/driving/install/driving/lib/driving/detector_senales
/home/victo/C-ROS-Automodel_Car/AutoModelRasp_ws/src/driving/install/driving/lib/driving/drive_carril
