[0.127s] Invoking command in '/home/alereyes/C-ROS-Automodel_Car/AutoModelRasp_ws/src/build/motor_msgs': CMAKE_PREFIX_PATH=${CMAKE_PREFIX_PATH}:/opt/ros/jazzy DEBUGINFOD_URLS=https://debuginfod.ubuntu.com /usr/bin/cmake /home/alereyes/C-ROS-Automodel_Car/AutoModelRasp_ws/src/motor_msg -DCMAKE_INSTALL_PREFIX=/home/alereyes/C-ROS-Automodel_Car/AutoModelRasp_ws/src/install/motor_msgs
[2.886s] -- The C compiler identification is GNU 13.3.0
[5.657s] -- The CXX compiler identification is GNU 13.3.0
[6.564s] -- Detecting C compiler ABI info
[7.039s] -- Detecting C compiler ABI info - done
[7.045s] -- Check for working C compiler: /usr/bin/cc - skipped
[7.072s] -- Detecting C compile features
[7.133s] -- Detecting C compile features - done
[7.259s] -- Detecting CXX compiler ABI info
[7.410s] -- Detecting CXX compiler ABI info - done
[7.417s] -- Check for working CXX compiler: /usr/bin/c++ - skipped
[7.417s] -- Detecting CXX compile features
[7.417s] -- Detecting CXX compile features - done
[8.170s] -- Found ament_cmake: 2.5.4 (/opt/ros/jazzy/share/ament_cmake/cmake)
[8.658s] -- Found Python3: /usr/bin/python3 (found version "3.12.3") found components: Interpreter 
[10.400s] -- Found std_msgs: 5.3.6 (/opt/ros/jazzy/share/std_msgs/cmake)
[11.911s] -- Found rosidl_generator_c: 4.6.6 (/opt/ros/jazzy/share/rosidl_generator_c/cmake)
[12.214s] -- Found rosidl_generator_cpp: 4.6.6 (/opt/ros/jazzy/share/rosidl_generator_cpp/cmake)
[12.520s] -- Using all available rosidl_typesupport_c: rosidl_typesupport_fastrtps_c;rosidl_typesupport_introspection_c
[12.763s] -- Using all available rosidl_typesupport_cpp: rosidl_typesupport_fastrtps_cpp;rosidl_typesupport_introspection_cpp
[13.342s] -- Found rosidl_default_generators: 1.6.0 (/opt/ros/jazzy/share/rosidl_default_generators/cmake)
[13.687s] -- Found rosidl_adapter: 4.6.6 (/opt/ros/jazzy/share/rosidl_adapter/cmake)
[14.733s] -- Found ament_cmake_ros: 0.12.0 (/opt/ros/jazzy/share/ament_cmake_ros/cmake)
[16.062s] -- Using all available rosidl_typesupport_c: rosidl_typesupport_fastrtps_c;rosidl_typesupport_introspection_c
[16.441s] -- Using all available rosidl_typesupport_cpp: rosidl_typesupport_fastrtps_cpp;rosidl_typesupport_introspection_cpp
[16.551s] -- Found python_cmake_module: 0.11.1 (/opt/ros/jazzy/share/python_cmake_module/cmake)
[16.676s] -- Found PythonExtra: /usr/bin/python3  
[17.139s] -- Found Python3: /usr/bin/python3 (found version "3.12.3") found components: Interpreter Development NumPy Development.Module Development.Embed 
[17.329s] -- Found ament_lint_auto: 0.17.3 (/opt/ros/jazzy/share/ament_lint_auto/cmake)
[18.179s] -- Added test 'lint_cmake' to check CMake code style
[18.267s] -- Added test 'xmllint' to check XML markup files
[18.403s] -- Configuring done (17.8s)
[18.463s] -- Generating done (0.0s)
[18.471s] -- Build files have been written to: /home/alereyes/C-ROS-Automodel_Car/AutoModelRasp_ws/src/build/motor_msgs
[18.514s] Invoked command in '/home/alereyes/C-ROS-Automodel_Car/AutoModelRasp_ws/src/build/motor_msgs' returned '0': CMAKE_PREFIX_PATH=${CMAKE_PREFIX_PATH}:/opt/ros/jazzy DEBUGINFOD_URLS=https://debuginfod.ubuntu.com /usr/bin/cmake /home/alereyes/C-ROS-Automodel_Car/AutoModelRasp_ws/src/motor_msg -DCMAKE_INSTALL_PREFIX=/home/alereyes/C-ROS-Automodel_Car/AutoModelRasp_ws/src/install/motor_msgs
[18.517s] Invoking command in '/home/alereyes/C-ROS-Automodel_Car/AutoModelRasp_ws/src/build/motor_msgs': CMAKE_PREFIX_PATH=${CMAKE_PREFIX_PATH}:/opt/ros/jazzy DEBUGINFOD_URLS=https://debuginfod.ubuntu.com /usr/bin/cmake --build /home/alereyes/C-ROS-Automodel_Car/AutoModelRasp_ws/src/build/motor_msgs -- -j12 -l12
[18.574s] [  2%] [34m[1mGenerating type hashes for ROS interfaces[0m
[18.583s] [  2%] Built target ament_cmake_python_copy_motor_msgs
[18.735s] running egg_info
[18.736s] creating motor_msgs.egg-info
[18.748s] writing motor_msgs.egg-info/PKG-INFO
[18.748s] writing dependency_links to motor_msgs.egg-info/dependency_links.txt
[18.748s] writing top-level names to motor_msgs.egg-info/top_level.txt
[18.748s] writing manifest file 'motor_msgs.egg-info/SOURCES.txt'
[18.786s] reading manifest file 'motor_msgs.egg-info/SOURCES.txt'
[18.786s] writing manifest file 'motor_msgs.egg-info/SOURCES.txt'
[18.801s] [  2%] Built target motor_msgs__rosidl_generator_type_description
[18.809s] [  4%] [34m[1mGenerating C code for ROS interfaces[0m
[18.810s] [  4%] Built target ament_cmake_python_build_motor_msgs_egg
[18.822s] [  6%] [34m[1mGenerating C++ code for ROS interfaces[0m
[19.323s] [  6%] Built target motor_msgs__cpp
[19.396s] [ 13%] [32mBuilding C object CMakeFiles/motor_msgs__rosidl_generator_c.dir/rosidl_generator_c/motor_msgs/msg/detail/encoder_data__functions.c.o[0m
[19.396s] [ 13%] [32mBuilding C object CMakeFiles/motor_msgs__rosidl_generator_c.dir/rosidl_generator_c/motor_msgs/msg/detail/motor_command__type_support.c.o[0m
[19.396s] [ 13%] [32mBuilding C object CMakeFiles/motor_msgs__rosidl_generator_c.dir/rosidl_generator_c/motor_msgs/msg/detail/encoder_data__description.c.o[0m
[19.396s] [ 15%] [32mBuilding C object CMakeFiles/motor_msgs__rosidl_generator_c.dir/rosidl_generator_c/motor_msgs/msg/detail/encoder_data__type_support.c.o[0m
[19.399s] [ 18%] [32mBuilding C object CMakeFiles/motor_msgs__rosidl_generator_c.dir/rosidl_generator_c/motor_msgs/msg/detail/motor_command__description.c.o[0m
[19.401s] [ 20%] [32mBuilding C object CMakeFiles/motor_msgs__rosidl_generator_c.dir/rosidl_generator_c/motor_msgs/msg/detail/motor_command__functions.c.o[0m
[20.334s] [ 22%] [32m[1mLinking C shared library libmotor_msgs__rosidl_generator_c.so[0m
[20.406s] [ 22%] Built target motor_msgs__rosidl_generator_c
[20.414s] [ 29%] [34m[1mGenerating C type support dispatch for ROS interfaces[0m
[20.414s] [ 29%] [34m[1mGenerating C introspection for ROS interfaces[0m
[20.414s] [ 29%] [34m[1mGenerating C++ type support for eProsima Fast-RTPS[0m
[20.415s] [ 31%] [34m[1mGenerating C type support for eProsima Fast-RTPS[0m
[20.416s] [ 34%] [34m[1mGenerating C++ type support dispatch for ROS interfaces[0m
[20.417s] [ 36%] [34m[1mGenerating C++ introspection for ROS interfaces[0m
[20.798s] [ 38%] [32mBuilding CXX object CMakeFiles/motor_msgs__rosidl_typesupport_c.dir/rosidl_typesupport_c/motor_msgs/msg/encoder_data__type_support.cpp.o[0m
[20.799s] [ 40%] [32mBuilding CXX object CMakeFiles/motor_msgs__rosidl_typesupport_c.dir/rosidl_typesupport_c/motor_msgs/msg/motor_command__type_support.cpp.o[0m
[20.825s] [ 43%] [32mBuilding CXX object CMakeFiles/motor_msgs__rosidl_typesupport_fastrtps_cpp.dir/rosidl_typesupport_fastrtps_cpp/motor_msgs/msg/detail/dds_fastrtps/motor_command__type_support.cpp.o[0m
[20.826s] [ 45%] [32mBuilding CXX object CMakeFiles/motor_msgs__rosidl_typesupport_fastrtps_cpp.dir/rosidl_typesupport_fastrtps_cpp/motor_msgs/msg/detail/dds_fastrtps/encoder_data__type_support.cpp.o[0m
[20.878s] [ 50%] [32mBuilding CXX object CMakeFiles/motor_msgs__rosidl_typesupport_introspection_cpp.dir/rosidl_typesupport_introspection_cpp/motor_msgs/msg/detail/motor_command__type_support.cpp.o[0m
[20.878s] [ 50%] [32mBuilding CXX object CMakeFiles/motor_msgs__rosidl_typesupport_introspection_cpp.dir/rosidl_typesupport_introspection_cpp/motor_msgs/msg/detail/encoder_data__type_support.cpp.o[0m
[20.932s] [ 52%] [32mBuilding CXX object CMakeFiles/motor_msgs__rosidl_typesupport_cpp.dir/rosidl_typesupport_cpp/motor_msgs/msg/encoder_data__type_support.cpp.o[0m
[20.932s] [ 54%] [32mBuilding CXX object CMakeFiles/motor_msgs__rosidl_typesupport_cpp.dir/rosidl_typesupport_cpp/motor_msgs/msg/motor_command__type_support.cpp.o[0m
[20.957s] [ 56%] [32mBuilding CXX object CMakeFiles/motor_msgs__rosidl_typesupport_fastrtps_c.dir/rosidl_typesupport_fastrtps_c/motor_msgs/msg/detail/encoder_data__type_support_c.cpp.o[0m
[20.958s] [ 59%] [32mBuilding CXX object CMakeFiles/motor_msgs__rosidl_typesupport_fastrtps_c.dir/rosidl_typesupport_fastrtps_c/motor_msgs/msg/detail/motor_command__type_support_c.cpp.o[0m
[21.000s] [ 61%] [32mBuilding C object CMakeFiles/motor_msgs__rosidl_typesupport_introspection_c.dir/rosidl_typesupport_introspection_c/motor_msgs/msg/detail/encoder_data__type_support.c.o[0m
[21.000s] [ 63%] [32mBuilding C object CMakeFiles/motor_msgs__rosidl_typesupport_introspection_c.dir/rosidl_typesupport_introspection_c/motor_msgs/msg/detail/motor_command__type_support.c.o[0m
[21.376s] [ 65%] [32m[1mLinking C shared library libmotor_msgs__rosidl_typesupport_introspection_c.so[0m
[21.587s] [ 65%] Built target motor_msgs__rosidl_typesupport_introspection_c
[21.602s] [ 68%] [32m[1mLinking CXX shared library libmotor_msgs__rosidl_typesupport_c.so[0m
[21.701s] [ 68%] Built target motor_msgs__rosidl_typesupport_c
[23.354s] [ 70%] [32m[1mLinking CXX shared library libmotor_msgs__rosidl_typesupport_introspection_cpp.so[0m
[23.395s] [ 70%] Built target motor_msgs__rosidl_typesupport_introspection_cpp
[23.407s] [ 72%] [32m[1mLinking CXX shared library libmotor_msgs__rosidl_typesupport_cpp.so[0m
[23.472s] [ 72%] Built target motor_msgs__rosidl_typesupport_cpp
[23.958s] [ 75%] [32m[1mLinking CXX shared library libmotor_msgs__rosidl_typesupport_fastrtps_cpp.so[0m
[23.961s] [ 77%] [32m[1mLinking CXX shared library libmotor_msgs__rosidl_typesupport_fastrtps_c.so[0m
[24.005s] [ 77%] Built target motor_msgs__rosidl_typesupport_fastrtps_cpp
[24.042s] [ 77%] Built target motor_msgs__rosidl_typesupport_fastrtps_c
[24.058s] [ 77%] Built target motor_msgs
[24.075s] [ 79%] [34m[1mGenerating Python code for ROS interfaces[0m
[24.386s] [ 79%] Built target motor_msgs__py
[24.401s] [ 84%] [32mBuilding C object CMakeFiles/motor_msgs__rosidl_generator_py.dir/rosidl_generator_py/motor_msgs/msg/_motor_command_s.c.o[0m
[24.401s] [ 84%] [32mBuilding C object CMakeFiles/motor_msgs__rosidl_generator_py.dir/rosidl_generator_py/motor_msgs/msg/_encoder_data_s.c.o[0m
[25.467s] [ 86%] [32m[1mLinking C shared library libmotor_msgs__rosidl_generator_py.so[0m
[25.521s] [ 86%] Built target motor_msgs__rosidl_generator_py
[25.538s] [ 88%] [32mBuilding C object CMakeFiles/motor_msgs_s__rosidl_typesupport_fastrtps_c.dir/rosidl_generator_py/motor_msgs/_motor_msgs_s.ep.rosidl_typesupport_fastrtps_c.c.o[0m
[25.539s] [ 90%] [32mBuilding C object CMakeFiles/motor_msgs_s__rosidl_typesupport_c.dir/rosidl_generator_py/motor_msgs/_motor_msgs_s.ep.rosidl_typesupport_c.c.o[0m
[25.540s] [ 93%] [32mBuilding C object CMakeFiles/motor_msgs_s__rosidl_typesupport_introspection_c.dir/rosidl_generator_py/motor_msgs/_motor_msgs_s.ep.rosidl_typesupport_introspection_c.c.o[0m
[25.607s] [ 95%] [32m[1mLinking C shared module rosidl_generator_py/motor_msgs/motor_msgs_s__rosidl_typesupport_c.so[0m
[25.607s] [ 97%] [32m[1mLinking C shared module rosidl_generator_py/motor_msgs/motor_msgs_s__rosidl_typesupport_introspection_c.so[0m
[25.612s] [100%] [32m[1mLinking C shared module rosidl_generator_py/motor_msgs/motor_msgs_s__rosidl_typesupport_fastrtps_c.so[0m
[25.628s] [100%] Built target motor_msgs_s__rosidl_typesupport_introspection_c
[25.631s] [100%] Built target motor_msgs_s__rosidl_typesupport_c
[25.639s] [100%] Built target motor_msgs_s__rosidl_typesupport_fastrtps_c
[25.648s] Invoked command in '/home/alereyes/C-ROS-Automodel_Car/AutoModelRasp_ws/src/build/motor_msgs' returned '0': CMAKE_PREFIX_PATH=${CMAKE_PREFIX_PATH}:/opt/ros/jazzy DEBUGINFOD_URLS=https://debuginfod.ubuntu.com /usr/bin/cmake --build /home/alereyes/C-ROS-Automodel_Car/AutoModelRasp_ws/src/build/motor_msgs -- -j12 -l12
[25.656s] Invoking command in '/home/alereyes/C-ROS-Automodel_Car/AutoModelRasp_ws/src/build/motor_msgs': CMAKE_PREFIX_PATH=${CMAKE_PREFIX_PATH}:/opt/ros/jazzy DEBUGINFOD_URLS=https://debuginfod.ubuntu.com /usr/bin/cmake --install /home/alereyes/C-ROS-Automodel_Car/AutoModelRasp_ws/src/build/motor_msgs
[25.664s] -- Install configuration: ""
[25.664s] -- Installing: /home/alereyes/C-ROS-Automodel_Car/AutoModelRasp_ws/src/install/motor_msgs/share/ament_index/resource_index/rosidl_interfaces/motor_msgs
[25.664s] -- Installing: /home/alereyes/C-ROS-Automodel_Car/AutoModelRasp_ws/src/install/motor_msgs/share/motor_msgs/msg/MotorCommand.json
[25.664s] -- Installing: /home/alereyes/C-ROS-Automodel_Car/AutoModelRasp_ws/src/install/motor_msgs/share/motor_msgs/msg/EncoderData.json
[25.664s] -- Installing: /home/alereyes/C-ROS-Automodel_Car/AutoModelRasp_ws/src/install/motor_msgs/include/motor_msgs/motor_msgs
[25.664s] -- Installing: /home/alereyes/C-ROS-Automodel_Car/AutoModelRasp_ws/src/install/motor_msgs/include/motor_msgs/motor_msgs/msg
[25.664s] -- Installing: /home/alereyes/C-ROS-Automodel_Car/AutoModelRasp_ws/src/install/motor_msgs/include/motor_msgs/motor_msgs/msg/detail
[25.664s] -- Installing: /home/alereyes/C-ROS-Automodel_Car/AutoModelRasp_ws/src/install/motor_msgs/include/motor_msgs/motor_msgs/msg/detail/motor_command__type_support.h
[25.664s] -- Installing: /home/alereyes/C-ROS-Automodel_Car/AutoModelRasp_ws/src/install/motor_msgs/include/motor_msgs/motor_msgs/msg/detail/motor_command__description.c
[25.664s] -- Installing: /home/alereyes/C-ROS-Automodel_Car/AutoModelRasp_ws/src/install/motor_msgs/include/motor_msgs/motor_msgs/msg/detail/encoder_data__functions.h
[25.664s] -- Installing: /home/alereyes/C-ROS-Automodel_Car/AutoModelRasp_ws/src/install/motor_msgs/include/motor_msgs/motor_msgs/msg/detail/motor_command__functions.h
[25.664s] -- Installing: /home/alereyes/C-ROS-Automodel_Car/AutoModelRasp_ws/src/install/motor_msgs/include/motor_msgs/motor_msgs/msg/detail/encoder_data__struct.h
[25.664s] -- Installing: /home/alereyes/C-ROS-Automodel_Car/AutoModelRasp_ws/src/install/motor_msgs/include/motor_msgs/motor_msgs/msg/detail/encoder_data__type_support.h
[25.664s] -- Installing: /home/alereyes/C-ROS-Automodel_Car/AutoModelRasp_ws/src/install/motor_msgs/include/motor_msgs/motor_msgs/msg/detail/motor_command__type_support.c
[25.664s] -- Installing: /home/alereyes/C-ROS-Automodel_Car/AutoModelRasp_ws/src/install/motor_msgs/include/motor_msgs/motor_msgs/msg/detail/motor_command__struct.h
[25.664s] -- Installing: /home/alereyes/C-ROS-Automodel_Car/AutoModelRasp_ws/src/install/motor_msgs/include/motor_msgs/motor_msgs/msg/detail/motor_command__functions.c
[25.664s] -- Installing: /home/alereyes/C-ROS-Automodel_Car/AutoModelRasp_ws/src/install/motor_msgs/include/motor_msgs/motor_msgs/msg/detail/encoder_data__description.c
[25.664s] -- Installing: /home/alereyes/C-ROS-Automodel_Car/AutoModelRasp_ws/src/install/motor_msgs/include/motor_msgs/motor_msgs/msg/detail/encoder_data__functions.c
[25.664s] -- Installing: /home/alereyes/C-ROS-Automodel_Car/AutoModelRasp_ws/src/install/motor_msgs/include/motor_msgs/motor_msgs/msg/detail/encoder_data__type_support.c
[25.665s] -- Installing: /home/alereyes/C-ROS-Automodel_Car/AutoModelRasp_ws/src/install/motor_msgs/include/motor_msgs/motor_msgs/msg/encoder_data.h
[25.665s] -- Installing: /home/alereyes/C-ROS-Automodel_Car/AutoModelRasp_ws/src/install/motor_msgs/include/motor_msgs/motor_msgs/msg/rosidl_generator_c__visibility_control.h
[25.665s] -- Installing: /home/alereyes/C-ROS-Automodel_Car/AutoModelRasp_ws/src/install/motor_msgs/include/motor_msgs/motor_msgs/msg/motor_command.h
[25.665s] -- Installing: /home/alereyes/C-ROS-Automodel_Car/AutoModelRasp_ws/src/install/motor_msgs/share/motor_msgs/environment/library_path.sh
[25.665s] -- Installing: /home/alereyes/C-ROS-Automodel_Car/AutoModelRasp_ws/src/install/motor_msgs/share/motor_msgs/environment/library_path.dsv
[25.665s] -- Installing: /home/alereyes/C-ROS-Automodel_Car/AutoModelRasp_ws/src/install/motor_msgs/lib/libmotor_msgs__rosidl_generator_c.so
[25.665s] -- Set non-toolchain portion of runtime path of "/home/alereyes/C-ROS-Automodel_Car/AutoModelRasp_ws/src/install/motor_msgs/lib/libmotor_msgs__rosidl_generator_c.so" to ""
[25.665s] -- Up-to-date: /home/alereyes/C-ROS-Automodel_Car/AutoModelRasp_ws/src/install/motor_msgs/include/motor_msgs/motor_msgs
[25.665s] -- Up-to-date: /home/alereyes/C-ROS-Automodel_Car/AutoModelRasp_ws/src/install/motor_msgs/include/motor_msgs/motor_msgs/msg
[25.665s] -- Installing: /home/alereyes/C-ROS-Automodel_Car/AutoModelRasp_ws/src/install/motor_msgs/include/motor_msgs/motor_msgs/msg/rosidl_typesupport_fastrtps_c__visibility_control.h
[25.665s] -- Up-to-date: /home/alereyes/C-ROS-Automodel_Car/AutoModelRasp_ws/src/install/motor_msgs/include/motor_msgs/motor_msgs/msg/detail
[25.665s] -- Installing: /home/alereyes/C-ROS-Automodel_Car/AutoModelRasp_ws/src/install/motor_msgs/include/motor_msgs/motor_msgs/msg/detail/motor_command__rosidl_typesupport_fastrtps_c.h
[25.665s] -- Installing: /home/alereyes/C-ROS-Automodel_Car/AutoModelRasp_ws/src/install/motor_msgs/include/motor_msgs/motor_msgs/msg/detail/encoder_data__rosidl_typesupport_fastrtps_c.h
[25.665s] -- Installing: /home/alereyes/C-ROS-Automodel_Car/AutoModelRasp_ws/src/install/motor_msgs/lib/libmotor_msgs__rosidl_typesupport_fastrtps_c.so
[25.665s] -- Set non-toolchain portion of runtime path of "/home/alereyes/C-ROS-Automodel_Car/AutoModelRasp_ws/src/install/motor_msgs/lib/libmotor_msgs__rosidl_typesupport_fastrtps_c.so" to ""
[25.665s] -- Up-to-date: /home/alereyes/C-ROS-Automodel_Car/AutoModelRasp_ws/src/install/motor_msgs/include/motor_msgs/motor_msgs
[25.665s] -- Up-to-date: /home/alereyes/C-ROS-Automodel_Car/AutoModelRasp_ws/src/install/motor_msgs/include/motor_msgs/motor_msgs/msg
[25.665s] -- Installing: /home/alereyes/C-ROS-Automodel_Car/AutoModelRasp_ws/src/install/motor_msgs/include/motor_msgs/motor_msgs/msg/motor_command.hpp
[25.665s] -- Installing: /home/alereyes/C-ROS-Automodel_Car/AutoModelRasp_ws/src/install/motor_msgs/include/motor_msgs/motor_msgs/msg/rosidl_generator_cpp__visibility_control.hpp
[25.665s] -- Up-to-date: /home/alereyes/C-ROS-Automodel_Car/AutoModelRasp_ws/src/install/motor_msgs/include/motor_msgs/motor_msgs/msg/detail
[25.665s] -- Installing: /home/alereyes/C-ROS-Automodel_Car/AutoModelRasp_ws/src/install/motor_msgs/include/motor_msgs/motor_msgs/msg/detail/encoder_data__builder.hpp
[25.666s] -- Installing: /home/alereyes/C-ROS-Automodel_Car/AutoModelRasp_ws/src/install/motor_msgs/include/motor_msgs/motor_msgs/msg/detail/encoder_data__type_support.hpp
[25.666s] -- Installing: /home/alereyes/C-ROS-Automodel_Car/AutoModelRasp_ws/src/install/motor_msgs/include/motor_msgs/motor_msgs/msg/detail/motor_command__builder.hpp
[25.666s] -- Installing: /home/alereyes/C-ROS-Automodel_Car/AutoModelRasp_ws/src/install/motor_msgs/include/motor_msgs/motor_msgs/msg/detail/motor_command__traits.hpp
[25.666s] -- Installing: /home/alereyes/C-ROS-Automodel_Car/AutoModelRasp_ws/src/install/motor_msgs/include/motor_msgs/motor_msgs/msg/detail/encoder_data__traits.hpp
[25.666s] -- Installing: /home/alereyes/C-ROS-Automodel_Car/AutoModelRasp_ws/src/install/motor_msgs/include/motor_msgs/motor_msgs/msg/detail/motor_command__struct.hpp
[25.666s] -- Installing: /home/alereyes/C-ROS-Automodel_Car/AutoModelRasp_ws/src/install/motor_msgs/include/motor_msgs/motor_msgs/msg/detail/motor_command__type_support.hpp
[25.666s] -- Installing: /home/alereyes/C-ROS-Automodel_Car/AutoModelRasp_ws/src/install/motor_msgs/include/motor_msgs/motor_msgs/msg/detail/encoder_data__struct.hpp
[25.666s] -- Installing: /home/alereyes/C-ROS-Automodel_Car/AutoModelRasp_ws/src/install/motor_msgs/include/motor_msgs/motor_msgs/msg/encoder_data.hpp
[25.666s] -- Up-to-date: /home/alereyes/C-ROS-Automodel_Car/AutoModelRasp_ws/src/install/motor_msgs/include/motor_msgs/motor_msgs
[25.666s] -- Up-to-date: /home/alereyes/C-ROS-Automodel_Car/AutoModelRasp_ws/src/install/motor_msgs/include/motor_msgs/motor_msgs/msg
[25.666s] -- Up-to-date: /home/alereyes/C-ROS-Automodel_Car/AutoModelRasp_ws/src/install/motor_msgs/include/motor_msgs/motor_msgs/msg/detail
[25.666s] -- Installing: /home/alereyes/C-ROS-Automodel_Car/AutoModelRasp_ws/src/install/motor_msgs/include/motor_msgs/motor_msgs/msg/detail/encoder_data__rosidl_typesupport_fastrtps_cpp.hpp
[25.666s] -- Installing: /home/alereyes/C-ROS-Automodel_Car/AutoModelRasp_ws/src/install/motor_msgs/include/motor_msgs/motor_msgs/msg/detail/motor_command__rosidl_typesupport_fastrtps_cpp.hpp
[25.666s] -- Installing: /home/alereyes/C-ROS-Automodel_Car/AutoModelRasp_ws/src/install/motor_msgs/include/motor_msgs/motor_msgs/msg/detail/dds_fastrtps
[25.666s] -- Installing: /home/alereyes/C-ROS-Automodel_Car/AutoModelRasp_ws/src/install/motor_msgs/include/motor_msgs/motor_msgs/msg/rosidl_typesupport_fastrtps_cpp__visibility_control.h
[25.666s] -- Installing: /home/alereyes/C-ROS-Automodel_Car/AutoModelRasp_ws/src/install/motor_msgs/lib/libmotor_msgs__rosidl_typesupport_fastrtps_cpp.so
[25.666s] -- Set non-toolchain portion of runtime path of "/home/alereyes/C-ROS-Automodel_Car/AutoModelRasp_ws/src/install/motor_msgs/lib/libmotor_msgs__rosidl_typesupport_fastrtps_cpp.so" to ""
[25.666s] -- Up-to-date: /home/alereyes/C-ROS-Automodel_Car/AutoModelRasp_ws/src/install/motor_msgs/include/motor_msgs/motor_msgs
[25.666s] -- Up-to-date: /home/alereyes/C-ROS-Automodel_Car/AutoModelRasp_ws/src/install/motor_msgs/include/motor_msgs/motor_msgs/msg
[25.666s] -- Installing: /home/alereyes/C-ROS-Automodel_Car/AutoModelRasp_ws/src/install/motor_msgs/include/motor_msgs/motor_msgs/msg/rosidl_typesupport_introspection_c__visibility_control.h
[25.666s] -- Up-to-date: /home/alereyes/C-ROS-Automodel_Car/AutoModelRasp_ws/src/install/motor_msgs/include/motor_msgs/motor_msgs/msg/detail
[25.666s] -- Installing: /home/alereyes/C-ROS-Automodel_Car/AutoModelRasp_ws/src/install/motor_msgs/include/motor_msgs/motor_msgs/msg/detail/motor_command__type_support.c
[25.666s] -- Installing: /home/alereyes/C-ROS-Automodel_Car/AutoModelRasp_ws/src/install/motor_msgs/include/motor_msgs/motor_msgs/msg/detail/encoder_data__rosidl_typesupport_introspection_c.h
[25.667s] -- Installing: /home/alereyes/C-ROS-Automodel_Car/AutoModelRasp_ws/src/install/motor_msgs/include/motor_msgs/motor_msgs/msg/detail/motor_command__rosidl_typesupport_introspection_c.h
[25.667s] -- Installing: /home/alereyes/C-ROS-Automodel_Car/AutoModelRasp_ws/src/install/motor_msgs/include/motor_msgs/motor_msgs/msg/detail/encoder_data__type_support.c
[25.667s] -- Installing: /home/alereyes/C-ROS-Automodel_Car/AutoModelRasp_ws/src/install/motor_msgs/lib/libmotor_msgs__rosidl_typesupport_introspection_c.so
[25.667s] -- Set non-toolchain portion of runtime path of "/home/alereyes/C-ROS-Automodel_Car/AutoModelRasp_ws/src/install/motor_msgs/lib/libmotor_msgs__rosidl_typesupport_introspection_c.so" to ""
[25.667s] -- Installing: /home/alereyes/C-ROS-Automodel_Car/AutoModelRasp_ws/src/install/motor_msgs/lib/libmotor_msgs__rosidl_typesupport_c.so
[25.667s] -- Set non-toolchain portion of runtime path of "/home/alereyes/C-ROS-Automodel_Car/AutoModelRasp_ws/src/install/motor_msgs/lib/libmotor_msgs__rosidl_typesupport_c.so" to ""
[25.667s] -- Up-to-date: /home/alereyes/C-ROS-Automodel_Car/AutoModelRasp_ws/src/install/motor_msgs/include/motor_msgs/motor_msgs
[25.667s] -- Up-to-date: /home/alereyes/C-ROS-Automodel_Car/AutoModelRasp_ws/src/install/motor_msgs/include/motor_msgs/motor_msgs/msg
[25.667s] -- Up-to-date: /home/alereyes/C-ROS-Automodel_Car/AutoModelRasp_ws/src/install/motor_msgs/include/motor_msgs/motor_msgs/msg/detail
[25.667s] -- Installing: /home/alereyes/C-ROS-Automodel_Car/AutoModelRasp_ws/src/install/motor_msgs/include/motor_msgs/motor_msgs/msg/detail/encoder_data__rosidl_typesupport_introspection_cpp.hpp
[25.667s] -- Installing: /home/alereyes/C-ROS-Automodel_Car/AutoModelRasp_ws/src/install/motor_msgs/include/motor_msgs/motor_msgs/msg/detail/encoder_data__type_support.cpp
[25.668s] -- Installing: /home/alereyes/C-ROS-Automodel_Car/AutoModelRasp_ws/src/install/motor_msgs/include/motor_msgs/motor_msgs/msg/detail/motor_command__type_support.cpp
[25.668s] -- Installing: /home/alereyes/C-ROS-Automodel_Car/AutoModelRasp_ws/src/install/motor_msgs/include/motor_msgs/motor_msgs/msg/detail/motor_command__rosidl_typesupport_introspection_cpp.hpp
[25.668s] -- Installing: /home/alereyes/C-ROS-Automodel_Car/AutoModelRasp_ws/src/install/motor_msgs/lib/libmotor_msgs__rosidl_typesupport_introspection_cpp.so
[25.668s] -- Set non-toolchain portion of runtime path of "/home/alereyes/C-ROS-Automodel_Car/AutoModelRasp_ws/src/install/motor_msgs/lib/libmotor_msgs__rosidl_typesupport_introspection_cpp.so" to ""
[25.668s] -- Installing: /home/alereyes/C-ROS-Automodel_Car/AutoModelRasp_ws/src/install/motor_msgs/lib/libmotor_msgs__rosidl_typesupport_cpp.so
[25.668s] -- Set non-toolchain portion of runtime path of "/home/alereyes/C-ROS-Automodel_Car/AutoModelRasp_ws/src/install/motor_msgs/lib/libmotor_msgs__rosidl_typesupport_cpp.so" to ""
[25.668s] -- Installing: /home/alereyes/C-ROS-Automodel_Car/AutoModelRasp_ws/src/install/motor_msgs/share/motor_msgs/environment/pythonpath.sh
[25.668s] -- Installing: /home/alereyes/C-ROS-Automodel_Car/AutoModelRasp_ws/src/install/motor_msgs/share/motor_msgs/environment/pythonpath.dsv
[25.668s] -- Installing: /home/alereyes/C-ROS-Automodel_Car/AutoModelRasp_ws/src/install/motor_msgs/lib/python3.12/site-packages/motor_msgs-0.0.0-py3.12.egg-info
[25.668s] -- Installing: /home/alereyes/C-ROS-Automodel_Car/AutoModelRasp_ws/src/install/motor_msgs/lib/python3.12/site-packages/motor_msgs-0.0.0-py3.12.egg-info/SOURCES.txt
[25.669s] -- Installing: /home/alereyes/C-ROS-Automodel_Car/AutoModelRasp_ws/src/install/motor_msgs/lib/python3.12/site-packages/motor_msgs-0.0.0-py3.12.egg-info/dependency_links.txt
[25.669s] -- Installing: /home/alereyes/C-ROS-Automodel_Car/AutoModelRasp_ws/src/install/motor_msgs/lib/python3.12/site-packages/motor_msgs-0.0.0-py3.12.egg-info/PKG-INFO
[25.669s] -- Installing: /home/alereyes/C-ROS-Automodel_Car/AutoModelRasp_ws/src/install/motor_msgs/lib/python3.12/site-packages/motor_msgs-0.0.0-py3.12.egg-info/top_level.txt
[25.669s] -- Installing: /home/alereyes/C-ROS-Automodel_Car/AutoModelRasp_ws/src/install/motor_msgs/lib/python3.12/site-packages/motor_msgs
[25.669s] -- Installing: /home/alereyes/C-ROS-Automodel_Car/AutoModelRasp_ws/src/install/motor_msgs/lib/python3.12/site-packages/motor_msgs/_motor_msgs_s.ep.rosidl_typesupport_c.c
[25.669s] -- Installing: /home/alereyes/C-ROS-Automodel_Car/AutoModelRasp_ws/src/install/motor_msgs/lib/python3.12/site-packages/motor_msgs/_motor_msgs_s.ep.rosidl_typesupport_fastrtps_c.c
[25.669s] -- Installing: /home/alereyes/C-ROS-Automodel_Car/AutoModelRasp_ws/src/install/motor_msgs/lib/python3.12/site-packages/motor_msgs/motor_msgs_s__rosidl_typesupport_introspection_c.so
[25.669s] -- Installing: /home/alereyes/C-ROS-Automodel_Car/AutoModelRasp_ws/src/install/motor_msgs/lib/python3.12/site-packages/motor_msgs/_motor_msgs_s.ep.rosidl_typesupport_introspection_c.c
[25.669s] -- Installing: /home/alereyes/C-ROS-Automodel_Car/AutoModelRasp_ws/src/install/motor_msgs/lib/python3.12/site-packages/motor_msgs/msg
[25.669s] -- Installing: /home/alereyes/C-ROS-Automodel_Car/AutoModelRasp_ws/src/install/motor_msgs/lib/python3.12/site-packages/motor_msgs/msg/_encoder_data.py
[25.669s] -- Installing: /home/alereyes/C-ROS-Automodel_Car/AutoModelRasp_ws/src/install/motor_msgs/lib/python3.12/site-packages/motor_msgs/msg/_motor_command_s.c
[25.669s] -- Installing: /home/alereyes/C-ROS-Automodel_Car/AutoModelRasp_ws/src/install/motor_msgs/lib/python3.12/site-packages/motor_msgs/msg/_motor_command.py
[25.669s] -- Installing: /home/alereyes/C-ROS-Automodel_Car/AutoModelRasp_ws/src/install/motor_msgs/lib/python3.12/site-packages/motor_msgs/msg/_encoder_data_s.c
[25.670s] -- Installing: /home/alereyes/C-ROS-Automodel_Car/AutoModelRasp_ws/src/install/motor_msgs/lib/python3.12/site-packages/motor_msgs/msg/__init__.py
[25.670s] -- Installing: /home/alereyes/C-ROS-Automodel_Car/AutoModelRasp_ws/src/install/motor_msgs/lib/python3.12/site-packages/motor_msgs/motor_msgs_s__rosidl_typesupport_c.so
[25.670s] -- Installing: /home/alereyes/C-ROS-Automodel_Car/AutoModelRasp_ws/src/install/motor_msgs/lib/python3.12/site-packages/motor_msgs/motor_msgs_s__rosidl_typesupport_fastrtps_c.so
[25.670s] -- Installing: /home/alereyes/C-ROS-Automodel_Car/AutoModelRasp_ws/src/install/motor_msgs/lib/python3.12/site-packages/motor_msgs/__init__.py
[25.789s] Listing '/home/alereyes/C-ROS-Automodel_Car/AutoModelRasp_ws/src/install/motor_msgs/lib/python3.12/site-packages/motor_msgs'...
[25.789s] Compiling '/home/alereyes/C-ROS-Automodel_Car/AutoModelRasp_ws/src/install/motor_msgs/lib/python3.12/site-packages/motor_msgs/__init__.py'...
[25.789s] Listing '/home/alereyes/C-ROS-Automodel_Car/AutoModelRasp_ws/src/install/motor_msgs/lib/python3.12/site-packages/motor_msgs/msg'...
[25.790s] Compiling '/home/alereyes/C-ROS-Automodel_Car/AutoModelRasp_ws/src/install/motor_msgs/lib/python3.12/site-packages/motor_msgs/msg/__init__.py'...
[25.790s] Compiling '/home/alereyes/C-ROS-Automodel_Car/AutoModelRasp_ws/src/install/motor_msgs/lib/python3.12/site-packages/motor_msgs/msg/_encoder_data.py'...
[25.790s] Compiling '/home/alereyes/C-ROS-Automodel_Car/AutoModelRasp_ws/src/install/motor_msgs/lib/python3.12/site-packages/motor_msgs/msg/_motor_command.py'...
[25.793s] -- Installing: /home/alereyes/C-ROS-Automodel_Car/AutoModelRasp_ws/src/install/motor_msgs/lib/python3.12/site-packages/motor_msgs/motor_msgs_s__rosidl_typesupport_fastrtps_c.so
[25.794s] -- Set non-toolchain portion of runtime path of "/home/alereyes/C-ROS-Automodel_Car/AutoModelRasp_ws/src/install/motor_msgs/lib/python3.12/site-packages/motor_msgs/motor_msgs_s__rosidl_typesupport_fastrtps_c.so" to ""
[25.794s] -- Installing: /home/alereyes/C-ROS-Automodel_Car/AutoModelRasp_ws/src/install/motor_msgs/lib/python3.12/site-packages/motor_msgs/motor_msgs_s__rosidl_typesupport_introspection_c.so
[25.794s] -- Set non-toolchain portion of runtime path of "/home/alereyes/C-ROS-Automodel_Car/AutoModelRasp_ws/src/install/motor_msgs/lib/python3.12/site-packages/motor_msgs/motor_msgs_s__rosidl_typesupport_introspection_c.so" to ""
[25.794s] -- Installing: /home/alereyes/C-ROS-Automodel_Car/AutoModelRasp_ws/src/install/motor_msgs/lib/python3.12/site-packages/motor_msgs/motor_msgs_s__rosidl_typesupport_c.so
[25.794s] -- Set non-toolchain portion of runtime path of "/home/alereyes/C-ROS-Automodel_Car/AutoModelRasp_ws/src/install/motor_msgs/lib/python3.12/site-packages/motor_msgs/motor_msgs_s__rosidl_typesupport_c.so" to ""
[25.794s] -- Installing: /home/alereyes/C-ROS-Automodel_Car/AutoModelRasp_ws/src/install/motor_msgs/lib/libmotor_msgs__rosidl_generator_py.so
[25.794s] -- Set non-toolchain portion of runtime path of "/home/alereyes/C-ROS-Automodel_Car/AutoModelRasp_ws/src/install/motor_msgs/lib/libmotor_msgs__rosidl_generator_py.so" to ""
[25.794s] -- Installing: /home/alereyes/C-ROS-Automodel_Car/AutoModelRasp_ws/src/install/motor_msgs/share/motor_msgs/msg/MotorCommand.idl
[25.794s] -- Installing: /home/alereyes/C-ROS-Automodel_Car/AutoModelRasp_ws/src/install/motor_msgs/share/motor_msgs/msg/EncoderData.idl
[25.794s] -- Installing: /home/alereyes/C-ROS-Automodel_Car/AutoModelRasp_ws/src/install/motor_msgs/share/motor_msgs/msg/MotorCommand.msg
[25.794s] -- Installing: /home/alereyes/C-ROS-Automodel_Car/AutoModelRasp_ws/src/install/motor_msgs/share/motor_msgs/msg/EncoderData.msg
[25.795s] -- Installing: /home/alereyes/C-ROS-Automodel_Car/AutoModelRasp_ws/src/install/motor_msgs/share/ament_index/resource_index/package_run_dependencies/motor_msgs
[25.795s] -- Installing: /home/alereyes/C-ROS-Automodel_Car/AutoModelRasp_ws/src/install/motor_msgs/share/ament_index/resource_index/parent_prefix_path/motor_msgs
[25.795s] -- Installing: /home/alereyes/C-ROS-Automodel_Car/AutoModelRasp_ws/src/install/motor_msgs/share/motor_msgs/environment/ament_prefix_path.sh
[25.795s] -- Installing: /home/alereyes/C-ROS-Automodel_Car/AutoModelRasp_ws/src/install/motor_msgs/share/motor_msgs/environment/ament_prefix_path.dsv
[25.795s] -- Installing: /home/alereyes/C-ROS-Automodel_Car/AutoModelRasp_ws/src/install/motor_msgs/share/motor_msgs/environment/path.sh
[25.795s] -- Installing: /home/alereyes/C-ROS-Automodel_Car/AutoModelRasp_ws/src/install/motor_msgs/share/motor_msgs/environment/path.dsv
[25.795s] -- Installing: /home/alereyes/C-ROS-Automodel_Car/AutoModelRasp_ws/src/install/motor_msgs/share/motor_msgs/local_setup.bash
[25.795s] -- Installing: /home/alereyes/C-ROS-Automodel_Car/AutoModelRasp_ws/src/install/motor_msgs/share/motor_msgs/local_setup.sh
[25.795s] -- Installing: /home/alereyes/C-ROS-Automodel_Car/AutoModelRasp_ws/src/install/motor_msgs/share/motor_msgs/local_setup.zsh
[25.795s] -- Installing: /home/alereyes/C-ROS-Automodel_Car/AutoModelRasp_ws/src/install/motor_msgs/share/motor_msgs/local_setup.dsv
[25.795s] -- Installing: /home/alereyes/C-ROS-Automodel_Car/AutoModelRasp_ws/src/install/motor_msgs/share/motor_msgs/package.dsv
[25.795s] -- Installing: /home/alereyes/C-ROS-Automodel_Car/AutoModelRasp_ws/src/install/motor_msgs/share/ament_index/resource_index/packages/motor_msgs
[25.795s] -- Installing: /home/alereyes/C-ROS-Automodel_Car/AutoModelRasp_ws/src/install/motor_msgs/share/motor_msgs/cmake/export_motor_msgs__rosidl_generator_cExport.cmake
[25.795s] -- Installing: /home/alereyes/C-ROS-Automodel_Car/AutoModelRasp_ws/src/install/motor_msgs/share/motor_msgs/cmake/export_motor_msgs__rosidl_generator_cExport-noconfig.cmake
[25.795s] -- Installing: /home/alereyes/C-ROS-Automodel_Car/AutoModelRasp_ws/src/install/motor_msgs/share/motor_msgs/cmake/export_motor_msgs__rosidl_typesupport_fastrtps_cExport.cmake
[25.795s] -- Installing: /home/alereyes/C-ROS-Automodel_Car/AutoModelRasp_ws/src/install/motor_msgs/share/motor_msgs/cmake/export_motor_msgs__rosidl_typesupport_fastrtps_cExport-noconfig.cmake
[25.795s] -- Installing: /home/alereyes/C-ROS-Automodel_Car/AutoModelRasp_ws/src/install/motor_msgs/share/motor_msgs/cmake/export_motor_msgs__rosidl_generator_cppExport.cmake
[25.795s] -- Installing: /home/alereyes/C-ROS-Automodel_Car/AutoModelRasp_ws/src/install/motor_msgs/share/motor_msgs/cmake/export_motor_msgs__rosidl_typesupport_fastrtps_cppExport.cmake
[25.796s] -- Installing: /home/alereyes/C-ROS-Automodel_Car/AutoModelRasp_ws/src/install/motor_msgs/share/motor_msgs/cmake/export_motor_msgs__rosidl_typesupport_fastrtps_cppExport-noconfig.cmake
[25.796s] -- Installing: /home/alereyes/C-ROS-Automodel_Car/AutoModelRasp_ws/src/install/motor_msgs/share/motor_msgs/cmake/motor_msgs__rosidl_typesupport_introspection_cExport.cmake
[25.796s] -- Installing: /home/alereyes/C-ROS-Automodel_Car/AutoModelRasp_ws/src/install/motor_msgs/share/motor_msgs/cmake/motor_msgs__rosidl_typesupport_introspection_cExport-noconfig.cmake
[25.796s] -- Installing: /home/alereyes/C-ROS-Automodel_Car/AutoModelRasp_ws/src/install/motor_msgs/share/motor_msgs/cmake/motor_msgs__rosidl_typesupport_cExport.cmake
[25.796s] -- Installing: /home/alereyes/C-ROS-Automodel_Car/AutoModelRasp_ws/src/install/motor_msgs/share/motor_msgs/cmake/motor_msgs__rosidl_typesupport_cExport-noconfig.cmake
[25.796s] -- Installing: /home/alereyes/C-ROS-Automodel_Car/AutoModelRasp_ws/src/install/motor_msgs/share/motor_msgs/cmake/motor_msgs__rosidl_typesupport_introspection_cppExport.cmake
[25.796s] -- Installing: /home/alereyes/C-ROS-Automodel_Car/AutoModelRasp_ws/src/install/motor_msgs/share/motor_msgs/cmake/motor_msgs__rosidl_typesupport_introspection_cppExport-noconfig.cmake
[25.796s] -- Installing: /home/alereyes/C-ROS-Automodel_Car/AutoModelRasp_ws/src/install/motor_msgs/share/motor_msgs/cmake/motor_msgs__rosidl_typesupport_cppExport.cmake
[25.796s] -- Installing: /home/alereyes/C-ROS-Automodel_Car/AutoModelRasp_ws/src/install/motor_msgs/share/motor_msgs/cmake/motor_msgs__rosidl_typesupport_cppExport-noconfig.cmake
[25.796s] -- Installing: /home/alereyes/C-ROS-Automodel_Car/AutoModelRasp_ws/src/install/motor_msgs/share/motor_msgs/cmake/export_motor_msgs__rosidl_generator_pyExport.cmake
[25.796s] -- Installing: /home/alereyes/C-ROS-Automodel_Car/AutoModelRasp_ws/src/install/motor_msgs/share/motor_msgs/cmake/export_motor_msgs__rosidl_generator_pyExport-noconfig.cmake
[25.796s] -- Installing: /home/alereyes/C-ROS-Automodel_Car/AutoModelRasp_ws/src/install/motor_msgs/share/motor_msgs/cmake/rosidl_cmake-extras.cmake
[25.796s] -- Installing: /home/alereyes/C-ROS-Automodel_Car/AutoModelRasp_ws/src/install/motor_msgs/share/motor_msgs/cmake/ament_cmake_export_dependencies-extras.cmake
[25.796s] -- Installing: /home/alereyes/C-ROS-Automodel_Car/AutoModelRasp_ws/src/install/motor_msgs/share/motor_msgs/cmake/ament_cmake_export_include_directories-extras.cmake
[25.796s] -- Installing: /home/alereyes/C-ROS-Automodel_Car/AutoModelRasp_ws/src/install/motor_msgs/share/motor_msgs/cmake/ament_cmake_export_libraries-extras.cmake
[25.796s] -- Installing: /home/alereyes/C-ROS-Automodel_Car/AutoModelRasp_ws/src/install/motor_msgs/share/motor_msgs/cmake/ament_cmake_export_targets-extras.cmake
[25.796s] -- Installing: /home/alereyes/C-ROS-Automodel_Car/AutoModelRasp_ws/src/install/motor_msgs/share/motor_msgs/cmake/rosidl_cmake_export_typesupport_targets-extras.cmake
[25.796s] -- Installing: /home/alereyes/C-ROS-Automodel_Car/AutoModelRasp_ws/src/install/motor_msgs/share/motor_msgs/cmake/rosidl_cmake_export_typesupport_libraries-extras.cmake
[25.796s] -- Installing: /home/alereyes/C-ROS-Automodel_Car/AutoModelRasp_ws/src/install/motor_msgs/share/motor_msgs/cmake/motor_msgsConfig.cmake
[25.796s] -- Installing: /home/alereyes/C-ROS-Automodel_Car/AutoModelRasp_ws/src/install/motor_msgs/share/motor_msgs/cmake/motor_msgsConfig-version.cmake
[25.796s] -- Installing: /home/alereyes/C-ROS-Automodel_Car/AutoModelRasp_ws/src/install/motor_msgs/share/motor_msgs/package.xml
[25.798s] Invoked command in '/home/alereyes/C-ROS-Automodel_Car/AutoModelRasp_ws/src/build/motor_msgs' returned '0': CMAKE_PREFIX_PATH=${CMAKE_PREFIX_PATH}:/opt/ros/jazzy DEBUGINFOD_URLS=https://debuginfod.ubuntu.com /usr/bin/cmake --install /home/alereyes/C-ROS-Automodel_Car/AutoModelRasp_ws/src/build/motor_msgs
