[0.237s] DEBUG:colcon:Command line arguments: ['/usr/bin/colcon', 'build']
[0.237s] DEBUG:colcon:Parsed command line arguments: Namespace(log_base=None, log_level=None, verb_name='build', build_base='build', install_base='install', merge_install=False, symlink_install=False, test_result_base=None, continue_on_error=False, executor='parallel', parallel_workers=12, event_handlers=None, ignore_user_meta=False, metas=['./colcon.meta'], base_paths=['.'], packages_ignore=None, packages_ignore_regex=None, paths=None, packages_up_to=None, packages_up_to_regex=None, packages_above=None, packages_above_and_dependencies=None, packages_above_depth=None, packages_select_by_dep=None, packages_skip_by_dep=None, packages_skip_up_to=None, packages_select_build_failed=False, packages_skip_build_finished=False, packages_select_test_failures=False, packages_skip_test_passed=False, packages_select=None, packages_skip=None, packages_select_regex=None, packages_skip_regex=None, packages_start=None, packages_end=None, allow_overriding=[], cmake_args=None, cmake_target=None, cmake_target_skip_unavailable=False, cmake_clean_cache=False, cmake_clean_first=False, cmake_force_configure=False, ament_cmake_args=None, catkin_cmake_args=None, catkin_skip_building_tests=False, mixin_files=None, mixin=None, verb_parser=<colcon_mixin.mixin.mixin_argument.MixinArgumentDecorator object at 0x7aee72551e80>, verb_extension=<colcon_core.verb.build.BuildVerb object at 0x7aee724d6570>, main=<bound method BuildVerb.main of <colcon_core.verb.build.BuildVerb object at 0x7aee724d6570>>, mixin_verb=('build',))
[0.540s] Level 1:colcon.colcon_core.package_discovery:discover_packages(colcon_meta) check parameters
[0.541s] Level 1:colcon.colcon_core.package_discovery:discover_packages(recursive) check parameters
[0.541s] Level 1:colcon.colcon_core.package_discovery:discover_packages(ignore) check parameters
[0.541s] Level 1:colcon.colcon_core.package_discovery:discover_packages(path) check parameters
[0.541s] Level 1:colcon.colcon_core.package_discovery:discover_packages(colcon_meta) discover
[0.541s] Level 1:colcon.colcon_core.package_discovery:discover_packages(recursive) discover
[0.541s] INFO:colcon.colcon_core.package_discovery:Crawling recursively for packages in '/home/alereyes/C-ROS-Automodel_Car/AutoModelRasp_ws/src'
[0.542s] Level 1:colcon.colcon_core.package_identification:_identify(.) by extensions ['ignore', 'ignore_ament_install']
[0.542s] Level 1:colcon.colcon_core.package_identification:_identify(.) by extension 'ignore'
[0.542s] Level 1:colcon.colcon_core.package_identification:_identify(.) by extension 'ignore_ament_install'
[0.542s] Level 1:colcon.colcon_core.package_identification:_identify(.) by extensions ['colcon_pkg']
[0.542s] Level 1:colcon.colcon_core.package_identification:_identify(.) by extension 'colcon_pkg'
[0.542s] Level 1:colcon.colcon_core.package_identification:_identify(.) by extensions ['colcon_meta']
[0.542s] Level 1:colcon.colcon_core.package_identification:_identify(.) by extension 'colcon_meta'
[0.543s] Level 1:colcon.colcon_core.package_identification:_identify(.) by extensions ['ros']
[0.543s] Level 1:colcon.colcon_core.package_identification:_identify(.) by extension 'ros'
[0.621s] Level 1:colcon.colcon_core.package_identification:_identify(.) by extensions ['cmake', 'python']
[0.621s] Level 1:colcon.colcon_core.package_identification:_identify(.) by extension 'cmake'
[0.621s] Level 1:colcon.colcon_core.package_identification:_identify(.) by extension 'python'
[0.621s] Level 1:colcon.colcon_core.package_identification:_identify(.) by extensions ['python_setup_py']
[0.621s] Level 1:colcon.colcon_core.package_identification:_identify(.) by extension 'python_setup_py'
[0.621s] Level 1:colcon.colcon_core.package_identification:_identify(ascamera) by extensions ['ignore', 'ignore_ament_install']
[0.621s] Level 1:colcon.colcon_core.package_identification:_identify(ascamera) by extension 'ignore'
[0.621s] Level 1:colcon.colcon_core.package_identification:_identify(ascamera) by extension 'ignore_ament_install'
[0.621s] Level 1:colcon.colcon_core.package_identification:_identify(ascamera) by extensions ['colcon_pkg']
[0.621s] Level 1:colcon.colcon_core.package_identification:_identify(ascamera) by extension 'colcon_pkg'
[0.621s] Level 1:colcon.colcon_core.package_identification:_identify(ascamera) by extensions ['colcon_meta']
[0.621s] Level 1:colcon.colcon_core.package_identification:_identify(ascamera) by extension 'colcon_meta'
[0.621s] Level 1:colcon.colcon_core.package_identification:_identify(ascamera) by extensions ['ros']
[0.621s] Level 1:colcon.colcon_core.package_identification:_identify(ascamera) by extension 'ros'
[0.646s] DEBUG:colcon.colcon_core.package_identification:Package 'ascamera' with type 'ros.ament_cmake' and name 'ascamera'
[0.646s] Level 1:colcon.colcon_core.package_identification:_identify(build) by extensions ['ignore', 'ignore_ament_install']
[0.646s] Level 1:colcon.colcon_core.package_identification:_identify(build) by extension 'ignore'
[0.647s] Level 1:colcon.colcon_core.package_identification:_identify(build) ignored
[0.647s] Level 1:colcon.colcon_core.package_identification:_identify(com_stm) by extensions ['ignore', 'ignore_ament_install']
[0.647s] Level 1:colcon.colcon_core.package_identification:_identify(com_stm) by extension 'ignore'
[0.647s] Level 1:colcon.colcon_core.package_identification:_identify(com_stm) by extension 'ignore_ament_install'
[0.647s] Level 1:colcon.colcon_core.package_identification:_identify(com_stm) by extensions ['colcon_pkg']
[0.647s] Level 1:colcon.colcon_core.package_identification:_identify(com_stm) by extension 'colcon_pkg'
[0.647s] Level 1:colcon.colcon_core.package_identification:_identify(com_stm) by extensions ['colcon_meta']
[0.647s] Level 1:colcon.colcon_core.package_identification:_identify(com_stm) by extension 'colcon_meta'
[0.647s] Level 1:colcon.colcon_core.package_identification:_identify(com_stm) by extensions ['ros']
[0.647s] Level 1:colcon.colcon_core.package_identification:_identify(com_stm) by extension 'ros'
[0.648s] DEBUG:colcon.colcon_core.package_identification:Package 'com_stm' with type 'ros.ament_python' and name 'com_stm'
[0.648s] Level 1:colcon.colcon_core.package_identification:_identify(driving) by extensions ['ignore', 'ignore_ament_install']
[0.648s] Level 1:colcon.colcon_core.package_identification:_identify(driving) by extension 'ignore'
[0.648s] Level 1:colcon.colcon_core.package_identification:_identify(driving) by extension 'ignore_ament_install'
[0.648s] Level 1:colcon.colcon_core.package_identification:_identify(driving) by extensions ['colcon_pkg']
[0.648s] Level 1:colcon.colcon_core.package_identification:_identify(driving) by extension 'colcon_pkg'
[0.648s] Level 1:colcon.colcon_core.package_identification:_identify(driving) by extensions ['colcon_meta']
[0.648s] Level 1:colcon.colcon_core.package_identification:_identify(driving) by extension 'colcon_meta'
[0.649s] Level 1:colcon.colcon_core.package_identification:_identify(driving) by extensions ['ros']
[0.649s] Level 1:colcon.colcon_core.package_identification:_identify(driving) by extension 'ros'
[0.649s] DEBUG:colcon.colcon_core.package_identification:Package 'driving' with type 'ros.ament_python' and name 'driving'
[0.649s] Level 1:colcon.colcon_core.package_identification:_identify(install) by extensions ['ignore', 'ignore_ament_install']
[0.649s] Level 1:colcon.colcon_core.package_identification:_identify(install) by extension 'ignore'
[0.649s] Level 1:colcon.colcon_core.package_identification:_identify(install) ignored
[0.649s] Level 1:colcon.colcon_core.package_identification:_identify(lidar) by extensions ['ignore', 'ignore_ament_install']
[0.649s] Level 1:colcon.colcon_core.package_identification:_identify(lidar) by extension 'ignore'
[0.649s] Level 1:colcon.colcon_core.package_identification:_identify(lidar) by extension 'ignore_ament_install'
[0.650s] Level 1:colcon.colcon_core.package_identification:_identify(lidar) by extensions ['colcon_pkg']
[0.650s] Level 1:colcon.colcon_core.package_identification:_identify(lidar) by extension 'colcon_pkg'
[0.650s] Level 1:colcon.colcon_core.package_identification:_identify(lidar) by extensions ['colcon_meta']
[0.650s] Level 1:colcon.colcon_core.package_identification:_identify(lidar) by extension 'colcon_meta'
[0.650s] Level 1:colcon.colcon_core.package_identification:_identify(lidar) by extensions ['ros']
[0.650s] Level 1:colcon.colcon_core.package_identification:_identify(lidar) by extension 'ros'
[0.650s] DEBUG:colcon.colcon_core.package_identification:Package 'lidar' with type 'ros.ament_python' and name 'ms200_driver'
[0.650s] Level 1:colcon.colcon_core.package_identification:_identify(log) by extensions ['ignore', 'ignore_ament_install']
[0.651s] Level 1:colcon.colcon_core.package_identification:_identify(log) by extension 'ignore'
[0.651s] Level 1:colcon.colcon_core.package_identification:_identify(log) ignored
[0.651s] Level 1:colcon.colcon_core.package_identification:_identify(manual) by extensions ['ignore', 'ignore_ament_install']
[0.651s] Level 1:colcon.colcon_core.package_identification:_identify(manual) by extension 'ignore'
[0.651s] Level 1:colcon.colcon_core.package_identification:_identify(manual) by extension 'ignore_ament_install'
[0.651s] Level 1:colcon.colcon_core.package_identification:_identify(manual) by extensions ['colcon_pkg']
[0.651s] Level 1:colcon.colcon_core.package_identification:_identify(manual) by extension 'colcon_pkg'
[0.651s] Level 1:colcon.colcon_core.package_identification:_identify(manual) by extensions ['colcon_meta']
[0.651s] Level 1:colcon.colcon_core.package_identification:_identify(manual) by extension 'colcon_meta'
[0.651s] Level 1:colcon.colcon_core.package_identification:_identify(manual) by extensions ['ros']
[0.651s] Level 1:colcon.colcon_core.package_identification:_identify(manual) by extension 'ros'
[0.651s] DEBUG:colcon.colcon_core.package_identification:Package 'manual' with type 'ros.ament_python' and name 'manual'
[0.652s] Level 1:colcon.colcon_core.package_identification:_identify(motor_msg) by extensions ['ignore', 'ignore_ament_install']
[0.652s] Level 1:colcon.colcon_core.package_identification:_identify(motor_msg) by extension 'ignore'
[0.652s] Level 1:colcon.colcon_core.package_identification:_identify(motor_msg) by extension 'ignore_ament_install'
[0.652s] Level 1:colcon.colcon_core.package_identification:_identify(motor_msg) by extensions ['colcon_pkg']
[0.652s] Level 1:colcon.colcon_core.package_identification:_identify(motor_msg) by extension 'colcon_pkg'
[0.652s] Level 1:colcon.colcon_core.package_identification:_identify(motor_msg) by extensions ['colcon_meta']
[0.652s] Level 1:colcon.colcon_core.package_identification:_identify(motor_msg) by extension 'colcon_meta'
[0.652s] Level 1:colcon.colcon_core.package_identification:_identify(motor_msg) by extensions ['ros']
[0.652s] Level 1:colcon.colcon_core.package_identification:_identify(motor_msg) by extension 'ros'
[0.652s] DEBUG:colcon.colcon_core.package_identification:Package 'motor_msg' with type 'ros.ament_cmake' and name 'motor_msgs'
[0.652s] Level 1:colcon.colcon_core.package_identification:_identify(parking) by extensions ['ignore', 'ignore_ament_install']
[0.652s] Level 1:colcon.colcon_core.package_identification:_identify(parking) by extension 'ignore'
[0.652s] Level 1:colcon.colcon_core.package_identification:_identify(parking) by extension 'ignore_ament_install'
[0.652s] Level 1:colcon.colcon_core.package_identification:_identify(parking) by extensions ['colcon_pkg']
[0.652s] Level 1:colcon.colcon_core.package_identification:_identify(parking) by extension 'colcon_pkg'
[0.652s] Level 1:colcon.colcon_core.package_identification:_identify(parking) by extensions ['colcon_meta']
[0.652s] Level 1:colcon.colcon_core.package_identification:_identify(parking) by extension 'colcon_meta'
[0.652s] Level 1:colcon.colcon_core.package_identification:_identify(parking) by extensions ['ros']
[0.652s] Level 1:colcon.colcon_core.package_identification:_identify(parking) by extension 'ros'
[0.653s] DEBUG:colcon.colcon_core.package_identification:Package 'parking' with type 'ros.ament_python' and name 'parking'
[0.653s] Level 1:colcon.colcon_core.package_discovery:discover_packages(recursive) using defaults
[0.653s] Level 1:colcon.colcon_core.package_discovery:discover_packages(ignore) discover
[0.653s] Level 1:colcon.colcon_core.package_discovery:discover_packages(ignore) using defaults
[0.653s] Level 1:colcon.colcon_core.package_discovery:discover_packages(path) discover
[0.653s] Level 1:colcon.colcon_core.package_discovery:discover_packages(path) using defaults
[0.859s] Level 1:colcon.colcon_core.package_discovery:discover_packages(prefix_path) check parameters
[0.859s] Level 1:colcon.colcon_core.package_discovery:discover_packages(prefix_path) discover
[0.863s] DEBUG:colcon.colcon_installed_package_information.package_discovery:Found 387 installed packages in /opt/ros/jazzy
[0.864s] Level 1:colcon.colcon_core.package_discovery:discover_packages(prefix_path) using defaults
[0.897s] Level 5:colcon.colcon_core.verb:set package 'ascamera' build argument 'cmake_args' from command line to 'None'
[0.897s] Level 5:colcon.colcon_core.verb:set package 'ascamera' build argument 'cmake_target' from command line to 'None'
[0.897s] Level 5:colcon.colcon_core.verb:set package 'ascamera' build argument 'cmake_target_skip_unavailable' from command line to 'False'
[0.897s] Level 5:colcon.colcon_core.verb:set package 'ascamera' build argument 'cmake_clean_cache' from command line to 'False'
[0.897s] Level 5:colcon.colcon_core.verb:set package 'ascamera' build argument 'cmake_clean_first' from command line to 'False'
[0.897s] Level 5:colcon.colcon_core.verb:set package 'ascamera' build argument 'cmake_force_configure' from command line to 'False'
[0.897s] Level 5:colcon.colcon_core.verb:set package 'ascamera' build argument 'ament_cmake_args' from command line to 'None'
[0.897s] Level 5:colcon.colcon_core.verb:set package 'ascamera' build argument 'catkin_cmake_args' from command line to 'None'
[0.897s] Level 5:colcon.colcon_core.verb:set package 'ascamera' build argument 'catkin_skip_building_tests' from command line to 'False'
[0.897s] DEBUG:colcon.colcon_core.verb:Building package 'ascamera' with the following arguments: {'ament_cmake_args': None, 'build_base': '/home/alereyes/C-ROS-Automodel_Car/AutoModelRasp_ws/src/build/ascamera', 'catkin_cmake_args': None, 'catkin_skip_building_tests': False, 'cmake_args': None, 'cmake_clean_cache': False, 'cmake_clean_first': False, 'cmake_force_configure': False, 'cmake_target': None, 'cmake_target_skip_unavailable': False, 'install_base': '/home/alereyes/C-ROS-Automodel_Car/AutoModelRasp_ws/src/install/ascamera', 'merge_install': False, 'path': '/home/alereyes/C-ROS-Automodel_Car/AutoModelRasp_ws/src/ascamera', 'symlink_install': False, 'test_result_base': None}
[0.898s] Level 5:colcon.colcon_core.verb:set package 'driving' build argument 'cmake_args' from command line to 'None'
[0.898s] Level 5:colcon.colcon_core.verb:set package 'driving' build argument 'cmake_target' from command line to 'None'
[0.898s] Level 5:colcon.colcon_core.verb:set package 'driving' build argument 'cmake_target_skip_unavailable' from command line to 'False'
[0.898s] Level 5:colcon.colcon_core.verb:set package 'driving' build argument 'cmake_clean_cache' from command line to 'False'
[0.898s] Level 5:colcon.colcon_core.verb:set package 'driving' build argument 'cmake_clean_first' from command line to 'False'
[0.898s] Level 5:colcon.colcon_core.verb:set package 'driving' build argument 'cmake_force_configure' from command line to 'False'
[0.898s] Level 5:colcon.colcon_core.verb:set package 'driving' build argument 'ament_cmake_args' from command line to 'None'
[0.898s] Level 5:colcon.colcon_core.verb:set package 'driving' build argument 'catkin_cmake_args' from command line to 'None'
[0.898s] Level 5:colcon.colcon_core.verb:set package 'driving' build argument 'catkin_skip_building_tests' from command line to 'False'
[0.898s] DEBUG:colcon.colcon_core.verb:Building package 'driving' with the following arguments: {'ament_cmake_args': None, 'build_base': '/home/alereyes/C-ROS-Automodel_Car/AutoModelRasp_ws/src/build/driving', 'catkin_cmake_args': None, 'catkin_skip_building_tests': False, 'cmake_args': None, 'cmake_clean_cache': False, 'cmake_clean_first': False, 'cmake_force_configure': False, 'cmake_target': None, 'cmake_target_skip_unavailable': False, 'install_base': '/home/alereyes/C-ROS-Automodel_Car/AutoModelRasp_ws/src/install/driving', 'merge_install': False, 'path': '/home/alereyes/C-ROS-Automodel_Car/AutoModelRasp_ws/src/driving', 'symlink_install': False, 'test_result_base': None}
[0.898s] Level 5:colcon.colcon_core.verb:set package 'motor_msgs' build argument 'cmake_args' from command line to 'None'
[0.898s] Level 5:colcon.colcon_core.verb:set package 'motor_msgs' build argument 'cmake_target' from command line to 'None'
[0.898s] Level 5:colcon.colcon_core.verb:set package 'motor_msgs' build argument 'cmake_target_skip_unavailable' from command line to 'False'
[0.898s] Level 5:colcon.colcon_core.verb:set package 'motor_msgs' build argument 'cmake_clean_cache' from command line to 'False'
[0.898s] Level 5:colcon.colcon_core.verb:set package 'motor_msgs' build argument 'cmake_clean_first' from command line to 'False'
[0.898s] Level 5:colcon.colcon_core.verb:set package 'motor_msgs' build argument 'cmake_force_configure' from command line to 'False'
[0.898s] Level 5:colcon.colcon_core.verb:set package 'motor_msgs' build argument 'ament_cmake_args' from command line to 'None'
[0.898s] Level 5:colcon.colcon_core.verb:set package 'motor_msgs' build argument 'catkin_cmake_args' from command line to 'None'
[0.898s] Level 5:colcon.colcon_core.verb:set package 'motor_msgs' build argument 'catkin_skip_building_tests' from command line to 'False'
[0.898s] DEBUG:colcon.colcon_core.verb:Building package 'motor_msgs' with the following arguments: {'ament_cmake_args': None, 'build_base': '/home/alereyes/C-ROS-Automodel_Car/AutoModelRasp_ws/src/build/motor_msgs', 'catkin_cmake_args': None, 'catkin_skip_building_tests': False, 'cmake_args': None, 'cmake_clean_cache': False, 'cmake_clean_first': False, 'cmake_force_configure': False, 'cmake_target': None, 'cmake_target_skip_unavailable': False, 'install_base': '/home/alereyes/C-ROS-Automodel_Car/AutoModelRasp_ws/src/install/motor_msgs', 'merge_install': False, 'path': '/home/alereyes/C-ROS-Automodel_Car/AutoModelRasp_ws/src/motor_msg', 'symlink_install': False, 'test_result_base': None}
[0.898s] Level 5:colcon.colcon_core.verb:set package 'ms200_driver' build argument 'cmake_args' from command line to 'None'
[0.898s] Level 5:colcon.colcon_core.verb:set package 'ms200_driver' build argument 'cmake_target' from command line to 'None'
[0.898s] Level 5:colcon.colcon_core.verb:set package 'ms200_driver' build argument 'cmake_target_skip_unavailable' from command line to 'False'
[0.898s] Level 5:colcon.colcon_core.verb:set package 'ms200_driver' build argument 'cmake_clean_cache' from command line to 'False'
[0.898s] Level 5:colcon.colcon_core.verb:set package 'ms200_driver' build argument 'cmake_clean_first' from command line to 'False'
[0.898s] Level 5:colcon.colcon_core.verb:set package 'ms200_driver' build argument 'cmake_force_configure' from command line to 'False'
[0.898s] Level 5:colcon.colcon_core.verb:set package 'ms200_driver' build argument 'ament_cmake_args' from command line to 'None'
[0.898s] Level 5:colcon.colcon_core.verb:set package 'ms200_driver' build argument 'catkin_cmake_args' from command line to 'None'
[0.898s] Level 5:colcon.colcon_core.verb:set package 'ms200_driver' build argument 'catkin_skip_building_tests' from command line to 'False'
[0.898s] DEBUG:colcon.colcon_core.verb:Building package 'ms200_driver' with the following arguments: {'ament_cmake_args': None, 'build_base': '/home/alereyes/C-ROS-Automodel_Car/AutoModelRasp_ws/src/build/ms200_driver', 'catkin_cmake_args': None, 'catkin_skip_building_tests': False, 'cmake_args': None, 'cmake_clean_cache': False, 'cmake_clean_first': False, 'cmake_force_configure': False, 'cmake_target': None, 'cmake_target_skip_unavailable': False, 'install_base': '/home/alereyes/C-ROS-Automodel_Car/AutoModelRasp_ws/src/install/ms200_driver', 'merge_install': False, 'path': '/home/alereyes/C-ROS-Automodel_Car/AutoModelRasp_ws/src/lidar', 'symlink_install': False, 'test_result_base': None}
[0.898s] Level 5:colcon.colcon_core.verb:set package 'parking' build argument 'cmake_args' from command line to 'None'
[0.898s] Level 5:colcon.colcon_core.verb:set package 'parking' build argument 'cmake_target' from command line to 'None'
[0.898s] Level 5:colcon.colcon_core.verb:set package 'parking' build argument 'cmake_target_skip_unavailable' from command line to 'False'
[0.898s] Level 5:colcon.colcon_core.verb:set package 'parking' build argument 'cmake_clean_cache' from command line to 'False'
[0.898s] Level 5:colcon.colcon_core.verb:set package 'parking' build argument 'cmake_clean_first' from command line to 'False'
[0.898s] Level 5:colcon.colcon_core.verb:set package 'parking' build argument 'cmake_force_configure' from command line to 'False'
[0.898s] Level 5:colcon.colcon_core.verb:set package 'parking' build argument 'ament_cmake_args' from command line to 'None'
[0.898s] Level 5:colcon.colcon_core.verb:set package 'parking' build argument 'catkin_cmake_args' from command line to 'None'
[0.898s] Level 5:colcon.colcon_core.verb:set package 'parking' build argument 'catkin_skip_building_tests' from command line to 'False'
[0.898s] DEBUG:colcon.colcon_core.verb:Building package 'parking' with the following arguments: {'ament_cmake_args': None, 'build_base': '/home/alereyes/C-ROS-Automodel_Car/AutoModelRasp_ws/src/build/parking', 'catkin_cmake_args': None, 'catkin_skip_building_tests': False, 'cmake_args': None, 'cmake_clean_cache': False, 'cmake_clean_first': False, 'cmake_force_configure': False, 'cmake_target': None, 'cmake_target_skip_unavailable': False, 'install_base': '/home/alereyes/C-ROS-Automodel_Car/AutoModelRasp_ws/src/install/parking', 'merge_install': False, 'path': '/home/alereyes/C-ROS-Automodel_Car/AutoModelRasp_ws/src/parking', 'symlink_install': False, 'test_result_base': None}
[0.899s] Level 5:colcon.colcon_core.verb:set package 'com_stm' build argument 'cmake_args' from command line to 'None'
[0.899s] Level 5:colcon.colcon_core.verb:set package 'com_stm' build argument 'cmake_target' from command line to 'None'
[0.899s] Level 5:colcon.colcon_core.verb:set package 'com_stm' build argument 'cmake_target_skip_unavailable' from command line to 'False'
[0.899s] Level 5:colcon.colcon_core.verb:set package 'com_stm' build argument 'cmake_clean_cache' from command line to 'False'
[0.899s] Level 5:colcon.colcon_core.verb:set package 'com_stm' build argument 'cmake_clean_first' from command line to 'False'
[0.899s] Level 5:colcon.colcon_core.verb:set package 'com_stm' build argument 'cmake_force_configure' from command line to 'False'
[0.899s] Level 5:colcon.colcon_core.verb:set package 'com_stm' build argument 'ament_cmake_args' from command line to 'None'
[0.899s] Level 5:colcon.colcon_core.verb:set package 'com_stm' build argument 'catkin_cmake_args' from command line to 'None'
[0.899s] Level 5:colcon.colcon_core.verb:set package 'com_stm' build argument 'catkin_skip_building_tests' from command line to 'False'
[0.899s] DEBUG:colcon.colcon_core.verb:Building package 'com_stm' with the following arguments: {'ament_cmake_args': None, 'build_base': '/home/alereyes/C-ROS-Automodel_Car/AutoModelRasp_ws/src/build/com_stm', 'catkin_cmake_args': None, 'catkin_skip_building_tests': False, 'cmake_args': None, 'cmake_clean_cache': False, 'cmake_clean_first': False, 'cmake_force_configure': False, 'cmake_target': None, 'cmake_target_skip_unavailable': False, 'install_base': '/home/alereyes/C-ROS-Automodel_Car/AutoModelRasp_ws/src/install/com_stm', 'merge_install': False, 'path': '/home/alereyes/C-ROS-Automodel_Car/AutoModelRasp_ws/src/com_stm', 'symlink_install': False, 'test_result_base': None}
[0.899s] Level 5:colcon.colcon_core.verb:set package 'manual' build argument 'cmake_args' from command line to 'None'
[0.899s] Level 5:colcon.colcon_core.verb:set package 'manual' build argument 'cmake_target' from command line to 'None'
[0.899s] Level 5:colcon.colcon_core.verb:set package 'manual' build argument 'cmake_target_skip_unavailable' from command line to 'False'
[0.899s] Level 5:colcon.colcon_core.verb:set package 'manual' build argument 'cmake_clean_cache' from command line to 'False'
[0.899s] Level 5:colcon.colcon_core.verb:set package 'manual' build argument 'cmake_clean_first' from command line to 'False'
[0.899s] Level 5:colcon.colcon_core.verb:set package 'manual' build argument 'cmake_force_configure' from command line to 'False'
[0.899s] Level 5:colcon.colcon_core.verb:set package 'manual' build argument 'ament_cmake_args' from command line to 'None'
[0.899s] Level 5:colcon.colcon_core.verb:set package 'manual' build argument 'catkin_cmake_args' from command line to 'None'
[0.899s] Level 5:colcon.colcon_core.verb:set package 'manual' build argument 'catkin_skip_building_tests' from command line to 'False'
[0.899s] DEBUG:colcon.colcon_core.verb:Building package 'manual' with the following arguments: {'ament_cmake_args': None, 'build_base': '/home/alereyes/C-ROS-Automodel_Car/AutoModelRasp_ws/src/build/manual', 'catkin_cmake_args': None, 'catkin_skip_building_tests': False, 'cmake_args': None, 'cmake_clean_cache': False, 'cmake_clean_first': False, 'cmake_force_configure': False, 'cmake_target': None, 'cmake_target_skip_unavailable': False, 'install_base': '/home/alereyes/C-ROS-Automodel_Car/AutoModelRasp_ws/src/install/manual', 'merge_install': False, 'path': '/home/alereyes/C-ROS-Automodel_Car/AutoModelRasp_ws/src/manual', 'symlink_install': False, 'test_result_base': None}
[0.899s] INFO:colcon.colcon_core.executor:Executing jobs using 'parallel' executor
[0.900s] DEBUG:colcon.colcon_parallel_executor.executor.parallel:run_until_complete
[0.900s] INFO:colcon.colcon_ros.task.ament_cmake.build:Building ROS package in '/home/alereyes/C-ROS-Automodel_Car/AutoModelRasp_ws/src/motor_msg' with build type 'ament_cmake'
[0.900s] INFO:colcon.colcon_cmake.task.cmake.build:Building CMake package in '/home/alereyes/C-ROS-Automodel_Car/AutoModelRasp_ws/src/motor_msg'
[0.959s] INFO:colcon.colcon_core.plugin_system:Skipping extension 'colcon_core.shell.bat': Not used on non-Windows systems
[0.959s] INFO:colcon.colcon_core.shell:Skip shell extension 'powershell' for command environment: Not usable outside of PowerShell
[0.959s] DEBUG:colcon.colcon_core.shell:Skip shell extension 'dsv' for command environment
[0.987s] INFO:colcon.colcon_ros.task.ament_cmake.build:Building ROS package in '/home/alereyes/C-ROS-Automodel_Car/AutoModelRasp_ws/src/ascamera' with build type 'ament_cmake'
[0.988s] INFO:colcon.colcon_cmake.task.cmake.build:Building CMake package in '/home/alereyes/C-ROS-Automodel_Car/AutoModelRasp_ws/src/ascamera'
[0.988s] INFO:colcon.colcon_core.shell:Skip shell extension 'powershell' for command environment: Not usable outside of PowerShell
[0.988s] DEBUG:colcon.colcon_core.shell:Skip shell extension 'dsv' for command environment
[0.994s] INFO:colcon.colcon_ros.task.ament_python.build:Building ROS package in '/home/alereyes/C-ROS-Automodel_Car/AutoModelRasp_ws/src/driving' with build type 'ament_python'
[0.994s] Level 1:colcon.colcon_core.shell:create_environment_hook('driving', 'ament_prefix_path')
[0.994s] INFO:colcon.colcon_core.shell:Creating environment hook '/home/alereyes/C-ROS-Automodel_Car/AutoModelRasp_ws/src/install/driving/share/driving/hook/ament_prefix_path.ps1'
[1.010s] INFO:colcon.colcon_core.shell:Creating environment descriptor '/home/alereyes/C-ROS-Automodel_Car/AutoModelRasp_ws/src/install/driving/share/driving/hook/ament_prefix_path.dsv'
[1.011s] INFO:colcon.colcon_core.shell:Creating environment hook '/home/alereyes/C-ROS-Automodel_Car/AutoModelRasp_ws/src/install/driving/share/driving/hook/ament_prefix_path.sh'
[1.012s] INFO:colcon.colcon_core.shell:Skip shell extension 'powershell' for command environment: Not usable outside of PowerShell
[1.012s] DEBUG:colcon.colcon_core.shell:Skip shell extension 'dsv' for command environment
[1.017s] INFO:colcon.colcon_ros.task.ament_python.build:Building ROS package in '/home/alereyes/C-ROS-Automodel_Car/AutoModelRasp_ws/src/lidar' with build type 'ament_python'
[1.018s] Level 1:colcon.colcon_core.shell:create_environment_hook('ms200_driver', 'ament_prefix_path')
[1.018s] INFO:colcon.colcon_core.shell:Creating environment hook '/home/alereyes/C-ROS-Automodel_Car/AutoModelRasp_ws/src/install/ms200_driver/share/ms200_driver/hook/ament_prefix_path.ps1'
[1.019s] INFO:colcon.colcon_core.shell:Creating environment descriptor '/home/alereyes/C-ROS-Automodel_Car/AutoModelRasp_ws/src/install/ms200_driver/share/ms200_driver/hook/ament_prefix_path.dsv'
[1.019s] INFO:colcon.colcon_core.shell:Creating environment hook '/home/alereyes/C-ROS-Automodel_Car/AutoModelRasp_ws/src/install/ms200_driver/share/ms200_driver/hook/ament_prefix_path.sh'
[1.020s] INFO:colcon.colcon_core.shell:Skip shell extension 'powershell' for command environment: Not usable outside of PowerShell
[1.020s] DEBUG:colcon.colcon_core.shell:Skip shell extension 'dsv' for command environment
[1.023s] INFO:colcon.colcon_ros.task.ament_python.build:Building ROS package in '/home/alereyes/C-ROS-Automodel_Car/AutoModelRasp_ws/src/parking' with build type 'ament_python'
[1.023s] Level 1:colcon.colcon_core.shell:create_environment_hook('parking', 'ament_prefix_path')
[1.023s] INFO:colcon.colcon_core.shell:Creating environment hook '/home/alereyes/C-ROS-Automodel_Car/AutoModelRasp_ws/src/install/parking/share/parking/hook/ament_prefix_path.ps1'
[1.023s] INFO:colcon.colcon_core.shell:Creating environment descriptor '/home/alereyes/C-ROS-Automodel_Car/AutoModelRasp_ws/src/install/parking/share/parking/hook/ament_prefix_path.dsv'
[1.024s] INFO:colcon.colcon_core.shell:Creating environment hook '/home/alereyes/C-ROS-Automodel_Car/AutoModelRasp_ws/src/install/parking/share/parking/hook/ament_prefix_path.sh'
[1.024s] INFO:colcon.colcon_core.shell:Skip shell extension 'powershell' for command environment: Not usable outside of PowerShell
[1.024s] DEBUG:colcon.colcon_core.shell:Skip shell extension 'dsv' for command environment
[1.028s] DEBUG:colcon.colcon_core.event_handler.log_command:Invoking command in '/home/alereyes/C-ROS-Automodel_Car/AutoModelRasp_ws/src/build/motor_msgs': CMAKE_PREFIX_PATH=${CMAKE_PREFIX_PATH}:/opt/ros/jazzy DEBUGINFOD_URLS=https://debuginfod.ubuntu.com /usr/bin/cmake /home/alereyes/C-ROS-Automodel_Car/AutoModelRasp_ws/src/motor_msg -DCMAKE_INSTALL_PREFIX=/home/alereyes/C-ROS-Automodel_Car/AutoModelRasp_ws/src/install/motor_msgs
[1.079s] DEBUG:colcon.colcon_core.event_handler.log_command:Invoking command in '/home/alereyes/C-ROS-Automodel_Car/AutoModelRasp_ws/src/build/ascamera': CMAKE_PREFIX_PATH=${CMAKE_PREFIX_PATH}:/opt/ros/jazzy DEBUGINFOD_URLS=https://debuginfod.ubuntu.com /usr/bin/cmake /home/alereyes/C-ROS-Automodel_Car/AutoModelRasp_ws/src/ascamera -DCMAKE_INSTALL_PREFIX=/home/alereyes/C-ROS-Automodel_Car/AutoModelRasp_ws/src/install/ascamera
[1.385s] INFO:colcon.colcon_core.task.python.build:Building Python package in '/home/alereyes/C-ROS-Automodel_Car/AutoModelRasp_ws/src/driving'
[1.385s] INFO:colcon.colcon_core.shell:Skip shell extension 'powershell' for command environment: Not usable outside of PowerShell
[1.385s] DEBUG:colcon.colcon_core.shell:Skip shell extension 'dsv' for command environment
[1.537s] INFO:colcon.colcon_core.task.python.build:Building Python package in '/home/alereyes/C-ROS-Automodel_Car/AutoModelRasp_ws/src/lidar'
[1.537s] INFO:colcon.colcon_core.shell:Skip shell extension 'powershell' for command environment: Not usable outside of PowerShell
[1.537s] DEBUG:colcon.colcon_core.shell:Skip shell extension 'dsv' for command environment
[1.685s] INFO:colcon.colcon_core.task.python.build:Building Python package in '/home/alereyes/C-ROS-Automodel_Car/AutoModelRasp_ws/src/parking'
[1.685s] INFO:colcon.colcon_core.shell:Skip shell extension 'powershell' for command environment: Not usable outside of PowerShell
[1.685s] DEBUG:colcon.colcon_core.shell:Skip shell extension 'dsv' for command environment
[14.760s] DEBUG:colcon.colcon_core.event_handler.log_command:Invoking command in '/home/alereyes/C-ROS-Automodel_Car/AutoModelRasp_ws/src/parking': DEBUGINFOD_URLS=https://debuginfod.ubuntu.com PYTHONPATH=/home/alereyes/C-ROS-Automodel_Car/AutoModelRasp_ws/src/build/parking/prefix_override:/usr/lib/python3/dist-packages/colcon_core/task/python/colcon_distutils_commands:/home/alereyes/C-ROS-Automodel_Car/AutoModelRasp_ws/src/install/parking/lib/python3.12/site-packages:${PYTHONPATH} /usr/bin/python3 -W ignore:setup.py install is deprecated -W ignore:easy_install command is deprecated setup.py egg_info --egg-base ../build/parking build --build-base /home/alereyes/C-ROS-Automodel_Car/AutoModelRasp_ws/src/build/parking/build install --record /home/alereyes/C-ROS-Automodel_Car/AutoModelRasp_ws/src/build/parking/install.log --single-version-externally-managed install_data
[14.761s] DEBUG:colcon.colcon_core.event_handler.log_command:Invoking command in '/home/alereyes/C-ROS-Automodel_Car/AutoModelRasp_ws/src/driving': DEBUGINFOD_URLS=https://debuginfod.ubuntu.com PYTHONPATH=/home/alereyes/C-ROS-Automodel_Car/AutoModelRasp_ws/src/build/driving/prefix_override:/usr/lib/python3/dist-packages/colcon_core/task/python/colcon_distutils_commands:/home/alereyes/C-ROS-Automodel_Car/AutoModelRasp_ws/src/install/driving/lib/python3.12/site-packages:${PYTHONPATH} /usr/bin/python3 -W ignore:setup.py install is deprecated -W ignore:easy_install command is deprecated setup.py egg_info --egg-base ../build/driving build --build-base /home/alereyes/C-ROS-Automodel_Car/AutoModelRasp_ws/src/build/driving/build install --record /home/alereyes/C-ROS-Automodel_Car/AutoModelRasp_ws/src/build/driving/install.log --single-version-externally-managed install_data
[14.762s] DEBUG:colcon.colcon_core.event_handler.log_command:Invoking command in '/home/alereyes/C-ROS-Automodel_Car/AutoModelRasp_ws/src/lidar': DEBUGINFOD_URLS=https://debuginfod.ubuntu.com PYTHONPATH=/home/alereyes/C-ROS-Automodel_Car/AutoModelRasp_ws/src/build/ms200_driver/prefix_override:/usr/lib/python3/dist-packages/colcon_core/task/python/colcon_distutils_commands:/home/alereyes/C-ROS-Automodel_Car/AutoModelRasp_ws/src/install/ms200_driver/lib/python3.12/site-packages:${PYTHONPATH} /usr/bin/python3 -W ignore:setup.py install is deprecated -W ignore:easy_install command is deprecated setup.py egg_info --egg-base ../build/ms200_driver build --build-base /home/alereyes/C-ROS-Automodel_Car/AutoModelRasp_ws/src/build/ms200_driver/build install --record /home/alereyes/C-ROS-Automodel_Car/AutoModelRasp_ws/src/build/ms200_driver/install.log --single-version-externally-managed install_data
[15.130s] DEBUG:colcon.colcon_core.event_handler.log_command:Invoked command in '/home/alereyes/C-ROS-Automodel_Car/AutoModelRasp_ws/src/driving' returned '0': DEBUGINFOD_URLS=https://debuginfod.ubuntu.com PYTHONPATH=/home/alereyes/C-ROS-Automodel_Car/AutoModelRasp_ws/src/build/driving/prefix_override:/usr/lib/python3/dist-packages/colcon_core/task/python/colcon_distutils_commands:/home/alereyes/C-ROS-Automodel_Car/AutoModelRasp_ws/src/install/driving/lib/python3.12/site-packages:${PYTHONPATH} /usr/bin/python3 -W ignore:setup.py install is deprecated -W ignore:easy_install command is deprecated setup.py egg_info --egg-base ../build/driving build --build-base /home/alereyes/C-ROS-Automodel_Car/AutoModelRasp_ws/src/build/driving/build install --record /home/alereyes/C-ROS-Automodel_Car/AutoModelRasp_ws/src/build/driving/install.log --single-version-externally-managed install_data
[15.322s] Level 1:colcon.colcon_core.environment:checking '/home/alereyes/C-ROS-Automodel_Car/AutoModelRasp_ws/src/install/driving' for CMake module files
[15.323s] Level 1:colcon.colcon_core.environment:checking '/home/alereyes/C-ROS-Automodel_Car/AutoModelRasp_ws/src/install/driving' for CMake config files
[15.324s] Level 1:colcon.colcon_core.environment:checking '/home/alereyes/C-ROS-Automodel_Car/AutoModelRasp_ws/src/install/driving/lib'
[15.324s] Level 1:colcon.colcon_core.environment:checking '/home/alereyes/C-ROS-Automodel_Car/AutoModelRasp_ws/src/install/driving/bin'
[15.324s] Level 1:colcon.colcon_core.environment:checking '/home/alereyes/C-ROS-Automodel_Car/AutoModelRasp_ws/src/install/driving/lib/pkgconfig/driving.pc'
[15.325s] Level 1:colcon.colcon_core.environment:checking '/home/alereyes/C-ROS-Automodel_Car/AutoModelRasp_ws/src/install/driving/lib/python3.12/site-packages'
[15.325s] Level 1:colcon.colcon_core.shell:create_environment_hook('driving', 'pythonpath')
[15.325s] INFO:colcon.colcon_core.shell:Creating environment hook '/home/alereyes/C-ROS-Automodel_Car/AutoModelRasp_ws/src/install/driving/share/driving/hook/pythonpath.ps1'
[15.326s] INFO:colcon.colcon_core.shell:Creating environment descriptor '/home/alereyes/C-ROS-Automodel_Car/AutoModelRasp_ws/src/install/driving/share/driving/hook/pythonpath.dsv'
[15.326s] INFO:colcon.colcon_core.shell:Creating environment hook '/home/alereyes/C-ROS-Automodel_Car/AutoModelRasp_ws/src/install/driving/share/driving/hook/pythonpath.sh'
[15.326s] Level 1:colcon.colcon_core.environment:checking '/home/alereyes/C-ROS-Automodel_Car/AutoModelRasp_ws/src/install/driving/bin'
[15.326s] Level 1:colcon.colcon_core.environment:create_environment_scripts_only(driving)
[15.326s] INFO:colcon.colcon_core.shell:Creating package script '/home/alereyes/C-ROS-Automodel_Car/AutoModelRasp_ws/src/install/driving/share/driving/package.ps1'
[15.357s] INFO:colcon.colcon_core.shell:Creating package descriptor '/home/alereyes/C-ROS-Automodel_Car/AutoModelRasp_ws/src/install/driving/share/driving/package.dsv'
[15.398s] INFO:colcon.colcon_core.shell:Creating package script '/home/alereyes/C-ROS-Automodel_Car/AutoModelRasp_ws/src/install/driving/share/driving/package.sh'
[15.399s] INFO:colcon.colcon_core.shell:Creating package script '/home/alereyes/C-ROS-Automodel_Car/AutoModelRasp_ws/src/install/driving/share/driving/package.bash'
[15.413s] INFO:colcon.colcon_core.shell:Creating package script '/home/alereyes/C-ROS-Automodel_Car/AutoModelRasp_ws/src/install/driving/share/driving/package.zsh'
[15.444s] Level 1:colcon.colcon_core.environment:create_file_with_runtime_dependencies(/home/alereyes/C-ROS-Automodel_Car/AutoModelRasp_ws/src/install/driving/share/colcon-core/packages/driving)
[15.447s] Level 1:colcon.colcon_core.environment:checking '/home/alereyes/C-ROS-Automodel_Car/AutoModelRasp_ws/src/install/ms200_driver' for CMake module files
[15.448s] DEBUG:colcon.colcon_core.event_handler.log_command:Invoked command in '/home/alereyes/C-ROS-Automodel_Car/AutoModelRasp_ws/src/lidar' returned '0': DEBUGINFOD_URLS=https://debuginfod.ubuntu.com PYTHONPATH=/home/alereyes/C-ROS-Automodel_Car/AutoModelRasp_ws/src/build/ms200_driver/prefix_override:/usr/lib/python3/dist-packages/colcon_core/task/python/colcon_distutils_commands:/home/alereyes/C-ROS-Automodel_Car/AutoModelRasp_ws/src/install/ms200_driver/lib/python3.12/site-packages:${PYTHONPATH} /usr/bin/python3 -W ignore:setup.py install is deprecated -W ignore:easy_install command is deprecated setup.py egg_info --egg-base ../build/ms200_driver build --build-base /home/alereyes/C-ROS-Automodel_Car/AutoModelRasp_ws/src/build/ms200_driver/build install --record /home/alereyes/C-ROS-Automodel_Car/AutoModelRasp_ws/src/build/ms200_driver/install.log --single-version-externally-managed install_data
[15.448s] Level 1:colcon.colcon_core.environment:checking '/home/alereyes/C-ROS-Automodel_Car/AutoModelRasp_ws/src/install/ms200_driver' for CMake config files
[15.448s] Level 1:colcon.colcon_core.environment:checking '/home/alereyes/C-ROS-Automodel_Car/AutoModelRasp_ws/src/install/ms200_driver/lib'
[15.449s] Level 1:colcon.colcon_core.environment:checking '/home/alereyes/C-ROS-Automodel_Car/AutoModelRasp_ws/src/install/ms200_driver/bin'
[15.449s] Level 1:colcon.colcon_core.environment:checking '/home/alereyes/C-ROS-Automodel_Car/AutoModelRasp_ws/src/install/ms200_driver/lib/pkgconfig/ms200_driver.pc'
[15.449s] Level 1:colcon.colcon_core.environment:checking '/home/alereyes/C-ROS-Automodel_Car/AutoModelRasp_ws/src/install/ms200_driver/lib/python3.12/site-packages'
[15.449s] Level 1:colcon.colcon_core.shell:create_environment_hook('ms200_driver', 'pythonpath')
[15.449s] INFO:colcon.colcon_core.shell:Creating environment hook '/home/alereyes/C-ROS-Automodel_Car/AutoModelRasp_ws/src/install/ms200_driver/share/ms200_driver/hook/pythonpath.ps1'
[15.449s] INFO:colcon.colcon_core.shell:Creating environment descriptor '/home/alereyes/C-ROS-Automodel_Car/AutoModelRasp_ws/src/install/ms200_driver/share/ms200_driver/hook/pythonpath.dsv'
[15.450s] INFO:colcon.colcon_core.shell:Creating environment hook '/home/alereyes/C-ROS-Automodel_Car/AutoModelRasp_ws/src/install/ms200_driver/share/ms200_driver/hook/pythonpath.sh'
[15.450s] Level 1:colcon.colcon_core.environment:checking '/home/alereyes/C-ROS-Automodel_Car/AutoModelRasp_ws/src/install/ms200_driver/bin'
[15.450s] Level 1:colcon.colcon_core.environment:create_environment_scripts_only(ms200_driver)
[15.450s] INFO:colcon.colcon_core.shell:Creating package script '/home/alereyes/C-ROS-Automodel_Car/AutoModelRasp_ws/src/install/ms200_driver/share/ms200_driver/package.ps1'
[15.450s] INFO:colcon.colcon_core.shell:Creating package descriptor '/home/alereyes/C-ROS-Automodel_Car/AutoModelRasp_ws/src/install/ms200_driver/share/ms200_driver/package.dsv'
[15.451s] INFO:colcon.colcon_core.shell:Creating package script '/home/alereyes/C-ROS-Automodel_Car/AutoModelRasp_ws/src/install/ms200_driver/share/ms200_driver/package.sh'
[15.451s] INFO:colcon.colcon_core.shell:Creating package script '/home/alereyes/C-ROS-Automodel_Car/AutoModelRasp_ws/src/install/ms200_driver/share/ms200_driver/package.bash'
[15.451s] INFO:colcon.colcon_core.shell:Creating package script '/home/alereyes/C-ROS-Automodel_Car/AutoModelRasp_ws/src/install/ms200_driver/share/ms200_driver/package.zsh'
[15.451s] Level 1:colcon.colcon_core.environment:create_file_with_runtime_dependencies(/home/alereyes/C-ROS-Automodel_Car/AutoModelRasp_ws/src/install/ms200_driver/share/colcon-core/packages/ms200_driver)
[15.452s] Level 1:colcon.colcon_core.environment:checking '/home/alereyes/C-ROS-Automodel_Car/AutoModelRasp_ws/src/install/parking' for CMake module files
[15.452s] Level 1:colcon.colcon_core.environment:checking '/home/alereyes/C-ROS-Automodel_Car/AutoModelRasp_ws/src/install/parking' for CMake config files
[15.452s] DEBUG:colcon.colcon_core.event_handler.log_command:Invoked command in '/home/alereyes/C-ROS-Automodel_Car/AutoModelRasp_ws/src/parking' returned '0': DEBUGINFOD_URLS=https://debuginfod.ubuntu.com PYTHONPATH=/home/alereyes/C-ROS-Automodel_Car/AutoModelRasp_ws/src/build/parking/prefix_override:/usr/lib/python3/dist-packages/colcon_core/task/python/colcon_distutils_commands:/home/alereyes/C-ROS-Automodel_Car/AutoModelRasp_ws/src/install/parking/lib/python3.12/site-packages:${PYTHONPATH} /usr/bin/python3 -W ignore:setup.py install is deprecated -W ignore:easy_install command is deprecated setup.py egg_info --egg-base ../build/parking build --build-base /home/alereyes/C-ROS-Automodel_Car/AutoModelRasp_ws/src/build/parking/build install --record /home/alereyes/C-ROS-Automodel_Car/AutoModelRasp_ws/src/build/parking/install.log --single-version-externally-managed install_data
[15.453s] Level 1:colcon.colcon_core.environment:checking '/home/alereyes/C-ROS-Automodel_Car/AutoModelRasp_ws/src/install/parking/lib'
[15.453s] Level 1:colcon.colcon_core.environment:checking '/home/alereyes/C-ROS-Automodel_Car/AutoModelRasp_ws/src/install/parking/bin'
[15.453s] Level 1:colcon.colcon_core.environment:checking '/home/alereyes/C-ROS-Automodel_Car/AutoModelRasp_ws/src/install/parking/lib/pkgconfig/parking.pc'
[15.453s] Level 1:colcon.colcon_core.environment:checking '/home/alereyes/C-ROS-Automodel_Car/AutoModelRasp_ws/src/install/parking/lib/python3.12/site-packages'
[15.453s] Level 1:colcon.colcon_core.shell:create_environment_hook('parking', 'pythonpath')
[15.453s] INFO:colcon.colcon_core.shell:Creating environment hook '/home/alereyes/C-ROS-Automodel_Car/AutoModelRasp_ws/src/install/parking/share/parking/hook/pythonpath.ps1'
[15.453s] INFO:colcon.colcon_core.shell:Creating environment descriptor '/home/alereyes/C-ROS-Automodel_Car/AutoModelRasp_ws/src/install/parking/share/parking/hook/pythonpath.dsv'
[15.454s] INFO:colcon.colcon_core.shell:Creating environment hook '/home/alereyes/C-ROS-Automodel_Car/AutoModelRasp_ws/src/install/parking/share/parking/hook/pythonpath.sh'
[15.454s] Level 1:colcon.colcon_core.environment:checking '/home/alereyes/C-ROS-Automodel_Car/AutoModelRasp_ws/src/install/parking/bin'
[15.454s] Level 1:colcon.colcon_core.environment:create_environment_scripts_only(parking)
[15.454s] INFO:colcon.colcon_core.shell:Creating package script '/home/alereyes/C-ROS-Automodel_Car/AutoModelRasp_ws/src/install/parking/share/parking/package.ps1'
[15.454s] INFO:colcon.colcon_core.shell:Creating package descriptor '/home/alereyes/C-ROS-Automodel_Car/AutoModelRasp_ws/src/install/parking/share/parking/package.dsv'
[15.455s] INFO:colcon.colcon_core.shell:Creating package script '/home/alereyes/C-ROS-Automodel_Car/AutoModelRasp_ws/src/install/parking/share/parking/package.sh'
[15.455s] INFO:colcon.colcon_core.shell:Creating package script '/home/alereyes/C-ROS-Automodel_Car/AutoModelRasp_ws/src/install/parking/share/parking/package.bash'
[15.455s] INFO:colcon.colcon_core.shell:Creating package script '/home/alereyes/C-ROS-Automodel_Car/AutoModelRasp_ws/src/install/parking/share/parking/package.zsh'
[15.455s] Level 1:colcon.colcon_core.environment:create_file_with_runtime_dependencies(/home/alereyes/C-ROS-Automodel_Car/AutoModelRasp_ws/src/install/parking/share/colcon-core/packages/parking)
[19.415s] DEBUG:colcon.colcon_core.event_handler.log_command:Invoked command in '/home/alereyes/C-ROS-Automodel_Car/AutoModelRasp_ws/src/build/motor_msgs' returned '0': CMAKE_PREFIX_PATH=${CMAKE_PREFIX_PATH}:/opt/ros/jazzy DEBUGINFOD_URLS=https://debuginfod.ubuntu.com /usr/bin/cmake /home/alereyes/C-ROS-Automodel_Car/AutoModelRasp_ws/src/motor_msg -DCMAKE_INSTALL_PREFIX=/home/alereyes/C-ROS-Automodel_Car/AutoModelRasp_ws/src/install/motor_msgs
[19.417s] DEBUG:colcon.colcon_core.event_handler.log_command:Invoking command in '/home/alereyes/C-ROS-Automodel_Car/AutoModelRasp_ws/src/build/motor_msgs': CMAKE_PREFIX_PATH=${CMAKE_PREFIX_PATH}:/opt/ros/jazzy DEBUGINFOD_URLS=https://debuginfod.ubuntu.com /usr/bin/cmake --build /home/alereyes/C-ROS-Automodel_Car/AutoModelRasp_ws/src/build/motor_msgs -- -j12 -l12
[26.548s] DEBUG:colcon.colcon_core.event_handler.log_command:Invoked command in '/home/alereyes/C-ROS-Automodel_Car/AutoModelRasp_ws/src/build/motor_msgs' returned '0': CMAKE_PREFIX_PATH=${CMAKE_PREFIX_PATH}:/opt/ros/jazzy DEBUGINFOD_URLS=https://debuginfod.ubuntu.com /usr/bin/cmake --build /home/alereyes/C-ROS-Automodel_Car/AutoModelRasp_ws/src/build/motor_msgs -- -j12 -l12
[26.557s] DEBUG:colcon.colcon_core.event_handler.log_command:Invoking command in '/home/alereyes/C-ROS-Automodel_Car/AutoModelRasp_ws/src/build/motor_msgs': CMAKE_PREFIX_PATH=${CMAKE_PREFIX_PATH}:/opt/ros/jazzy DEBUGINFOD_URLS=https://debuginfod.ubuntu.com /usr/bin/cmake --install /home/alereyes/C-ROS-Automodel_Car/AutoModelRasp_ws/src/build/motor_msgs
[26.698s] Level 1:colcon.colcon_core.environment:create_environment_scripts_only(motor_msgs)
[26.698s] DEBUG:colcon.colcon_core.event_handler.log_command:Invoked command in '/home/alereyes/C-ROS-Automodel_Car/AutoModelRasp_ws/src/build/motor_msgs' returned '0': CMAKE_PREFIX_PATH=${CMAKE_PREFIX_PATH}:/opt/ros/jazzy DEBUGINFOD_URLS=https://debuginfod.ubuntu.com /usr/bin/cmake --install /home/alereyes/C-ROS-Automodel_Car/AutoModelRasp_ws/src/build/motor_msgs
[26.699s] Level 1:colcon.colcon_core.environment:checking '/home/alereyes/C-ROS-Automodel_Car/AutoModelRasp_ws/src/install/motor_msgs' for CMake module files
[26.699s] Level 1:colcon.colcon_core.environment:checking '/home/alereyes/C-ROS-Automodel_Car/AutoModelRasp_ws/src/install/motor_msgs' for CMake config files
[26.699s] Level 1:colcon.colcon_core.shell:create_environment_hook('motor_msgs', 'cmake_prefix_path')
[26.699s] INFO:colcon.colcon_core.shell:Creating environment hook '/home/alereyes/C-ROS-Automodel_Car/AutoModelRasp_ws/src/install/motor_msgs/share/motor_msgs/hook/cmake_prefix_path.ps1'
[26.700s] INFO:colcon.colcon_core.shell:Creating environment descriptor '/home/alereyes/C-ROS-Automodel_Car/AutoModelRasp_ws/src/install/motor_msgs/share/motor_msgs/hook/cmake_prefix_path.dsv'
[26.700s] INFO:colcon.colcon_core.shell:Creating environment hook '/home/alereyes/C-ROS-Automodel_Car/AutoModelRasp_ws/src/install/motor_msgs/share/motor_msgs/hook/cmake_prefix_path.sh'
[26.700s] Level 1:colcon.colcon_core.environment:checking '/home/alereyes/C-ROS-Automodel_Car/AutoModelRasp_ws/src/install/motor_msgs/lib'
[26.700s] Level 1:colcon.colcon_core.shell:create_environment_hook('motor_msgs', 'ld_library_path_lib')
[26.700s] INFO:colcon.colcon_core.shell:Creating environment hook '/home/alereyes/C-ROS-Automodel_Car/AutoModelRasp_ws/src/install/motor_msgs/share/motor_msgs/hook/ld_library_path_lib.ps1'
[26.700s] INFO:colcon.colcon_core.shell:Creating environment descriptor '/home/alereyes/C-ROS-Automodel_Car/AutoModelRasp_ws/src/install/motor_msgs/share/motor_msgs/hook/ld_library_path_lib.dsv'
[26.701s] INFO:colcon.colcon_core.shell:Creating environment hook '/home/alereyes/C-ROS-Automodel_Car/AutoModelRasp_ws/src/install/motor_msgs/share/motor_msgs/hook/ld_library_path_lib.sh'
[26.701s] Level 1:colcon.colcon_core.environment:checking '/home/alereyes/C-ROS-Automodel_Car/AutoModelRasp_ws/src/install/motor_msgs/bin'
[26.701s] Level 1:colcon.colcon_core.environment:checking '/home/alereyes/C-ROS-Automodel_Car/AutoModelRasp_ws/src/install/motor_msgs/lib/pkgconfig/motor_msgs.pc'
[26.701s] Level 1:colcon.colcon_core.environment:checking '/home/alereyes/C-ROS-Automodel_Car/AutoModelRasp_ws/src/install/motor_msgs/lib/python3.12/site-packages'
[26.701s] Level 1:colcon.colcon_core.shell:create_environment_hook('motor_msgs', 'pythonpath')
[26.701s] INFO:colcon.colcon_core.shell:Creating environment hook '/home/alereyes/C-ROS-Automodel_Car/AutoModelRasp_ws/src/install/motor_msgs/share/motor_msgs/hook/pythonpath.ps1'
[26.701s] INFO:colcon.colcon_core.shell:Creating environment descriptor '/home/alereyes/C-ROS-Automodel_Car/AutoModelRasp_ws/src/install/motor_msgs/share/motor_msgs/hook/pythonpath.dsv'
[26.701s] INFO:colcon.colcon_core.shell:Creating environment hook '/home/alereyes/C-ROS-Automodel_Car/AutoModelRasp_ws/src/install/motor_msgs/share/motor_msgs/hook/pythonpath.sh'
[26.702s] Level 1:colcon.colcon_core.environment:checking '/home/alereyes/C-ROS-Automodel_Car/AutoModelRasp_ws/src/install/motor_msgs/bin'
[26.702s] INFO:colcon.colcon_core.shell:Creating package script '/home/alereyes/C-ROS-Automodel_Car/AutoModelRasp_ws/src/install/motor_msgs/share/motor_msgs/package.ps1'
[26.702s] INFO:colcon.colcon_core.shell:Creating package descriptor '/home/alereyes/C-ROS-Automodel_Car/AutoModelRasp_ws/src/install/motor_msgs/share/motor_msgs/package.dsv'
[26.703s] INFO:colcon.colcon_core.shell:Creating package script '/home/alereyes/C-ROS-Automodel_Car/AutoModelRasp_ws/src/install/motor_msgs/share/motor_msgs/package.sh'
[26.703s] INFO:colcon.colcon_core.shell:Creating package script '/home/alereyes/C-ROS-Automodel_Car/AutoModelRasp_ws/src/install/motor_msgs/share/motor_msgs/package.bash'
[26.703s] INFO:colcon.colcon_core.shell:Creating package script '/home/alereyes/C-ROS-Automodel_Car/AutoModelRasp_ws/src/install/motor_msgs/share/motor_msgs/package.zsh'
[26.703s] Level 1:colcon.colcon_core.environment:create_file_with_runtime_dependencies(/home/alereyes/C-ROS-Automodel_Car/AutoModelRasp_ws/src/install/motor_msgs/share/colcon-core/packages/motor_msgs)
[26.704s] Level 1:colcon.colcon_core.environment:create_environment_scripts_only(motor_msgs)
[26.704s] Level 1:colcon.colcon_core.environment:checking '/home/alereyes/C-ROS-Automodel_Car/AutoModelRasp_ws/src/install/motor_msgs' for CMake module files
[26.704s] Level 1:colcon.colcon_core.environment:checking '/home/alereyes/C-ROS-Automodel_Car/AutoModelRasp_ws/src/install/motor_msgs' for CMake config files
[26.704s] Level 1:colcon.colcon_core.shell:create_environment_hook('motor_msgs', 'cmake_prefix_path')
[26.705s] INFO:colcon.colcon_core.shell:Creating environment hook '/home/alereyes/C-ROS-Automodel_Car/AutoModelRasp_ws/src/install/motor_msgs/share/motor_msgs/hook/cmake_prefix_path.ps1'
[26.705s] INFO:colcon.colcon_core.shell:Creating environment descriptor '/home/alereyes/C-ROS-Automodel_Car/AutoModelRasp_ws/src/install/motor_msgs/share/motor_msgs/hook/cmake_prefix_path.dsv'
[26.705s] INFO:colcon.colcon_core.shell:Creating environment hook '/home/alereyes/C-ROS-Automodel_Car/AutoModelRasp_ws/src/install/motor_msgs/share/motor_msgs/hook/cmake_prefix_path.sh'
[26.706s] Level 1:colcon.colcon_core.environment:checking '/home/alereyes/C-ROS-Automodel_Car/AutoModelRasp_ws/src/install/motor_msgs/lib'
[26.706s] Level 1:colcon.colcon_core.shell:create_environment_hook('motor_msgs', 'ld_library_path_lib')
[26.706s] INFO:colcon.colcon_core.shell:Creating environment hook '/home/alereyes/C-ROS-Automodel_Car/AutoModelRasp_ws/src/install/motor_msgs/share/motor_msgs/hook/ld_library_path_lib.ps1'
[26.706s] INFO:colcon.colcon_core.shell:Creating environment descriptor '/home/alereyes/C-ROS-Automodel_Car/AutoModelRasp_ws/src/install/motor_msgs/share/motor_msgs/hook/ld_library_path_lib.dsv'
[26.706s] INFO:colcon.colcon_core.shell:Creating environment hook '/home/alereyes/C-ROS-Automodel_Car/AutoModelRasp_ws/src/install/motor_msgs/share/motor_msgs/hook/ld_library_path_lib.sh'
[26.707s] Level 1:colcon.colcon_core.environment:checking '/home/alereyes/C-ROS-Automodel_Car/AutoModelRasp_ws/src/install/motor_msgs/bin'
[26.707s] Level 1:colcon.colcon_core.environment:checking '/home/alereyes/C-ROS-Automodel_Car/AutoModelRasp_ws/src/install/motor_msgs/lib/pkgconfig/motor_msgs.pc'
[26.707s] Level 1:colcon.colcon_core.environment:checking '/home/alereyes/C-ROS-Automodel_Car/AutoModelRasp_ws/src/install/motor_msgs/lib/python3.12/site-packages'
[26.707s] Level 1:colcon.colcon_core.shell:create_environment_hook('motor_msgs', 'pythonpath')
[26.707s] INFO:colcon.colcon_core.shell:Creating environment hook '/home/alereyes/C-ROS-Automodel_Car/AutoModelRasp_ws/src/install/motor_msgs/share/motor_msgs/hook/pythonpath.ps1'
[26.707s] INFO:colcon.colcon_core.shell:Creating environment descriptor '/home/alereyes/C-ROS-Automodel_Car/AutoModelRasp_ws/src/install/motor_msgs/share/motor_msgs/hook/pythonpath.dsv'
[26.707s] INFO:colcon.colcon_core.shell:Creating environment hook '/home/alereyes/C-ROS-Automodel_Car/AutoModelRasp_ws/src/install/motor_msgs/share/motor_msgs/hook/pythonpath.sh'
[26.708s] Level 1:colcon.colcon_core.environment:checking '/home/alereyes/C-ROS-Automodel_Car/AutoModelRasp_ws/src/install/motor_msgs/bin'
[26.708s] INFO:colcon.colcon_core.shell:Creating package script '/home/alereyes/C-ROS-Automodel_Car/AutoModelRasp_ws/src/install/motor_msgs/share/motor_msgs/package.ps1'
[26.708s] INFO:colcon.colcon_core.shell:Creating package descriptor '/home/alereyes/C-ROS-Automodel_Car/AutoModelRasp_ws/src/install/motor_msgs/share/motor_msgs/package.dsv'
[26.709s] INFO:colcon.colcon_core.shell:Creating package script '/home/alereyes/C-ROS-Automodel_Car/AutoModelRasp_ws/src/install/motor_msgs/share/motor_msgs/package.sh'
[26.709s] INFO:colcon.colcon_core.shell:Creating package script '/home/alereyes/C-ROS-Automodel_Car/AutoModelRasp_ws/src/install/motor_msgs/share/motor_msgs/package.bash'
[26.709s] INFO:colcon.colcon_core.shell:Creating package script '/home/alereyes/C-ROS-Automodel_Car/AutoModelRasp_ws/src/install/motor_msgs/share/motor_msgs/package.zsh'
[26.710s] Level 1:colcon.colcon_core.environment:create_file_with_runtime_dependencies(/home/alereyes/C-ROS-Automodel_Car/AutoModelRasp_ws/src/install/motor_msgs/share/colcon-core/packages/motor_msgs)
[26.710s] INFO:colcon.colcon_ros.task.ament_python.build:Building ROS package in '/home/alereyes/C-ROS-Automodel_Car/AutoModelRasp_ws/src/com_stm' with build type 'ament_python'
[26.710s] Level 1:colcon.colcon_core.shell:create_environment_hook('com_stm', 'ament_prefix_path')
[26.710s] INFO:colcon.colcon_core.shell:Creating environment hook '/home/alereyes/C-ROS-Automodel_Car/AutoModelRasp_ws/src/install/com_stm/share/com_stm/hook/ament_prefix_path.ps1'
[26.711s] INFO:colcon.colcon_core.shell:Creating environment descriptor '/home/alereyes/C-ROS-Automodel_Car/AutoModelRasp_ws/src/install/com_stm/share/com_stm/hook/ament_prefix_path.dsv'
[26.711s] INFO:colcon.colcon_core.shell:Creating environment hook '/home/alereyes/C-ROS-Automodel_Car/AutoModelRasp_ws/src/install/com_stm/share/com_stm/hook/ament_prefix_path.sh'
[26.711s] INFO:colcon.colcon_core.shell:Skip shell extension 'powershell' for command environment: Not usable outside of PowerShell
[26.711s] DEBUG:colcon.colcon_core.shell:Skip shell extension 'dsv' for command environment
[26.713s] INFO:colcon.colcon_ros.task.ament_python.build:Building ROS package in '/home/alereyes/C-ROS-Automodel_Car/AutoModelRasp_ws/src/manual' with build type 'ament_python'
[26.713s] Level 1:colcon.colcon_core.shell:create_environment_hook('manual', 'ament_prefix_path')
[26.713s] INFO:colcon.colcon_core.shell:Creating environment hook '/home/alereyes/C-ROS-Automodel_Car/AutoModelRasp_ws/src/install/manual/share/manual/hook/ament_prefix_path.ps1'
[26.714s] INFO:colcon.colcon_core.shell:Creating environment descriptor '/home/alereyes/C-ROS-Automodel_Car/AutoModelRasp_ws/src/install/manual/share/manual/hook/ament_prefix_path.dsv'
[26.714s] INFO:colcon.colcon_core.shell:Creating environment hook '/home/alereyes/C-ROS-Automodel_Car/AutoModelRasp_ws/src/install/manual/share/manual/hook/ament_prefix_path.sh'
[26.714s] INFO:colcon.colcon_core.shell:Skip shell extension 'powershell' for command environment: Not usable outside of PowerShell
[26.714s] DEBUG:colcon.colcon_core.shell:Skip shell extension 'dsv' for command environment
[26.859s] INFO:colcon.colcon_core.task.python.build:Building Python package in '/home/alereyes/C-ROS-Automodel_Car/AutoModelRasp_ws/src/com_stm'
[26.860s] INFO:colcon.colcon_core.shell:Skip shell extension 'powershell' for command environment: Not usable outside of PowerShell
[26.860s] DEBUG:colcon.colcon_core.shell:Skip shell extension 'dsv' for command environment
[27.007s] INFO:colcon.colcon_core.task.python.build:Building Python package in '/home/alereyes/C-ROS-Automodel_Car/AutoModelRasp_ws/src/manual'
[27.007s] INFO:colcon.colcon_core.shell:Skip shell extension 'powershell' for command environment: Not usable outside of PowerShell
[27.007s] DEBUG:colcon.colcon_core.shell:Skip shell extension 'dsv' for command environment
[27.646s] DEBUG:colcon.colcon_core.event_handler.log_command:Invoking command in '/home/alereyes/C-ROS-Automodel_Car/AutoModelRasp_ws/src/manual': AMENT_PREFIX_PATH=/home/alereyes/C-ROS-Automodel_Car/AutoModelRasp_ws/src/install/motor_msgs:${AMENT_PREFIX_PATH} CMAKE_PREFIX_PATH=/home/alereyes/C-ROS-Automodel_Car/AutoModelRasp_ws/src/install/motor_msgs:${CMAKE_PREFIX_PATH} DEBUGINFOD_URLS=https://debuginfod.ubuntu.com LD_LIBRARY_PATH=/home/alereyes/C-ROS-Automodel_Car/AutoModelRasp_ws/src/install/motor_msgs/lib:${LD_LIBRARY_PATH} PYTHONPATH=/home/alereyes/C-ROS-Automodel_Car/AutoModelRasp_ws/src/build/manual/prefix_override:/usr/lib/python3/dist-packages/colcon_core/task/python/colcon_distutils_commands:/home/alereyes/C-ROS-Automodel_Car/AutoModelRasp_ws/src/install/manual/lib/python3.12/site-packages:/home/alereyes/C-ROS-Automodel_Car/AutoModelRasp_ws/src/install/motor_msgs/lib/python3.12/site-packages:${PYTHONPATH} /usr/bin/python3 -W ignore:setup.py install is deprecated -W ignore:easy_install command is deprecated setup.py egg_info --egg-base ../build/manual build --build-base /home/alereyes/C-ROS-Automodel_Car/AutoModelRasp_ws/src/build/manual/build install --record /home/alereyes/C-ROS-Automodel_Car/AutoModelRasp_ws/src/build/manual/install.log --single-version-externally-managed install_data
[27.646s] DEBUG:colcon.colcon_core.event_handler.log_command:Invoking command in '/home/alereyes/C-ROS-Automodel_Car/AutoModelRasp_ws/src/com_stm': AMENT_PREFIX_PATH=/home/alereyes/C-ROS-Automodel_Car/AutoModelRasp_ws/src/install/motor_msgs:${AMENT_PREFIX_PATH} CMAKE_PREFIX_PATH=/home/alereyes/C-ROS-Automodel_Car/AutoModelRasp_ws/src/install/motor_msgs:${CMAKE_PREFIX_PATH} DEBUGINFOD_URLS=https://debuginfod.ubuntu.com LD_LIBRARY_PATH=/home/alereyes/C-ROS-Automodel_Car/AutoModelRasp_ws/src/install/motor_msgs/lib:${LD_LIBRARY_PATH} PYTHONPATH=/home/alereyes/C-ROS-Automodel_Car/AutoModelRasp_ws/src/build/com_stm/prefix_override:/usr/lib/python3/dist-packages/colcon_core/task/python/colcon_distutils_commands:/home/alereyes/C-ROS-Automodel_Car/AutoModelRasp_ws/src/install/com_stm/lib/python3.12/site-packages:/home/alereyes/C-ROS-Automodel_Car/AutoModelRasp_ws/src/install/motor_msgs/lib/python3.12/site-packages:${PYTHONPATH} /usr/bin/python3 -W ignore:setup.py install is deprecated -W ignore:easy_install command is deprecated setup.py egg_info --egg-base ../build/com_stm build --build-base /home/alereyes/C-ROS-Automodel_Car/AutoModelRasp_ws/src/build/com_stm/build install --record /home/alereyes/C-ROS-Automodel_Car/AutoModelRasp_ws/src/build/com_stm/install.log --single-version-externally-managed install_data
[28.004s] Level 1:colcon.colcon_core.environment:checking '/home/alereyes/C-ROS-Automodel_Car/AutoModelRasp_ws/src/install/manual' for CMake module files
[28.004s] DEBUG:colcon.colcon_core.event_handler.log_command:Invoked command in '/home/alereyes/C-ROS-Automodel_Car/AutoModelRasp_ws/src/manual' returned '0': AMENT_PREFIX_PATH=/home/alereyes/C-ROS-Automodel_Car/AutoModelRasp_ws/src/install/motor_msgs:${AMENT_PREFIX_PATH} CMAKE_PREFIX_PATH=/home/alereyes/C-ROS-Automodel_Car/AutoModelRasp_ws/src/install/motor_msgs:${CMAKE_PREFIX_PATH} DEBUGINFOD_URLS=https://debuginfod.ubuntu.com LD_LIBRARY_PATH=/home/alereyes/C-ROS-Automodel_Car/AutoModelRasp_ws/src/install/motor_msgs/lib:${LD_LIBRARY_PATH} PYTHONPATH=/home/alereyes/C-ROS-Automodel_Car/AutoModelRasp_ws/src/build/manual/prefix_override:/usr/lib/python3/dist-packages/colcon_core/task/python/colcon_distutils_commands:/home/alereyes/C-ROS-Automodel_Car/AutoModelRasp_ws/src/install/manual/lib/python3.12/site-packages:/home/alereyes/C-ROS-Automodel_Car/AutoModelRasp_ws/src/install/motor_msgs/lib/python3.12/site-packages:${PYTHONPATH} /usr/bin/python3 -W ignore:setup.py install is deprecated -W ignore:easy_install command is deprecated setup.py egg_info --egg-base ../build/manual build --build-base /home/alereyes/C-ROS-Automodel_Car/AutoModelRasp_ws/src/build/manual/build install --record /home/alereyes/C-ROS-Automodel_Car/AutoModelRasp_ws/src/build/manual/install.log --single-version-externally-managed install_data
[28.004s] Level 1:colcon.colcon_core.environment:checking '/home/alereyes/C-ROS-Automodel_Car/AutoModelRasp_ws/src/install/manual' for CMake config files
[28.005s] Level 1:colcon.colcon_core.environment:checking '/home/alereyes/C-ROS-Automodel_Car/AutoModelRasp_ws/src/install/manual/lib'
[28.005s] Level 1:colcon.colcon_core.environment:checking '/home/alereyes/C-ROS-Automodel_Car/AutoModelRasp_ws/src/install/manual/bin'
[28.005s] Level 1:colcon.colcon_core.environment:checking '/home/alereyes/C-ROS-Automodel_Car/AutoModelRasp_ws/src/install/manual/lib/pkgconfig/manual.pc'
[28.005s] Level 1:colcon.colcon_core.environment:checking '/home/alereyes/C-ROS-Automodel_Car/AutoModelRasp_ws/src/install/manual/lib/python3.12/site-packages'
[28.005s] Level 1:colcon.colcon_core.shell:create_environment_hook('manual', 'pythonpath')
[28.005s] INFO:colcon.colcon_core.shell:Creating environment hook '/home/alereyes/C-ROS-Automodel_Car/AutoModelRasp_ws/src/install/manual/share/manual/hook/pythonpath.ps1'
[28.005s] INFO:colcon.colcon_core.shell:Creating environment descriptor '/home/alereyes/C-ROS-Automodel_Car/AutoModelRasp_ws/src/install/manual/share/manual/hook/pythonpath.dsv'
[28.006s] INFO:colcon.colcon_core.shell:Creating environment hook '/home/alereyes/C-ROS-Automodel_Car/AutoModelRasp_ws/src/install/manual/share/manual/hook/pythonpath.sh'
[28.006s] Level 1:colcon.colcon_core.environment:checking '/home/alereyes/C-ROS-Automodel_Car/AutoModelRasp_ws/src/install/manual/bin'
[28.006s] Level 1:colcon.colcon_core.environment:create_environment_scripts_only(manual)
[28.006s] INFO:colcon.colcon_core.shell:Creating package script '/home/alereyes/C-ROS-Automodel_Car/AutoModelRasp_ws/src/install/manual/share/manual/package.ps1'
[28.007s] INFO:colcon.colcon_core.shell:Creating package descriptor '/home/alereyes/C-ROS-Automodel_Car/AutoModelRasp_ws/src/install/manual/share/manual/package.dsv'
[28.007s] INFO:colcon.colcon_core.shell:Creating package script '/home/alereyes/C-ROS-Automodel_Car/AutoModelRasp_ws/src/install/manual/share/manual/package.sh'
[28.007s] INFO:colcon.colcon_core.shell:Creating package script '/home/alereyes/C-ROS-Automodel_Car/AutoModelRasp_ws/src/install/manual/share/manual/package.bash'
[28.007s] INFO:colcon.colcon_core.shell:Creating package script '/home/alereyes/C-ROS-Automodel_Car/AutoModelRasp_ws/src/install/manual/share/manual/package.zsh'
[28.007s] Level 1:colcon.colcon_core.environment:create_file_with_runtime_dependencies(/home/alereyes/C-ROS-Automodel_Car/AutoModelRasp_ws/src/install/manual/share/colcon-core/packages/manual)
[28.008s] Level 1:colcon.colcon_core.environment:checking '/home/alereyes/C-ROS-Automodel_Car/AutoModelRasp_ws/src/install/com_stm' for CMake module files
[28.008s] Level 1:colcon.colcon_core.environment:checking '/home/alereyes/C-ROS-Automodel_Car/AutoModelRasp_ws/src/install/com_stm' for CMake config files
[28.008s] DEBUG:colcon.colcon_core.event_handler.log_command:Invoked command in '/home/alereyes/C-ROS-Automodel_Car/AutoModelRasp_ws/src/com_stm' returned '0': AMENT_PREFIX_PATH=/home/alereyes/C-ROS-Automodel_Car/AutoModelRasp_ws/src/install/motor_msgs:${AMENT_PREFIX_PATH} CMAKE_PREFIX_PATH=/home/alereyes/C-ROS-Automodel_Car/AutoModelRasp_ws/src/install/motor_msgs:${CMAKE_PREFIX_PATH} DEBUGINFOD_URLS=https://debuginfod.ubuntu.com LD_LIBRARY_PATH=/home/alereyes/C-ROS-Automodel_Car/AutoModelRasp_ws/src/install/motor_msgs/lib:${LD_LIBRARY_PATH} PYTHONPATH=/home/alereyes/C-ROS-Automodel_Car/AutoModelRasp_ws/src/build/com_stm/prefix_override:/usr/lib/python3/dist-packages/colcon_core/task/python/colcon_distutils_commands:/home/alereyes/C-ROS-Automodel_Car/AutoModelRasp_ws/src/install/com_stm/lib/python3.12/site-packages:/home/alereyes/C-ROS-Automodel_Car/AutoModelRasp_ws/src/install/motor_msgs/lib/python3.12/site-packages:${PYTHONPATH} /usr/bin/python3 -W ignore:setup.py install is deprecated -W ignore:easy_install command is deprecated setup.py egg_info --egg-base ../build/com_stm build --build-base /home/alereyes/C-ROS-Automodel_Car/AutoModelRasp_ws/src/build/com_stm/build install --record /home/alereyes/C-ROS-Automodel_Car/AutoModelRasp_ws/src/build/com_stm/install.log --single-version-externally-managed install_data
[28.009s] Level 1:colcon.colcon_core.environment:checking '/home/alereyes/C-ROS-Automodel_Car/AutoModelRasp_ws/src/install/com_stm/lib'
[28.009s] Level 1:colcon.colcon_core.environment:checking '/home/alereyes/C-ROS-Automodel_Car/AutoModelRasp_ws/src/install/com_stm/bin'
[28.009s] Level 1:colcon.colcon_core.environment:checking '/home/alereyes/C-ROS-Automodel_Car/AutoModelRasp_ws/src/install/com_stm/lib/pkgconfig/com_stm.pc'
[28.009s] Level 1:colcon.colcon_core.environment:checking '/home/alereyes/C-ROS-Automodel_Car/AutoModelRasp_ws/src/install/com_stm/lib/python3.12/site-packages'
[28.009s] Level 1:colcon.colcon_core.shell:create_environment_hook('com_stm', 'pythonpath')
[28.009s] INFO:colcon.colcon_core.shell:Creating environment hook '/home/alereyes/C-ROS-Automodel_Car/AutoModelRasp_ws/src/install/com_stm/share/com_stm/hook/pythonpath.ps1'
[28.009s] INFO:colcon.colcon_core.shell:Creating environment descriptor '/home/alereyes/C-ROS-Automodel_Car/AutoModelRasp_ws/src/install/com_stm/share/com_stm/hook/pythonpath.dsv'
[28.009s] INFO:colcon.colcon_core.shell:Creating environment hook '/home/alereyes/C-ROS-Automodel_Car/AutoModelRasp_ws/src/install/com_stm/share/com_stm/hook/pythonpath.sh'
[28.010s] Level 1:colcon.colcon_core.environment:checking '/home/alereyes/C-ROS-Automodel_Car/AutoModelRasp_ws/src/install/com_stm/bin'
[28.010s] Level 1:colcon.colcon_core.environment:create_environment_scripts_only(com_stm)
[28.010s] INFO:colcon.colcon_core.shell:Creating package script '/home/alereyes/C-ROS-Automodel_Car/AutoModelRasp_ws/src/install/com_stm/share/com_stm/package.ps1'
[28.010s] INFO:colcon.colcon_core.shell:Creating package descriptor '/home/alereyes/C-ROS-Automodel_Car/AutoModelRasp_ws/src/install/com_stm/share/com_stm/package.dsv'
[28.011s] INFO:colcon.colcon_core.shell:Creating package script '/home/alereyes/C-ROS-Automodel_Car/AutoModelRasp_ws/src/install/com_stm/share/com_stm/package.sh'
[28.011s] INFO:colcon.colcon_core.shell:Creating package script '/home/alereyes/C-ROS-Automodel_Car/AutoModelRasp_ws/src/install/com_stm/share/com_stm/package.bash'
[28.011s] INFO:colcon.colcon_core.shell:Creating package script '/home/alereyes/C-ROS-Automodel_Car/AutoModelRasp_ws/src/install/com_stm/share/com_stm/package.zsh'
[28.011s] Level 1:colcon.colcon_core.environment:create_file_with_runtime_dependencies(/home/alereyes/C-ROS-Automodel_Car/AutoModelRasp_ws/src/install/com_stm/share/colcon-core/packages/com_stm)
[29.797s] DEBUG:colcon.colcon_core.event_handler.log_command:Invoked command in '/home/alereyes/C-ROS-Automodel_Car/AutoModelRasp_ws/src/build/ascamera' returned '0': CMAKE_PREFIX_PATH=${CMAKE_PREFIX_PATH}:/opt/ros/jazzy DEBUGINFOD_URLS=https://debuginfod.ubuntu.com /usr/bin/cmake /home/alereyes/C-ROS-Automodel_Car/AutoModelRasp_ws/src/ascamera -DCMAKE_INSTALL_PREFIX=/home/alereyes/C-ROS-Automodel_Car/AutoModelRasp_ws/src/install/ascamera
[29.798s] DEBUG:colcon.colcon_core.event_handler.log_command:Invoking command in '/home/alereyes/C-ROS-Automodel_Car/AutoModelRasp_ws/src/build/ascamera': CMAKE_PREFIX_PATH=${CMAKE_PREFIX_PATH}:/opt/ros/jazzy DEBUGINFOD_URLS=https://debuginfod.ubuntu.com /usr/bin/cmake --build /home/alereyes/C-ROS-Automodel_Car/AutoModelRasp_ws/src/build/ascamera -- -j12 -l12
[53.779s] DEBUG:colcon.colcon_core.event_handler.log_command:Invoked command in '/home/alereyes/C-ROS-Automodel_Car/AutoModelRasp_ws/src/build/ascamera' returned '0': CMAKE_PREFIX_PATH=${CMAKE_PREFIX_PATH}:/opt/ros/jazzy DEBUGINFOD_URLS=https://debuginfod.ubuntu.com /usr/bin/cmake --build /home/alereyes/C-ROS-Automodel_Car/AutoModelRasp_ws/src/build/ascamera -- -j12 -l12
[53.781s] DEBUG:colcon.colcon_core.event_handler.log_command:Invoking command in '/home/alereyes/C-ROS-Automodel_Car/AutoModelRasp_ws/src/build/ascamera': CMAKE_PREFIX_PATH=${CMAKE_PREFIX_PATH}:/opt/ros/jazzy DEBUGINFOD_URLS=https://debuginfod.ubuntu.com /usr/bin/cmake --install /home/alereyes/C-ROS-Automodel_Car/AutoModelRasp_ws/src/build/ascamera
[53.796s] Level 1:colcon.colcon_core.environment:create_environment_scripts_only(ascamera)
[53.796s] Level 1:colcon.colcon_core.environment:checking '/home/alereyes/C-ROS-Automodel_Car/AutoModelRasp_ws/src/install/ascamera' for CMake module files
[53.796s] DEBUG:colcon.colcon_core.event_handler.log_command:Invoked command in '/home/alereyes/C-ROS-Automodel_Car/AutoModelRasp_ws/src/build/ascamera' returned '0': CMAKE_PREFIX_PATH=${CMAKE_PREFIX_PATH}:/opt/ros/jazzy DEBUGINFOD_URLS=https://debuginfod.ubuntu.com /usr/bin/cmake --install /home/alereyes/C-ROS-Automodel_Car/AutoModelRasp_ws/src/build/ascamera
[53.797s] Level 1:colcon.colcon_core.environment:checking '/home/alereyes/C-ROS-Automodel_Car/AutoModelRasp_ws/src/install/ascamera' for CMake config files
[53.797s] Level 1:colcon.colcon_core.shell:create_environment_hook('ascamera', 'cmake_prefix_path')
[53.797s] INFO:colcon.colcon_core.shell:Creating environment hook '/home/alereyes/C-ROS-Automodel_Car/AutoModelRasp_ws/src/install/ascamera/share/ascamera/hook/cmake_prefix_path.ps1'
[53.797s] INFO:colcon.colcon_core.shell:Creating environment descriptor '/home/alereyes/C-ROS-Automodel_Car/AutoModelRasp_ws/src/install/ascamera/share/ascamera/hook/cmake_prefix_path.dsv'
[53.798s] INFO:colcon.colcon_core.shell:Creating environment hook '/home/alereyes/C-ROS-Automodel_Car/AutoModelRasp_ws/src/install/ascamera/share/ascamera/hook/cmake_prefix_path.sh'
[53.798s] Level 1:colcon.colcon_core.environment:checking '/home/alereyes/C-ROS-Automodel_Car/AutoModelRasp_ws/src/install/ascamera/lib'
[53.798s] Level 1:colcon.colcon_core.environment:checking '/home/alereyes/C-ROS-Automodel_Car/AutoModelRasp_ws/src/install/ascamera/bin'
[53.798s] Level 1:colcon.colcon_core.environment:checking '/home/alereyes/C-ROS-Automodel_Car/AutoModelRasp_ws/src/install/ascamera/lib/pkgconfig/ascamera.pc'
[53.799s] Level 1:colcon.colcon_core.environment:checking '/home/alereyes/C-ROS-Automodel_Car/AutoModelRasp_ws/src/install/ascamera/lib/python3.12/site-packages'
[53.799s] Level 1:colcon.colcon_core.environment:checking '/home/alereyes/C-ROS-Automodel_Car/AutoModelRasp_ws/src/install/ascamera/bin'
[53.799s] INFO:colcon.colcon_core.shell:Creating package script '/home/alereyes/C-ROS-Automodel_Car/AutoModelRasp_ws/src/install/ascamera/share/ascamera/package.ps1'
[53.800s] INFO:colcon.colcon_core.shell:Creating package descriptor '/home/alereyes/C-ROS-Automodel_Car/AutoModelRasp_ws/src/install/ascamera/share/ascamera/package.dsv'
[53.800s] INFO:colcon.colcon_core.shell:Creating package script '/home/alereyes/C-ROS-Automodel_Car/AutoModelRasp_ws/src/install/ascamera/share/ascamera/package.sh'
[53.801s] INFO:colcon.colcon_core.shell:Creating package script '/home/alereyes/C-ROS-Automodel_Car/AutoModelRasp_ws/src/install/ascamera/share/ascamera/package.bash'
[53.801s] INFO:colcon.colcon_core.shell:Creating package script '/home/alereyes/C-ROS-Automodel_Car/AutoModelRasp_ws/src/install/ascamera/share/ascamera/package.zsh'
[53.801s] Level 1:colcon.colcon_core.environment:create_file_with_runtime_dependencies(/home/alereyes/C-ROS-Automodel_Car/AutoModelRasp_ws/src/install/ascamera/share/colcon-core/packages/ascamera)
[53.802s] Level 1:colcon.colcon_core.environment:create_environment_scripts_only(ascamera)
[53.802s] Level 1:colcon.colcon_core.environment:checking '/home/alereyes/C-ROS-Automodel_Car/AutoModelRasp_ws/src/install/ascamera' for CMake module files
[53.803s] Level 1:colcon.colcon_core.environment:checking '/home/alereyes/C-ROS-Automodel_Car/AutoModelRasp_ws/src/install/ascamera' for CMake config files
[53.803s] Level 1:colcon.colcon_core.shell:create_environment_hook('ascamera', 'cmake_prefix_path')
[53.803s] INFO:colcon.colcon_core.shell:Creating environment hook '/home/alereyes/C-ROS-Automodel_Car/AutoModelRasp_ws/src/install/ascamera/share/ascamera/hook/cmake_prefix_path.ps1'
[53.804s] INFO:colcon.colcon_core.shell:Creating environment descriptor '/home/alereyes/C-ROS-Automodel_Car/AutoModelRasp_ws/src/install/ascamera/share/ascamera/hook/cmake_prefix_path.dsv'
[53.804s] INFO:colcon.colcon_core.shell:Creating environment hook '/home/alereyes/C-ROS-Automodel_Car/AutoModelRasp_ws/src/install/ascamera/share/ascamera/hook/cmake_prefix_path.sh'
[53.805s] Level 1:colcon.colcon_core.environment:checking '/home/alereyes/C-ROS-Automodel_Car/AutoModelRasp_ws/src/install/ascamera/lib'
[53.805s] Level 1:colcon.colcon_core.environment:checking '/home/alereyes/C-ROS-Automodel_Car/AutoModelRasp_ws/src/install/ascamera/bin'
[53.805s] Level 1:colcon.colcon_core.environment:checking '/home/alereyes/C-ROS-Automodel_Car/AutoModelRasp_ws/src/install/ascamera/lib/pkgconfig/ascamera.pc'
[53.805s] Level 1:colcon.colcon_core.environment:checking '/home/alereyes/C-ROS-Automodel_Car/AutoModelRasp_ws/src/install/ascamera/lib/python3.12/site-packages'
[53.806s] Level 1:colcon.colcon_core.environment:checking '/home/alereyes/C-ROS-Automodel_Car/AutoModelRasp_ws/src/install/ascamera/bin'
[53.806s] INFO:colcon.colcon_core.shell:Creating package script '/home/alereyes/C-ROS-Automodel_Car/AutoModelRasp_ws/src/install/ascamera/share/ascamera/package.ps1'
[53.807s] INFO:colcon.colcon_core.shell:Creating package descriptor '/home/alereyes/C-ROS-Automodel_Car/AutoModelRasp_ws/src/install/ascamera/share/ascamera/package.dsv'
[53.807s] INFO:colcon.colcon_core.shell:Creating package script '/home/alereyes/C-ROS-Automodel_Car/AutoModelRasp_ws/src/install/ascamera/share/ascamera/package.sh'
[53.808s] INFO:colcon.colcon_core.shell:Creating package script '/home/alereyes/C-ROS-Automodel_Car/AutoModelRasp_ws/src/install/ascamera/share/ascamera/package.bash'
[53.808s] INFO:colcon.colcon_core.shell:Creating package script '/home/alereyes/C-ROS-Automodel_Car/AutoModelRasp_ws/src/install/ascamera/share/ascamera/package.zsh'
[53.808s] Level 1:colcon.colcon_core.environment:create_file_with_runtime_dependencies(/home/alereyes/C-ROS-Automodel_Car/AutoModelRasp_ws/src/install/ascamera/share/colcon-core/packages/ascamera)
[53.809s] DEBUG:colcon.colcon_parallel_executor.executor.parallel:closing loop
[53.809s] DEBUG:colcon.colcon_parallel_executor.executor.parallel:loop closed
[53.809s] DEBUG:colcon.colcon_parallel_executor.executor.parallel:run_until_complete finished with '0'
[53.809s] DEBUG:colcon.colcon_core.event_reactor:joining thread
[53.858s] INFO:colcon.colcon_core.plugin_system:Skipping extension 'colcon_notification.desktop_notification.terminal_notifier': Not used on non-Darwin systems
[53.858s] INFO:colcon.colcon_core.plugin_system:Skipping extension 'colcon_notification.desktop_notification.win32': Not used on non-Windows systems
[53.858s] INFO:colcon.colcon_notification.desktop_notification:Sending desktop notification using 'notify2'
[53.879s] DEBUG:colcon.colcon_core.event_reactor:joined thread
[53.879s] INFO:colcon.colcon_core.shell:Creating prefix script '/home/alereyes/C-ROS-Automodel_Car/AutoModelRasp_ws/src/install/local_setup.ps1'
[53.904s] INFO:colcon.colcon_core.shell:Creating prefix util module '/home/alereyes/C-ROS-Automodel_Car/AutoModelRasp_ws/src/install/_local_setup_util_ps1.py'
[53.949s] INFO:colcon.colcon_core.shell:Creating prefix chain script '/home/alereyes/C-ROS-Automodel_Car/AutoModelRasp_ws/src/install/setup.ps1'
[53.968s] INFO:colcon.colcon_core.shell:Creating prefix script '/home/alereyes/C-ROS-Automodel_Car/AutoModelRasp_ws/src/install/local_setup.sh'
[53.970s] INFO:colcon.colcon_core.shell:Creating prefix util module '/home/alereyes/C-ROS-Automodel_Car/AutoModelRasp_ws/src/install/_local_setup_util_sh.py'
[53.971s] INFO:colcon.colcon_core.shell:Creating prefix chain script '/home/alereyes/C-ROS-Automodel_Car/AutoModelRasp_ws/src/install/setup.sh'
[53.972s] INFO:colcon.colcon_core.shell:Creating prefix script '/home/alereyes/C-ROS-Automodel_Car/AutoModelRasp_ws/src/install/local_setup.bash'
[53.984s] INFO:colcon.colcon_core.shell:Creating prefix chain script '/home/alereyes/C-ROS-Automodel_Car/AutoModelRasp_ws/src/install/setup.bash'
[53.986s] INFO:colcon.colcon_core.shell:Creating prefix script '/home/alereyes/C-ROS-Automodel_Car/AutoModelRasp_ws/src/install/local_setup.zsh'
[54.005s] INFO:colcon.colcon_core.shell:Creating prefix chain script '/home/alereyes/C-ROS-Automodel_Car/AutoModelRasp_ws/src/install/setup.zsh'
