[0.172s] Invoking command in '/home/jason/C-ROS-Automodel_Car/simulacion_ws/build/motor_msgs': CMAKE_PREFIX_PATH=${CMAKE_PREFIX_PATH}:/opt/ros/jazzy /usr/bin/cmake /home/jason/C-ROS-Automodel_Car/simulacion_ws/src/motor_msg -DCMAKE_INSTALL_PREFIX=/home/jason/C-ROS-Automodel_Car/simulacion_ws/install/motor_msgs
[0.377s] -- The C compiler identification is GNU 13.3.0
[1.574s] -- The CXX compiler identification is GNU 13.3.0
[2.620s] -- Detecting C compiler ABI info
[2.989s] -- Detecting C compiler ABI info - done
[2.996s] -- Check for working C compiler: /usr/bin/cc - skipped
[2.996s] -- Detecting C compile features
[2.997s] -- Detecting C compile features - done
[3.170s] -- Detecting CXX compiler ABI info
[3.501s] -- Detecting CXX compiler ABI info - done
[3.508s] -- Check for working CXX compiler: /usr/bin/c++ - skipped
[3.508s] -- Detecting CXX compile features
[3.508s] -- Detecting CXX compile features - done
[3.514s] -- Found ament_cmake: 2.5.5 (/opt/ros/jazzy/share/ament_cmake/cmake)
[3.658s] -- Found Python3: /usr/bin/python3 (found version "3.12.3") found components: Interpreter 
[3.779s] -- Found std_msgs: 5.3.6 (/opt/ros/jazzy/share/std_msgs/cmake)
[4.087s] -- Found rosidl_generator_c: 4.6.7 (/opt/ros/jazzy/share/rosidl_generator_c/cmake)
[4.101s] -- Found rosidl_generator_cpp: 4.6.7 (/opt/ros/jazzy/share/rosidl_generator_cpp/cmake)
[4.116s] -- Using all available rosidl_typesupport_c: rosidl_typesupport_fastrtps_c;rosidl_typesupport_introspection_c
[4.133s] -- Using all available rosidl_typesupport_cpp: rosidl_typesupport_fastrtps_cpp;rosidl_typesupport_introspection_cpp
[4.161s] -- Found rosidl_default_generators: 1.6.0 (/opt/ros/jazzy/share/rosidl_default_generators/cmake)
[4.176s] -- Found rosidl_adapter: 4.6.7 (/opt/ros/jazzy/share/rosidl_adapter/cmake)
[4.658s] -- Found ament_cmake_ros: 0.12.0 (/opt/ros/jazzy/share/ament_cmake_ros/cmake)
[5.326s] -- Using all available rosidl_typesupport_c: rosidl_typesupport_fastrtps_c;rosidl_typesupport_introspection_c
[5.569s] -- Using all available rosidl_typesupport_cpp: rosidl_typesupport_fastrtps_cpp;rosidl_typesupport_introspection_cpp
[5.573s] -- Found python_cmake_module: 0.11.1 (/opt/ros/jazzy/share/python_cmake_module/cmake)
[5.685s] -- Found PythonExtra: /usr/bin/python3  
[6.053s] -- Found Python3: /usr/bin/python3 (found version "3.12.3") found components: Interpreter Development NumPy Development.Module Development.Embed 
[6.093s] -- Found ament_lint_auto: 0.17.4 (/opt/ros/jazzy/share/ament_lint_auto/cmake)
[6.118s] -- Added test 'lint_cmake' to check CMake code style
[6.119s] -- Added test 'xmllint' to check XML markup files
[6.122s] -- Configuring done (5.9s)
[6.169s] -- Generating done (0.0s)
[6.181s] -- Build files have been written to: /home/jason/C-ROS-Automodel_Car/simulacion_ws/build/motor_msgs
[6.192s] Invoked command in '/home/jason/C-ROS-Automodel_Car/simulacion_ws/build/motor_msgs' returned '0': CMAKE_PREFIX_PATH=${CMAKE_PREFIX_PATH}:/opt/ros/jazzy /usr/bin/cmake /home/jason/C-ROS-Automodel_Car/simulacion_ws/src/motor_msg -DCMAKE_INSTALL_PREFIX=/home/jason/C-ROS-Automodel_Car/simulacion_ws/install/motor_msgs
[6.193s] Invoking command in '/home/jason/C-ROS-Automodel_Car/simulacion_ws/build/motor_msgs': CMAKE_PREFIX_PATH=${CMAKE_PREFIX_PATH}:/opt/ros/jazzy /usr/bin/cmake --build /home/jason/C-ROS-Automodel_Car/simulacion_ws/build/motor_msgs -- -j12 -l12
[6.243s] [  2%] [34m[1mGenerating type hashes for ROS interfaces[0m
[6.253s] [  2%] Built target ament_cmake_python_copy_motor_msgs
[6.469s] running egg_info
[6.470s] creating motor_msgs.egg-info
[6.470s] [  2%] Built target motor_msgs__rosidl_generator_type_description
[6.481s] [  4%] [34m[1mGenerating C code for ROS interfaces[0m
[6.488s] writing motor_msgs.egg-info/PKG-INFO
[6.488s] writing dependency_links to motor_msgs.egg-info/dependency_links.txt
[6.488s] writing top-level names to motor_msgs.egg-info/top_level.txt
[6.488s] writing manifest file 'motor_msgs.egg-info/SOURCES.txt'
[6.495s] [  6%] [34m[1mGenerating C++ code for ROS interfaces[0m
[6.540s] reading manifest file 'motor_msgs.egg-info/SOURCES.txt'
[6.540s] writing manifest file 'motor_msgs.egg-info/SOURCES.txt'
[6.570s] [  6%] Built target ament_cmake_python_build_motor_msgs_egg
[6.732s] [  6%] Built target motor_msgs__cpp
[6.755s] [ 11%] [32mBuilding C object CMakeFiles/motor_msgs__rosidl_generator_c.dir/rosidl_generator_c/motor_msgs/msg/detail/motor_command__functions.c.o[0m
[6.755s] [ 11%] [32mBuilding C object CMakeFiles/motor_msgs__rosidl_generator_c.dir/rosidl_generator_c/motor_msgs/msg/detail/motor_command__type_support.c.o[0m
[6.756s] [ 13%] [32mBuilding C object CMakeFiles/motor_msgs__rosidl_generator_c.dir/rosidl_generator_c/motor_msgs/msg/detail/motor_command__description.c.o[0m
[6.756s] [ 15%] [32mBuilding C object CMakeFiles/motor_msgs__rosidl_generator_c.dir/rosidl_generator_c/motor_msgs/msg/detail/encoder_data__description.c.o[0m
[6.758s] [ 18%] [32mBuilding C object CMakeFiles/motor_msgs__rosidl_generator_c.dir/rosidl_generator_c/motor_msgs/msg/detail/encoder_data__functions.c.o[0m
[6.759s] [ 20%] [32mBuilding C object CMakeFiles/motor_msgs__rosidl_generator_c.dir/rosidl_generator_c/motor_msgs/msg/detail/encoder_data__type_support.c.o[0m
[6.803s] [ 22%] [32m[1mLinking C shared library libmotor_msgs__rosidl_generator_c.so[0m
[6.985s] [ 22%] Built target motor_msgs__rosidl_generator_c
[6.994s] [ 25%] [34m[1mGenerating C++ type support dispatch for ROS interfaces[0m
[6.995s] [ 27%] [34m[1mGenerating C type support for eProsima Fast-RTPS[0m
[6.997s] [ 29%] [34m[1mGenerating C++ type support for eProsima Fast-RTPS[0m
[6.998s] [ 31%] [34m[1mGenerating C++ introspection for ROS interfaces[0m
[6.999s] [ 34%] [34m[1mGenerating C introspection for ROS interfaces[0m
[6.999s] [ 36%] [34m[1mGenerating C type support dispatch for ROS interfaces[0m
[7.249s] [ 38%] [32mBuilding CXX object CMakeFiles/motor_msgs__rosidl_typesupport_introspection_cpp.dir/rosidl_typesupport_introspection_cpp/motor_msgs/msg/detail/motor_command__type_support.cpp.o[0m
[7.253s] [ 40%] [32mBuilding CXX object CMakeFiles/motor_msgs__rosidl_typesupport_introspection_cpp.dir/rosidl_typesupport_introspection_cpp/motor_msgs/msg/detail/encoder_data__type_support.cpp.o[0m
[7.280s] [ 43%] [32mBuilding CXX object CMakeFiles/motor_msgs__rosidl_typesupport_cpp.dir/rosidl_typesupport_cpp/motor_msgs/msg/motor_command__type_support.cpp.o[0m
[7.281s] [ 45%] [32mBuilding CXX object CMakeFiles/motor_msgs__rosidl_typesupport_cpp.dir/rosidl_typesupport_cpp/motor_msgs/msg/encoder_data__type_support.cpp.o[0m
[7.289s] [ 50%] [32mBuilding CXX object CMakeFiles/motor_msgs__rosidl_typesupport_c.dir/rosidl_typesupport_c/motor_msgs/msg/motor_command__type_support.cpp.o[0m
[7.289s] [ 50%] [32mBuilding CXX object CMakeFiles/motor_msgs__rosidl_typesupport_c.dir/rosidl_typesupport_c/motor_msgs/msg/encoder_data__type_support.cpp.o[0m
[7.293s] [ 52%] [32mBuilding C object CMakeFiles/motor_msgs__rosidl_typesupport_introspection_c.dir/rosidl_typesupport_introspection_c/motor_msgs/msg/detail/encoder_data__type_support.c.o[0m
[7.295s] [ 54%] [32mBuilding C object CMakeFiles/motor_msgs__rosidl_typesupport_introspection_c.dir/rosidl_typesupport_introspection_c/motor_msgs/msg/detail/motor_command__type_support.c.o[0m
[7.304s] [ 56%] [32mBuilding CXX object CMakeFiles/motor_msgs__rosidl_typesupport_fastrtps_c.dir/rosidl_typesupport_fastrtps_c/motor_msgs/msg/detail/encoder_data__type_support_c.cpp.o[0m
[7.307s] [ 59%] [32mBuilding CXX object CMakeFiles/motor_msgs__rosidl_typesupport_fastrtps_c.dir/rosidl_typesupport_fastrtps_c/motor_msgs/msg/detail/motor_command__type_support_c.cpp.o[0m
[7.343s] [ 61%] [32m[1mLinking C shared library libmotor_msgs__rosidl_typesupport_introspection_c.so[0m
[7.347s] [ 63%] [32m[1mLinking CXX shared library libmotor_msgs__rosidl_typesupport_c.so[0m
[7.357s] [ 65%] [32mBuilding CXX object CMakeFiles/motor_msgs__rosidl_typesupport_fastrtps_cpp.dir/rosidl_typesupport_fastrtps_cpp/motor_msgs/msg/detail/dds_fastrtps/encoder_data__type_support.cpp.o[0m
[7.357s] [ 68%] [32mBuilding CXX object CMakeFiles/motor_msgs__rosidl_typesupport_fastrtps_cpp.dir/rosidl_typesupport_fastrtps_cpp/motor_msgs/msg/detail/dds_fastrtps/motor_command__type_support.cpp.o[0m
[7.538s] [ 68%] Built target motor_msgs__rosidl_typesupport_introspection_c
[7.550s] [ 68%] Built target motor_msgs__rosidl_typesupport_c
[7.717s] [ 70%] [32m[1mLinking CXX shared library libmotor_msgs__rosidl_typesupport_introspection_cpp.so[0m
[7.752s] [ 72%] [32m[1mLinking CXX shared library libmotor_msgs__rosidl_typesupport_cpp.so[0m
[7.935s] [ 75%] [32m[1mLinking CXX shared library libmotor_msgs__rosidl_typesupport_fastrtps_c.so[0m
[7.959s] [ 77%] [32m[1mLinking CXX shared library libmotor_msgs__rosidl_typesupport_fastrtps_cpp.so[0m
[7.974s] [ 77%] Built target motor_msgs__rosidl_typesupport_introspection_cpp
[7.997s] [ 77%] Built target motor_msgs__rosidl_typesupport_cpp
[8.150s] [ 77%] Built target motor_msgs__rosidl_typesupport_fastrtps_c
[8.174s] [ 77%] Built target motor_msgs__rosidl_typesupport_fastrtps_cpp
[8.193s] [ 77%] Built target motor_msgs
[8.211s] [ 79%] [34m[1mGenerating Python code for ROS interfaces[0m
[8.486s] [ 79%] Built target motor_msgs__py
[8.505s] [ 81%] [32mBuilding C object CMakeFiles/motor_msgs__rosidl_generator_py.dir/rosidl_generator_py/motor_msgs/msg/_motor_command_s.c.o[0m
[8.506s] [ 84%] [32mBuilding C object CMakeFiles/motor_msgs__rosidl_generator_py.dir/rosidl_generator_py/motor_msgs/msg/_encoder_data_s.c.o[0m
[8.603s] [ 86%] [32m[1mLinking C shared library libmotor_msgs__rosidl_generator_py.so[0m
[8.780s] [ 86%] Built target motor_msgs__rosidl_generator_py
[8.798s] [ 90%] [32mBuilding C object CMakeFiles/motor_msgs_s__rosidl_typesupport_introspection_c.dir/rosidl_generator_py/motor_msgs/_motor_msgs_s.ep.rosidl_typesupport_introspection_c.c.o[0m
[8.798s] [ 90%] [32mBuilding C object CMakeFiles/motor_msgs_s__rosidl_typesupport_fastrtps_c.dir/rosidl_generator_py/motor_msgs/_motor_msgs_s.ep.rosidl_typesupport_fastrtps_c.c.o[0m
[8.798s] [ 93%] [32mBuilding C object CMakeFiles/motor_msgs_s__rosidl_typesupport_c.dir/rosidl_generator_py/motor_msgs/_motor_msgs_s.ep.rosidl_typesupport_c.c.o[0m
[8.878s] [ 95%] [32m[1mLinking C shared module rosidl_generator_py/motor_msgs/motor_msgs_s__rosidl_typesupport_c.so[0m
[8.883s] [ 97%] [32m[1mLinking C shared module rosidl_generator_py/motor_msgs/motor_msgs_s__rosidl_typesupport_introspection_c.so[0m
[8.885s] [100%] [32m[1mLinking C shared module rosidl_generator_py/motor_msgs/motor_msgs_s__rosidl_typesupport_fastrtps_c.so[0m
[9.068s] [100%] Built target motor_msgs_s__rosidl_typesupport_introspection_c
[9.068s] [100%] Built target motor_msgs_s__rosidl_typesupport_c
[9.068s] [100%] Built target motor_msgs_s__rosidl_typesupport_fastrtps_c
[9.081s] Invoked command in '/home/jason/C-ROS-Automodel_Car/simulacion_ws/build/motor_msgs' returned '0': CMAKE_PREFIX_PATH=${CMAKE_PREFIX_PATH}:/opt/ros/jazzy /usr/bin/cmake --build /home/jason/C-ROS-Automodel_Car/simulacion_ws/build/motor_msgs -- -j12 -l12
[9.092s] Invoking command in '/home/jason/C-ROS-Automodel_Car/simulacion_ws/build/motor_msgs': CMAKE_PREFIX_PATH=${CMAKE_PREFIX_PATH}:/opt/ros/jazzy /usr/bin/cmake --install /home/jason/C-ROS-Automodel_Car/simulacion_ws/build/motor_msgs
[9.100s] -- Install configuration: ""
[9.101s] -- Installing: /home/jason/C-ROS-Automodel_Car/simulacion_ws/install/motor_msgs/share/ament_index/resource_index/rosidl_interfaces/motor_msgs
[9.101s] -- Installing: /home/jason/C-ROS-Automodel_Car/simulacion_ws/install/motor_msgs/share/motor_msgs/msg/MotorCommand.json
[9.101s] -- Installing: /home/jason/C-ROS-Automodel_Car/simulacion_ws/install/motor_msgs/share/motor_msgs/msg/EncoderData.json
[9.101s] -- Installing: /home/jason/C-ROS-Automodel_Car/simulacion_ws/install/motor_msgs/include/motor_msgs/motor_msgs
[9.102s] -- Installing: /home/jason/C-ROS-Automodel_Car/simulacion_ws/install/motor_msgs/include/motor_msgs/motor_msgs/msg
[9.102s] -- Installing: /home/jason/C-ROS-Automodel_Car/simulacion_ws/install/motor_msgs/include/motor_msgs/motor_msgs/msg/motor_command.h
[9.102s] -- Installing: /home/jason/C-ROS-Automodel_Car/simulacion_ws/install/motor_msgs/include/motor_msgs/motor_msgs/msg/detail
[9.102s] -- Installing: /home/jason/C-ROS-Automodel_Car/simulacion_ws/install/motor_msgs/include/motor_msgs/motor_msgs/msg/detail/encoder_data__struct.h
[9.102s] -- Installing: /home/jason/C-ROS-Automodel_Car/simulacion_ws/install/motor_msgs/include/motor_msgs/motor_msgs/msg/detail/encoder_data__description.c
[9.102s] -- Installing: /home/jason/C-ROS-Automodel_Car/simulacion_ws/install/motor_msgs/include/motor_msgs/motor_msgs/msg/detail/motor_command__functions.c
[9.103s] -- Installing: /home/jason/C-ROS-Automodel_Car/simulacion_ws/install/motor_msgs/include/motor_msgs/motor_msgs/msg/detail/motor_command__type_support.c
[9.103s] -- Installing: /home/jason/C-ROS-Automodel_Car/simulacion_ws/install/motor_msgs/include/motor_msgs/motor_msgs/msg/detail/encoder_data__type_support.c
[9.103s] -- Installing: /home/jason/C-ROS-Automodel_Car/simulacion_ws/install/motor_msgs/include/motor_msgs/motor_msgs/msg/detail/encoder_data__functions.h
[9.104s] -- Installing: /home/jason/C-ROS-Automodel_Car/simulacion_ws/install/motor_msgs/include/motor_msgs/motor_msgs/msg/detail/motor_command__type_support.h
[9.104s] -- Installing: /home/jason/C-ROS-Automodel_Car/simulacion_ws/install/motor_msgs/include/motor_msgs/motor_msgs/msg/detail/motor_command__functions.h
[9.104s] -- Installing: /home/jason/C-ROS-Automodel_Car/simulacion_ws/install/motor_msgs/include/motor_msgs/motor_msgs/msg/detail/motor_command__struct.h
[9.104s] -- Installing: /home/jason/C-ROS-Automodel_Car/simulacion_ws/install/motor_msgs/include/motor_msgs/motor_msgs/msg/detail/encoder_data__type_support.h
[9.104s] -- Installing: /home/jason/C-ROS-Automodel_Car/simulacion_ws/install/motor_msgs/include/motor_msgs/motor_msgs/msg/detail/encoder_data__functions.c
[9.104s] -- Installing: /home/jason/C-ROS-Automodel_Car/simulacion_ws/install/motor_msgs/include/motor_msgs/motor_msgs/msg/detail/motor_command__description.c
[9.104s] -- Installing: /home/jason/C-ROS-Automodel_Car/simulacion_ws/install/motor_msgs/include/motor_msgs/motor_msgs/msg/rosidl_generator_c__visibility_control.h
[9.105s] -- Installing: /home/jason/C-ROS-Automodel_Car/simulacion_ws/install/motor_msgs/include/motor_msgs/motor_msgs/msg/encoder_data.h
[9.105s] -- Installing: /home/jason/C-ROS-Automodel_Car/simulacion_ws/install/motor_msgs/share/motor_msgs/environment/library_path.sh
[9.105s] -- Installing: /home/jason/C-ROS-Automodel_Car/simulacion_ws/install/motor_msgs/share/motor_msgs/environment/library_path.dsv
[9.105s] -- Installing: /home/jason/C-ROS-Automodel_Car/simulacion_ws/install/motor_msgs/lib/libmotor_msgs__rosidl_generator_c.so
[9.105s] -- Set non-toolchain portion of runtime path of "/home/jason/C-ROS-Automodel_Car/simulacion_ws/install/motor_msgs/lib/libmotor_msgs__rosidl_generator_c.so" to ""
[9.106s] -- Up-to-date: /home/jason/C-ROS-Automodel_Car/simulacion_ws/install/motor_msgs/include/motor_msgs/motor_msgs
[9.106s] -- Up-to-date: /home/jason/C-ROS-Automodel_Car/simulacion_ws/install/motor_msgs/include/motor_msgs/motor_msgs/msg
[9.106s] -- Up-to-date: /home/jason/C-ROS-Automodel_Car/simulacion_ws/install/motor_msgs/include/motor_msgs/motor_msgs/msg/detail
[9.106s] -- Installing: /home/jason/C-ROS-Automodel_Car/simulacion_ws/install/motor_msgs/include/motor_msgs/motor_msgs/msg/detail/encoder_data__rosidl_typesupport_fastrtps_c.h
[9.106s] -- Installing: /home/jason/C-ROS-Automodel_Car/simulacion_ws/install/motor_msgs/include/motor_msgs/motor_msgs/msg/detail/motor_command__rosidl_typesupport_fastrtps_c.h
[9.106s] -- Installing: /home/jason/C-ROS-Automodel_Car/simulacion_ws/install/motor_msgs/include/motor_msgs/motor_msgs/msg/rosidl_typesupport_fastrtps_c__visibility_control.h
[9.106s] -- Installing: /home/jason/C-ROS-Automodel_Car/simulacion_ws/install/motor_msgs/lib/libmotor_msgs__rosidl_typesupport_fastrtps_c.so
[9.107s] -- Set non-toolchain portion of runtime path of "/home/jason/C-ROS-Automodel_Car/simulacion_ws/install/motor_msgs/lib/libmotor_msgs__rosidl_typesupport_fastrtps_c.so" to ""
[9.107s] -- Up-to-date: /home/jason/C-ROS-Automodel_Car/simulacion_ws/install/motor_msgs/include/motor_msgs/motor_msgs
[9.107s] -- Up-to-date: /home/jason/C-ROS-Automodel_Car/simulacion_ws/install/motor_msgs/include/motor_msgs/motor_msgs/msg
[9.107s] -- Installing: /home/jason/C-ROS-Automodel_Car/simulacion_ws/install/motor_msgs/include/motor_msgs/motor_msgs/msg/encoder_data.hpp
[9.107s] -- Up-to-date: /home/jason/C-ROS-Automodel_Car/simulacion_ws/install/motor_msgs/include/motor_msgs/motor_msgs/msg/detail
[9.107s] -- Installing: /home/jason/C-ROS-Automodel_Car/simulacion_ws/install/motor_msgs/include/motor_msgs/motor_msgs/msg/detail/encoder_data__traits.hpp
[9.107s] -- Installing: /home/jason/C-ROS-Automodel_Car/simulacion_ws/install/motor_msgs/include/motor_msgs/motor_msgs/msg/detail/motor_command__builder.hpp
[9.107s] -- Installing: /home/jason/C-ROS-Automodel_Car/simulacion_ws/install/motor_msgs/include/motor_msgs/motor_msgs/msg/detail/encoder_data__struct.hpp
[9.107s] -- Installing: /home/jason/C-ROS-Automodel_Car/simulacion_ws/install/motor_msgs/include/motor_msgs/motor_msgs/msg/detail/encoder_data__type_support.hpp
[9.108s] -- Installing: /home/jason/C-ROS-Automodel_Car/simulacion_ws/install/motor_msgs/include/motor_msgs/motor_msgs/msg/detail/encoder_data__builder.hpp
[9.108s] -- Installing: /home/jason/C-ROS-Automodel_Car/simulacion_ws/install/motor_msgs/include/motor_msgs/motor_msgs/msg/detail/motor_command__traits.hpp
[9.108s] -- Installing: /home/jason/C-ROS-Automodel_Car/simulacion_ws/install/motor_msgs/include/motor_msgs/motor_msgs/msg/detail/motor_command__type_support.hpp
[9.108s] -- Installing: /home/jason/C-ROS-Automodel_Car/simulacion_ws/install/motor_msgs/include/motor_msgs/motor_msgs/msg/detail/motor_command__struct.hpp
[9.108s] -- Installing: /home/jason/C-ROS-Automodel_Car/simulacion_ws/install/motor_msgs/include/motor_msgs/motor_msgs/msg/motor_command.hpp
[9.108s] -- Installing: /home/jason/C-ROS-Automodel_Car/simulacion_ws/install/motor_msgs/include/motor_msgs/motor_msgs/msg/rosidl_generator_cpp__visibility_control.hpp
[9.108s] -- Up-to-date: /home/jason/C-ROS-Automodel_Car/simulacion_ws/install/motor_msgs/include/motor_msgs/motor_msgs
[9.108s] -- Up-to-date: /home/jason/C-ROS-Automodel_Car/simulacion_ws/install/motor_msgs/include/motor_msgs/motor_msgs/msg
[9.108s] -- Up-to-date: /home/jason/C-ROS-Automodel_Car/simulacion_ws/install/motor_msgs/include/motor_msgs/motor_msgs/msg/detail
[9.108s] -- Installing: /home/jason/C-ROS-Automodel_Car/simulacion_ws/install/motor_msgs/include/motor_msgs/motor_msgs/msg/detail/dds_fastrtps
[9.108s] -- Installing: /home/jason/C-ROS-Automodel_Car/simulacion_ws/install/motor_msgs/include/motor_msgs/motor_msgs/msg/detail/encoder_data__rosidl_typesupport_fastrtps_cpp.hpp
[9.108s] -- Installing: /home/jason/C-ROS-Automodel_Car/simulacion_ws/install/motor_msgs/include/motor_msgs/motor_msgs/msg/detail/motor_command__rosidl_typesupport_fastrtps_cpp.hpp
[9.109s] -- Installing: /home/jason/C-ROS-Automodel_Car/simulacion_ws/install/motor_msgs/include/motor_msgs/motor_msgs/msg/rosidl_typesupport_fastrtps_cpp__visibility_control.h
[9.109s] -- Installing: /home/jason/C-ROS-Automodel_Car/simulacion_ws/install/motor_msgs/lib/libmotor_msgs__rosidl_typesupport_fastrtps_cpp.so
[9.109s] -- Set non-toolchain portion of runtime path of "/home/jason/C-ROS-Automodel_Car/simulacion_ws/install/motor_msgs/lib/libmotor_msgs__rosidl_typesupport_fastrtps_cpp.so" to ""
[9.109s] -- Up-to-date: /home/jason/C-ROS-Automodel_Car/simulacion_ws/install/motor_msgs/include/motor_msgs/motor_msgs
[9.109s] -- Up-to-date: /home/jason/C-ROS-Automodel_Car/simulacion_ws/install/motor_msgs/include/motor_msgs/motor_msgs/msg
[9.109s] -- Installing: /home/jason/C-ROS-Automodel_Car/simulacion_ws/install/motor_msgs/include/motor_msgs/motor_msgs/msg/rosidl_typesupport_introspection_c__visibility_control.h
[9.109s] -- Up-to-date: /home/jason/C-ROS-Automodel_Car/simulacion_ws/install/motor_msgs/include/motor_msgs/motor_msgs/msg/detail
[9.109s] -- Installing: /home/jason/C-ROS-Automodel_Car/simulacion_ws/install/motor_msgs/include/motor_msgs/motor_msgs/msg/detail/motor_command__rosidl_typesupport_introspection_c.h
[9.110s] -- Installing: /home/jason/C-ROS-Automodel_Car/simulacion_ws/install/motor_msgs/include/motor_msgs/motor_msgs/msg/detail/encoder_data__rosidl_typesupport_introspection_c.h
[9.110s] -- Installing: /home/jason/C-ROS-Automodel_Car/simulacion_ws/install/motor_msgs/include/motor_msgs/motor_msgs/msg/detail/motor_command__type_support.c
[9.110s] -- Installing: /home/jason/C-ROS-Automodel_Car/simulacion_ws/install/motor_msgs/include/motor_msgs/motor_msgs/msg/detail/encoder_data__type_support.c
[9.110s] -- Installing: /home/jason/C-ROS-Automodel_Car/simulacion_ws/install/motor_msgs/lib/libmotor_msgs__rosidl_typesupport_introspection_c.so
[9.110s] -- Set non-toolchain portion of runtime path of "/home/jason/C-ROS-Automodel_Car/simulacion_ws/install/motor_msgs/lib/libmotor_msgs__rosidl_typesupport_introspection_c.so" to ""
[9.111s] -- Installing: /home/jason/C-ROS-Automodel_Car/simulacion_ws/install/motor_msgs/lib/libmotor_msgs__rosidl_typesupport_c.so
[9.111s] -- Set non-toolchain portion of runtime path of "/home/jason/C-ROS-Automodel_Car/simulacion_ws/install/motor_msgs/lib/libmotor_msgs__rosidl_typesupport_c.so" to ""
[9.111s] -- Up-to-date: /home/jason/C-ROS-Automodel_Car/simulacion_ws/install/motor_msgs/include/motor_msgs/motor_msgs
[9.111s] -- Up-to-date: /home/jason/C-ROS-Automodel_Car/simulacion_ws/install/motor_msgs/include/motor_msgs/motor_msgs/msg
[9.111s] -- Up-to-date: /home/jason/C-ROS-Automodel_Car/simulacion_ws/install/motor_msgs/include/motor_msgs/motor_msgs/msg/detail
[9.111s] -- Installing: /home/jason/C-ROS-Automodel_Car/simulacion_ws/install/motor_msgs/include/motor_msgs/motor_msgs/msg/detail/motor_command__rosidl_typesupport_introspection_cpp.hpp
[9.112s] -- Installing: /home/jason/C-ROS-Automodel_Car/simulacion_ws/install/motor_msgs/include/motor_msgs/motor_msgs/msg/detail/encoder_data__type_support.cpp
[9.112s] -- Installing: /home/jason/C-ROS-Automodel_Car/simulacion_ws/install/motor_msgs/include/motor_msgs/motor_msgs/msg/detail/motor_command__type_support.cpp
[9.112s] -- Installing: /home/jason/C-ROS-Automodel_Car/simulacion_ws/install/motor_msgs/include/motor_msgs/motor_msgs/msg/detail/encoder_data__rosidl_typesupport_introspection_cpp.hpp
[9.113s] -- Installing: /home/jason/C-ROS-Automodel_Car/simulacion_ws/install/motor_msgs/lib/libmotor_msgs__rosidl_typesupport_introspection_cpp.so
[9.113s] -- Set non-toolchain portion of runtime path of "/home/jason/C-ROS-Automodel_Car/simulacion_ws/install/motor_msgs/lib/libmotor_msgs__rosidl_typesupport_introspection_cpp.so" to ""
[9.113s] -- Installing: /home/jason/C-ROS-Automodel_Car/simulacion_ws/install/motor_msgs/lib/libmotor_msgs__rosidl_typesupport_cpp.so
[9.113s] -- Set non-toolchain portion of runtime path of "/home/jason/C-ROS-Automodel_Car/simulacion_ws/install/motor_msgs/lib/libmotor_msgs__rosidl_typesupport_cpp.so" to ""
[9.113s] -- Installing: /home/jason/C-ROS-Automodel_Car/simulacion_ws/install/motor_msgs/share/motor_msgs/environment/pythonpath.sh
[9.113s] -- Installing: /home/jason/C-ROS-Automodel_Car/simulacion_ws/install/motor_msgs/share/motor_msgs/environment/pythonpath.dsv
[9.113s] -- Installing: /home/jason/C-ROS-Automodel_Car/simulacion_ws/install/motor_msgs/lib/python3.12/site-packages/motor_msgs-0.0.0-py3.12.egg-info
[9.114s] -- Installing: /home/jason/C-ROS-Automodel_Car/simulacion_ws/install/motor_msgs/lib/python3.12/site-packages/motor_msgs-0.0.0-py3.12.egg-info/dependency_links.txt
[9.114s] -- Installing: /home/jason/C-ROS-Automodel_Car/simulacion_ws/install/motor_msgs/lib/python3.12/site-packages/motor_msgs-0.0.0-py3.12.egg-info/top_level.txt
[9.114s] -- Installing: /home/jason/C-ROS-Automodel_Car/simulacion_ws/install/motor_msgs/lib/python3.12/site-packages/motor_msgs-0.0.0-py3.12.egg-info/PKG-INFO
[9.114s] -- Installing: /home/jason/C-ROS-Automodel_Car/simulacion_ws/install/motor_msgs/lib/python3.12/site-packages/motor_msgs-0.0.0-py3.12.egg-info/SOURCES.txt
[9.114s] -- Installing: /home/jason/C-ROS-Automodel_Car/simulacion_ws/install/motor_msgs/lib/python3.12/site-packages/motor_msgs
[9.114s] -- Installing: /home/jason/C-ROS-Automodel_Car/simulacion_ws/install/motor_msgs/lib/python3.12/site-packages/motor_msgs/motor_msgs_s__rosidl_typesupport_fastrtps_c.so
[9.114s] -- Installing: /home/jason/C-ROS-Automodel_Car/simulacion_ws/install/motor_msgs/lib/python3.12/site-packages/motor_msgs/_motor_msgs_s.ep.rosidl_typesupport_fastrtps_c.c
[9.114s] -- Installing: /home/jason/C-ROS-Automodel_Car/simulacion_ws/install/motor_msgs/lib/python3.12/site-packages/motor_msgs/_motor_msgs_s.ep.rosidl_typesupport_introspection_c.c
[9.114s] -- Installing: /home/jason/C-ROS-Automodel_Car/simulacion_ws/install/motor_msgs/lib/python3.12/site-packages/motor_msgs/__init__.py
[9.114s] -- Installing: /home/jason/C-ROS-Automodel_Car/simulacion_ws/install/motor_msgs/lib/python3.12/site-packages/motor_msgs/motor_msgs_s__rosidl_typesupport_introspection_c.so
[9.114s] -- Installing: /home/jason/C-ROS-Automodel_Car/simulacion_ws/install/motor_msgs/lib/python3.12/site-packages/motor_msgs/motor_msgs_s__rosidl_typesupport_c.so
[9.115s] -- Installing: /home/jason/C-ROS-Automodel_Car/simulacion_ws/install/motor_msgs/lib/python3.12/site-packages/motor_msgs/_motor_msgs_s.ep.rosidl_typesupport_c.c
[9.115s] -- Installing: /home/jason/C-ROS-Automodel_Car/simulacion_ws/install/motor_msgs/lib/python3.12/site-packages/motor_msgs/msg
[9.115s] -- Installing: /home/jason/C-ROS-Automodel_Car/simulacion_ws/install/motor_msgs/lib/python3.12/site-packages/motor_msgs/msg/_encoder_data_s.c
[9.115s] -- Installing: /home/jason/C-ROS-Automodel_Car/simulacion_ws/install/motor_msgs/lib/python3.12/site-packages/motor_msgs/msg/_encoder_data.py
[9.115s] -- Installing: /home/jason/C-ROS-Automodel_Car/simulacion_ws/install/motor_msgs/lib/python3.12/site-packages/motor_msgs/msg/__init__.py
[9.115s] -- Installing: /home/jason/C-ROS-Automodel_Car/simulacion_ws/install/motor_msgs/lib/python3.12/site-packages/motor_msgs/msg/_motor_command.py
[9.115s] -- Installing: /home/jason/C-ROS-Automodel_Car/simulacion_ws/install/motor_msgs/lib/python3.12/site-packages/motor_msgs/msg/_motor_command_s.c
[9.148s] Listing '/home/jason/C-ROS-Automodel_Car/simulacion_ws/install/motor_msgs/lib/python3.12/site-packages/motor_msgs'...
[9.148s] Compiling '/home/jason/C-ROS-Automodel_Car/simulacion_ws/install/motor_msgs/lib/python3.12/site-packages/motor_msgs/__init__.py'...
[9.148s] Listing '/home/jason/C-ROS-Automodel_Car/simulacion_ws/install/motor_msgs/lib/python3.12/site-packages/motor_msgs/msg'...
[9.148s] Compiling '/home/jason/C-ROS-Automodel_Car/simulacion_ws/install/motor_msgs/lib/python3.12/site-packages/motor_msgs/msg/__init__.py'...
[9.148s] Compiling '/home/jason/C-ROS-Automodel_Car/simulacion_ws/install/motor_msgs/lib/python3.12/site-packages/motor_msgs/msg/_encoder_data.py'...
[9.148s] Compiling '/home/jason/C-ROS-Automodel_Car/simulacion_ws/install/motor_msgs/lib/python3.12/site-packages/motor_msgs/msg/_motor_command.py'...
[9.153s] -- Installing: /home/jason/C-ROS-Automodel_Car/simulacion_ws/install/motor_msgs/lib/python3.12/site-packages/motor_msgs/motor_msgs_s__rosidl_typesupport_fastrtps_c.so
[9.153s] -- Set non-toolchain portion of runtime path of "/home/jason/C-ROS-Automodel_Car/simulacion_ws/install/motor_msgs/lib/python3.12/site-packages/motor_msgs/motor_msgs_s__rosidl_typesupport_fastrtps_c.so" to ""
[9.153s] -- Installing: /home/jason/C-ROS-Automodel_Car/simulacion_ws/install/motor_msgs/lib/python3.12/site-packages/motor_msgs/motor_msgs_s__rosidl_typesupport_introspection_c.so
[9.153s] -- Set non-toolchain portion of runtime path of "/home/jason/C-ROS-Automodel_Car/simulacion_ws/install/motor_msgs/lib/python3.12/site-packages/motor_msgs/motor_msgs_s__rosidl_typesupport_introspection_c.so" to ""
[9.154s] -- Installing: /home/jason/C-ROS-Automodel_Car/simulacion_ws/install/motor_msgs/lib/python3.12/site-packages/motor_msgs/motor_msgs_s__rosidl_typesupport_c.so
[9.154s] -- Set non-toolchain portion of runtime path of "/home/jason/C-ROS-Automodel_Car/simulacion_ws/install/motor_msgs/lib/python3.12/site-packages/motor_msgs/motor_msgs_s__rosidl_typesupport_c.so" to ""
[9.154s] -- Installing: /home/jason/C-ROS-Automodel_Car/simulacion_ws/install/motor_msgs/lib/libmotor_msgs__rosidl_generator_py.so
[9.154s] -- Set non-toolchain portion of runtime path of "/home/jason/C-ROS-Automodel_Car/simulacion_ws/install/motor_msgs/lib/libmotor_msgs__rosidl_generator_py.so" to ""
[9.154s] -- Installing: /home/jason/C-ROS-Automodel_Car/simulacion_ws/install/motor_msgs/share/motor_msgs/msg/MotorCommand.idl
[9.154s] -- Installing: /home/jason/C-ROS-Automodel_Car/simulacion_ws/install/motor_msgs/share/motor_msgs/msg/EncoderData.idl
[9.154s] -- Installing: /home/jason/C-ROS-Automodel_Car/simulacion_ws/install/motor_msgs/share/motor_msgs/msg/MotorCommand.msg
[9.155s] -- Installing: /home/jason/C-ROS-Automodel_Car/simulacion_ws/install/motor_msgs/share/motor_msgs/msg/EncoderData.msg
[9.155s] -- Installing: /home/jason/C-ROS-Automodel_Car/simulacion_ws/install/motor_msgs/share/ament_index/resource_index/package_run_dependencies/motor_msgs
[9.155s] -- Installing: /home/jason/C-ROS-Automodel_Car/simulacion_ws/install/motor_msgs/share/ament_index/resource_index/parent_prefix_path/motor_msgs
[9.155s] -- Installing: /home/jason/C-ROS-Automodel_Car/simulacion_ws/install/motor_msgs/share/motor_msgs/environment/ament_prefix_path.sh
[9.155s] -- Installing: /home/jason/C-ROS-Automodel_Car/simulacion_ws/install/motor_msgs/share/motor_msgs/environment/ament_prefix_path.dsv
[9.155s] -- Installing: /home/jason/C-ROS-Automodel_Car/simulacion_ws/install/motor_msgs/share/motor_msgs/environment/path.sh
[9.156s] -- Installing: /home/jason/C-ROS-Automodel_Car/simulacion_ws/install/motor_msgs/share/motor_msgs/environment/path.dsv
[9.156s] -- Installing: /home/jason/C-ROS-Automodel_Car/simulacion_ws/install/motor_msgs/share/motor_msgs/local_setup.bash
[9.156s] -- Installing: /home/jason/C-ROS-Automodel_Car/simulacion_ws/install/motor_msgs/share/motor_msgs/local_setup.sh
[9.156s] -- Installing: /home/jason/C-ROS-Automodel_Car/simulacion_ws/install/motor_msgs/share/motor_msgs/local_setup.zsh
[9.156s] -- Installing: /home/jason/C-ROS-Automodel_Car/simulacion_ws/install/motor_msgs/share/motor_msgs/local_setup.dsv
[9.156s] -- Installing: /home/jason/C-ROS-Automodel_Car/simulacion_ws/install/motor_msgs/share/motor_msgs/package.dsv
[9.156s] -- Installing: /home/jason/C-ROS-Automodel_Car/simulacion_ws/install/motor_msgs/share/ament_index/resource_index/packages/motor_msgs
[9.156s] -- Installing: /home/jason/C-ROS-Automodel_Car/simulacion_ws/install/motor_msgs/share/motor_msgs/cmake/export_motor_msgs__rosidl_generator_cExport.cmake
[9.156s] -- Installing: /home/jason/C-ROS-Automodel_Car/simulacion_ws/install/motor_msgs/share/motor_msgs/cmake/export_motor_msgs__rosidl_generator_cExport-noconfig.cmake
[9.157s] -- Installing: /home/jason/C-ROS-Automodel_Car/simulacion_ws/install/motor_msgs/share/motor_msgs/cmake/export_motor_msgs__rosidl_typesupport_fastrtps_cExport.cmake
[9.157s] -- Installing: /home/jason/C-ROS-Automodel_Car/simulacion_ws/install/motor_msgs/share/motor_msgs/cmake/export_motor_msgs__rosidl_typesupport_fastrtps_cExport-noconfig.cmake
[9.157s] -- Installing: /home/jason/C-ROS-Automodel_Car/simulacion_ws/install/motor_msgs/share/motor_msgs/cmake/export_motor_msgs__rosidl_generator_cppExport.cmake
[9.157s] -- Installing: /home/jason/C-ROS-Automodel_Car/simulacion_ws/install/motor_msgs/share/motor_msgs/cmake/export_motor_msgs__rosidl_typesupport_fastrtps_cppExport.cmake
[9.157s] -- Installing: /home/jason/C-ROS-Automodel_Car/simulacion_ws/install/motor_msgs/share/motor_msgs/cmake/export_motor_msgs__rosidl_typesupport_fastrtps_cppExport-noconfig.cmake
[9.157s] -- Installing: /home/jason/C-ROS-Automodel_Car/simulacion_ws/install/motor_msgs/share/motor_msgs/cmake/motor_msgs__rosidl_typesupport_introspection_cExport.cmake
[9.158s] -- Installing: /home/jason/C-ROS-Automodel_Car/simulacion_ws/install/motor_msgs/share/motor_msgs/cmake/motor_msgs__rosidl_typesupport_introspection_cExport-noconfig.cmake
[9.158s] -- Installing: /home/jason/C-ROS-Automodel_Car/simulacion_ws/install/motor_msgs/share/motor_msgs/cmake/motor_msgs__rosidl_typesupport_cExport.cmake
[9.158s] -- Installing: /home/jason/C-ROS-Automodel_Car/simulacion_ws/install/motor_msgs/share/motor_msgs/cmake/motor_msgs__rosidl_typesupport_cExport-noconfig.cmake
[9.158s] -- Installing: /home/jason/C-ROS-Automodel_Car/simulacion_ws/install/motor_msgs/share/motor_msgs/cmake/motor_msgs__rosidl_typesupport_introspection_cppExport.cmake
[9.158s] -- Installing: /home/jason/C-ROS-Automodel_Car/simulacion_ws/install/motor_msgs/share/motor_msgs/cmake/motor_msgs__rosidl_typesupport_introspection_cppExport-noconfig.cmake
[9.158s] -- Installing: /home/jason/C-ROS-Automodel_Car/simulacion_ws/install/motor_msgs/share/motor_msgs/cmake/motor_msgs__rosidl_typesupport_cppExport.cmake
[9.158s] -- Installing: /home/jason/C-ROS-Automodel_Car/simulacion_ws/install/motor_msgs/share/motor_msgs/cmake/motor_msgs__rosidl_typesupport_cppExport-noconfig.cmake
[9.158s] -- Installing: /home/jason/C-ROS-Automodel_Car/simulacion_ws/install/motor_msgs/share/motor_msgs/cmake/export_motor_msgs__rosidl_generator_pyExport.cmake
[9.159s] -- Installing: /home/jason/C-ROS-Automodel_Car/simulacion_ws/install/motor_msgs/share/motor_msgs/cmake/export_motor_msgs__rosidl_generator_pyExport-noconfig.cmake
[9.159s] -- Installing: /home/jason/C-ROS-Automodel_Car/simulacion_ws/install/motor_msgs/share/motor_msgs/cmake/rosidl_cmake-extras.cmake
[9.159s] -- Installing: /home/jason/C-ROS-Automodel_Car/simulacion_ws/install/motor_msgs/share/motor_msgs/cmake/ament_cmake_export_dependencies-extras.cmake
[9.159s] -- Installing: /home/jason/C-ROS-Automodel_Car/simulacion_ws/install/motor_msgs/share/motor_msgs/cmake/ament_cmake_export_include_directories-extras.cmake
[9.159s] -- Installing: /home/jason/C-ROS-Automodel_Car/simulacion_ws/install/motor_msgs/share/motor_msgs/cmake/ament_cmake_export_libraries-extras.cmake
[9.159s] -- Installing: /home/jason/C-ROS-Automodel_Car/simulacion_ws/install/motor_msgs/share/motor_msgs/cmake/ament_cmake_export_targets-extras.cmake
[9.159s] -- Installing: /home/jason/C-ROS-Automodel_Car/simulacion_ws/install/motor_msgs/share/motor_msgs/cmake/rosidl_cmake_export_typesupport_targets-extras.cmake
[9.159s] -- Installing: /home/jason/C-ROS-Automodel_Car/simulacion_ws/install/motor_msgs/share/motor_msgs/cmake/rosidl_cmake_export_typesupport_libraries-extras.cmake
[9.159s] -- Installing: /home/jason/C-ROS-Automodel_Car/simulacion_ws/install/motor_msgs/share/motor_msgs/cmake/motor_msgsConfig.cmake
[9.159s] -- Installing: /home/jason/C-ROS-Automodel_Car/simulacion_ws/install/motor_msgs/share/motor_msgs/cmake/motor_msgsConfig-version.cmake
[9.159s] -- Installing: /home/jason/C-ROS-Automodel_Car/simulacion_ws/install/motor_msgs/share/motor_msgs/package.xml
[9.161s] Invoked command in '/home/jason/C-ROS-Automodel_Car/simulacion_ws/build/motor_msgs' returned '0': CMAKE_PREFIX_PATH=${CMAKE_PREFIX_PATH}:/opt/ros/jazzy /usr/bin/cmake --install /home/jason/C-ROS-Automodel_Car/simulacion_ws/build/motor_msgs
