[0.071s] DEBUG:colcon:Command line arguments: ['/usr/bin/colcon', 'build']
[0.071s] DEBUG:colcon:Parsed command line arguments: Namespace(log_base=None, log_level=None, verb_name='build', build_base='build', install_base='install', merge_install=False, symlink_install=False, test_result_base=None, continue_on_error=False, executor='parallel', parallel_workers=12, event_handlers=None, ignore_user_meta=False, metas=['./colcon.meta'], base_paths=['.'], packages_ignore=None, packages_ignore_regex=None, paths=None, packages_up_to=None, packages_up_to_regex=None, packages_above=None, packages_above_and_dependencies=None, packages_above_depth=None, packages_select_by_dep=None, packages_skip_by_dep=None, packages_skip_up_to=None, packages_select_build_failed=False, packages_skip_build_finished=False, packages_select_test_failures=False, packages_skip_test_passed=False, packages_select=None, packages_skip=None, packages_select_regex=None, packages_skip_regex=None, packages_start=None, packages_end=None, allow_overriding=[], cmake_args=None, cmake_target=None, cmake_target_skip_unavailable=False, cmake_clean_cache=False, cmake_clean_first=False, cmake_force_configure=False, ament_cmake_args=None, catkin_cmake_args=None, catkin_skip_building_tests=False, mixin_files=None, mixin=None, verb_parser=<colcon_mixin.mixin.mixin_argument.MixinArgumentDecorator object at 0x72470ac3d9d0>, verb_extension=<colcon_core.verb.build.BuildVerb object at 0x72470ac3d970>, main=<bound method BuildVerb.main of <colcon_core.verb.build.BuildVerb object at 0x72470ac3d970>>, mixin_verb=('build',))
[0.097s] Level 1:colcon.colcon_core.package_discovery:discover_packages(colcon_meta) check parameters
[0.098s] Level 1:colcon.colcon_core.package_discovery:discover_packages(recursive) check parameters
[0.098s] Level 1:colcon.colcon_core.package_discovery:discover_packages(ignore) check parameters
[0.098s] Level 1:colcon.colcon_core.package_discovery:discover_packages(path) check parameters
[0.098s] Level 1:colcon.colcon_core.package_discovery:discover_packages(colcon_meta) discover
[0.098s] Level 1:colcon.colcon_core.package_discovery:discover_packages(recursive) discover
[0.098s] INFO:colcon.colcon_core.package_discovery:Crawling recursively for packages in '/home/alereyes/C-ROS-Automodel_Car/simulacion_ws'
[0.098s] Level 1:colcon.colcon_core.package_identification:_identify(.) by extensions ['ignore', 'ignore_ament_install']
[0.098s] Level 1:colcon.colcon_core.package_identification:_identify(.) by extension 'ignore'
[0.098s] Level 1:colcon.colcon_core.package_identification:_identify(.) by extension 'ignore_ament_install'
[0.098s] Level 1:colcon.colcon_core.package_identification:_identify(.) by extensions ['colcon_pkg']
[0.098s] Level 1:colcon.colcon_core.package_identification:_identify(.) by extension 'colcon_pkg'
[0.098s] Level 1:colcon.colcon_core.package_identification:_identify(.) by extensions ['colcon_meta']
[0.098s] Level 1:colcon.colcon_core.package_identification:_identify(.) by extension 'colcon_meta'
[0.098s] Level 1:colcon.colcon_core.package_identification:_identify(.) by extensions ['ros']
[0.098s] Level 1:colcon.colcon_core.package_identification:_identify(.) by extension 'ros'
[0.116s] Level 1:colcon.colcon_core.package_identification:_identify(.) by extensions ['cmake', 'python']
[0.116s] Level 1:colcon.colcon_core.package_identification:_identify(.) by extension 'cmake'
[0.116s] Level 1:colcon.colcon_core.package_identification:_identify(.) by extension 'python'
[0.116s] Level 1:colcon.colcon_core.package_identification:_identify(.) by extensions ['python_setup_py']
[0.116s] Level 1:colcon.colcon_core.package_identification:_identify(.) by extension 'python_setup_py'
[0.116s] Level 1:colcon.colcon_core.package_identification:_identify(build) by extensions ['ignore', 'ignore_ament_install']
[0.116s] Level 1:colcon.colcon_core.package_identification:_identify(build) by extension 'ignore'
[0.116s] Level 1:colcon.colcon_core.package_identification:_identify(build) ignored
[0.116s] Level 1:colcon.colcon_core.package_identification:_identify(install) by extensions ['ignore', 'ignore_ament_install']
[0.116s] Level 1:colcon.colcon_core.package_identification:_identify(install) by extension 'ignore'
[0.116s] Level 1:colcon.colcon_core.package_identification:_identify(install) ignored
[0.116s] Level 1:colcon.colcon_core.package_identification:_identify(log) by extensions ['ignore', 'ignore_ament_install']
[0.117s] Level 1:colcon.colcon_core.package_identification:_identify(log) by extension 'ignore'
[0.117s] Level 1:colcon.colcon_core.package_identification:_identify(log) ignored
[0.117s] Level 1:colcon.colcon_core.package_identification:_identify(src) by extensions ['ignore', 'ignore_ament_install']
[0.117s] Level 1:colcon.colcon_core.package_identification:_identify(src) by extension 'ignore'
[0.117s] Level 1:colcon.colcon_core.package_identification:_identify(src) by extension 'ignore_ament_install'
[0.117s] Level 1:colcon.colcon_core.package_identification:_identify(src) by extensions ['colcon_pkg']
[0.117s] Level 1:colcon.colcon_core.package_identification:_identify(src) by extension 'colcon_pkg'
[0.117s] Level 1:colcon.colcon_core.package_identification:_identify(src) by extensions ['colcon_meta']
[0.117s] Level 1:colcon.colcon_core.package_identification:_identify(src) by extension 'colcon_meta'
[0.117s] Level 1:colcon.colcon_core.package_identification:_identify(src) by extensions ['ros']
[0.117s] Level 1:colcon.colcon_core.package_identification:_identify(src) by extension 'ros'
[0.117s] Level 1:colcon.colcon_core.package_identification:_identify(src) by extensions ['cmake', 'python']
[0.117s] Level 1:colcon.colcon_core.package_identification:_identify(src) by extension 'cmake'
[0.117s] Level 1:colcon.colcon_core.package_identification:_identify(src) by extension 'python'
[0.117s] Level 1:colcon.colcon_core.package_identification:_identify(src) by extensions ['python_setup_py']
[0.117s] Level 1:colcon.colcon_core.package_identification:_identify(src) by extension 'python_setup_py'
[0.117s] Level 1:colcon.colcon_core.package_identification:_identify(src/carro_simulacion) by extensions ['ignore', 'ignore_ament_install']
[0.117s] Level 1:colcon.colcon_core.package_identification:_identify(src/carro_simulacion) by extension 'ignore'
[0.117s] Level 1:colcon.colcon_core.package_identification:_identify(src/carro_simulacion) by extension 'ignore_ament_install'
[0.117s] Level 1:colcon.colcon_core.package_identification:_identify(src/carro_simulacion) by extensions ['colcon_pkg']
[0.117s] Level 1:colcon.colcon_core.package_identification:_identify(src/carro_simulacion) by extension 'colcon_pkg'
[0.117s] Level 1:colcon.colcon_core.package_identification:_identify(src/carro_simulacion) by extensions ['colcon_meta']
[0.117s] Level 1:colcon.colcon_core.package_identification:_identify(src/carro_simulacion) by extension 'colcon_meta'
[0.117s] Level 1:colcon.colcon_core.package_identification:_identify(src/carro_simulacion) by extensions ['ros']
[0.117s] Level 1:colcon.colcon_core.package_identification:_identify(src/carro_simulacion) by extension 'ros'
[0.142s] DEBUG:colcon.colcon_core.package_identification:Package 'src/carro_simulacion' with type 'ros.ament_python' and name 'carro_simulacion'
[0.142s] Level 1:colcon.colcon_core.package_identification:_identify(src/motor_msg) by extensions ['ignore', 'ignore_ament_install']
[0.142s] Level 1:colcon.colcon_core.package_identification:_identify(src/motor_msg) by extension 'ignore'
[0.142s] Level 1:colcon.colcon_core.package_identification:_identify(src/motor_msg) by extension 'ignore_ament_install'
[0.142s] Level 1:colcon.colcon_core.package_identification:_identify(src/motor_msg) by extensions ['colcon_pkg']
[0.142s] Level 1:colcon.colcon_core.package_identification:_identify(src/motor_msg) by extension 'colcon_pkg'
[0.142s] Level 1:colcon.colcon_core.package_identification:_identify(src/motor_msg) by extensions ['colcon_meta']
[0.142s] Level 1:colcon.colcon_core.package_identification:_identify(src/motor_msg) by extension 'colcon_meta'
[0.142s] Level 1:colcon.colcon_core.package_identification:_identify(src/motor_msg) by extensions ['ros']
[0.142s] Level 1:colcon.colcon_core.package_identification:_identify(src/motor_msg) by extension 'ros'
[0.164s] DEBUG:colcon.colcon_core.package_identification:Package 'src/motor_msg' with type 'ros.ament_cmake' and name 'motor_msgs'
[0.165s] Level 1:colcon.colcon_core.package_discovery:discover_packages(recursive) using defaults
[0.165s] Level 1:colcon.colcon_core.package_discovery:discover_packages(ignore) discover
[0.165s] Level 1:colcon.colcon_core.package_discovery:discover_packages(ignore) using defaults
[0.165s] Level 1:colcon.colcon_core.package_discovery:discover_packages(path) discover
[0.165s] Level 1:colcon.colcon_core.package_discovery:discover_packages(path) using defaults
[0.198s] Level 1:colcon.colcon_core.package_discovery:discover_packages(prefix_path) check parameters
[0.198s] Level 1:colcon.colcon_core.package_discovery:discover_packages(prefix_path) discover
[0.201s] DEBUG:colcon.colcon_installed_package_information.package_discovery:Found 387 installed packages in /opt/ros/jazzy
[0.203s] Level 1:colcon.colcon_core.package_discovery:discover_packages(prefix_path) using defaults
[0.234s] Level 5:colcon.colcon_core.verb:set package 'carro_simulacion' build argument 'cmake_args' from command line to 'None'
[0.234s] Level 5:colcon.colcon_core.verb:set package 'carro_simulacion' build argument 'cmake_target' from command line to 'None'
[0.234s] Level 5:colcon.colcon_core.verb:set package 'carro_simulacion' build argument 'cmake_target_skip_unavailable' from command line to 'False'
[0.234s] Level 5:colcon.colcon_core.verb:set package 'carro_simulacion' build argument 'cmake_clean_cache' from command line to 'False'
[0.234s] Level 5:colcon.colcon_core.verb:set package 'carro_simulacion' build argument 'cmake_clean_first' from command line to 'False'
[0.234s] Level 5:colcon.colcon_core.verb:set package 'carro_simulacion' build argument 'cmake_force_configure' from command line to 'False'
[0.234s] Level 5:colcon.colcon_core.verb:set package 'carro_simulacion' build argument 'ament_cmake_args' from command line to 'None'
[0.234s] Level 5:colcon.colcon_core.verb:set package 'carro_simulacion' build argument 'catkin_cmake_args' from command line to 'None'
[0.234s] Level 5:colcon.colcon_core.verb:set package 'carro_simulacion' build argument 'catkin_skip_building_tests' from command line to 'False'
[0.234s] DEBUG:colcon.colcon_core.verb:Building package 'carro_simulacion' with the following arguments: {'ament_cmake_args': None, 'build_base': '/home/alereyes/C-ROS-Automodel_Car/simulacion_ws/build/carro_simulacion', 'catkin_cmake_args': None, 'catkin_skip_building_tests': False, 'cmake_args': None, 'cmake_clean_cache': False, 'cmake_clean_first': False, 'cmake_force_configure': False, 'cmake_target': None, 'cmake_target_skip_unavailable': False, 'install_base': '/home/alereyes/C-ROS-Automodel_Car/simulacion_ws/install/carro_simulacion', 'merge_install': False, 'path': '/home/alereyes/C-ROS-Automodel_Car/simulacion_ws/src/carro_simulacion', 'symlink_install': False, 'test_result_base': None}
[0.234s] Level 5:colcon.colcon_core.verb:set package 'motor_msgs' build argument 'cmake_args' from command line to 'None'
[0.234s] Level 5:colcon.colcon_core.verb:set package 'motor_msgs' build argument 'cmake_target' from command line to 'None'
[0.234s] Level 5:colcon.colcon_core.verb:set package 'motor_msgs' build argument 'cmake_target_skip_unavailable' from command line to 'False'
[0.234s] Level 5:colcon.colcon_core.verb:set package 'motor_msgs' build argument 'cmake_clean_cache' from command line to 'False'
[0.234s] Level 5:colcon.colcon_core.verb:set package 'motor_msgs' build argument 'cmake_clean_first' from command line to 'False'
[0.234s] Level 5:colcon.colcon_core.verb:set package 'motor_msgs' build argument 'cmake_force_configure' from command line to 'False'
[0.234s] Level 5:colcon.colcon_core.verb:set package 'motor_msgs' build argument 'ament_cmake_args' from command line to 'None'
[0.234s] Level 5:colcon.colcon_core.verb:set package 'motor_msgs' build argument 'catkin_cmake_args' from command line to 'None'
[0.234s] Level 5:colcon.colcon_core.verb:set package 'motor_msgs' build argument 'catkin_skip_building_tests' from command line to 'False'
[0.234s] DEBUG:colcon.colcon_core.verb:Building package 'motor_msgs' with the following arguments: {'ament_cmake_args': None, 'build_base': '/home/alereyes/C-ROS-Automodel_Car/simulacion_ws/build/motor_msgs', 'catkin_cmake_args': None, 'catkin_skip_building_tests': False, 'cmake_args': None, 'cmake_clean_cache': False, 'cmake_clean_first': False, 'cmake_force_configure': False, 'cmake_target': None, 'cmake_target_skip_unavailable': False, 'install_base': '/home/alereyes/C-ROS-Automodel_Car/simulacion_ws/install/motor_msgs', 'merge_install': False, 'path': '/home/alereyes/C-ROS-Automodel_Car/simulacion_ws/src/motor_msg', 'symlink_install': False, 'test_result_base': None}
[0.234s] INFO:colcon.colcon_core.executor:Executing jobs using 'parallel' executor
[0.235s] DEBUG:colcon.colcon_parallel_executor.executor.parallel:run_until_complete
[0.236s] INFO:colcon.colcon_ros.task.ament_python.build:Building ROS package in '/home/alereyes/C-ROS-Automodel_Car/simulacion_ws/src/carro_simulacion' with build type 'ament_python'
[0.236s] Level 1:colcon.colcon_core.shell:create_environment_hook('carro_simulacion', 'ament_prefix_path')
[0.237s] INFO:colcon.colcon_core.plugin_system:Skipping extension 'colcon_core.shell.bat': Not used on non-Windows systems
[0.237s] INFO:colcon.colcon_core.shell:Creating environment hook '/home/alereyes/C-ROS-Automodel_Car/simulacion_ws/install/carro_simulacion/share/carro_simulacion/hook/ament_prefix_path.ps1'
[0.237s] INFO:colcon.colcon_core.shell:Creating environment descriptor '/home/alereyes/C-ROS-Automodel_Car/simulacion_ws/install/carro_simulacion/share/carro_simulacion/hook/ament_prefix_path.dsv'
[0.238s] INFO:colcon.colcon_core.shell:Creating environment hook '/home/alereyes/C-ROS-Automodel_Car/simulacion_ws/install/carro_simulacion/share/carro_simulacion/hook/ament_prefix_path.sh'
[0.238s] INFO:colcon.colcon_core.shell:Skip shell extension 'powershell' for command environment: Not usable outside of PowerShell
[0.238s] DEBUG:colcon.colcon_core.shell:Skip shell extension 'dsv' for command environment
[0.240s] INFO:colcon.colcon_ros.task.ament_cmake.build:Building ROS package in '/home/alereyes/C-ROS-Automodel_Car/simulacion_ws/src/motor_msg' with build type 'ament_cmake'
[0.240s] INFO:colcon.colcon_cmake.task.cmake.build:Building CMake package in '/home/alereyes/C-ROS-Automodel_Car/simulacion_ws/src/motor_msg'
[0.240s] INFO:colcon.colcon_core.shell:Skip shell extension 'powershell' for command environment: Not usable outside of PowerShell
[0.240s] DEBUG:colcon.colcon_core.shell:Skip shell extension 'dsv' for command environment
[0.485s] INFO:colcon.colcon_core.task.python.build:Building Python package in '/home/alereyes/C-ROS-Automodel_Car/simulacion_ws/src/carro_simulacion'
[0.485s] INFO:colcon.colcon_core.shell:Skip shell extension 'powershell' for command environment: Not usable outside of PowerShell
[0.485s] DEBUG:colcon.colcon_core.shell:Skip shell extension 'dsv' for command environment
[0.489s] DEBUG:colcon.colcon_core.event_handler.log_command:Invoking command in '/home/alereyes/C-ROS-Automodel_Car/simulacion_ws/build/motor_msgs': CMAKE_PREFIX_PATH=${CMAKE_PREFIX_PATH}:/opt/ros/jazzy DEBUGINFOD_URLS=https://debuginfod.ubuntu.com /usr/bin/cmake /home/alereyes/C-ROS-Automodel_Car/simulacion_ws/src/motor_msg -DCMAKE_INSTALL_PREFIX=/home/alereyes/C-ROS-Automodel_Car/simulacion_ws/install/motor_msgs
[0.869s] DEBUG:colcon.colcon_core.event_handler.log_command:Invoking command in '/home/alereyes/C-ROS-Automodel_Car/simulacion_ws/src/carro_simulacion': DEBUGINFOD_URLS=https://debuginfod.ubuntu.com PYTHONPATH=/home/alereyes/C-ROS-Automodel_Car/simulacion_ws/build/carro_simulacion/prefix_override:/usr/lib/python3/dist-packages/colcon_core/task/python/colcon_distutils_commands:/home/alereyes/C-ROS-Automodel_Car/simulacion_ws/install/carro_simulacion/lib/python3.12/site-packages:${PYTHONPATH} /usr/bin/python3 -W ignore:setup.py install is deprecated -W ignore:easy_install command is deprecated setup.py egg_info --egg-base ../../build/carro_simulacion build --build-base /home/alereyes/C-ROS-Automodel_Car/simulacion_ws/build/carro_simulacion/build install --record /home/alereyes/C-ROS-Automodel_Car/simulacion_ws/build/carro_simulacion/install.log --single-version-externally-managed install_data
[1.653s] DEBUG:colcon.colcon_core.event_handler.log_command:Invoked command in '/home/alereyes/C-ROS-Automodel_Car/simulacion_ws/src/carro_simulacion' returned '0': DEBUGINFOD_URLS=https://debuginfod.ubuntu.com PYTHONPATH=/home/alereyes/C-ROS-Automodel_Car/simulacion_ws/build/carro_simulacion/prefix_override:/usr/lib/python3/dist-packages/colcon_core/task/python/colcon_distutils_commands:/home/alereyes/C-ROS-Automodel_Car/simulacion_ws/install/carro_simulacion/lib/python3.12/site-packages:${PYTHONPATH} /usr/bin/python3 -W ignore:setup.py install is deprecated -W ignore:easy_install command is deprecated setup.py egg_info --egg-base ../../build/carro_simulacion build --build-base /home/alereyes/C-ROS-Automodel_Car/simulacion_ws/build/carro_simulacion/build install --record /home/alereyes/C-ROS-Automodel_Car/simulacion_ws/build/carro_simulacion/install.log --single-version-externally-managed install_data
[1.655s] Level 1:colcon.colcon_core.environment:checking '/home/alereyes/C-ROS-Automodel_Car/simulacion_ws/install/carro_simulacion' for CMake module files
[1.655s] Level 1:colcon.colcon_core.environment:checking '/home/alereyes/C-ROS-Automodel_Car/simulacion_ws/install/carro_simulacion' for CMake config files
[1.655s] Level 1:colcon.colcon_core.environment:checking '/home/alereyes/C-ROS-Automodel_Car/simulacion_ws/install/carro_simulacion/lib'
[1.656s] Level 1:colcon.colcon_core.environment:checking '/home/alereyes/C-ROS-Automodel_Car/simulacion_ws/install/carro_simulacion/bin'
[1.656s] Level 1:colcon.colcon_core.environment:checking '/home/alereyes/C-ROS-Automodel_Car/simulacion_ws/install/carro_simulacion/lib/pkgconfig/carro_simulacion.pc'
[1.656s] Level 1:colcon.colcon_core.environment:checking '/home/alereyes/C-ROS-Automodel_Car/simulacion_ws/install/carro_simulacion/lib/python3.12/site-packages'
[1.656s] Level 1:colcon.colcon_core.shell:create_environment_hook('carro_simulacion', 'pythonpath')
[1.656s] INFO:colcon.colcon_core.shell:Creating environment hook '/home/alereyes/C-ROS-Automodel_Car/simulacion_ws/install/carro_simulacion/share/carro_simulacion/hook/pythonpath.ps1'
[1.656s] INFO:colcon.colcon_core.shell:Creating environment descriptor '/home/alereyes/C-ROS-Automodel_Car/simulacion_ws/install/carro_simulacion/share/carro_simulacion/hook/pythonpath.dsv'
[1.656s] INFO:colcon.colcon_core.shell:Creating environment hook '/home/alereyes/C-ROS-Automodel_Car/simulacion_ws/install/carro_simulacion/share/carro_simulacion/hook/pythonpath.sh'
[1.657s] Level 1:colcon.colcon_core.environment:checking '/home/alereyes/C-ROS-Automodel_Car/simulacion_ws/install/carro_simulacion/bin'
[1.657s] Level 1:colcon.colcon_core.environment:create_environment_scripts_only(carro_simulacion)
[1.657s] INFO:colcon.colcon_core.shell:Creating package script '/home/alereyes/C-ROS-Automodel_Car/simulacion_ws/install/carro_simulacion/share/carro_simulacion/package.ps1'
[1.658s] INFO:colcon.colcon_core.shell:Creating package descriptor '/home/alereyes/C-ROS-Automodel_Car/simulacion_ws/install/carro_simulacion/share/carro_simulacion/package.dsv'
[1.658s] INFO:colcon.colcon_core.shell:Creating package script '/home/alereyes/C-ROS-Automodel_Car/simulacion_ws/install/carro_simulacion/share/carro_simulacion/package.sh'
[1.658s] INFO:colcon.colcon_core.shell:Creating package script '/home/alereyes/C-ROS-Automodel_Car/simulacion_ws/install/carro_simulacion/share/carro_simulacion/package.bash'
[1.659s] INFO:colcon.colcon_core.shell:Creating package script '/home/alereyes/C-ROS-Automodel_Car/simulacion_ws/install/carro_simulacion/share/carro_simulacion/package.zsh'
[1.659s] Level 1:colcon.colcon_core.environment:create_file_with_runtime_dependencies(/home/alereyes/C-ROS-Automodel_Car/simulacion_ws/install/carro_simulacion/share/colcon-core/packages/carro_simulacion)
[8.720s] DEBUG:colcon.colcon_core.event_handler.log_command:Invoked command in '/home/alereyes/C-ROS-Automodel_Car/simulacion_ws/build/motor_msgs' returned '0': CMAKE_PREFIX_PATH=${CMAKE_PREFIX_PATH}:/opt/ros/jazzy DEBUGINFOD_URLS=https://debuginfod.ubuntu.com /usr/bin/cmake /home/alereyes/C-ROS-Automodel_Car/simulacion_ws/src/motor_msg -DCMAKE_INSTALL_PREFIX=/home/alereyes/C-ROS-Automodel_Car/simulacion_ws/install/motor_msgs
[8.721s] DEBUG:colcon.colcon_core.event_handler.log_command:Invoking command in '/home/alereyes/C-ROS-Automodel_Car/simulacion_ws/build/motor_msgs': CMAKE_PREFIX_PATH=${CMAKE_PREFIX_PATH}:/opt/ros/jazzy DEBUGINFOD_URLS=https://debuginfod.ubuntu.com /usr/bin/cmake --build /home/alereyes/C-ROS-Automodel_Car/simulacion_ws/build/motor_msgs -- -j12 -l12
[14.599s] DEBUG:colcon.colcon_core.event_handler.log_command:Invoked command in '/home/alereyes/C-ROS-Automodel_Car/simulacion_ws/build/motor_msgs' returned '0': CMAKE_PREFIX_PATH=${CMAKE_PREFIX_PATH}:/opt/ros/jazzy DEBUGINFOD_URLS=https://debuginfod.ubuntu.com /usr/bin/cmake --build /home/alereyes/C-ROS-Automodel_Car/simulacion_ws/build/motor_msgs -- -j12 -l12
[14.606s] DEBUG:colcon.colcon_core.event_handler.log_command:Invoking command in '/home/alereyes/C-ROS-Automodel_Car/simulacion_ws/build/motor_msgs': CMAKE_PREFIX_PATH=${CMAKE_PREFIX_PATH}:/opt/ros/jazzy DEBUGINFOD_URLS=https://debuginfod.ubuntu.com /usr/bin/cmake --install /home/alereyes/C-ROS-Automodel_Car/simulacion_ws/build/motor_msgs
[14.660s] Level 1:colcon.colcon_core.environment:create_environment_scripts_only(motor_msgs)
[14.660s] DEBUG:colcon.colcon_core.event_handler.log_command:Invoked command in '/home/alereyes/C-ROS-Automodel_Car/simulacion_ws/build/motor_msgs' returned '0': CMAKE_PREFIX_PATH=${CMAKE_PREFIX_PATH}:/opt/ros/jazzy DEBUGINFOD_URLS=https://debuginfod.ubuntu.com /usr/bin/cmake --install /home/alereyes/C-ROS-Automodel_Car/simulacion_ws/build/motor_msgs
[14.660s] Level 1:colcon.colcon_core.environment:checking '/home/alereyes/C-ROS-Automodel_Car/simulacion_ws/install/motor_msgs' for CMake module files
[14.661s] Level 1:colcon.colcon_core.environment:checking '/home/alereyes/C-ROS-Automodel_Car/simulacion_ws/install/motor_msgs' for CMake config files
[14.661s] Level 1:colcon.colcon_core.shell:create_environment_hook('motor_msgs', 'cmake_prefix_path')
[14.661s] INFO:colcon.colcon_core.shell:Creating environment hook '/home/alereyes/C-ROS-Automodel_Car/simulacion_ws/install/motor_msgs/share/motor_msgs/hook/cmake_prefix_path.ps1'
[14.661s] INFO:colcon.colcon_core.shell:Creating environment descriptor '/home/alereyes/C-ROS-Automodel_Car/simulacion_ws/install/motor_msgs/share/motor_msgs/hook/cmake_prefix_path.dsv'
[14.661s] INFO:colcon.colcon_core.shell:Creating environment hook '/home/alereyes/C-ROS-Automodel_Car/simulacion_ws/install/motor_msgs/share/motor_msgs/hook/cmake_prefix_path.sh'
[14.662s] Level 1:colcon.colcon_core.environment:checking '/home/alereyes/C-ROS-Automodel_Car/simulacion_ws/install/motor_msgs/lib'
[14.662s] Level 1:colcon.colcon_core.shell:create_environment_hook('motor_msgs', 'ld_library_path_lib')
[14.662s] INFO:colcon.colcon_core.shell:Creating environment hook '/home/alereyes/C-ROS-Automodel_Car/simulacion_ws/install/motor_msgs/share/motor_msgs/hook/ld_library_path_lib.ps1'
[14.662s] INFO:colcon.colcon_core.shell:Creating environment descriptor '/home/alereyes/C-ROS-Automodel_Car/simulacion_ws/install/motor_msgs/share/motor_msgs/hook/ld_library_path_lib.dsv'
[14.662s] INFO:colcon.colcon_core.shell:Creating environment hook '/home/alereyes/C-ROS-Automodel_Car/simulacion_ws/install/motor_msgs/share/motor_msgs/hook/ld_library_path_lib.sh'
[14.663s] Level 1:colcon.colcon_core.environment:checking '/home/alereyes/C-ROS-Automodel_Car/simulacion_ws/install/motor_msgs/bin'
[14.663s] Level 1:colcon.colcon_core.environment:checking '/home/alereyes/C-ROS-Automodel_Car/simulacion_ws/install/motor_msgs/lib/pkgconfig/motor_msgs.pc'
[14.663s] Level 1:colcon.colcon_core.environment:checking '/home/alereyes/C-ROS-Automodel_Car/simulacion_ws/install/motor_msgs/lib/python3.12/site-packages'
[14.663s] Level 1:colcon.colcon_core.shell:create_environment_hook('motor_msgs', 'pythonpath')
[14.663s] INFO:colcon.colcon_core.shell:Creating environment hook '/home/alereyes/C-ROS-Automodel_Car/simulacion_ws/install/motor_msgs/share/motor_msgs/hook/pythonpath.ps1'
[14.663s] INFO:colcon.colcon_core.shell:Creating environment descriptor '/home/alereyes/C-ROS-Automodel_Car/simulacion_ws/install/motor_msgs/share/motor_msgs/hook/pythonpath.dsv'
[14.663s] INFO:colcon.colcon_core.shell:Creating environment hook '/home/alereyes/C-ROS-Automodel_Car/simulacion_ws/install/motor_msgs/share/motor_msgs/hook/pythonpath.sh'
[14.664s] Level 1:colcon.colcon_core.environment:checking '/home/alereyes/C-ROS-Automodel_Car/simulacion_ws/install/motor_msgs/bin'
[14.664s] INFO:colcon.colcon_core.shell:Creating package script '/home/alereyes/C-ROS-Automodel_Car/simulacion_ws/install/motor_msgs/share/motor_msgs/package.ps1'
[14.664s] INFO:colcon.colcon_core.shell:Creating package descriptor '/home/alereyes/C-ROS-Automodel_Car/simulacion_ws/install/motor_msgs/share/motor_msgs/package.dsv'
[14.664s] INFO:colcon.colcon_core.shell:Creating package script '/home/alereyes/C-ROS-Automodel_Car/simulacion_ws/install/motor_msgs/share/motor_msgs/package.sh'
[14.665s] INFO:colcon.colcon_core.shell:Creating package script '/home/alereyes/C-ROS-Automodel_Car/simulacion_ws/install/motor_msgs/share/motor_msgs/package.bash'
[14.665s] INFO:colcon.colcon_core.shell:Creating package script '/home/alereyes/C-ROS-Automodel_Car/simulacion_ws/install/motor_msgs/share/motor_msgs/package.zsh'
[14.665s] Level 1:colcon.colcon_core.environment:create_file_with_runtime_dependencies(/home/alereyes/C-ROS-Automodel_Car/simulacion_ws/install/motor_msgs/share/colcon-core/packages/motor_msgs)
[14.665s] Level 1:colcon.colcon_core.environment:create_environment_scripts_only(motor_msgs)
[14.665s] Level 1:colcon.colcon_core.environment:checking '/home/alereyes/C-ROS-Automodel_Car/simulacion_ws/install/motor_msgs' for CMake module files
[14.666s] Level 1:colcon.colcon_core.environment:checking '/home/alereyes/C-ROS-Automodel_Car/simulacion_ws/install/motor_msgs' for CMake config files
[14.666s] Level 1:colcon.colcon_core.shell:create_environment_hook('motor_msgs', 'cmake_prefix_path')
[14.666s] INFO:colcon.colcon_core.shell:Creating environment hook '/home/alereyes/C-ROS-Automodel_Car/simulacion_ws/install/motor_msgs/share/motor_msgs/hook/cmake_prefix_path.ps1'
[14.666s] INFO:colcon.colcon_core.shell:Creating environment descriptor '/home/alereyes/C-ROS-Automodel_Car/simulacion_ws/install/motor_msgs/share/motor_msgs/hook/cmake_prefix_path.dsv'
[14.666s] INFO:colcon.colcon_core.shell:Creating environment hook '/home/alereyes/C-ROS-Automodel_Car/simulacion_ws/install/motor_msgs/share/motor_msgs/hook/cmake_prefix_path.sh'
[14.667s] Level 1:colcon.colcon_core.environment:checking '/home/alereyes/C-ROS-Automodel_Car/simulacion_ws/install/motor_msgs/lib'
[14.667s] Level 1:colcon.colcon_core.shell:create_environment_hook('motor_msgs', 'ld_library_path_lib')
[14.667s] INFO:colcon.colcon_core.shell:Creating environment hook '/home/alereyes/C-ROS-Automodel_Car/simulacion_ws/install/motor_msgs/share/motor_msgs/hook/ld_library_path_lib.ps1'
[14.667s] INFO:colcon.colcon_core.shell:Creating environment descriptor '/home/alereyes/C-ROS-Automodel_Car/simulacion_ws/install/motor_msgs/share/motor_msgs/hook/ld_library_path_lib.dsv'
[14.667s] INFO:colcon.colcon_core.shell:Creating environment hook '/home/alereyes/C-ROS-Automodel_Car/simulacion_ws/install/motor_msgs/share/motor_msgs/hook/ld_library_path_lib.sh'
[14.667s] Level 1:colcon.colcon_core.environment:checking '/home/alereyes/C-ROS-Automodel_Car/simulacion_ws/install/motor_msgs/bin'
[14.667s] Level 1:colcon.colcon_core.environment:checking '/home/alereyes/C-ROS-Automodel_Car/simulacion_ws/install/motor_msgs/lib/pkgconfig/motor_msgs.pc'
[14.668s] Level 1:colcon.colcon_core.environment:checking '/home/alereyes/C-ROS-Automodel_Car/simulacion_ws/install/motor_msgs/lib/python3.12/site-packages'
[14.668s] Level 1:colcon.colcon_core.shell:create_environment_hook('motor_msgs', 'pythonpath')
[14.668s] INFO:colcon.colcon_core.shell:Creating environment hook '/home/alereyes/C-ROS-Automodel_Car/simulacion_ws/install/motor_msgs/share/motor_msgs/hook/pythonpath.ps1'
[14.668s] INFO:colcon.colcon_core.shell:Creating environment descriptor '/home/alereyes/C-ROS-Automodel_Car/simulacion_ws/install/motor_msgs/share/motor_msgs/hook/pythonpath.dsv'
[14.668s] INFO:colcon.colcon_core.shell:Creating environment hook '/home/alereyes/C-ROS-Automodel_Car/simulacion_ws/install/motor_msgs/share/motor_msgs/hook/pythonpath.sh'
[14.669s] Level 1:colcon.colcon_core.environment:checking '/home/alereyes/C-ROS-Automodel_Car/simulacion_ws/install/motor_msgs/bin'
[14.669s] INFO:colcon.colcon_core.shell:Creating package script '/home/alereyes/C-ROS-Automodel_Car/simulacion_ws/install/motor_msgs/share/motor_msgs/package.ps1'
[14.669s] INFO:colcon.colcon_core.shell:Creating package descriptor '/home/alereyes/C-ROS-Automodel_Car/simulacion_ws/install/motor_msgs/share/motor_msgs/package.dsv'
[14.669s] INFO:colcon.colcon_core.shell:Creating package script '/home/alereyes/C-ROS-Automodel_Car/simulacion_ws/install/motor_msgs/share/motor_msgs/package.sh'
[14.670s] INFO:colcon.colcon_core.shell:Creating package script '/home/alereyes/C-ROS-Automodel_Car/simulacion_ws/install/motor_msgs/share/motor_msgs/package.bash'
[14.670s] INFO:colcon.colcon_core.shell:Creating package script '/home/alereyes/C-ROS-Automodel_Car/simulacion_ws/install/motor_msgs/share/motor_msgs/package.zsh'
[14.670s] Level 1:colcon.colcon_core.environment:create_file_with_runtime_dependencies(/home/alereyes/C-ROS-Automodel_Car/simulacion_ws/install/motor_msgs/share/colcon-core/packages/motor_msgs)
[14.670s] DEBUG:colcon.colcon_parallel_executor.executor.parallel:closing loop
[14.670s] DEBUG:colcon.colcon_parallel_executor.executor.parallel:loop closed
[14.671s] DEBUG:colcon.colcon_parallel_executor.executor.parallel:run_until_complete finished with '0'
[14.671s] DEBUG:colcon.colcon_core.event_reactor:joining thread
[14.674s] INFO:colcon.colcon_core.plugin_system:Skipping extension 'colcon_notification.desktop_notification.terminal_notifier': Not used on non-Darwin systems
[14.674s] INFO:colcon.colcon_core.plugin_system:Skipping extension 'colcon_notification.desktop_notification.win32': Not used on non-Windows systems
[14.674s] INFO:colcon.colcon_notification.desktop_notification:Sending desktop notification using 'notify2'
[14.684s] DEBUG:colcon.colcon_core.event_reactor:joined thread
[14.684s] INFO:colcon.colcon_core.shell:Creating prefix script '/home/alereyes/C-ROS-Automodel_Car/simulacion_ws/install/local_setup.ps1'
[14.685s] INFO:colcon.colcon_core.shell:Creating prefix util module '/home/alereyes/C-ROS-Automodel_Car/simulacion_ws/install/_local_setup_util_ps1.py'
[14.686s] INFO:colcon.colcon_core.shell:Creating prefix chain script '/home/alereyes/C-ROS-Automodel_Car/simulacion_ws/install/setup.ps1'
[14.686s] INFO:colcon.colcon_core.shell:Creating prefix script '/home/alereyes/C-ROS-Automodel_Car/simulacion_ws/install/local_setup.sh'
[14.687s] INFO:colcon.colcon_core.shell:Creating prefix util module '/home/alereyes/C-ROS-Automodel_Car/simulacion_ws/install/_local_setup_util_sh.py'
[14.687s] INFO:colcon.colcon_core.shell:Creating prefix chain script '/home/alereyes/C-ROS-Automodel_Car/simulacion_ws/install/setup.sh'
[14.687s] INFO:colcon.colcon_core.shell:Creating prefix script '/home/alereyes/C-ROS-Automodel_Car/simulacion_ws/install/local_setup.bash'
[14.688s] INFO:colcon.colcon_core.shell:Creating prefix chain script '/home/alereyes/C-ROS-Automodel_Car/simulacion_ws/install/setup.bash'
[14.688s] INFO:colcon.colcon_core.shell:Creating prefix script '/home/alereyes/C-ROS-Automodel_Car/simulacion_ws/install/local_setup.zsh'
[14.688s] INFO:colcon.colcon_core.shell:Creating prefix chain script '/home/alereyes/C-ROS-Automodel_Car/simulacion_ws/install/setup.zsh'
