/home/alereyes/C-ROS-Automodel_Car/AutoModelRasp_ws/src/install/manual/lib/python3.12/site-packages/manual/key_control.py
/home/alereyes/C-ROS-Automodel_Car/AutoModelRasp_ws/src/install/manual/lib/python3.12/site-packages/manual/full_test.py
/home/alereyes/C-ROS-Automodel_Car/AutoModelRasp_ws/src/install/manual/lib/python3.12/site-packages/manual/__init__.py
/home/alereyes/C-ROS-Automodel_Car/AutoModelRasp_ws/src/install/manual/lib/python3.12/site-packages/manual/joystick_control.py
/home/alereyes/C-ROS-Automodel_Car/AutoModelRasp_ws/src/install/manual/lib/python3.12/site-packages/manual/__pycache__/key_control.cpython-312.pyc
/home/alereyes/C-ROS-Automodel_Car/AutoModelRasp_ws/src/install/manual/lib/python3.12/site-packages/manual/__pycache__/full_test.cpython-312.pyc
/home/alereyes/C-ROS-Automodel_Car/AutoModelRasp_ws/src/install/manual/lib/python3.12/site-packages/manual/__pycache__/__init__.cpython-312.pyc
/home/alereyes/C-ROS-Automodel_Car/AutoModelRasp_ws/src/install/manual/lib/python3.12/site-packages/manual/__pycache__/joystick_control.cpython-312.pyc
/home/alereyes/C-ROS-Automodel_Car/AutoModelRasp_ws/src/install/manual/share/ament_index/resource_index/packages/manual
/home/alereyes/C-ROS-Automodel_Car/AutoModelRasp_ws/src/install/manual/share/manual/package.xml
/home/alereyes/C-ROS-Automodel_Car/AutoModelRasp_ws/src/install/manual/lib/python3.12/site-packages/manual-0.0.0-py3.12.egg-info/SOURCES.txt
/home/alereyes/C-ROS-Automodel_Car/AutoModelRasp_ws/src/install/manual/lib/python3.12/site-packages/manual-0.0.0-py3.12.egg-info/dependency_links.txt
/home/alereyes/C-ROS-Automodel_Car/AutoModelRasp_ws/src/install/manual/lib/python3.12/site-packages/manual-0.0.0-py3.12.egg-info/zip-safe
/home/alereyes/C-ROS-Automodel_Car/AutoModelRasp_ws/src/install/manual/lib/python3.12/site-packages/manual-0.0.0-py3.12.egg-info/entry_points.txt
/home/alereyes/C-ROS-Automodel_Car/AutoModelRasp_ws/src/install/manual/lib/python3.12/site-packages/manual-0.0.0-py3.12.egg-info/PKG-INFO
/home/alereyes/C-ROS-Automodel_Car/AutoModelRasp_ws/src/install/manual/lib/python3.12/site-packages/manual-0.0.0-py3.12.egg-info/requires.txt
/home/alereyes/C-ROS-Automodel_Car/AutoModelRasp_ws/src/install/manual/lib/python3.12/site-packages/manual-0.0.0-py3.12.egg-info/top_level.txt
/home/alereyes/C-ROS-Automodel_Car/AutoModelRasp_ws/src/install/manual/lib/manual/full_test
/home/alereyes/C-ROS-Automodel_Car/AutoModelRasp_ws/src/install/manual/lib/manual/joy_control
/home/alereyes/C-ROS-Automodel_Car/AutoModelRasp_ws/src/install/manual/lib/manual/key_control
