[15.786s] Invoking command in '/home/alereyes/C-ROS-Automodel_Car/AutoModelRasp_ws/src/parking': DEBUGINFOD_URLS=https://debuginfod.ubuntu.com PYTHONPATH=/home/alereyes/C-ROS-Automodel_Car/AutoModelRasp_ws/src/build/parking/prefix_override:/usr/lib/python3/dist-packages/colcon_core/task/python/colcon_distutils_commands:/home/alereyes/C-ROS-Automodel_Car/AutoModelRasp_ws/src/install/parking/lib/python3.12/site-packages:${PYTHONPATH} /usr/bin/python3 -W ignore:setup.py install is deprecated -W ignore:easy_install command is deprecated setup.py egg_info --egg-base ../build/parking build --build-base /home/alereyes/C-ROS-Automodel_Car/AutoModelRasp_ws/src/build/parking/build install --record /home/alereyes/C-ROS-Automodel_Car/AutoModelRasp_ws/src/build/parking/install.log --single-version-externally-managed install_data
[16.105s] running egg_info
[16.127s] writing ../build/parking/parking.egg-info/PKG-INFO
[16.141s] writing dependency_links to ../build/parking/parking.egg-info/dependency_links.txt
[16.142s] writing requirements to ../build/parking/parking.egg-info/requires.txt
[16.142s] writing top-level names to ../build/parking/parking.egg-info/top_level.txt
[16.186s] reading manifest file '../build/parking/parking.egg-info/SOURCES.txt'
[16.232s] adding license file 'LICENSE'
[16.233s] writing manifest file '../build/parking/parking.egg-info/SOURCES.txt'
[16.233s] running build
[16.233s] running build_py
[16.310s] running install
[16.322s] running install_lib
[16.360s] running install_data
[16.360s] running install_egg_info
[16.397s] removing '/home/alereyes/C-ROS-Automodel_Car/AutoModelRasp_ws/src/install/parking/lib/python3.12/site-packages/parking-0.0.0-py3.12.egg-info' (and everything under it)
[16.397s] Copying ../build/parking/parking.egg-info to /home/alereyes/C-ROS-Automodel_Car/AutoModelRasp_ws/src/install/parking/lib/python3.12/site-packages/parking-0.0.0-py3.12.egg-info
[16.420s] running install_scripts
[16.583s] writing list of installed files to '/home/alereyes/C-ROS-Automodel_Car/AutoModelRasp_ws/src/build/parking/install.log'
[16.625s] Invoked command in '/home/alereyes/C-ROS-Automodel_Car/AutoModelRasp_ws/src/parking' returned '0': DEBUGINFOD_URLS=https://debuginfod.ubuntu.com PYTHONPATH=/home/alereyes/C-ROS-Automodel_Car/AutoModelRasp_ws/src/build/parking/prefix_override:/usr/lib/python3/dist-packages/colcon_core/task/python/colcon_distutils_commands:/home/alereyes/C-ROS-Automodel_Car/AutoModelRasp_ws/src/install/parking/lib/python3.12/site-packages:${PYTHONPATH} /usr/bin/python3 -W ignore:setup.py install is deprecated -W ignore:easy_install command is deprecated setup.py egg_info --egg-base ../build/parking build --build-base /home/alereyes/C-ROS-Automodel_Car/AutoModelRasp_ws/src/build/parking/build install --record /home/alereyes/C-ROS-Automodel_Car/AutoModelRasp_ws/src/build/parking/install.log --single-version-externally-managed install_data
