running egg_info
writing ../build/ms200_driver/ms200_driver.egg-info/PKG-INFO
writing dependency_links to ../build/ms200_driver/ms200_driver.egg-info/dependency_links.txt
writing entry points to ../build/ms200_driver/ms200_driver.egg-info/entry_points.txt
writing requirements to ../build/ms200_driver/ms200_driver.egg-info/requires.txt
writing top-level names to ../build/ms200_driver/ms200_driver.egg-info/top_level.txt
reading manifest file '../build/ms200_driver/ms200_driver.egg-info/SOURCES.txt'
adding license file 'LICENSE'
writing manifest file '../build/ms200_driver/ms200_driver.egg-info/SOURCES.txt'
running build
running build_py
running install
running install_lib
running install_data
running install_egg_info
removing '/home/alereyes/C-ROS-Automodel_Car/AutoModelRasp_ws/src/install/ms200_driver/lib/python3.12/site-packages/ms200_driver-0.0.0-py3.12.egg-info' (and everything under it)
Copying ../build/ms200_driver/ms200_driver.egg-info to /home/alereyes/C-ROS-Automodel_Car/AutoModelRasp_ws/src/install/ms200_driver/lib/python3.12/site-packages/ms200_driver-0.0.0-py3.12.egg-info
running install_scripts
Installing ms200_node script to /home/alereyes/C-ROS-Automodel_Car/AutoModelRasp_ws/src/install/ms200_driver/lib/ms200_driver
writing list of installed files to '/home/alereyes/C-ROS-Automodel_Car/AutoModelRasp_ws/src/build/ms200_driver/install.log'
