[15.788s] Invoking command in '/home/alereyes/C-ROS-Automodel_Car/AutoModelRasp_ws/src/lidar': DEBUGINFOD_URLS=https://debuginfod.ubuntu.com PYTHONPATH=/home/alereyes/C-ROS-Automodel_Car/AutoModelRasp_ws/src/build/ms200_driver/prefix_override:/usr/lib/python3/dist-packages/colcon_core/task/python/colcon_distutils_commands:/home/alereyes/C-ROS-Automodel_Car/AutoModelRasp_ws/src/install/ms200_driver/lib/python3.12/site-packages:${PYTHONPATH} /usr/bin/python3 -W ignore:setup.py install is deprecated -W ignore:easy_install command is deprecated setup.py egg_info --egg-base ../build/ms200_driver build --build-base /home/alereyes/C-ROS-Automodel_Car/AutoModelRasp_ws/src/build/ms200_driver/build install --record /home/alereyes/C-ROS-Automodel_Car/AutoModelRasp_ws/src/build/ms200_driver/install.log --single-version-externally-managed install_data
[16.101s] running egg_info
[16.123s] writing ../build/ms200_driver/ms200_driver.egg-info/PKG-INFO
[16.150s] writing dependency_links to ../build/ms200_driver/ms200_driver.egg-info/dependency_links.txt
[16.150s] writing entry points to ../build/ms200_driver/ms200_driver.egg-info/entry_points.txt
[16.151s] writing requirements to ../build/ms200_driver/ms200_driver.egg-info/requires.txt
[16.151s] writing top-level names to ../build/ms200_driver/ms200_driver.egg-info/top_level.txt
[16.201s] reading manifest file '../build/ms200_driver/ms200_driver.egg-info/SOURCES.txt'
[16.268s] adding license file 'LICENSE'
[16.270s] writing manifest file '../build/ms200_driver/ms200_driver.egg-info/SOURCES.txt'
[16.270s] running build
[16.270s] running build_py
[16.330s] running install
[16.348s] running install_lib
[16.387s] running install_data
[16.387s] running install_egg_info
[16.418s] removing '/home/alereyes/C-ROS-Automodel_Car/AutoModelRasp_ws/src/install/ms200_driver/lib/python3.12/site-packages/ms200_driver-0.0.0-py3.12.egg-info' (and everything under it)
[16.418s] Copying ../build/ms200_driver/ms200_driver.egg-info to /home/alereyes/C-ROS-Automodel_Car/AutoModelRasp_ws/src/install/ms200_driver/lib/python3.12/site-packages/ms200_driver-0.0.0-py3.12.egg-info
[16.428s] running install_scripts
[16.591s] Installing ms200_node script to /home/alereyes/C-ROS-Automodel_Car/AutoModelRasp_ws/src/install/ms200_driver/lib/ms200_driver
[16.592s] writing list of installed files to '/home/alereyes/C-ROS-Automodel_Car/AutoModelRasp_ws/src/build/ms200_driver/install.log'
[16.644s] Invoked command in '/home/alereyes/C-ROS-Automodel_Car/AutoModelRasp_ws/src/lidar' returned '0': DEBUGINFOD_URLS=https://debuginfod.ubuntu.com PYTHONPATH=/home/alereyes/C-ROS-Automodel_Car/AutoModelRasp_ws/src/build/ms200_driver/prefix_override:/usr/lib/python3/dist-packages/colcon_core/task/python/colcon_distutils_commands:/home/alereyes/C-ROS-Automodel_Car/AutoModelRasp_ws/src/install/ms200_driver/lib/python3.12/site-packages:${PYTHONPATH} /usr/bin/python3 -W ignore:setup.py install is deprecated -W ignore:easy_install command is deprecated setup.py egg_info --egg-base ../build/ms200_driver build --build-base /home/alereyes/C-ROS-Automodel_Car/AutoModelRasp_ws/src/build/ms200_driver/build install --record /home/alereyes/C-ROS-Automodel_Car/AutoModelRasp_ws/src/build/ms200_driver/install.log --single-version-externally-managed install_data
