[1.105s] Invoking command in '/home/jason/C-ROS-Automodel_Car/simulacion_ws/src/carro_simulacion': PYTHONPATH=/home/jason/C-ROS-Automodel_Car/simulacion_ws/build/carro_simulacion/prefix_override:/usr/lib/python3/dist-packages/colcon_core/task/python/colcon_distutils_commands:/home/jason/C-ROS-Automodel_Car/simulacion_ws/install/carro_simulacion/lib/python3.12/site-packages:${PYTHONPATH} /usr/bin/python3 -W ignore:setup.py install is deprecated -W ignore:easy_install command is deprecated setup.py egg_info --egg-base ../../build/carro_simulacion build --build-base /home/jason/C-ROS-Automodel_Car/simulacion_ws/build/carro_simulacion/build install --record /home/jason/C-ROS-Automodel_Car/simulacion_ws/build/carro_simulacion/install.log --single-version-externally-managed install_data
[1.323s] running egg_info
[1.324s] creating ../../build/carro_simulacion/carro_simulacion.egg-info
[1.338s] writing ../../build/carro_simulacion/carro_simulacion.egg-info/PKG-INFO
[1.338s] writing dependency_links to ../../build/carro_simulacion/carro_simulacion.egg-info/dependency_links.txt
[1.339s] writing entry points to ../../build/carro_simulacion/carro_simulacion.egg-info/entry_points.txt
[1.339s] writing requirements to ../../build/carro_simulacion/carro_simulacion.egg-info/requires.txt
[1.339s] writing top-level names to ../../build/carro_simulacion/carro_simulacion.egg-info/top_level.txt
[1.339s] writing manifest file '../../build/carro_simulacion/carro_simulacion.egg-info/SOURCES.txt'
[1.368s] reading manifest file '../../build/carro_simulacion/carro_simulacion.egg-info/SOURCES.txt'
[1.368s] adding license file 'LICENSE'
[1.368s] writing manifest file '../../build/carro_simulacion/carro_simulacion.egg-info/SOURCES.txt'
[1.369s] running build
[1.369s] running build_py
[1.369s] creating /home/jason/C-ROS-Automodel_Car/simulacion_ws/build/carro_simulacion/build
[1.369s] creating /home/jason/C-ROS-Automodel_Car/simulacion_ws/build/carro_simulacion/build/lib
[1.370s] creating /home/jason/C-ROS-Automodel_Car/simulacion_ws/build/carro_simulacion/build/lib/carro_simulacion
[1.370s] copying carro_simulacion/__init__.py -> /home/jason/C-ROS-Automodel_Car/simulacion_ws/build/carro_simulacion/build/lib/carro_simulacion
[1.370s] copying carro_simulacion/sim_adapter.py -> /home/jason/C-ROS-Automodel_Car/simulacion_ws/build/carro_simulacion/build/lib/carro_simulacion
[1.370s] running install
[1.376s] running install_lib
[1.395s] creating /home/jason/C-ROS-Automodel_Car/simulacion_ws/install/carro_simulacion/lib/python3.12/site-packages/carro_simulacion
[1.395s] copying /home/jason/C-ROS-Automodel_Car/simulacion_ws/build/carro_simulacion/build/lib/carro_simulacion/__init__.py -> /home/jason/C-ROS-Automodel_Car/simulacion_ws/install/carro_simulacion/lib/python3.12/site-packages/carro_simulacion
[1.395s] copying /home/jason/C-ROS-Automodel_Car/simulacion_ws/build/carro_simulacion/build/lib/carro_simulacion/sim_adapter.py -> /home/jason/C-ROS-Automodel_Car/simulacion_ws/install/carro_simulacion/lib/python3.12/site-packages/carro_simulacion
[1.396s] byte-compiling /home/jason/C-ROS-Automodel_Car/simulacion_ws/install/carro_simulacion/lib/python3.12/site-packages/carro_simulacion/__init__.py to __init__.cpython-312.pyc
[1.396s] byte-compiling /home/jason/C-ROS-Automodel_Car/simulacion_ws/install/carro_simulacion/lib/python3.12/site-packages/carro_simulacion/sim_adapter.py to sim_adapter.cpython-312.pyc
[1.397s] running install_data
[1.397s] creating /home/jason/C-ROS-Automodel_Car/simulacion_ws/install/carro_simulacion/share/ament_index
[1.397s] creating /home/jason/C-ROS-Automodel_Car/simulacion_ws/install/carro_simulacion/share/ament_index/resource_index
[1.398s] creating /home/jason/C-ROS-Automodel_Car/simulacion_ws/install/carro_simulacion/share/ament_index/resource_index/packages
[1.398s] copying resource/carro_simulacion -> /home/jason/C-ROS-Automodel_Car/simulacion_ws/install/carro_simulacion/share/ament_index/resource_index/packages
[1.398s] copying package.xml -> /home/jason/C-ROS-Automodel_Car/simulacion_ws/install/carro_simulacion/share/carro_simulacion
[1.398s] creating /home/jason/C-ROS-Automodel_Car/simulacion_ws/install/carro_simulacion/share/carro_simulacion/launch
[1.398s] copying launch/car_sim.launch.py -> /home/jason/C-ROS-Automodel_Car/simulacion_ws/install/carro_simulacion/share/carro_simulacion/launch
[1.399s] creating /home/jason/C-ROS-Automodel_Car/simulacion_ws/install/carro_simulacion/share/carro_simulacion/urdf
[1.399s] copying urdf/carro.urdf -> /home/jason/C-ROS-Automodel_Car/simulacion_ws/install/carro_simulacion/share/carro_simulacion/urdf
[1.399s] creating /home/jason/C-ROS-Automodel_Car/simulacion_ws/install/carro_simulacion/share/carro_simulacion/meshes
[1.400s] copying meshes/chasis-Assembly2.stl -> /home/jason/C-ROS-Automodel_Car/simulacion_ws/install/carro_simulacion/share/carro_simulacion/meshes
[1.409s] creating /home/jason/C-ROS-Automodel_Car/simulacion_ws/install/carro_simulacion/share/carro_simulacion/worlds
[1.409s] copying worlds/pista.world -> /home/jason/C-ROS-Automodel_Car/simulacion_ws/install/carro_simulacion/share/carro_simulacion/worlds
[1.410s] creating /home/jason/C-ROS-Automodel_Car/simulacion_ws/install/carro_simulacion/share/carro_simulacion/materials
[1.410s] creating /home/jason/C-ROS-Automodel_Car/simulacion_ws/install/carro_simulacion/share/carro_simulacion/materials/textures
[1.410s] copying materials/textures/Diseño sin título.png:Zone.Identifier -> /home/jason/C-ROS-Automodel_Car/simulacion_ws/install/carro_simulacion/share/carro_simulacion/materials/textures
[1.411s] copying materials/textures/pista.png -> /home/jason/C-ROS-Automodel_Car/simulacion_ws/install/carro_simulacion/share/carro_simulacion/materials/textures
[1.412s] running install_egg_info
[1.426s] Copying ../../build/carro_simulacion/carro_simulacion.egg-info to /home/jason/C-ROS-Automodel_Car/simulacion_ws/install/carro_simulacion/lib/python3.12/site-packages/carro_simulacion-0.0.0-py3.12.egg-info
[1.427s] running install_scripts
[1.562s] Installing sim_adapter script to /home/jason/C-ROS-Automodel_Car/simulacion_ws/install/carro_simulacion/lib/carro_simulacion
[1.563s] writing list of installed files to '/home/jason/C-ROS-Automodel_Car/simulacion_ws/build/carro_simulacion/install.log'
[1.602s] Invoked command in '/home/jason/C-ROS-Automodel_Car/simulacion_ws/src/carro_simulacion' returned '0': PYTHONPATH=/home/jason/C-ROS-Automodel_Car/simulacion_ws/build/carro_simulacion/prefix_override:/usr/lib/python3/dist-packages/colcon_core/task/python/colcon_distutils_commands:/home/jason/C-ROS-Automodel_Car/simulacion_ws/install/carro_simulacion/lib/python3.12/site-packages:${PYTHONPATH} /usr/bin/python3 -W ignore:setup.py install is deprecated -W ignore:easy_install command is deprecated setup.py egg_info --egg-base ../../build/carro_simulacion build --build-base /home/jason/C-ROS-Automodel_Car/simulacion_ws/build/carro_simulacion/build install --record /home/jason/C-ROS-Automodel_Car/simulacion_ws/build/carro_simulacion/install.log --single-version-externally-managed install_data
