[0.272s] Invoking command in '/home/alereyes/C-ROS-Automodel_Car/AutoModelRasp_ws/src/build/motor_msgs': CMAKE_PREFIX_PATH=${CMAKE_PREFIX_PATH}:/home/alereyes/C-ROS-Automodel_Car/AutoModelRasp_ws/src/install/parking:/home/alereyes/C-ROS-Automodel_Car/AutoModelRasp_ws/src/install/ms200_driver:/home/alereyes/C-ROS-Automodel_Car/AutoModelRasp_ws/src/install/manual:/home/alereyes/C-ROS-Automodel_Car/AutoModelRasp_ws/src/install/com_stm:/home/alereyes/C-ROS-Automodel_Car/AutoModelRasp_ws/src/install/driving:/opt/ros/jazzy DEBUGINFOD_URLS=https://debuginfod.ubuntu.com /usr/bin/cmake --build /home/alereyes/C-ROS-Automodel_Car/AutoModelRasp_ws/src/build/motor_msgs -- -j12 -l12
[2.035s] [  2%] Built target motor_msgs__rosidl_generator_type_description
[2.383s] [  2%] Built target ament_cmake_python_copy_motor_msgs
[2.526s] [  4%] Built target motor_msgs__cpp
[3.178s] running egg_info
[3.210s] writing motor_msgs.egg-info/PKG-INFO
[3.211s] writing dependency_links to motor_msgs.egg-info/dependency_links.txt
[3.211s] writing top-level names to motor_msgs.egg-info/top_level.txt
[3.287s] reading manifest file 'motor_msgs.egg-info/SOURCES.txt'
[3.314s] writing manifest file 'motor_msgs.egg-info/SOURCES.txt'
[3.356s] [  4%] Built target ament_cmake_python_build_motor_msgs_egg
[3.809s] [ 22%] Built target motor_msgs__rosidl_generator_c
[4.585s] [ 31%] Built target motor_msgs__rosidl_typesupport_introspection_c
[5.064s] [ 40%] Built target motor_msgs__rosidl_typesupport_c
[5.497s] [ 59%] Built target motor_msgs__rosidl_typesupport_cpp
[5.497s] [ 59%] Built target motor_msgs__rosidl_typesupport_introspection_cpp
[5.499s] [ 68%] Built target motor_msgs__rosidl_typesupport_fastrtps_cpp
[5.501s] [ 77%] Built target motor_msgs__rosidl_typesupport_fastrtps_c
[6.162s] [ 77%] Built target motor_msgs
[6.361s] [ 79%] Built target motor_msgs__py
[7.581s] [ 86%] Built target motor_msgs__rosidl_generator_py
[7.833s] [ 90%] Built target motor_msgs_s__rosidl_typesupport_c
[7.833s] [100%] Built target motor_msgs_s__rosidl_typesupport_fastrtps_c
[7.833s] [100%] Built target motor_msgs_s__rosidl_typesupport_introspection_c
[7.854s] Invoked command in '/home/alereyes/C-ROS-Automodel_Car/AutoModelRasp_ws/src/build/motor_msgs' returned '0': CMAKE_PREFIX_PATH=${CMAKE_PREFIX_PATH}:/home/alereyes/C-ROS-Automodel_Car/AutoModelRasp_ws/src/install/parking:/home/alereyes/C-ROS-Automodel_Car/AutoModelRasp_ws/src/install/ms200_driver:/home/alereyes/C-ROS-Automodel_Car/AutoModelRasp_ws/src/install/manual:/home/alereyes/C-ROS-Automodel_Car/AutoModelRasp_ws/src/install/com_stm:/home/alereyes/C-ROS-Automodel_Car/AutoModelRasp_ws/src/install/driving:/opt/ros/jazzy DEBUGINFOD_URLS=https://debuginfod.ubuntu.com /usr/bin/cmake --build /home/alereyes/C-ROS-Automodel_Car/AutoModelRasp_ws/src/build/motor_msgs -- -j12 -l12
[8.193s] Invoking command in '/home/alereyes/C-ROS-Automodel_Car/AutoModelRasp_ws/src/build/motor_msgs': CMAKE_PREFIX_PATH=${CMAKE_PREFIX_PATH}:/home/alereyes/C-ROS-Automodel_Car/AutoModelRasp_ws/src/install/parking:/home/alereyes/C-ROS-Automodel_Car/AutoModelRasp_ws/src/install/ms200_driver:/home/alereyes/C-ROS-Automodel_Car/AutoModelRasp_ws/src/install/manual:/home/alereyes/C-ROS-Automodel_Car/AutoModelRasp_ws/src/install/com_stm:/home/alereyes/C-ROS-Automodel_Car/AutoModelRasp_ws/src/install/driving:/opt/ros/jazzy DEBUGINFOD_URLS=https://debuginfod.ubuntu.com /usr/bin/cmake --install /home/alereyes/C-ROS-Automodel_Car/AutoModelRasp_ws/src/build/motor_msgs
[8.295s] -- Install configuration: ""
[8.384s] -- Up-to-date: /home/alereyes/C-ROS-Automodel_Car/AutoModelRasp_ws/src/install/motor_msgs/share/ament_index/resource_index/rosidl_interfaces/motor_msgs
[8.491s] -- Up-to-date: /home/alereyes/C-ROS-Automodel_Car/AutoModelRasp_ws/src/install/motor_msgs/share/motor_msgs/msg/MotorCommand.json
[8.491s] -- Up-to-date: /home/alereyes/C-ROS-Automodel_Car/AutoModelRasp_ws/src/install/motor_msgs/share/motor_msgs/msg/EncoderData.json
[8.561s] -- Up-to-date: /home/alereyes/C-ROS-Automodel_Car/AutoModelRasp_ws/src/install/motor_msgs/include/motor_msgs/motor_msgs
[8.592s] -- Up-to-date: /home/alereyes/C-ROS-Automodel_Car/AutoModelRasp_ws/src/install/motor_msgs/include/motor_msgs/motor_msgs/msg
[8.598s] -- Up-to-date: /home/alereyes/C-ROS-Automodel_Car/AutoModelRasp_ws/src/install/motor_msgs/include/motor_msgs/motor_msgs/msg/detail
[8.627s] -- Up-to-date: /home/alereyes/C-ROS-Automodel_Car/AutoModelRasp_ws/src/install/motor_msgs/include/motor_msgs/motor_msgs/msg/detail/motor_command__type_support.h
[8.627s] -- Up-to-date: /home/alereyes/C-ROS-Automodel_Car/AutoModelRasp_ws/src/install/motor_msgs/include/motor_msgs/motor_msgs/msg/detail/motor_command__description.c
[8.627s] -- Up-to-date: /home/alereyes/C-ROS-Automodel_Car/AutoModelRasp_ws/src/install/motor_msgs/include/motor_msgs/motor_msgs/msg/detail/encoder_data__functions.h
[8.628s] -- Up-to-date: /home/alereyes/C-ROS-Automodel_Car/AutoModelRasp_ws/src/install/motor_msgs/include/motor_msgs/motor_msgs/msg/detail/motor_command__functions.h
[8.629s] -- Up-to-date: /home/alereyes/C-ROS-Automodel_Car/AutoModelRasp_ws/src/install/motor_msgs/include/motor_msgs/motor_msgs/msg/detail/encoder_data__struct.h
[8.629s] -- Up-to-date: /home/alereyes/C-ROS-Automodel_Car/AutoModelRasp_ws/src/install/motor_msgs/include/motor_msgs/motor_msgs/msg/detail/encoder_data__type_support.h
[8.629s] -- Installing: /home/alereyes/C-ROS-Automodel_Car/AutoModelRasp_ws/src/install/motor_msgs/include/motor_msgs/motor_msgs/msg/detail/motor_command__type_support.c
[8.658s] -- Up-to-date: /home/alereyes/C-ROS-Automodel_Car/AutoModelRasp_ws/src/install/motor_msgs/include/motor_msgs/motor_msgs/msg/detail/motor_command__struct.h
[8.658s] -- Up-to-date: /home/alereyes/C-ROS-Automodel_Car/AutoModelRasp_ws/src/install/motor_msgs/include/motor_msgs/motor_msgs/msg/detail/motor_command__functions.c
[8.658s] -- Up-to-date: /home/alereyes/C-ROS-Automodel_Car/AutoModelRasp_ws/src/install/motor_msgs/include/motor_msgs/motor_msgs/msg/detail/encoder_data__description.c
[8.659s] -- Up-to-date: /home/alereyes/C-ROS-Automodel_Car/AutoModelRasp_ws/src/install/motor_msgs/include/motor_msgs/motor_msgs/msg/detail/encoder_data__functions.c
[8.659s] -- Installing: /home/alereyes/C-ROS-Automodel_Car/AutoModelRasp_ws/src/install/motor_msgs/include/motor_msgs/motor_msgs/msg/detail/encoder_data__type_support.c
[8.700s] -- Up-to-date: /home/alereyes/C-ROS-Automodel_Car/AutoModelRasp_ws/src/install/motor_msgs/include/motor_msgs/motor_msgs/msg/encoder_data.h
[8.700s] -- Up-to-date: /home/alereyes/C-ROS-Automodel_Car/AutoModelRasp_ws/src/install/motor_msgs/include/motor_msgs/motor_msgs/msg/rosidl_generator_c__visibility_control.h
[8.700s] -- Up-to-date: /home/alereyes/C-ROS-Automodel_Car/AutoModelRasp_ws/src/install/motor_msgs/include/motor_msgs/motor_msgs/msg/motor_command.h
[8.701s] -- Up-to-date: /home/alereyes/C-ROS-Automodel_Car/AutoModelRasp_ws/src/install/motor_msgs/share/motor_msgs/environment/library_path.sh
[8.701s] -- Up-to-date: /home/alereyes/C-ROS-Automodel_Car/AutoModelRasp_ws/src/install/motor_msgs/share/motor_msgs/environment/library_path.dsv
[8.732s] -- Up-to-date: /home/alereyes/C-ROS-Automodel_Car/AutoModelRasp_ws/src/install/motor_msgs/lib/libmotor_msgs__rosidl_generator_c.so
[8.733s] -- Up-to-date: /home/alereyes/C-ROS-Automodel_Car/AutoModelRasp_ws/src/install/motor_msgs/include/motor_msgs/motor_msgs
[8.733s] -- Up-to-date: /home/alereyes/C-ROS-Automodel_Car/AutoModelRasp_ws/src/install/motor_msgs/include/motor_msgs/motor_msgs/msg
[8.733s] -- Up-to-date: /home/alereyes/C-ROS-Automodel_Car/AutoModelRasp_ws/src/install/motor_msgs/include/motor_msgs/motor_msgs/msg/rosidl_typesupport_fastrtps_c__visibility_control.h
[8.733s] -- Up-to-date: /home/alereyes/C-ROS-Automodel_Car/AutoModelRasp_ws/src/install/motor_msgs/include/motor_msgs/motor_msgs/msg/detail
[8.734s] -- Up-to-date: /home/alereyes/C-ROS-Automodel_Car/AutoModelRasp_ws/src/install/motor_msgs/include/motor_msgs/motor_msgs/msg/detail/motor_command__rosidl_typesupport_fastrtps_c.h
[8.734s] -- Up-to-date: /home/alereyes/C-ROS-Automodel_Car/AutoModelRasp_ws/src/install/motor_msgs/include/motor_msgs/motor_msgs/msg/detail/encoder_data__rosidl_typesupport_fastrtps_c.h
[8.766s] -- Up-to-date: /home/alereyes/C-ROS-Automodel_Car/AutoModelRasp_ws/src/install/motor_msgs/lib/libmotor_msgs__rosidl_typesupport_fastrtps_c.so
[8.767s] -- Up-to-date: /home/alereyes/C-ROS-Automodel_Car/AutoModelRasp_ws/src/install/motor_msgs/include/motor_msgs/motor_msgs
[8.767s] -- Up-to-date: /home/alereyes/C-ROS-Automodel_Car/AutoModelRasp_ws/src/install/motor_msgs/include/motor_msgs/motor_msgs/msg
[8.767s] -- Up-to-date: /home/alereyes/C-ROS-Automodel_Car/AutoModelRasp_ws/src/install/motor_msgs/include/motor_msgs/motor_msgs/msg/motor_command.hpp
[8.768s] -- Up-to-date: /home/alereyes/C-ROS-Automodel_Car/AutoModelRasp_ws/src/install/motor_msgs/include/motor_msgs/motor_msgs/msg/rosidl_generator_cpp__visibility_control.hpp
[8.768s] -- Up-to-date: /home/alereyes/C-ROS-Automodel_Car/AutoModelRasp_ws/src/install/motor_msgs/include/motor_msgs/motor_msgs/msg/detail
[8.768s] -- Up-to-date: /home/alereyes/C-ROS-Automodel_Car/AutoModelRasp_ws/src/install/motor_msgs/include/motor_msgs/motor_msgs/msg/detail/encoder_data__builder.hpp
[8.768s] -- Up-to-date: /home/alereyes/C-ROS-Automodel_Car/AutoModelRasp_ws/src/install/motor_msgs/include/motor_msgs/motor_msgs/msg/detail/encoder_data__type_support.hpp
[8.768s] -- Up-to-date: /home/alereyes/C-ROS-Automodel_Car/AutoModelRasp_ws/src/install/motor_msgs/include/motor_msgs/motor_msgs/msg/detail/motor_command__builder.hpp
[8.769s] -- Up-to-date: /home/alereyes/C-ROS-Automodel_Car/AutoModelRasp_ws/src/install/motor_msgs/include/motor_msgs/motor_msgs/msg/detail/motor_command__traits.hpp
[8.769s] -- Up-to-date: /home/alereyes/C-ROS-Automodel_Car/AutoModelRasp_ws/src/install/motor_msgs/include/motor_msgs/motor_msgs/msg/detail/encoder_data__traits.hpp
[8.769s] -- Up-to-date: /home/alereyes/C-ROS-Automodel_Car/AutoModelRasp_ws/src/install/motor_msgs/include/motor_msgs/motor_msgs/msg/detail/motor_command__struct.hpp
[8.769s] -- Up-to-date: /home/alereyes/C-ROS-Automodel_Car/AutoModelRasp_ws/src/install/motor_msgs/include/motor_msgs/motor_msgs/msg/detail/motor_command__type_support.hpp
[8.770s] -- Up-to-date: /home/alereyes/C-ROS-Automodel_Car/AutoModelRasp_ws/src/install/motor_msgs/include/motor_msgs/motor_msgs/msg/detail/encoder_data__struct.hpp
[8.770s] -- Up-to-date: /home/alereyes/C-ROS-Automodel_Car/AutoModelRasp_ws/src/install/motor_msgs/include/motor_msgs/motor_msgs/msg/encoder_data.hpp
[8.770s] -- Up-to-date: /home/alereyes/C-ROS-Automodel_Car/AutoModelRasp_ws/src/install/motor_msgs/include/motor_msgs/motor_msgs
[8.770s] -- Up-to-date: /home/alereyes/C-ROS-Automodel_Car/AutoModelRasp_ws/src/install/motor_msgs/include/motor_msgs/motor_msgs/msg
[8.770s] -- Up-to-date: /home/alereyes/C-ROS-Automodel_Car/AutoModelRasp_ws/src/install/motor_msgs/include/motor_msgs/motor_msgs/msg/detail
[8.770s] -- Up-to-date: /home/alereyes/C-ROS-Automodel_Car/AutoModelRasp_ws/src/install/motor_msgs/include/motor_msgs/motor_msgs/msg/detail/encoder_data__rosidl_typesupport_fastrtps_cpp.hpp
[8.770s] -- Up-to-date: /home/alereyes/C-ROS-Automodel_Car/AutoModelRasp_ws/src/install/motor_msgs/include/motor_msgs/motor_msgs/msg/detail/motor_command__rosidl_typesupport_fastrtps_cpp.hpp
[8.770s] -- Up-to-date: /home/alereyes/C-ROS-Automodel_Car/AutoModelRasp_ws/src/install/motor_msgs/include/motor_msgs/motor_msgs/msg/detail/dds_fastrtps
[8.770s] -- Up-to-date: /home/alereyes/C-ROS-Automodel_Car/AutoModelRasp_ws/src/install/motor_msgs/include/motor_msgs/motor_msgs/msg/rosidl_typesupport_fastrtps_cpp__visibility_control.h
[8.825s] -- Up-to-date: /home/alereyes/C-ROS-Automodel_Car/AutoModelRasp_ws/src/install/motor_msgs/lib/libmotor_msgs__rosidl_typesupport_fastrtps_cpp.so
[8.826s] -- Up-to-date: /home/alereyes/C-ROS-Automodel_Car/AutoModelRasp_ws/src/install/motor_msgs/include/motor_msgs/motor_msgs
[8.826s] -- Up-to-date: /home/alereyes/C-ROS-Automodel_Car/AutoModelRasp_ws/src/install/motor_msgs/include/motor_msgs/motor_msgs/msg
[8.826s] -- Up-to-date: /home/alereyes/C-ROS-Automodel_Car/AutoModelRasp_ws/src/install/motor_msgs/include/motor_msgs/motor_msgs/msg/rosidl_typesupport_introspection_c__visibility_control.h
[8.826s] -- Up-to-date: /home/alereyes/C-ROS-Automodel_Car/AutoModelRasp_ws/src/install/motor_msgs/include/motor_msgs/motor_msgs/msg/detail
[8.826s] -- Installing: /home/alereyes/C-ROS-Automodel_Car/AutoModelRasp_ws/src/install/motor_msgs/include/motor_msgs/motor_msgs/msg/detail/motor_command__type_support.c
[8.858s] -- Up-to-date: /home/alereyes/C-ROS-Automodel_Car/AutoModelRasp_ws/src/install/motor_msgs/include/motor_msgs/motor_msgs/msg/detail/encoder_data__rosidl_typesupport_introspection_c.h
[8.859s] -- Up-to-date: /home/alereyes/C-ROS-Automodel_Car/AutoModelRasp_ws/src/install/motor_msgs/include/motor_msgs/motor_msgs/msg/detail/motor_command__rosidl_typesupport_introspection_c.h
[8.859s] -- Installing: /home/alereyes/C-ROS-Automodel_Car/AutoModelRasp_ws/src/install/motor_msgs/include/motor_msgs/motor_msgs/msg/detail/encoder_data__type_support.c
[8.926s] -- Up-to-date: /home/alereyes/C-ROS-Automodel_Car/AutoModelRasp_ws/src/install/motor_msgs/lib/libmotor_msgs__rosidl_typesupport_introspection_c.so
[8.970s] -- Up-to-date: /home/alereyes/C-ROS-Automodel_Car/AutoModelRasp_ws/src/install/motor_msgs/lib/libmotor_msgs__rosidl_typesupport_c.so
[8.971s] -- Up-to-date: /home/alereyes/C-ROS-Automodel_Car/AutoModelRasp_ws/src/install/motor_msgs/include/motor_msgs/motor_msgs
[8.971s] -- Up-to-date: /home/alereyes/C-ROS-Automodel_Car/AutoModelRasp_ws/src/install/motor_msgs/include/motor_msgs/motor_msgs/msg
[8.971s] -- Up-to-date: /home/alereyes/C-ROS-Automodel_Car/AutoModelRasp_ws/src/install/motor_msgs/include/motor_msgs/motor_msgs/msg/detail
[8.972s] -- Up-to-date: /home/alereyes/C-ROS-Automodel_Car/AutoModelRasp_ws/src/install/motor_msgs/include/motor_msgs/motor_msgs/msg/detail/encoder_data__rosidl_typesupport_introspection_cpp.hpp
[8.972s] -- Up-to-date: /home/alereyes/C-ROS-Automodel_Car/AutoModelRasp_ws/src/install/motor_msgs/include/motor_msgs/motor_msgs/msg/detail/encoder_data__type_support.cpp
[8.972s] -- Up-to-date: /home/alereyes/C-ROS-Automodel_Car/AutoModelRasp_ws/src/install/motor_msgs/include/motor_msgs/motor_msgs/msg/detail/motor_command__type_support.cpp
[8.972s] -- Up-to-date: /home/alereyes/C-ROS-Automodel_Car/AutoModelRasp_ws/src/install/motor_msgs/include/motor_msgs/motor_msgs/msg/detail/motor_command__rosidl_typesupport_introspection_cpp.hpp
[9.004s] -- Up-to-date: /home/alereyes/C-ROS-Automodel_Car/AutoModelRasp_ws/src/install/motor_msgs/lib/libmotor_msgs__rosidl_typesupport_introspection_cpp.so
[9.038s] -- Up-to-date: /home/alereyes/C-ROS-Automodel_Car/AutoModelRasp_ws/src/install/motor_msgs/lib/libmotor_msgs__rosidl_typesupport_cpp.so
[9.039s] -- Up-to-date: /home/alereyes/C-ROS-Automodel_Car/AutoModelRasp_ws/src/install/motor_msgs/share/motor_msgs/environment/pythonpath.sh
[9.040s] -- Up-to-date: /home/alereyes/C-ROS-Automodel_Car/AutoModelRasp_ws/src/install/motor_msgs/share/motor_msgs/environment/pythonpath.dsv
[9.040s] -- Up-to-date: /home/alereyes/C-ROS-Automodel_Car/AutoModelRasp_ws/src/install/motor_msgs/lib/python3.12/site-packages/motor_msgs-0.0.0-py3.12.egg-info
[9.040s] -- Installing: /home/alereyes/C-ROS-Automodel_Car/AutoModelRasp_ws/src/install/motor_msgs/lib/python3.12/site-packages/motor_msgs-0.0.0-py3.12.egg-info/SOURCES.txt
[9.040s] -- Installing: /home/alereyes/C-ROS-Automodel_Car/AutoModelRasp_ws/src/install/motor_msgs/lib/python3.12/site-packages/motor_msgs-0.0.0-py3.12.egg-info/dependency_links.txt
[9.040s] -- Installing: /home/alereyes/C-ROS-Automodel_Car/AutoModelRasp_ws/src/install/motor_msgs/lib/python3.12/site-packages/motor_msgs-0.0.0-py3.12.egg-info/PKG-INFO
[9.040s] -- Installing: /home/alereyes/C-ROS-Automodel_Car/AutoModelRasp_ws/src/install/motor_msgs/lib/python3.12/site-packages/motor_msgs-0.0.0-py3.12.egg-info/top_level.txt
[9.041s] -- Up-to-date: /home/alereyes/C-ROS-Automodel_Car/AutoModelRasp_ws/src/install/motor_msgs/lib/python3.12/site-packages/motor_msgs
[9.074s] -- Up-to-date: /home/alereyes/C-ROS-Automodel_Car/AutoModelRasp_ws/src/install/motor_msgs/lib/python3.12/site-packages/motor_msgs/_motor_msgs_s.ep.rosidl_typesupport_c.c
[9.074s] -- Up-to-date: /home/alereyes/C-ROS-Automodel_Car/AutoModelRasp_ws/src/install/motor_msgs/lib/python3.12/site-packages/motor_msgs/_motor_msgs_s.ep.rosidl_typesupport_fastrtps_c.c
[9.074s] -- Up-to-date: /home/alereyes/C-ROS-Automodel_Car/AutoModelRasp_ws/src/install/motor_msgs/lib/python3.12/site-packages/motor_msgs/motor_msgs_s__rosidl_typesupport_introspection_c.so
[9.075s] -- Up-to-date: /home/alereyes/C-ROS-Automodel_Car/AutoModelRasp_ws/src/install/motor_msgs/lib/python3.12/site-packages/motor_msgs/_motor_msgs_s.ep.rosidl_typesupport_introspection_c.c
[9.075s] -- Up-to-date: /home/alereyes/C-ROS-Automodel_Car/AutoModelRasp_ws/src/install/motor_msgs/lib/python3.12/site-packages/motor_msgs/msg
[9.128s] -- Up-to-date: /home/alereyes/C-ROS-Automodel_Car/AutoModelRasp_ws/src/install/motor_msgs/lib/python3.12/site-packages/motor_msgs/msg/_encoder_data.py
[9.128s] -- Up-to-date: /home/alereyes/C-ROS-Automodel_Car/AutoModelRasp_ws/src/install/motor_msgs/lib/python3.12/site-packages/motor_msgs/msg/_motor_command_s.c
[9.128s] -- Up-to-date: /home/alereyes/C-ROS-Automodel_Car/AutoModelRasp_ws/src/install/motor_msgs/lib/python3.12/site-packages/motor_msgs/msg/_motor_command.py
[9.129s] -- Up-to-date: /home/alereyes/C-ROS-Automodel_Car/AutoModelRasp_ws/src/install/motor_msgs/lib/python3.12/site-packages/motor_msgs/msg/_encoder_data_s.c
[9.129s] -- Up-to-date: /home/alereyes/C-ROS-Automodel_Car/AutoModelRasp_ws/src/install/motor_msgs/lib/python3.12/site-packages/motor_msgs/msg/__init__.py
[9.129s] -- Up-to-date: /home/alereyes/C-ROS-Automodel_Car/AutoModelRasp_ws/src/install/motor_msgs/lib/python3.12/site-packages/motor_msgs/motor_msgs_s__rosidl_typesupport_c.so
[9.129s] -- Up-to-date: /home/alereyes/C-ROS-Automodel_Car/AutoModelRasp_ws/src/install/motor_msgs/lib/python3.12/site-packages/motor_msgs/motor_msgs_s__rosidl_typesupport_fastrtps_c.so
[9.129s] -- Up-to-date: /home/alereyes/C-ROS-Automodel_Car/AutoModelRasp_ws/src/install/motor_msgs/lib/python3.12/site-packages/motor_msgs/__init__.py
[9.327s] Listing '/home/alereyes/C-ROS-Automodel_Car/AutoModelRasp_ws/src/install/motor_msgs/lib/python3.12/site-packages/motor_msgs'...
[9.328s] Listing '/home/alereyes/C-ROS-Automodel_Car/AutoModelRasp_ws/src/install/motor_msgs/lib/python3.12/site-packages/motor_msgs/msg'...
[9.364s] -- Up-to-date: /home/alereyes/C-ROS-Automodel_Car/AutoModelRasp_ws/src/install/motor_msgs/lib/python3.12/site-packages/motor_msgs/motor_msgs_s__rosidl_typesupport_fastrtps_c.so
[9.382s] -- Up-to-date: /home/alereyes/C-ROS-Automodel_Car/AutoModelRasp_ws/src/install/motor_msgs/lib/python3.12/site-packages/motor_msgs/motor_msgs_s__rosidl_typesupport_introspection_c.so
[9.413s] -- Up-to-date: /home/alereyes/C-ROS-Automodel_Car/AutoModelRasp_ws/src/install/motor_msgs/lib/python3.12/site-packages/motor_msgs/motor_msgs_s__rosidl_typesupport_c.so
[9.452s] -- Up-to-date: /home/alereyes/C-ROS-Automodel_Car/AutoModelRasp_ws/src/install/motor_msgs/lib/libmotor_msgs__rosidl_generator_py.so
[9.452s] -- Up-to-date: /home/alereyes/C-ROS-Automodel_Car/AutoModelRasp_ws/src/install/motor_msgs/share/motor_msgs/msg/MotorCommand.idl
[9.453s] -- Up-to-date: /home/alereyes/C-ROS-Automodel_Car/AutoModelRasp_ws/src/install/motor_msgs/share/motor_msgs/msg/EncoderData.idl
[9.453s] -- Up-to-date: /home/alereyes/C-ROS-Automodel_Car/AutoModelRasp_ws/src/install/motor_msgs/share/motor_msgs/msg/MotorCommand.msg
[9.453s] -- Up-to-date: /home/alereyes/C-ROS-Automodel_Car/AutoModelRasp_ws/src/install/motor_msgs/share/motor_msgs/msg/EncoderData.msg
[9.454s] -- Up-to-date: /home/alereyes/C-ROS-Automodel_Car/AutoModelRasp_ws/src/install/motor_msgs/share/ament_index/resource_index/package_run_dependencies/motor_msgs
[9.519s] -- Up-to-date: /home/alereyes/C-ROS-Automodel_Car/AutoModelRasp_ws/src/install/motor_msgs/share/ament_index/resource_index/parent_prefix_path/motor_msgs
[9.519s] -- Up-to-date: /home/alereyes/C-ROS-Automodel_Car/AutoModelRasp_ws/src/install/motor_msgs/share/motor_msgs/environment/ament_prefix_path.sh
[9.519s] -- Up-to-date: /home/alereyes/C-ROS-Automodel_Car/AutoModelRasp_ws/src/install/motor_msgs/share/motor_msgs/environment/ament_prefix_path.dsv
[9.519s] -- Up-to-date: /home/alereyes/C-ROS-Automodel_Car/AutoModelRasp_ws/src/install/motor_msgs/share/motor_msgs/environment/path.sh
[9.520s] -- Up-to-date: /home/alereyes/C-ROS-Automodel_Car/AutoModelRasp_ws/src/install/motor_msgs/share/motor_msgs/environment/path.dsv
[9.520s] -- Up-to-date: /home/alereyes/C-ROS-Automodel_Car/AutoModelRasp_ws/src/install/motor_msgs/share/motor_msgs/local_setup.bash
[9.520s] -- Up-to-date: /home/alereyes/C-ROS-Automodel_Car/AutoModelRasp_ws/src/install/motor_msgs/share/motor_msgs/local_setup.sh
[9.520s] -- Up-to-date: /home/alereyes/C-ROS-Automodel_Car/AutoModelRasp_ws/src/install/motor_msgs/share/motor_msgs/local_setup.zsh
[9.520s] -- Up-to-date: /home/alereyes/C-ROS-Automodel_Car/AutoModelRasp_ws/src/install/motor_msgs/share/motor_msgs/local_setup.dsv
[9.520s] -- Installing: /home/alereyes/C-ROS-Automodel_Car/AutoModelRasp_ws/src/install/motor_msgs/share/motor_msgs/package.dsv
[9.536s] -- Up-to-date: /home/alereyes/C-ROS-Automodel_Car/AutoModelRasp_ws/src/install/motor_msgs/share/ament_index/resource_index/packages/motor_msgs
[9.680s] -- Up-to-date: /home/alereyes/C-ROS-Automodel_Car/AutoModelRasp_ws/src/install/motor_msgs/share/motor_msgs/cmake/export_motor_msgs__rosidl_generator_cExport.cmake
[9.681s] -- Up-to-date: /home/alereyes/C-ROS-Automodel_Car/AutoModelRasp_ws/src/install/motor_msgs/share/motor_msgs/cmake/export_motor_msgs__rosidl_generator_cExport-noconfig.cmake
[9.767s] -- Up-to-date: /home/alereyes/C-ROS-Automodel_Car/AutoModelRasp_ws/src/install/motor_msgs/share/motor_msgs/cmake/export_motor_msgs__rosidl_typesupport_fastrtps_cExport.cmake
[9.768s] -- Up-to-date: /home/alereyes/C-ROS-Automodel_Car/AutoModelRasp_ws/src/install/motor_msgs/share/motor_msgs/cmake/export_motor_msgs__rosidl_typesupport_fastrtps_cExport-noconfig.cmake
[9.813s] -- Up-to-date: /home/alereyes/C-ROS-Automodel_Car/AutoModelRasp_ws/src/install/motor_msgs/share/motor_msgs/cmake/export_motor_msgs__rosidl_generator_cppExport.cmake
[9.924s] -- Up-to-date: /home/alereyes/C-ROS-Automodel_Car/AutoModelRasp_ws/src/install/motor_msgs/share/motor_msgs/cmake/export_motor_msgs__rosidl_typesupport_fastrtps_cppExport.cmake
[9.924s] -- Up-to-date: /home/alereyes/C-ROS-Automodel_Car/AutoModelRasp_ws/src/install/motor_msgs/share/motor_msgs/cmake/export_motor_msgs__rosidl_typesupport_fastrtps_cppExport-noconfig.cmake
[9.941s] -- Up-to-date: /home/alereyes/C-ROS-Automodel_Car/AutoModelRasp_ws/src/install/motor_msgs/share/motor_msgs/cmake/motor_msgs__rosidl_typesupport_introspection_cExport.cmake
[9.941s] -- Up-to-date: /home/alereyes/C-ROS-Automodel_Car/AutoModelRasp_ws/src/install/motor_msgs/share/motor_msgs/cmake/motor_msgs__rosidl_typesupport_introspection_cExport-noconfig.cmake
[9.960s] -- Up-to-date: /home/alereyes/C-ROS-Automodel_Car/AutoModelRasp_ws/src/install/motor_msgs/share/motor_msgs/cmake/motor_msgs__rosidl_typesupport_cExport.cmake
[9.960s] -- Up-to-date: /home/alereyes/C-ROS-Automodel_Car/AutoModelRasp_ws/src/install/motor_msgs/share/motor_msgs/cmake/motor_msgs__rosidl_typesupport_cExport-noconfig.cmake
[9.985s] -- Up-to-date: /home/alereyes/C-ROS-Automodel_Car/AutoModelRasp_ws/src/install/motor_msgs/share/motor_msgs/cmake/motor_msgs__rosidl_typesupport_introspection_cppExport.cmake
[9.985s] -- Up-to-date: /home/alereyes/C-ROS-Automodel_Car/AutoModelRasp_ws/src/install/motor_msgs/share/motor_msgs/cmake/motor_msgs__rosidl_typesupport_introspection_cppExport-noconfig.cmake
[10.050s] -- Up-to-date: /home/alereyes/C-ROS-Automodel_Car/AutoModelRasp_ws/src/install/motor_msgs/share/motor_msgs/cmake/motor_msgs__rosidl_typesupport_cppExport.cmake
[10.050s] -- Up-to-date: /home/alereyes/C-ROS-Automodel_Car/AutoModelRasp_ws/src/install/motor_msgs/share/motor_msgs/cmake/motor_msgs__rosidl_typesupport_cppExport-noconfig.cmake
[10.127s] -- Up-to-date: /home/alereyes/C-ROS-Automodel_Car/AutoModelRasp_ws/src/install/motor_msgs/share/motor_msgs/cmake/export_motor_msgs__rosidl_generator_pyExport.cmake
[10.127s] -- Up-to-date: /home/alereyes/C-ROS-Automodel_Car/AutoModelRasp_ws/src/install/motor_msgs/share/motor_msgs/cmake/export_motor_msgs__rosidl_generator_pyExport-noconfig.cmake
[10.128s] -- Up-to-date: /home/alereyes/C-ROS-Automodel_Car/AutoModelRasp_ws/src/install/motor_msgs/share/motor_msgs/cmake/rosidl_cmake-extras.cmake
[10.128s] -- Up-to-date: /home/alereyes/C-ROS-Automodel_Car/AutoModelRasp_ws/src/install/motor_msgs/share/motor_msgs/cmake/ament_cmake_export_dependencies-extras.cmake
[10.129s] -- Up-to-date: /home/alereyes/C-ROS-Automodel_Car/AutoModelRasp_ws/src/install/motor_msgs/share/motor_msgs/cmake/ament_cmake_export_include_directories-extras.cmake
[10.129s] -- Up-to-date: /home/alereyes/C-ROS-Automodel_Car/AutoModelRasp_ws/src/install/motor_msgs/share/motor_msgs/cmake/ament_cmake_export_libraries-extras.cmake
[10.129s] -- Up-to-date: /home/alereyes/C-ROS-Automodel_Car/AutoModelRasp_ws/src/install/motor_msgs/share/motor_msgs/cmake/ament_cmake_export_targets-extras.cmake
[10.129s] -- Up-to-date: /home/alereyes/C-ROS-Automodel_Car/AutoModelRasp_ws/src/install/motor_msgs/share/motor_msgs/cmake/rosidl_cmake_export_typesupport_targets-extras.cmake
[10.129s] -- Up-to-date: /home/alereyes/C-ROS-Automodel_Car/AutoModelRasp_ws/src/install/motor_msgs/share/motor_msgs/cmake/rosidl_cmake_export_typesupport_libraries-extras.cmake
[10.129s] -- Up-to-date: /home/alereyes/C-ROS-Automodel_Car/AutoModelRasp_ws/src/install/motor_msgs/share/motor_msgs/cmake/motor_msgsConfig.cmake
[10.129s] -- Up-to-date: /home/alereyes/C-ROS-Automodel_Car/AutoModelRasp_ws/src/install/motor_msgs/share/motor_msgs/cmake/motor_msgsConfig-version.cmake
[10.130s] -- Up-to-date: /home/alereyes/C-ROS-Automodel_Car/AutoModelRasp_ws/src/install/motor_msgs/share/motor_msgs/package.xml
[10.199s] Invoked command in '/home/alereyes/C-ROS-Automodel_Car/AutoModelRasp_ws/src/build/motor_msgs' returned '0': CMAKE_PREFIX_PATH=${CMAKE_PREFIX_PATH}:/home/alereyes/C-ROS-Automodel_Car/AutoModelRasp_ws/src/install/parking:/home/alereyes/C-ROS-Automodel_Car/AutoModelRasp_ws/src/install/ms200_driver:/home/alereyes/C-ROS-Automodel_Car/AutoModelRasp_ws/src/install/manual:/home/alereyes/C-ROS-Automodel_Car/AutoModelRasp_ws/src/install/com_stm:/home/alereyes/C-ROS-Automodel_Car/AutoModelRasp_ws/src/install/driving:/opt/ros/jazzy DEBUGINFOD_URLS=https://debuginfod.ubuntu.com /usr/bin/cmake --install /home/alereyes/C-ROS-Automodel_Car/AutoModelRasp_ws/src/build/motor_msgs
