[0.494s] DEBUG:colcon:Command line arguments: ['/usr/bin/colcon', 'build']
[0.494s] DEBUG:colcon:Parsed command line arguments: Namespace(log_base=None, log_level=None, verb_name='build', build_base='build', install_base='install', merge_install=False, symlink_install=False, test_result_base=None, continue_on_error=False, executor='parallel', parallel_workers=12, event_handlers=None, ignore_user_meta=False, metas=['./colcon.meta'], base_paths=['.'], packages_ignore=None, packages_ignore_regex=None, paths=None, packages_up_to=None, packages_up_to_regex=None, packages_above=None, packages_above_and_dependencies=None, packages_above_depth=None, packages_select_by_dep=None, packages_skip_by_dep=None, packages_skip_up_to=None, packages_select_build_failed=False, packages_skip_build_finished=False, packages_select_test_failures=False, packages_skip_test_passed=False, packages_select=None, packages_skip=None, packages_select_regex=None, packages_skip_regex=None, packages_start=None, packages_end=None, allow_overriding=[], cmake_args=None, cmake_target=None, cmake_target_skip_unavailable=False, cmake_clean_cache=False, cmake_clean_first=False, cmake_force_configure=False, ament_cmake_args=None, catkin_cmake_args=None, catkin_skip_building_tests=False, mixin_files=None, mixin=None, verb_parser=<colcon_mixin.mixin.mixin_argument.MixinArgumentDecorator object at 0x7e00e16700e0>, verb_extension=<colcon_core.verb.build.BuildVerb object at 0x7e00e1576060>, main=<bound method BuildVerb.main of <colcon_core.verb.build.BuildVerb object at 0x7e00e1576060>>, mixin_verb=('build',))
[0.561s] Level 1:colcon.colcon_core.package_discovery:discover_packages(colcon_meta) check parameters
[0.561s] Level 1:colcon.colcon_core.package_discovery:discover_packages(recursive) check parameters
[0.561s] Level 1:colcon.colcon_core.package_discovery:discover_packages(ignore) check parameters
[0.561s] Level 1:colcon.colcon_core.package_discovery:discover_packages(path) check parameters
[0.562s] Level 1:colcon.colcon_core.package_discovery:discover_packages(colcon_meta) discover
[0.562s] Level 1:colcon.colcon_core.package_discovery:discover_packages(recursive) discover
[0.562s] INFO:colcon.colcon_core.package_discovery:Crawling recursively for packages in '/home/jason/C-ROS-Automodel_Car/simulacion_ws'
[0.562s] Level 1:colcon.colcon_core.package_identification:_identify(.) by extensions ['ignore', 'ignore_ament_install']
[0.562s] Level 1:colcon.colcon_core.package_identification:_identify(.) by extension 'ignore'
[0.562s] Level 1:colcon.colcon_core.package_identification:_identify(.) by extension 'ignore_ament_install'
[0.562s] Level 1:colcon.colcon_core.package_identification:_identify(.) by extensions ['colcon_pkg']
[0.562s] Level 1:colcon.colcon_core.package_identification:_identify(.) by extension 'colcon_pkg'
[0.562s] Level 1:colcon.colcon_core.package_identification:_identify(.) by extensions ['colcon_meta']
[0.562s] Level 1:colcon.colcon_core.package_identification:_identify(.) by extension 'colcon_meta'
[0.562s] Level 1:colcon.colcon_core.package_identification:_identify(.) by extensions ['ros']
[0.562s] Level 1:colcon.colcon_core.package_identification:_identify(.) by extension 'ros'
[0.601s] Level 1:colcon.colcon_core.package_identification:_identify(.) by extensions ['cmake', 'python']
[0.601s] Level 1:colcon.colcon_core.package_identification:_identify(.) by extension 'cmake'
[0.601s] Level 1:colcon.colcon_core.package_identification:_identify(.) by extension 'python'
[0.601s] Level 1:colcon.colcon_core.package_identification:_identify(.) by extensions ['python_setup_py']
[0.601s] Level 1:colcon.colcon_core.package_identification:_identify(.) by extension 'python_setup_py'
[0.601s] Level 1:colcon.colcon_core.package_identification:_identify(build) by extensions ['ignore', 'ignore_ament_install']
[0.601s] Level 1:colcon.colcon_core.package_identification:_identify(build) by extension 'ignore'
[0.601s] Level 1:colcon.colcon_core.package_identification:_identify(build) ignored
[0.601s] Level 1:colcon.colcon_core.package_identification:_identify(install) by extensions ['ignore', 'ignore_ament_install']
[0.601s] Level 1:colcon.colcon_core.package_identification:_identify(install) by extension 'ignore'
[0.601s] Level 1:colcon.colcon_core.package_identification:_identify(install) ignored
[0.602s] Level 1:colcon.colcon_core.package_identification:_identify(log) by extensions ['ignore', 'ignore_ament_install']
[0.602s] Level 1:colcon.colcon_core.package_identification:_identify(log) by extension 'ignore'
[0.602s] Level 1:colcon.colcon_core.package_identification:_identify(log) ignored
[0.602s] Level 1:colcon.colcon_core.package_identification:_identify(src) by extensions ['ignore', 'ignore_ament_install']
[0.602s] Level 1:colcon.colcon_core.package_identification:_identify(src) by extension 'ignore'
[0.602s] Level 1:colcon.colcon_core.package_identification:_identify(src) by extension 'ignore_ament_install'
[0.602s] Level 1:colcon.colcon_core.package_identification:_identify(src) by extensions ['colcon_pkg']
[0.602s] Level 1:colcon.colcon_core.package_identification:_identify(src) by extension 'colcon_pkg'
[0.602s] Level 1:colcon.colcon_core.package_identification:_identify(src) by extensions ['colcon_meta']
[0.602s] Level 1:colcon.colcon_core.package_identification:_identify(src) by extension 'colcon_meta'
[0.602s] Level 1:colcon.colcon_core.package_identification:_identify(src) by extensions ['ros']
[0.602s] Level 1:colcon.colcon_core.package_identification:_identify(src) by extension 'ros'
[0.602s] Level 1:colcon.colcon_core.package_identification:_identify(src) by extensions ['cmake', 'python']
[0.602s] Level 1:colcon.colcon_core.package_identification:_identify(src) by extension 'cmake'
[0.602s] Level 1:colcon.colcon_core.package_identification:_identify(src) by extension 'python'
[0.602s] Level 1:colcon.colcon_core.package_identification:_identify(src) by extensions ['python_setup_py']
[0.602s] Level 1:colcon.colcon_core.package_identification:_identify(src) by extension 'python_setup_py'
[0.602s] Level 1:colcon.colcon_core.package_identification:_identify(src/carro_simulacion) by extensions ['ignore', 'ignore_ament_install']
[0.602s] Level 1:colcon.colcon_core.package_identification:_identify(src/carro_simulacion) by extension 'ignore'
[0.602s] Level 1:colcon.colcon_core.package_identification:_identify(src/carro_simulacion) by extension 'ignore_ament_install'
[0.602s] Level 1:colcon.colcon_core.package_identification:_identify(src/carro_simulacion) by extensions ['colcon_pkg']
[0.602s] Level 1:colcon.colcon_core.package_identification:_identify(src/carro_simulacion) by extension 'colcon_pkg'
[0.602s] Level 1:colcon.colcon_core.package_identification:_identify(src/carro_simulacion) by extensions ['colcon_meta']
[0.602s] Level 1:colcon.colcon_core.package_identification:_identify(src/carro_simulacion) by extension 'colcon_meta'
[0.602s] Level 1:colcon.colcon_core.package_identification:_identify(src/carro_simulacion) by extensions ['ros']
[0.602s] Level 1:colcon.colcon_core.package_identification:_identify(src/carro_simulacion) by extension 'ros'
[0.608s] DEBUG:colcon.colcon_core.package_identification:Package 'src/carro_simulacion' with type 'ros.ament_python' and name 'carro_simulacion'
[0.609s] Level 1:colcon.colcon_core.package_identification:_identify(src/motor_msgs) by extensions ['ignore', 'ignore_ament_install']
[0.609s] Level 1:colcon.colcon_core.package_identification:_identify(src/motor_msgs) by extension 'ignore'
[0.609s] Level 1:colcon.colcon_core.package_identification:_identify(src/motor_msgs) by extension 'ignore_ament_install'
[0.609s] Level 1:colcon.colcon_core.package_identification:_identify(src/motor_msgs) by extensions ['colcon_pkg']
[0.609s] Level 1:colcon.colcon_core.package_identification:_identify(src/motor_msgs) by extension 'colcon_pkg'
[0.609s] Level 1:colcon.colcon_core.package_identification:_identify(src/motor_msgs) by extensions ['colcon_meta']
[0.609s] Level 1:colcon.colcon_core.package_identification:_identify(src/motor_msgs) by extension 'colcon_meta'
[0.609s] Level 1:colcon.colcon_core.package_identification:_identify(src/motor_msgs) by extensions ['ros']
[0.609s] Level 1:colcon.colcon_core.package_identification:_identify(src/motor_msgs) by extension 'ros'
[0.610s] DEBUG:colcon.colcon_core.package_identification:Package 'src/motor_msgs' with type 'ros.ament_cmake' and name 'motor_msgs'
[0.610s] Level 1:colcon.colcon_core.package_discovery:discover_packages(recursive) using defaults
[0.610s] Level 1:colcon.colcon_core.package_discovery:discover_packages(ignore) discover
[0.610s] Level 1:colcon.colcon_core.package_discovery:discover_packages(ignore) using defaults
[0.610s] Level 1:colcon.colcon_core.package_discovery:discover_packages(path) discover
[0.610s] Level 1:colcon.colcon_core.package_discovery:discover_packages(path) using defaults
[0.642s] Level 1:colcon.colcon_core.package_discovery:discover_packages(prefix_path) check parameters
[0.642s] Level 1:colcon.colcon_core.package_discovery:discover_packages(prefix_path) discover
[0.654s] DEBUG:colcon.colcon_installed_package_information.package_discovery:Found 338 installed packages in /opt/ros/jazzy
[0.655s] Level 1:colcon.colcon_core.package_discovery:discover_packages(prefix_path) using defaults
[0.787s] Level 5:colcon.colcon_core.verb:set package 'carro_simulacion' build argument 'cmake_args' from command line to 'None'
[0.787s] Level 5:colcon.colcon_core.verb:set package 'carro_simulacion' build argument 'cmake_target' from command line to 'None'
[0.787s] Level 5:colcon.colcon_core.verb:set package 'carro_simulacion' build argument 'cmake_target_skip_unavailable' from command line to 'False'
[0.787s] Level 5:colcon.colcon_core.verb:set package 'carro_simulacion' build argument 'cmake_clean_cache' from command line to 'False'
[0.787s] Level 5:colcon.colcon_core.verb:set package 'carro_simulacion' build argument 'cmake_clean_first' from command line to 'False'
[0.787s] Level 5:colcon.colcon_core.verb:set package 'carro_simulacion' build argument 'cmake_force_configure' from command line to 'False'
[0.787s] Level 5:colcon.colcon_core.verb:set package 'carro_simulacion' build argument 'ament_cmake_args' from command line to 'None'
[0.787s] Level 5:colcon.colcon_core.verb:set package 'carro_simulacion' build argument 'catkin_cmake_args' from command line to 'None'
[0.787s] Level 5:colcon.colcon_core.verb:set package 'carro_simulacion' build argument 'catkin_skip_building_tests' from command line to 'False'
[0.787s] DEBUG:colcon.colcon_core.verb:Building package 'carro_simulacion' with the following arguments: {'ament_cmake_args': None, 'build_base': '/home/jason/C-ROS-Automodel_Car/simulacion_ws/build/carro_simulacion', 'catkin_cmake_args': None, 'catkin_skip_building_tests': False, 'cmake_args': None, 'cmake_clean_cache': False, 'cmake_clean_first': False, 'cmake_force_configure': False, 'cmake_target': None, 'cmake_target_skip_unavailable': False, 'install_base': '/home/jason/C-ROS-Automodel_Car/simulacion_ws/install/carro_simulacion', 'merge_install': False, 'path': '/home/jason/C-ROS-Automodel_Car/simulacion_ws/src/carro_simulacion', 'symlink_install': False, 'test_result_base': None}
[0.788s] Level 5:colcon.colcon_core.verb:set package 'motor_msgs' build argument 'cmake_args' from command line to 'None'
[0.788s] Level 5:colcon.colcon_core.verb:set package 'motor_msgs' build argument 'cmake_target' from command line to 'None'
[0.788s] Level 5:colcon.colcon_core.verb:set package 'motor_msgs' build argument 'cmake_target_skip_unavailable' from command line to 'False'
[0.788s] Level 5:colcon.colcon_core.verb:set package 'motor_msgs' build argument 'cmake_clean_cache' from command line to 'False'
[0.788s] Level 5:colcon.colcon_core.verb:set package 'motor_msgs' build argument 'cmake_clean_first' from command line to 'False'
[0.788s] Level 5:colcon.colcon_core.verb:set package 'motor_msgs' build argument 'cmake_force_configure' from command line to 'False'
[0.788s] Level 5:colcon.colcon_core.verb:set package 'motor_msgs' build argument 'ament_cmake_args' from command line to 'None'
[0.788s] Level 5:colcon.colcon_core.verb:set package 'motor_msgs' build argument 'catkin_cmake_args' from command line to 'None'
[0.788s] Level 5:colcon.colcon_core.verb:set package 'motor_msgs' build argument 'catkin_skip_building_tests' from command line to 'False'
[0.788s] DEBUG:colcon.colcon_core.verb:Building package 'motor_msgs' with the following arguments: {'ament_cmake_args': None, 'build_base': '/home/jason/C-ROS-Automodel_Car/simulacion_ws/build/motor_msgs', 'catkin_cmake_args': None, 'catkin_skip_building_tests': False, 'cmake_args': None, 'cmake_clean_cache': False, 'cmake_clean_first': False, 'cmake_force_configure': False, 'cmake_target': None, 'cmake_target_skip_unavailable': False, 'install_base': '/home/jason/C-ROS-Automodel_Car/simulacion_ws/install/motor_msgs', 'merge_install': False, 'path': '/home/jason/C-ROS-Automodel_Car/simulacion_ws/src/motor_msgs', 'symlink_install': False, 'test_result_base': None}
[0.788s] INFO:colcon.colcon_core.executor:Executing jobs using 'parallel' executor
[0.789s] DEBUG:colcon.colcon_parallel_executor.executor.parallel:run_until_complete
[0.789s] INFO:colcon.colcon_ros.task.ament_python.build:Building ROS package in '/home/jason/C-ROS-Automodel_Car/simulacion_ws/src/carro_simulacion' with build type 'ament_python'
[0.789s] Level 1:colcon.colcon_core.shell:create_environment_hook('carro_simulacion', 'ament_prefix_path')
[0.803s] INFO:colcon.colcon_core.plugin_system:Skipping extension 'colcon_core.shell.bat': Not used on non-Windows systems
[0.803s] INFO:colcon.colcon_core.shell:Creating environment hook '/home/jason/C-ROS-Automodel_Car/simulacion_ws/install/carro_simulacion/share/carro_simulacion/hook/ament_prefix_path.ps1'
[0.805s] INFO:colcon.colcon_core.shell:Creating environment descriptor '/home/jason/C-ROS-Automodel_Car/simulacion_ws/install/carro_simulacion/share/carro_simulacion/hook/ament_prefix_path.dsv'
[0.806s] INFO:colcon.colcon_core.shell:Creating environment hook '/home/jason/C-ROS-Automodel_Car/simulacion_ws/install/carro_simulacion/share/carro_simulacion/hook/ament_prefix_path.sh'
[0.808s] INFO:colcon.colcon_core.shell:Skip shell extension 'powershell' for command environment: Not usable outside of PowerShell
[0.808s] DEBUG:colcon.colcon_core.shell:Skip shell extension 'dsv' for command environment
[0.812s] INFO:colcon.colcon_ros.task.ament_cmake.build:Building ROS package in '/home/jason/C-ROS-Automodel_Car/simulacion_ws/src/motor_msgs' with build type 'ament_cmake'
[0.812s] INFO:colcon.colcon_cmake.task.cmake.build:Building CMake package in '/home/jason/C-ROS-Automodel_Car/simulacion_ws/src/motor_msgs'
[0.812s] INFO:colcon.colcon_core.shell:Skip shell extension 'powershell' for command environment: Not usable outside of PowerShell
[0.812s] DEBUG:colcon.colcon_core.shell:Skip shell extension 'dsv' for command environment
[1.004s] INFO:colcon.colcon_core.task.python.build:Building Python package in '/home/jason/C-ROS-Automodel_Car/simulacion_ws/src/carro_simulacion'
[1.004s] INFO:colcon.colcon_core.shell:Skip shell extension 'powershell' for command environment: Not usable outside of PowerShell
[1.004s] DEBUG:colcon.colcon_core.shell:Skip shell extension 'dsv' for command environment
[1.009s] DEBUG:colcon.colcon_core.event_handler.log_command:Invoking command in '/home/jason/C-ROS-Automodel_Car/simulacion_ws/build/motor_msgs': CMAKE_PREFIX_PATH=${CMAKE_PREFIX_PATH}:/opt/ros/jazzy /usr/bin/cmake /home/jason/C-ROS-Automodel_Car/simulacion_ws/src/motor_msgs -DCMAKE_INSTALL_PREFIX=/home/jason/C-ROS-Automodel_Car/simulacion_ws/install/motor_msgs
[1.895s] DEBUG:colcon.colcon_core.event_handler.log_command:Invoking command in '/home/jason/C-ROS-Automodel_Car/simulacion_ws/src/carro_simulacion': PYTHONPATH=/home/jason/C-ROS-Automodel_Car/simulacion_ws/build/carro_simulacion/prefix_override:/usr/lib/python3/dist-packages/colcon_core/task/python/colcon_distutils_commands:/home/jason/C-ROS-Automodel_Car/simulacion_ws/install/carro_simulacion/lib/python3.12/site-packages:${PYTHONPATH} /usr/bin/python3 -W ignore:setup.py install is deprecated -W ignore:easy_install command is deprecated setup.py egg_info --egg-base ../../build/carro_simulacion build --build-base /home/jason/C-ROS-Automodel_Car/simulacion_ws/build/carro_simulacion/build install --record /home/jason/C-ROS-Automodel_Car/simulacion_ws/build/carro_simulacion/install.log --single-version-externally-managed install_data
[2.392s] DEBUG:colcon.colcon_core.event_handler.log_command:Invoked command in '/home/jason/C-ROS-Automodel_Car/simulacion_ws/src/carro_simulacion' returned '0': PYTHONPATH=/home/jason/C-ROS-Automodel_Car/simulacion_ws/build/carro_simulacion/prefix_override:/usr/lib/python3/dist-packages/colcon_core/task/python/colcon_distutils_commands:/home/jason/C-ROS-Automodel_Car/simulacion_ws/install/carro_simulacion/lib/python3.12/site-packages:${PYTHONPATH} /usr/bin/python3 -W ignore:setup.py install is deprecated -W ignore:easy_install command is deprecated setup.py egg_info --egg-base ../../build/carro_simulacion build --build-base /home/jason/C-ROS-Automodel_Car/simulacion_ws/build/carro_simulacion/build install --record /home/jason/C-ROS-Automodel_Car/simulacion_ws/build/carro_simulacion/install.log --single-version-externally-managed install_data
[2.401s] Level 1:colcon.colcon_core.environment:checking '/home/jason/C-ROS-Automodel_Car/simulacion_ws/install/carro_simulacion' for CMake module files
[2.402s] Level 1:colcon.colcon_core.environment:checking '/home/jason/C-ROS-Automodel_Car/simulacion_ws/install/carro_simulacion' for CMake config files
[2.403s] Level 1:colcon.colcon_core.environment:checking '/home/jason/C-ROS-Automodel_Car/simulacion_ws/install/carro_simulacion/lib'
[2.403s] Level 1:colcon.colcon_core.environment:checking '/home/jason/C-ROS-Automodel_Car/simulacion_ws/install/carro_simulacion/bin'
[2.403s] Level 1:colcon.colcon_core.environment:checking '/home/jason/C-ROS-Automodel_Car/simulacion_ws/install/carro_simulacion/lib/pkgconfig/carro_simulacion.pc'
[2.403s] Level 1:colcon.colcon_core.environment:checking '/home/jason/C-ROS-Automodel_Car/simulacion_ws/install/carro_simulacion/lib/python3.12/site-packages'
[2.403s] Level 1:colcon.colcon_core.shell:create_environment_hook('carro_simulacion', 'pythonpath')
[2.403s] INFO:colcon.colcon_core.shell:Creating environment hook '/home/jason/C-ROS-Automodel_Car/simulacion_ws/install/carro_simulacion/share/carro_simulacion/hook/pythonpath.ps1'
[2.404s] INFO:colcon.colcon_core.shell:Creating environment descriptor '/home/jason/C-ROS-Automodel_Car/simulacion_ws/install/carro_simulacion/share/carro_simulacion/hook/pythonpath.dsv'
[2.404s] INFO:colcon.colcon_core.shell:Creating environment hook '/home/jason/C-ROS-Automodel_Car/simulacion_ws/install/carro_simulacion/share/carro_simulacion/hook/pythonpath.sh'
[2.405s] Level 1:colcon.colcon_core.environment:checking '/home/jason/C-ROS-Automodel_Car/simulacion_ws/install/carro_simulacion/bin'
[2.405s] Level 1:colcon.colcon_core.environment:create_environment_scripts_only(carro_simulacion)
[2.405s] INFO:colcon.colcon_core.shell:Creating package script '/home/jason/C-ROS-Automodel_Car/simulacion_ws/install/carro_simulacion/share/carro_simulacion/package.ps1'
[2.406s] INFO:colcon.colcon_core.shell:Creating package descriptor '/home/jason/C-ROS-Automodel_Car/simulacion_ws/install/carro_simulacion/share/carro_simulacion/package.dsv'
[2.407s] INFO:colcon.colcon_core.shell:Creating package script '/home/jason/C-ROS-Automodel_Car/simulacion_ws/install/carro_simulacion/share/carro_simulacion/package.sh'
[2.407s] INFO:colcon.colcon_core.shell:Creating package script '/home/jason/C-ROS-Automodel_Car/simulacion_ws/install/carro_simulacion/share/carro_simulacion/package.bash'
[2.409s] INFO:colcon.colcon_core.shell:Creating package script '/home/jason/C-ROS-Automodel_Car/simulacion_ws/install/carro_simulacion/share/carro_simulacion/package.zsh'
[2.410s] Level 1:colcon.colcon_core.environment:create_file_with_runtime_dependencies(/home/jason/C-ROS-Automodel_Car/simulacion_ws/install/carro_simulacion/share/colcon-core/packages/carro_simulacion)
[5.325s] DEBUG:colcon.colcon_core.event_handler.log_command:Invoked command in '/home/jason/C-ROS-Automodel_Car/simulacion_ws/build/motor_msgs' returned '0': CMAKE_PREFIX_PATH=${CMAKE_PREFIX_PATH}:/opt/ros/jazzy /usr/bin/cmake /home/jason/C-ROS-Automodel_Car/simulacion_ws/src/motor_msgs -DCMAKE_INSTALL_PREFIX=/home/jason/C-ROS-Automodel_Car/simulacion_ws/install/motor_msgs
[5.327s] DEBUG:colcon.colcon_core.event_handler.log_command:Invoking command in '/home/jason/C-ROS-Automodel_Car/simulacion_ws/build/motor_msgs': CMAKE_PREFIX_PATH=${CMAKE_PREFIX_PATH}:/opt/ros/jazzy /usr/bin/cmake --build /home/jason/C-ROS-Automodel_Car/simulacion_ws/build/motor_msgs -- -j12 -l12
[9.371s] DEBUG:colcon.colcon_core.event_handler.log_command:Invoked command in '/home/jason/C-ROS-Automodel_Car/simulacion_ws/build/motor_msgs' returned '0': CMAKE_PREFIX_PATH=${CMAKE_PREFIX_PATH}:/opt/ros/jazzy /usr/bin/cmake --build /home/jason/C-ROS-Automodel_Car/simulacion_ws/build/motor_msgs -- -j12 -l12
[9.380s] DEBUG:colcon.colcon_core.event_handler.log_command:Invoking command in '/home/jason/C-ROS-Automodel_Car/simulacion_ws/build/motor_msgs': CMAKE_PREFIX_PATH=${CMAKE_PREFIX_PATH}:/opt/ros/jazzy /usr/bin/cmake --install /home/jason/C-ROS-Automodel_Car/simulacion_ws/build/motor_msgs
[9.449s] Level 1:colcon.colcon_core.environment:create_environment_scripts_only(motor_msgs)
[9.449s] Level 1:colcon.colcon_core.environment:checking '/home/jason/C-ROS-Automodel_Car/simulacion_ws/install/motor_msgs' for CMake module files
[9.449s] DEBUG:colcon.colcon_core.event_handler.log_command:Invoked command in '/home/jason/C-ROS-Automodel_Car/simulacion_ws/build/motor_msgs' returned '0': CMAKE_PREFIX_PATH=${CMAKE_PREFIX_PATH}:/opt/ros/jazzy /usr/bin/cmake --install /home/jason/C-ROS-Automodel_Car/simulacion_ws/build/motor_msgs
[9.450s] Level 1:colcon.colcon_core.environment:checking '/home/jason/C-ROS-Automodel_Car/simulacion_ws/install/motor_msgs' for CMake config files
[9.450s] Level 1:colcon.colcon_core.shell:create_environment_hook('motor_msgs', 'cmake_prefix_path')
[9.450s] INFO:colcon.colcon_core.shell:Creating environment hook '/home/jason/C-ROS-Automodel_Car/simulacion_ws/install/motor_msgs/share/motor_msgs/hook/cmake_prefix_path.ps1'
[9.450s] INFO:colcon.colcon_core.shell:Creating environment descriptor '/home/jason/C-ROS-Automodel_Car/simulacion_ws/install/motor_msgs/share/motor_msgs/hook/cmake_prefix_path.dsv'
[9.451s] INFO:colcon.colcon_core.shell:Creating environment hook '/home/jason/C-ROS-Automodel_Car/simulacion_ws/install/motor_msgs/share/motor_msgs/hook/cmake_prefix_path.sh'
[9.451s] Level 1:colcon.colcon_core.environment:checking '/home/jason/C-ROS-Automodel_Car/simulacion_ws/install/motor_msgs/lib'
[9.451s] Level 1:colcon.colcon_core.shell:create_environment_hook('motor_msgs', 'ld_library_path_lib')
[9.451s] INFO:colcon.colcon_core.shell:Creating environment hook '/home/jason/C-ROS-Automodel_Car/simulacion_ws/install/motor_msgs/share/motor_msgs/hook/ld_library_path_lib.ps1'
[9.451s] INFO:colcon.colcon_core.shell:Creating environment descriptor '/home/jason/C-ROS-Automodel_Car/simulacion_ws/install/motor_msgs/share/motor_msgs/hook/ld_library_path_lib.dsv'
[9.452s] INFO:colcon.colcon_core.shell:Creating environment hook '/home/jason/C-ROS-Automodel_Car/simulacion_ws/install/motor_msgs/share/motor_msgs/hook/ld_library_path_lib.sh'
[9.452s] Level 1:colcon.colcon_core.environment:checking '/home/jason/C-ROS-Automodel_Car/simulacion_ws/install/motor_msgs/bin'
[9.452s] Level 1:colcon.colcon_core.environment:checking '/home/jason/C-ROS-Automodel_Car/simulacion_ws/install/motor_msgs/lib/pkgconfig/motor_msgs.pc'
[9.452s] Level 1:colcon.colcon_core.environment:checking '/home/jason/C-ROS-Automodel_Car/simulacion_ws/install/motor_msgs/lib/python3.12/site-packages'
[9.452s] Level 1:colcon.colcon_core.shell:create_environment_hook('motor_msgs', 'pythonpath')
[9.452s] INFO:colcon.colcon_core.shell:Creating environment hook '/home/jason/C-ROS-Automodel_Car/simulacion_ws/install/motor_msgs/share/motor_msgs/hook/pythonpath.ps1'
[9.453s] INFO:colcon.colcon_core.shell:Creating environment descriptor '/home/jason/C-ROS-Automodel_Car/simulacion_ws/install/motor_msgs/share/motor_msgs/hook/pythonpath.dsv'
[9.453s] INFO:colcon.colcon_core.shell:Creating environment hook '/home/jason/C-ROS-Automodel_Car/simulacion_ws/install/motor_msgs/share/motor_msgs/hook/pythonpath.sh'
[9.453s] Level 1:colcon.colcon_core.environment:checking '/home/jason/C-ROS-Automodel_Car/simulacion_ws/install/motor_msgs/bin'
[9.453s] INFO:colcon.colcon_core.shell:Creating package script '/home/jason/C-ROS-Automodel_Car/simulacion_ws/install/motor_msgs/share/motor_msgs/package.ps1'
[9.454s] INFO:colcon.colcon_core.shell:Creating package descriptor '/home/jason/C-ROS-Automodel_Car/simulacion_ws/install/motor_msgs/share/motor_msgs/package.dsv'
[9.454s] INFO:colcon.colcon_core.shell:Creating package script '/home/jason/C-ROS-Automodel_Car/simulacion_ws/install/motor_msgs/share/motor_msgs/package.sh'
[9.454s] INFO:colcon.colcon_core.shell:Creating package script '/home/jason/C-ROS-Automodel_Car/simulacion_ws/install/motor_msgs/share/motor_msgs/package.bash'
[9.455s] INFO:colcon.colcon_core.shell:Creating package script '/home/jason/C-ROS-Automodel_Car/simulacion_ws/install/motor_msgs/share/motor_msgs/package.zsh'
[9.455s] Level 1:colcon.colcon_core.environment:create_file_with_runtime_dependencies(/home/jason/C-ROS-Automodel_Car/simulacion_ws/install/motor_msgs/share/colcon-core/packages/motor_msgs)
[9.456s] Level 1:colcon.colcon_core.environment:create_environment_scripts_only(motor_msgs)
[9.456s] Level 1:colcon.colcon_core.environment:checking '/home/jason/C-ROS-Automodel_Car/simulacion_ws/install/motor_msgs' for CMake module files
[9.456s] Level 1:colcon.colcon_core.environment:checking '/home/jason/C-ROS-Automodel_Car/simulacion_ws/install/motor_msgs' for CMake config files
[9.456s] Level 1:colcon.colcon_core.shell:create_environment_hook('motor_msgs', 'cmake_prefix_path')
[9.456s] INFO:colcon.colcon_core.shell:Creating environment hook '/home/jason/C-ROS-Automodel_Car/simulacion_ws/install/motor_msgs/share/motor_msgs/hook/cmake_prefix_path.ps1'
[9.456s] INFO:colcon.colcon_core.shell:Creating environment descriptor '/home/jason/C-ROS-Automodel_Car/simulacion_ws/install/motor_msgs/share/motor_msgs/hook/cmake_prefix_path.dsv'
[9.457s] INFO:colcon.colcon_core.shell:Creating environment hook '/home/jason/C-ROS-Automodel_Car/simulacion_ws/install/motor_msgs/share/motor_msgs/hook/cmake_prefix_path.sh'
[9.457s] Level 1:colcon.colcon_core.environment:checking '/home/jason/C-ROS-Automodel_Car/simulacion_ws/install/motor_msgs/lib'
[9.457s] Level 1:colcon.colcon_core.shell:create_environment_hook('motor_msgs', 'ld_library_path_lib')
[9.458s] INFO:colcon.colcon_core.shell:Creating environment hook '/home/jason/C-ROS-Automodel_Car/simulacion_ws/install/motor_msgs/share/motor_msgs/hook/ld_library_path_lib.ps1'
[9.458s] INFO:colcon.colcon_core.shell:Creating environment descriptor '/home/jason/C-ROS-Automodel_Car/simulacion_ws/install/motor_msgs/share/motor_msgs/hook/ld_library_path_lib.dsv'
[9.458s] INFO:colcon.colcon_core.shell:Creating environment hook '/home/jason/C-ROS-Automodel_Car/simulacion_ws/install/motor_msgs/share/motor_msgs/hook/ld_library_path_lib.sh'
[9.458s] Level 1:colcon.colcon_core.environment:checking '/home/jason/C-ROS-Automodel_Car/simulacion_ws/install/motor_msgs/bin'
[9.458s] Level 1:colcon.colcon_core.environment:checking '/home/jason/C-ROS-Automodel_Car/simulacion_ws/install/motor_msgs/lib/pkgconfig/motor_msgs.pc'
[9.459s] Level 1:colcon.colcon_core.environment:checking '/home/jason/C-ROS-Automodel_Car/simulacion_ws/install/motor_msgs/lib/python3.12/site-packages'
[9.459s] Level 1:colcon.colcon_core.shell:create_environment_hook('motor_msgs', 'pythonpath')
[9.459s] INFO:colcon.colcon_core.shell:Creating environment hook '/home/jason/C-ROS-Automodel_Car/simulacion_ws/install/motor_msgs/share/motor_msgs/hook/pythonpath.ps1'
[9.459s] INFO:colcon.colcon_core.shell:Creating environment descriptor '/home/jason/C-ROS-Automodel_Car/simulacion_ws/install/motor_msgs/share/motor_msgs/hook/pythonpath.dsv'
[9.459s] INFO:colcon.colcon_core.shell:Creating environment hook '/home/jason/C-ROS-Automodel_Car/simulacion_ws/install/motor_msgs/share/motor_msgs/hook/pythonpath.sh'
[9.460s] Level 1:colcon.colcon_core.environment:checking '/home/jason/C-ROS-Automodel_Car/simulacion_ws/install/motor_msgs/bin'
[9.460s] INFO:colcon.colcon_core.shell:Creating package script '/home/jason/C-ROS-Automodel_Car/simulacion_ws/install/motor_msgs/share/motor_msgs/package.ps1'
[9.460s] INFO:colcon.colcon_core.shell:Creating package descriptor '/home/jason/C-ROS-Automodel_Car/simulacion_ws/install/motor_msgs/share/motor_msgs/package.dsv'
[9.461s] INFO:colcon.colcon_core.shell:Creating package script '/home/jason/C-ROS-Automodel_Car/simulacion_ws/install/motor_msgs/share/motor_msgs/package.sh'
[9.461s] INFO:colcon.colcon_core.shell:Creating package script '/home/jason/C-ROS-Automodel_Car/simulacion_ws/install/motor_msgs/share/motor_msgs/package.bash'
[9.461s] INFO:colcon.colcon_core.shell:Creating package script '/home/jason/C-ROS-Automodel_Car/simulacion_ws/install/motor_msgs/share/motor_msgs/package.zsh'
[9.461s] Level 1:colcon.colcon_core.environment:create_file_with_runtime_dependencies(/home/jason/C-ROS-Automodel_Car/simulacion_ws/install/motor_msgs/share/colcon-core/packages/motor_msgs)
[9.462s] DEBUG:colcon.colcon_parallel_executor.executor.parallel:closing loop
[9.462s] DEBUG:colcon.colcon_parallel_executor.executor.parallel:loop closed
[9.462s] DEBUG:colcon.colcon_parallel_executor.executor.parallel:run_until_complete finished with '0'
[9.462s] DEBUG:colcon.colcon_core.event_reactor:joining thread
[9.534s] INFO:colcon.colcon_core.plugin_system:Skipping extension 'colcon_notification.desktop_notification.notify_send': Could not find 'notify-send'
[9.534s] INFO:colcon.colcon_core.plugin_system:Skipping extension 'colcon_notification.desktop_notification.terminal_notifier': Not used on non-Darwin systems
[9.534s] INFO:colcon.colcon_core.plugin_system:Skipping extension 'colcon_notification.desktop_notification.win32': Not used on non-Windows systems
[9.534s] INFO:colcon.colcon_notification.desktop_notification:Sending desktop notification using 'notify2'
[9.570s] DEBUG:colcon.colcon_notification.desktop_notification.notify2:Failed to initialize notify2: org.freedesktop.DBus.Error.ServiceUnknown: The name org.freedesktop.Notifications was not provided by any .service files
[9.570s] DEBUG:colcon.colcon_core.event_reactor:joined thread
[9.570s] INFO:colcon.colcon_core.shell:Creating prefix script '/home/jason/C-ROS-Automodel_Car/simulacion_ws/install/local_setup.ps1'
[9.571s] INFO:colcon.colcon_core.shell:Creating prefix util module '/home/jason/C-ROS-Automodel_Car/simulacion_ws/install/_local_setup_util_ps1.py'
[9.572s] INFO:colcon.colcon_core.shell:Creating prefix chain script '/home/jason/C-ROS-Automodel_Car/simulacion_ws/install/setup.ps1'
[9.573s] INFO:colcon.colcon_core.shell:Creating prefix script '/home/jason/C-ROS-Automodel_Car/simulacion_ws/install/local_setup.sh'
[9.574s] INFO:colcon.colcon_core.shell:Creating prefix util module '/home/jason/C-ROS-Automodel_Car/simulacion_ws/install/_local_setup_util_sh.py'
[9.575s] INFO:colcon.colcon_core.shell:Creating prefix chain script '/home/jason/C-ROS-Automodel_Car/simulacion_ws/install/setup.sh'
[9.576s] INFO:colcon.colcon_core.shell:Creating prefix script '/home/jason/C-ROS-Automodel_Car/simulacion_ws/install/local_setup.bash'
[9.577s] INFO:colcon.colcon_core.shell:Creating prefix chain script '/home/jason/C-ROS-Automodel_Car/simulacion_ws/install/setup.bash'
[9.578s] INFO:colcon.colcon_core.shell:Creating prefix script '/home/jason/C-ROS-Automodel_Car/simulacion_ws/install/local_setup.zsh'
[9.579s] INFO:colcon.colcon_core.shell:Creating prefix chain script '/home/jason/C-ROS-Automodel_Car/simulacion_ws/install/setup.zsh'
