[0.020s] Invoking command in '/home/alereyes/C-ROS-Automodel_Car/AutoModelRasp_ws/src/build/motor_msgs': CMAKE_PREFIX_PATH=${CMAKE_PREFIX_PATH}:/home/alereyes/C-ROS-Automodel_Car/AutoModelRasp_ws/src/install/parking:/home/alereyes/C-ROS-Automodel_Car/AutoModelRasp_ws/src/install/ms200_driver:/home/alereyes/C-ROS-Automodel_Car/AutoModelRasp_ws/src/install/manual:/home/alereyes/C-ROS-Automodel_Car/AutoModelRasp_ws/src/install/com_stm:/home/alereyes/C-ROS-Automodel_Car/AutoModelRasp_ws/src/install/driving:/opt/ros/jazzy DEBUGINFOD_URLS=https://debuginfod.ubuntu.com /usr/bin/cmake --build /home/alereyes/C-ROS-Automodel_Car/AutoModelRasp_ws/src/build/motor_msgs -- -j12 -l12
[0.344s] [  2%] Built target motor_msgs__rosidl_generator_type_description
[0.345s] [  2%] Built target ament_cmake_python_copy_motor_msgs
[0.345s] [  4%] Built target motor_msgs__cpp
[0.345s] [ 22%] Built target motor_msgs__rosidl_generator_c
[0.345s] [ 31%] Built target motor_msgs__rosidl_typesupport_introspection_c
[0.345s] [ 40%] Built target motor_msgs__rosidl_typesupport_fastrtps_c
[0.345s] [ 50%] Built target motor_msgs__rosidl_typesupport_c
[0.345s] [ 59%] Built target motor_msgs__rosidl_typesupport_cpp
[0.345s] [ 68%] Built target motor_msgs__rosidl_typesupport_introspection_cpp
[0.345s] [ 77%] Built target motor_msgs__rosidl_typesupport_fastrtps_cpp
[0.345s] [ 77%] Built target motor_msgs
[0.345s] [ 79%] Built target motor_msgs__py
[0.345s] [ 86%] Built target motor_msgs__rosidl_generator_py
[0.346s] [ 90%] Built target motor_msgs_s__rosidl_typesupport_c
[0.346s] [100%] Built target motor_msgs_s__rosidl_typesupport_introspection_c
[0.346s] [100%] Built target motor_msgs_s__rosidl_typesupport_fastrtps_c
[0.346s] running egg_info
[0.346s] writing motor_msgs.egg-info/PKG-INFO
[0.346s] writing dependency_links to motor_msgs.egg-info/dependency_links.txt
[0.346s] writing top-level names to motor_msgs.egg-info/top_level.txt
[0.346s] reading manifest file 'motor_msgs.egg-info/SOURCES.txt'
[0.346s] writing manifest file 'motor_msgs.egg-info/SOURCES.txt'
[0.346s] [100%] Built target ament_cmake_python_build_motor_msgs_egg
[0.347s] Invoked command in '/home/alereyes/C-ROS-Automodel_Car/AutoModelRasp_ws/src/build/motor_msgs' returned '0': CMAKE_PREFIX_PATH=${CMAKE_PREFIX_PATH}:/home/alereyes/C-ROS-Automodel_Car/AutoModelRasp_ws/src/install/parking:/home/alereyes/C-ROS-Automodel_Car/AutoModelRasp_ws/src/install/ms200_driver:/home/alereyes/C-ROS-Automodel_Car/AutoModelRasp_ws/src/install/manual:/home/alereyes/C-ROS-Automodel_Car/AutoModelRasp_ws/src/install/com_stm:/home/alereyes/C-ROS-Automodel_Car/AutoModelRasp_ws/src/install/driving:/opt/ros/jazzy DEBUGINFOD_URLS=https://debuginfod.ubuntu.com /usr/bin/cmake --build /home/alereyes/C-ROS-Automodel_Car/AutoModelRasp_ws/src/build/motor_msgs -- -j12 -l12
[0.354s] Invoking command in '/home/alereyes/C-ROS-Automodel_Car/AutoModelRasp_ws/src/build/motor_msgs': CMAKE_PREFIX_PATH=${CMAKE_PREFIX_PATH}:/home/alereyes/C-ROS-Automodel_Car/AutoModelRasp_ws/src/install/parking:/home/alereyes/C-ROS-Automodel_Car/AutoModelRasp_ws/src/install/ms200_driver:/home/alereyes/C-ROS-Automodel_Car/AutoModelRasp_ws/src/install/manual:/home/alereyes/C-ROS-Automodel_Car/AutoModelRasp_ws/src/install/com_stm:/home/alereyes/C-ROS-Automodel_Car/AutoModelRasp_ws/src/install/driving:/opt/ros/jazzy DEBUGINFOD_URLS=https://debuginfod.ubuntu.com /usr/bin/cmake --install /home/alereyes/C-ROS-Automodel_Car/AutoModelRasp_ws/src/build/motor_msgs
[0.510s] -- Install configuration: ""
[0.511s] -- Up-to-date: /home/alereyes/C-ROS-Automodel_Car/AutoModelRasp_ws/src/install/motor_msgs/share/ament_index/resource_index/rosidl_interfaces/motor_msgs
[0.511s] -- Up-to-date: /home/alereyes/C-ROS-Automodel_Car/AutoModelRasp_ws/src/install/motor_msgs/share/motor_msgs/msg/MotorCommand.json
[0.511s] -- Up-to-date: /home/alereyes/C-ROS-Automodel_Car/AutoModelRasp_ws/src/install/motor_msgs/share/motor_msgs/msg/EncoderData.json
[0.511s] -- Up-to-date: /home/alereyes/C-ROS-Automodel_Car/AutoModelRasp_ws/src/install/motor_msgs/include/motor_msgs/motor_msgs
[0.511s] -- Up-to-date: /home/alereyes/C-ROS-Automodel_Car/AutoModelRasp_ws/src/install/motor_msgs/include/motor_msgs/motor_msgs/msg
[0.511s] -- Up-to-date: /home/alereyes/C-ROS-Automodel_Car/AutoModelRasp_ws/src/install/motor_msgs/include/motor_msgs/motor_msgs/msg/detail
[0.511s] -- Up-to-date: /home/alereyes/C-ROS-Automodel_Car/AutoModelRasp_ws/src/install/motor_msgs/include/motor_msgs/motor_msgs/msg/detail/motor_command__type_support.h
[0.511s] -- Up-to-date: /home/alereyes/C-ROS-Automodel_Car/AutoModelRasp_ws/src/install/motor_msgs/include/motor_msgs/motor_msgs/msg/detail/motor_command__description.c
[0.511s] -- Up-to-date: /home/alereyes/C-ROS-Automodel_Car/AutoModelRasp_ws/src/install/motor_msgs/include/motor_msgs/motor_msgs/msg/detail/encoder_data__functions.h
[0.511s] -- Up-to-date: /home/alereyes/C-ROS-Automodel_Car/AutoModelRasp_ws/src/install/motor_msgs/include/motor_msgs/motor_msgs/msg/detail/motor_command__functions.h
[0.511s] -- Up-to-date: /home/alereyes/C-ROS-Automodel_Car/AutoModelRasp_ws/src/install/motor_msgs/include/motor_msgs/motor_msgs/msg/detail/encoder_data__struct.h
[0.511s] -- Up-to-date: /home/alereyes/C-ROS-Automodel_Car/AutoModelRasp_ws/src/install/motor_msgs/include/motor_msgs/motor_msgs/msg/detail/encoder_data__type_support.h
[0.511s] -- Installing: /home/alereyes/C-ROS-Automodel_Car/AutoModelRasp_ws/src/install/motor_msgs/include/motor_msgs/motor_msgs/msg/detail/motor_command__type_support.c
[0.511s] -- Up-to-date: /home/alereyes/C-ROS-Automodel_Car/AutoModelRasp_ws/src/install/motor_msgs/include/motor_msgs/motor_msgs/msg/detail/motor_command__struct.h
[0.511s] -- Up-to-date: /home/alereyes/C-ROS-Automodel_Car/AutoModelRasp_ws/src/install/motor_msgs/include/motor_msgs/motor_msgs/msg/detail/motor_command__functions.c
[0.511s] -- Up-to-date: /home/alereyes/C-ROS-Automodel_Car/AutoModelRasp_ws/src/install/motor_msgs/include/motor_msgs/motor_msgs/msg/detail/encoder_data__description.c
[0.512s] -- Up-to-date: /home/alereyes/C-ROS-Automodel_Car/AutoModelRasp_ws/src/install/motor_msgs/include/motor_msgs/motor_msgs/msg/detail/encoder_data__functions.c
[0.512s] -- Installing: /home/alereyes/C-ROS-Automodel_Car/AutoModelRasp_ws/src/install/motor_msgs/include/motor_msgs/motor_msgs/msg/detail/encoder_data__type_support.c
[0.512s] -- Up-to-date: /home/alereyes/C-ROS-Automodel_Car/AutoModelRasp_ws/src/install/motor_msgs/include/motor_msgs/motor_msgs/msg/encoder_data.h
[0.512s] -- Up-to-date: /home/alereyes/C-ROS-Automodel_Car/AutoModelRasp_ws/src/install/motor_msgs/include/motor_msgs/motor_msgs/msg/rosidl_generator_c__visibility_control.h
[0.512s] -- Up-to-date: /home/alereyes/C-ROS-Automodel_Car/AutoModelRasp_ws/src/install/motor_msgs/include/motor_msgs/motor_msgs/msg/motor_command.h
[0.512s] -- Up-to-date: /home/alereyes/C-ROS-Automodel_Car/AutoModelRasp_ws/src/install/motor_msgs/share/motor_msgs/environment/library_path.sh
[0.512s] -- Up-to-date: /home/alereyes/C-ROS-Automodel_Car/AutoModelRasp_ws/src/install/motor_msgs/share/motor_msgs/environment/library_path.dsv
[0.512s] -- Up-to-date: /home/alereyes/C-ROS-Automodel_Car/AutoModelRasp_ws/src/install/motor_msgs/lib/libmotor_msgs__rosidl_generator_c.so
[0.512s] -- Up-to-date: /home/alereyes/C-ROS-Automodel_Car/AutoModelRasp_ws/src/install/motor_msgs/include/motor_msgs/motor_msgs
[0.512s] -- Up-to-date: /home/alereyes/C-ROS-Automodel_Car/AutoModelRasp_ws/src/install/motor_msgs/include/motor_msgs/motor_msgs/msg
[0.512s] -- Up-to-date: /home/alereyes/C-ROS-Automodel_Car/AutoModelRasp_ws/src/install/motor_msgs/include/motor_msgs/motor_msgs/msg/rosidl_typesupport_fastrtps_c__visibility_control.h
[0.512s] -- Up-to-date: /home/alereyes/C-ROS-Automodel_Car/AutoModelRasp_ws/src/install/motor_msgs/include/motor_msgs/motor_msgs/msg/detail
[0.512s] -- Up-to-date: /home/alereyes/C-ROS-Automodel_Car/AutoModelRasp_ws/src/install/motor_msgs/include/motor_msgs/motor_msgs/msg/detail/motor_command__rosidl_typesupport_fastrtps_c.h
[0.512s] -- Up-to-date: /home/alereyes/C-ROS-Automodel_Car/AutoModelRasp_ws/src/install/motor_msgs/include/motor_msgs/motor_msgs/msg/detail/encoder_data__rosidl_typesupport_fastrtps_c.h
[0.512s] -- Up-to-date: /home/alereyes/C-ROS-Automodel_Car/AutoModelRasp_ws/src/install/motor_msgs/lib/libmotor_msgs__rosidl_typesupport_fastrtps_c.so
[0.512s] -- Up-to-date: /home/alereyes/C-ROS-Automodel_Car/AutoModelRasp_ws/src/install/motor_msgs/include/motor_msgs/motor_msgs
[0.512s] -- Up-to-date: /home/alereyes/C-ROS-Automodel_Car/AutoModelRasp_ws/src/install/motor_msgs/include/motor_msgs/motor_msgs/msg
[0.512s] -- Up-to-date: /home/alereyes/C-ROS-Automodel_Car/AutoModelRasp_ws/src/install/motor_msgs/include/motor_msgs/motor_msgs/msg/motor_command.hpp
[0.513s] -- Up-to-date: /home/alereyes/C-ROS-Automodel_Car/AutoModelRasp_ws/src/install/motor_msgs/include/motor_msgs/motor_msgs/msg/rosidl_generator_cpp__visibility_control.hpp
[0.513s] -- Up-to-date: /home/alereyes/C-ROS-Automodel_Car/AutoModelRasp_ws/src/install/motor_msgs/include/motor_msgs/motor_msgs/msg/detail
[0.513s] -- Up-to-date: /home/alereyes/C-ROS-Automodel_Car/AutoModelRasp_ws/src/install/motor_msgs/include/motor_msgs/motor_msgs/msg/detail/encoder_data__builder.hpp
[0.513s] -- Up-to-date: /home/alereyes/C-ROS-Automodel_Car/AutoModelRasp_ws/src/install/motor_msgs/include/motor_msgs/motor_msgs/msg/detail/encoder_data__type_support.hpp
[0.513s] -- Up-to-date: /home/alereyes/C-ROS-Automodel_Car/AutoModelRasp_ws/src/install/motor_msgs/include/motor_msgs/motor_msgs/msg/detail/motor_command__builder.hpp
[0.513s] -- Up-to-date: /home/alereyes/C-ROS-Automodel_Car/AutoModelRasp_ws/src/install/motor_msgs/include/motor_msgs/motor_msgs/msg/detail/motor_command__traits.hpp
[0.513s] -- Up-to-date: /home/alereyes/C-ROS-Automodel_Car/AutoModelRasp_ws/src/install/motor_msgs/include/motor_msgs/motor_msgs/msg/detail/encoder_data__traits.hpp
[0.513s] -- Up-to-date: /home/alereyes/C-ROS-Automodel_Car/AutoModelRasp_ws/src/install/motor_msgs/include/motor_msgs/motor_msgs/msg/detail/motor_command__struct.hpp
[0.513s] -- Up-to-date: /home/alereyes/C-ROS-Automodel_Car/AutoModelRasp_ws/src/install/motor_msgs/include/motor_msgs/motor_msgs/msg/detail/motor_command__type_support.hpp
[0.513s] -- Up-to-date: /home/alereyes/C-ROS-Automodel_Car/AutoModelRasp_ws/src/install/motor_msgs/include/motor_msgs/motor_msgs/msg/detail/encoder_data__struct.hpp
[0.513s] -- Up-to-date: /home/alereyes/C-ROS-Automodel_Car/AutoModelRasp_ws/src/install/motor_msgs/include/motor_msgs/motor_msgs/msg/encoder_data.hpp
[0.513s] -- Up-to-date: /home/alereyes/C-ROS-Automodel_Car/AutoModelRasp_ws/src/install/motor_msgs/include/motor_msgs/motor_msgs
[0.513s] -- Up-to-date: /home/alereyes/C-ROS-Automodel_Car/AutoModelRasp_ws/src/install/motor_msgs/include/motor_msgs/motor_msgs/msg
[0.513s] -- Up-to-date: /home/alereyes/C-ROS-Automodel_Car/AutoModelRasp_ws/src/install/motor_msgs/include/motor_msgs/motor_msgs/msg/detail
[0.513s] -- Up-to-date: /home/alereyes/C-ROS-Automodel_Car/AutoModelRasp_ws/src/install/motor_msgs/include/motor_msgs/motor_msgs/msg/detail/encoder_data__rosidl_typesupport_fastrtps_cpp.hpp
[0.513s] -- Up-to-date: /home/alereyes/C-ROS-Automodel_Car/AutoModelRasp_ws/src/install/motor_msgs/include/motor_msgs/motor_msgs/msg/detail/motor_command__rosidl_typesupport_fastrtps_cpp.hpp
[0.513s] -- Up-to-date: /home/alereyes/C-ROS-Automodel_Car/AutoModelRasp_ws/src/install/motor_msgs/include/motor_msgs/motor_msgs/msg/detail/dds_fastrtps
[0.513s] -- Up-to-date: /home/alereyes/C-ROS-Automodel_Car/AutoModelRasp_ws/src/install/motor_msgs/include/motor_msgs/motor_msgs/msg/rosidl_typesupport_fastrtps_cpp__visibility_control.h
[0.514s] -- Up-to-date: /home/alereyes/C-ROS-Automodel_Car/AutoModelRasp_ws/src/install/motor_msgs/lib/libmotor_msgs__rosidl_typesupport_fastrtps_cpp.so
[0.514s] -- Up-to-date: /home/alereyes/C-ROS-Automodel_Car/AutoModelRasp_ws/src/install/motor_msgs/include/motor_msgs/motor_msgs
[0.514s] -- Up-to-date: /home/alereyes/C-ROS-Automodel_Car/AutoModelRasp_ws/src/install/motor_msgs/include/motor_msgs/motor_msgs/msg
[0.514s] -- Up-to-date: /home/alereyes/C-ROS-Automodel_Car/AutoModelRasp_ws/src/install/motor_msgs/include/motor_msgs/motor_msgs/msg/rosidl_typesupport_introspection_c__visibility_control.h
[0.514s] -- Up-to-date: /home/alereyes/C-ROS-Automodel_Car/AutoModelRasp_ws/src/install/motor_msgs/include/motor_msgs/motor_msgs/msg/detail
[0.514s] -- Installing: /home/alereyes/C-ROS-Automodel_Car/AutoModelRasp_ws/src/install/motor_msgs/include/motor_msgs/motor_msgs/msg/detail/motor_command__type_support.c
[0.514s] -- Up-to-date: /home/alereyes/C-ROS-Automodel_Car/AutoModelRasp_ws/src/install/motor_msgs/include/motor_msgs/motor_msgs/msg/detail/encoder_data__rosidl_typesupport_introspection_c.h
[0.514s] -- Up-to-date: /home/alereyes/C-ROS-Automodel_Car/AutoModelRasp_ws/src/install/motor_msgs/include/motor_msgs/motor_msgs/msg/detail/motor_command__rosidl_typesupport_introspection_c.h
[0.514s] -- Installing: /home/alereyes/C-ROS-Automodel_Car/AutoModelRasp_ws/src/install/motor_msgs/include/motor_msgs/motor_msgs/msg/detail/encoder_data__type_support.c
[0.514s] -- Up-to-date: /home/alereyes/C-ROS-Automodel_Car/AutoModelRasp_ws/src/install/motor_msgs/lib/libmotor_msgs__rosidl_typesupport_introspection_c.so
[0.514s] -- Up-to-date: /home/alereyes/C-ROS-Automodel_Car/AutoModelRasp_ws/src/install/motor_msgs/lib/libmotor_msgs__rosidl_typesupport_c.so
[0.514s] -- Up-to-date: /home/alereyes/C-ROS-Automodel_Car/AutoModelRasp_ws/src/install/motor_msgs/include/motor_msgs/motor_msgs
[0.514s] -- Up-to-date: /home/alereyes/C-ROS-Automodel_Car/AutoModelRasp_ws/src/install/motor_msgs/include/motor_msgs/motor_msgs/msg
[0.514s] -- Up-to-date: /home/alereyes/C-ROS-Automodel_Car/AutoModelRasp_ws/src/install/motor_msgs/include/motor_msgs/motor_msgs/msg/detail
[0.514s] -- Up-to-date: /home/alereyes/C-ROS-Automodel_Car/AutoModelRasp_ws/src/install/motor_msgs/include/motor_msgs/motor_msgs/msg/detail/encoder_data__rosidl_typesupport_introspection_cpp.hpp
[0.514s] -- Up-to-date: /home/alereyes/C-ROS-Automodel_Car/AutoModelRasp_ws/src/install/motor_msgs/include/motor_msgs/motor_msgs/msg/detail/encoder_data__type_support.cpp
[0.514s] -- Up-to-date: /home/alereyes/C-ROS-Automodel_Car/AutoModelRasp_ws/src/install/motor_msgs/include/motor_msgs/motor_msgs/msg/detail/motor_command__type_support.cpp
[0.514s] -- Up-to-date: /home/alereyes/C-ROS-Automodel_Car/AutoModelRasp_ws/src/install/motor_msgs/include/motor_msgs/motor_msgs/msg/detail/motor_command__rosidl_typesupport_introspection_cpp.hpp
[0.514s] -- Up-to-date: /home/alereyes/C-ROS-Automodel_Car/AutoModelRasp_ws/src/install/motor_msgs/lib/libmotor_msgs__rosidl_typesupport_introspection_cpp.so
[0.514s] -- Up-to-date: /home/alereyes/C-ROS-Automodel_Car/AutoModelRasp_ws/src/install/motor_msgs/lib/libmotor_msgs__rosidl_typesupport_cpp.so
[0.514s] -- Up-to-date: /home/alereyes/C-ROS-Automodel_Car/AutoModelRasp_ws/src/install/motor_msgs/share/motor_msgs/environment/pythonpath.sh
[0.515s] -- Up-to-date: /home/alereyes/C-ROS-Automodel_Car/AutoModelRasp_ws/src/install/motor_msgs/share/motor_msgs/environment/pythonpath.dsv
[0.515s] -- Up-to-date: /home/alereyes/C-ROS-Automodel_Car/AutoModelRasp_ws/src/install/motor_msgs/lib/python3.12/site-packages/motor_msgs-0.0.0-py3.12.egg-info
[0.515s] -- Installing: /home/alereyes/C-ROS-Automodel_Car/AutoModelRasp_ws/src/install/motor_msgs/lib/python3.12/site-packages/motor_msgs-0.0.0-py3.12.egg-info/SOURCES.txt
[0.515s] -- Installing: /home/alereyes/C-ROS-Automodel_Car/AutoModelRasp_ws/src/install/motor_msgs/lib/python3.12/site-packages/motor_msgs-0.0.0-py3.12.egg-info/dependency_links.txt
[0.515s] -- Installing: /home/alereyes/C-ROS-Automodel_Car/AutoModelRasp_ws/src/install/motor_msgs/lib/python3.12/site-packages/motor_msgs-0.0.0-py3.12.egg-info/PKG-INFO
[0.515s] -- Installing: /home/alereyes/C-ROS-Automodel_Car/AutoModelRasp_ws/src/install/motor_msgs/lib/python3.12/site-packages/motor_msgs-0.0.0-py3.12.egg-info/top_level.txt
[0.515s] -- Up-to-date: /home/alereyes/C-ROS-Automodel_Car/AutoModelRasp_ws/src/install/motor_msgs/lib/python3.12/site-packages/motor_msgs
[0.515s] -- Up-to-date: /home/alereyes/C-ROS-Automodel_Car/AutoModelRasp_ws/src/install/motor_msgs/lib/python3.12/site-packages/motor_msgs/_motor_msgs_s.ep.rosidl_typesupport_c.c
[0.515s] -- Up-to-date: /home/alereyes/C-ROS-Automodel_Car/AutoModelRasp_ws/src/install/motor_msgs/lib/python3.12/site-packages/motor_msgs/_motor_msgs_s.ep.rosidl_typesupport_fastrtps_c.c
[0.515s] -- Up-to-date: /home/alereyes/C-ROS-Automodel_Car/AutoModelRasp_ws/src/install/motor_msgs/lib/python3.12/site-packages/motor_msgs/motor_msgs_s__rosidl_typesupport_introspection_c.so
[0.515s] -- Up-to-date: /home/alereyes/C-ROS-Automodel_Car/AutoModelRasp_ws/src/install/motor_msgs/lib/python3.12/site-packages/motor_msgs/_motor_msgs_s.ep.rosidl_typesupport_introspection_c.c
[0.515s] -- Up-to-date: /home/alereyes/C-ROS-Automodel_Car/AutoModelRasp_ws/src/install/motor_msgs/lib/python3.12/site-packages/motor_msgs/msg
[0.515s] -- Up-to-date: /home/alereyes/C-ROS-Automodel_Car/AutoModelRasp_ws/src/install/motor_msgs/lib/python3.12/site-packages/motor_msgs/msg/_encoder_data.py
[0.515s] -- Up-to-date: /home/alereyes/C-ROS-Automodel_Car/AutoModelRasp_ws/src/install/motor_msgs/lib/python3.12/site-packages/motor_msgs/msg/_motor_command_s.c
[0.515s] -- Up-to-date: /home/alereyes/C-ROS-Automodel_Car/AutoModelRasp_ws/src/install/motor_msgs/lib/python3.12/site-packages/motor_msgs/msg/_motor_command.py
[0.515s] -- Up-to-date: /home/alereyes/C-ROS-Automodel_Car/AutoModelRasp_ws/src/install/motor_msgs/lib/python3.12/site-packages/motor_msgs/msg/_encoder_data_s.c
[0.515s] -- Up-to-date: /home/alereyes/C-ROS-Automodel_Car/AutoModelRasp_ws/src/install/motor_msgs/lib/python3.12/site-packages/motor_msgs/msg/__init__.py
[0.515s] -- Up-to-date: /home/alereyes/C-ROS-Automodel_Car/AutoModelRasp_ws/src/install/motor_msgs/lib/python3.12/site-packages/motor_msgs/motor_msgs_s__rosidl_typesupport_c.so
[0.516s] -- Up-to-date: /home/alereyes/C-ROS-Automodel_Car/AutoModelRasp_ws/src/install/motor_msgs/lib/python3.12/site-packages/motor_msgs/motor_msgs_s__rosidl_typesupport_fastrtps_c.so
[0.516s] -- Up-to-date: /home/alereyes/C-ROS-Automodel_Car/AutoModelRasp_ws/src/install/motor_msgs/lib/python3.12/site-packages/motor_msgs/__init__.py
[0.516s] Listing '/home/alereyes/C-ROS-Automodel_Car/AutoModelRasp_ws/src/install/motor_msgs/lib/python3.12/site-packages/motor_msgs'...
[0.516s] Listing '/home/alereyes/C-ROS-Automodel_Car/AutoModelRasp_ws/src/install/motor_msgs/lib/python3.12/site-packages/motor_msgs/msg'...
[0.516s] -- Up-to-date: /home/alereyes/C-ROS-Automodel_Car/AutoModelRasp_ws/src/install/motor_msgs/lib/python3.12/site-packages/motor_msgs/motor_msgs_s__rosidl_typesupport_fastrtps_c.so
[0.516s] -- Up-to-date: /home/alereyes/C-ROS-Automodel_Car/AutoModelRasp_ws/src/install/motor_msgs/lib/python3.12/site-packages/motor_msgs/motor_msgs_s__rosidl_typesupport_introspection_c.so
[0.516s] -- Up-to-date: /home/alereyes/C-ROS-Automodel_Car/AutoModelRasp_ws/src/install/motor_msgs/lib/python3.12/site-packages/motor_msgs/motor_msgs_s__rosidl_typesupport_c.so
[0.516s] -- Up-to-date: /home/alereyes/C-ROS-Automodel_Car/AutoModelRasp_ws/src/install/motor_msgs/lib/libmotor_msgs__rosidl_generator_py.so
[0.516s] -- Up-to-date: /home/alereyes/C-ROS-Automodel_Car/AutoModelRasp_ws/src/install/motor_msgs/share/motor_msgs/msg/MotorCommand.idl
[0.516s] -- Up-to-date: /home/alereyes/C-ROS-Automodel_Car/AutoModelRasp_ws/src/install/motor_msgs/share/motor_msgs/msg/EncoderData.idl
[0.516s] -- Up-to-date: /home/alereyes/C-ROS-Automodel_Car/AutoModelRasp_ws/src/install/motor_msgs/share/motor_msgs/msg/MotorCommand.msg
[0.516s] -- Up-to-date: /home/alereyes/C-ROS-Automodel_Car/AutoModelRasp_ws/src/install/motor_msgs/share/motor_msgs/msg/EncoderData.msg
[0.516s] -- Up-to-date: /home/alereyes/C-ROS-Automodel_Car/AutoModelRasp_ws/src/install/motor_msgs/share/ament_index/resource_index/package_run_dependencies/motor_msgs
[0.516s] -- Up-to-date: /home/alereyes/C-ROS-Automodel_Car/AutoModelRasp_ws/src/install/motor_msgs/share/ament_index/resource_index/parent_prefix_path/motor_msgs
[0.516s] -- Up-to-date: /home/alereyes/C-ROS-Automodel_Car/AutoModelRasp_ws/src/install/motor_msgs/share/motor_msgs/environment/ament_prefix_path.sh
[0.516s] -- Up-to-date: /home/alereyes/C-ROS-Automodel_Car/AutoModelRasp_ws/src/install/motor_msgs/share/motor_msgs/environment/ament_prefix_path.dsv
[0.516s] -- Up-to-date: /home/alereyes/C-ROS-Automodel_Car/AutoModelRasp_ws/src/install/motor_msgs/share/motor_msgs/environment/path.sh
[0.518s] -- Up-to-date: /home/alereyes/C-ROS-Automodel_Car/AutoModelRasp_ws/src/install/motor_msgs/share/motor_msgs/environment/path.dsv
[0.518s] -- Up-to-date: /home/alereyes/C-ROS-Automodel_Car/AutoModelRasp_ws/src/install/motor_msgs/share/motor_msgs/local_setup.bash
[0.518s] -- Up-to-date: /home/alereyes/C-ROS-Automodel_Car/AutoModelRasp_ws/src/install/motor_msgs/share/motor_msgs/local_setup.sh
[0.518s] -- Up-to-date: /home/alereyes/C-ROS-Automodel_Car/AutoModelRasp_ws/src/install/motor_msgs/share/motor_msgs/local_setup.zsh
[0.518s] -- Up-to-date: /home/alereyes/C-ROS-Automodel_Car/AutoModelRasp_ws/src/install/motor_msgs/share/motor_msgs/local_setup.dsv
[0.518s] -- Installing: /home/alereyes/C-ROS-Automodel_Car/AutoModelRasp_ws/src/install/motor_msgs/share/motor_msgs/package.dsv
[0.518s] -- Up-to-date: /home/alereyes/C-ROS-Automodel_Car/AutoModelRasp_ws/src/install/motor_msgs/share/ament_index/resource_index/packages/motor_msgs
[0.518s] -- Up-to-date: /home/alereyes/C-ROS-Automodel_Car/AutoModelRasp_ws/src/install/motor_msgs/share/motor_msgs/cmake/export_motor_msgs__rosidl_generator_cExport.cmake
[0.518s] -- Up-to-date: /home/alereyes/C-ROS-Automodel_Car/AutoModelRasp_ws/src/install/motor_msgs/share/motor_msgs/cmake/export_motor_msgs__rosidl_generator_cExport-noconfig.cmake
[0.518s] -- Up-to-date: /home/alereyes/C-ROS-Automodel_Car/AutoModelRasp_ws/src/install/motor_msgs/share/motor_msgs/cmake/export_motor_msgs__rosidl_typesupport_fastrtps_cExport.cmake
[0.518s] -- Up-to-date: /home/alereyes/C-ROS-Automodel_Car/AutoModelRasp_ws/src/install/motor_msgs/share/motor_msgs/cmake/export_motor_msgs__rosidl_typesupport_fastrtps_cExport-noconfig.cmake
[0.518s] -- Up-to-date: /home/alereyes/C-ROS-Automodel_Car/AutoModelRasp_ws/src/install/motor_msgs/share/motor_msgs/cmake/export_motor_msgs__rosidl_generator_cppExport.cmake
[0.518s] -- Up-to-date: /home/alereyes/C-ROS-Automodel_Car/AutoModelRasp_ws/src/install/motor_msgs/share/motor_msgs/cmake/export_motor_msgs__rosidl_typesupport_fastrtps_cppExport.cmake
[0.518s] -- Up-to-date: /home/alereyes/C-ROS-Automodel_Car/AutoModelRasp_ws/src/install/motor_msgs/share/motor_msgs/cmake/export_motor_msgs__rosidl_typesupport_fastrtps_cppExport-noconfig.cmake
[0.518s] -- Up-to-date: /home/alereyes/C-ROS-Automodel_Car/AutoModelRasp_ws/src/install/motor_msgs/share/motor_msgs/cmake/motor_msgs__rosidl_typesupport_introspection_cExport.cmake
[0.518s] -- Up-to-date: /home/alereyes/C-ROS-Automodel_Car/AutoModelRasp_ws/src/install/motor_msgs/share/motor_msgs/cmake/motor_msgs__rosidl_typesupport_introspection_cExport-noconfig.cmake
[0.518s] -- Up-to-date: /home/alereyes/C-ROS-Automodel_Car/AutoModelRasp_ws/src/install/motor_msgs/share/motor_msgs/cmake/motor_msgs__rosidl_typesupport_cExport.cmake
[0.519s] -- Up-to-date: /home/alereyes/C-ROS-Automodel_Car/AutoModelRasp_ws/src/install/motor_msgs/share/motor_msgs/cmake/motor_msgs__rosidl_typesupport_cExport-noconfig.cmake
[0.519s] -- Up-to-date: /home/alereyes/C-ROS-Automodel_Car/AutoModelRasp_ws/src/install/motor_msgs/share/motor_msgs/cmake/motor_msgs__rosidl_typesupport_introspection_cppExport.cmake
[0.519s] -- Up-to-date: /home/alereyes/C-ROS-Automodel_Car/AutoModelRasp_ws/src/install/motor_msgs/share/motor_msgs/cmake/motor_msgs__rosidl_typesupport_introspection_cppExport-noconfig.cmake
[0.519s] -- Up-to-date: /home/alereyes/C-ROS-Automodel_Car/AutoModelRasp_ws/src/install/motor_msgs/share/motor_msgs/cmake/motor_msgs__rosidl_typesupport_cppExport.cmake
[0.519s] -- Up-to-date: /home/alereyes/C-ROS-Automodel_Car/AutoModelRasp_ws/src/install/motor_msgs/share/motor_msgs/cmake/motor_msgs__rosidl_typesupport_cppExport-noconfig.cmake
[0.519s] -- Up-to-date: /home/alereyes/C-ROS-Automodel_Car/AutoModelRasp_ws/src/install/motor_msgs/share/motor_msgs/cmake/export_motor_msgs__rosidl_generator_pyExport.cmake
[0.519s] -- Up-to-date: /home/alereyes/C-ROS-Automodel_Car/AutoModelRasp_ws/src/install/motor_msgs/share/motor_msgs/cmake/export_motor_msgs__rosidl_generator_pyExport-noconfig.cmake
[0.519s] -- Up-to-date: /home/alereyes/C-ROS-Automodel_Car/AutoModelRasp_ws/src/install/motor_msgs/share/motor_msgs/cmake/rosidl_cmake-extras.cmake
[0.519s] -- Up-to-date: /home/alereyes/C-ROS-Automodel_Car/AutoModelRasp_ws/src/install/motor_msgs/share/motor_msgs/cmake/ament_cmake_export_dependencies-extras.cmake
[0.519s] -- Up-to-date: /home/alereyes/C-ROS-Automodel_Car/AutoModelRasp_ws/src/install/motor_msgs/share/motor_msgs/cmake/ament_cmake_export_include_directories-extras.cmake
[0.519s] -- Up-to-date: /home/alereyes/C-ROS-Automodel_Car/AutoModelRasp_ws/src/install/motor_msgs/share/motor_msgs/cmake/ament_cmake_export_libraries-extras.cmake
[0.519s] -- Up-to-date: /home/alereyes/C-ROS-Automodel_Car/AutoModelRasp_ws/src/install/motor_msgs/share/motor_msgs/cmake/ament_cmake_export_targets-extras.cmake
[0.519s] -- Up-to-date: /home/alereyes/C-ROS-Automodel_Car/AutoModelRasp_ws/src/install/motor_msgs/share/motor_msgs/cmake/rosidl_cmake_export_typesupport_targets-extras.cmake
[0.519s] -- Up-to-date: /home/alereyes/C-ROS-Automodel_Car/AutoModelRasp_ws/src/install/motor_msgs/share/motor_msgs/cmake/rosidl_cmake_export_typesupport_libraries-extras.cmake
[0.519s] -- Up-to-date: /home/alereyes/C-ROS-Automodel_Car/AutoModelRasp_ws/src/install/motor_msgs/share/motor_msgs/cmake/motor_msgsConfig.cmake
[0.519s] -- Up-to-date: /home/alereyes/C-ROS-Automodel_Car/AutoModelRasp_ws/src/install/motor_msgs/share/motor_msgs/cmake/motor_msgsConfig-version.cmake
[0.519s] -- Up-to-date: /home/alereyes/C-ROS-Automodel_Car/AutoModelRasp_ws/src/install/motor_msgs/share/motor_msgs/package.xml
[0.532s] Invoked command in '/home/alereyes/C-ROS-Automodel_Car/AutoModelRasp_ws/src/build/motor_msgs' returned '0': CMAKE_PREFIX_PATH=${CMAKE_PREFIX_PATH}:/home/alereyes/C-ROS-Automodel_Car/AutoModelRasp_ws/src/install/parking:/home/alereyes/C-ROS-Automodel_Car/AutoModelRasp_ws/src/install/ms200_driver:/home/alereyes/C-ROS-Automodel_Car/AutoModelRasp_ws/src/install/manual:/home/alereyes/C-ROS-Automodel_Car/AutoModelRasp_ws/src/install/com_stm:/home/alereyes/C-ROS-Automodel_Car/AutoModelRasp_ws/src/install/driving:/opt/ros/jazzy DEBUGINFOD_URLS=https://debuginfod.ubuntu.com /usr/bin/cmake --install /home/alereyes/C-ROS-Automodel_Car/AutoModelRasp_ws/src/build/motor_msgs
