[0.951s] Invoking command in '/home/alereyes/C-ROS-Automodel_Car/AutoModelRasp_ws/src/parking': DEBUGINFOD_URLS=https://debuginfod.ubuntu.com PYTHONPATH=/home/alereyes/C-ROS-Automodel_Car/AutoModelRasp_ws/src/build/parking/prefix_override:/usr/lib/python3/dist-packages/colcon_core/task/python/colcon_distutils_commands:/home/alereyes/C-ROS-Automodel_Car/AutoModelRasp_ws/src/install/parking/lib/python3.12/site-packages:${PYTHONPATH} /usr/bin/python3 -W ignore:setup.py install is deprecated -W ignore:easy_install command is deprecated setup.py egg_info --egg-base ../build/parking build --build-base /home/alereyes/C-ROS-Automodel_Car/AutoModelRasp_ws/src/build/parking/build install --record /home/alereyes/C-ROS-Automodel_Car/AutoModelRasp_ws/src/build/parking/install.log --single-version-externally-managed install_data
[1.141s] running egg_info
[1.153s] writing ../build/parking/parking.egg-info/PKG-INFO
[1.154s] writing dependency_links to ../build/parking/parking.egg-info/dependency_links.txt
[1.154s] writing requirements to ../build/parking/parking.egg-info/requires.txt
[1.154s] writing top-level names to ../build/parking/parking.egg-info/top_level.txt
[1.181s] reading manifest file '../build/parking/parking.egg-info/SOURCES.txt'
[1.181s] adding license file 'LICENSE'
[1.182s] writing manifest file '../build/parking/parking.egg-info/SOURCES.txt'
[1.182s] running build
[1.182s] running build_py
[1.182s] running install
[1.187s] running install_lib
[1.201s] running install_data
[1.201s] running install_egg_info
[1.215s] removing '/home/alereyes/C-ROS-Automodel_Car/AutoModelRasp_ws/src/install/parking/lib/python3.12/site-packages/parking-0.0.0-py3.12.egg-info' (and everything under it)
[1.215s] Copying ../build/parking/parking.egg-info to /home/alereyes/C-ROS-Automodel_Car/AutoModelRasp_ws/src/install/parking/lib/python3.12/site-packages/parking-0.0.0-py3.12.egg-info
[1.216s] running install_scripts
[1.311s] writing list of installed files to '/home/alereyes/C-ROS-Automodel_Car/AutoModelRasp_ws/src/build/parking/install.log'
[1.339s] Invoked command in '/home/alereyes/C-ROS-Automodel_Car/AutoModelRasp_ws/src/parking' returned '0': DEBUGINFOD_URLS=https://debuginfod.ubuntu.com PYTHONPATH=/home/alereyes/C-ROS-Automodel_Car/AutoModelRasp_ws/src/build/parking/prefix_override:/usr/lib/python3/dist-packages/colcon_core/task/python/colcon_distutils_commands:/home/alereyes/C-ROS-Automodel_Car/AutoModelRasp_ws/src/install/parking/lib/python3.12/site-packages:${PYTHONPATH} /usr/bin/python3 -W ignore:setup.py install is deprecated -W ignore:easy_install command is deprecated setup.py egg_info --egg-base ../build/parking build --build-base /home/alereyes/C-ROS-Automodel_Car/AutoModelRasp_ws/src/build/parking/build install --record /home/alereyes/C-ROS-Automodel_Car/AutoModelRasp_ws/src/build/parking/install.log --single-version-externally-managed install_data
