[0.654s] Invoking command in '/home/jason/C-ROS-Automodel_Car/simulacion_ws/src/carro_simulacion': PYTHONPATH=/home/jason/C-ROS-Automodel_Car/simulacion_ws/build/carro_simulacion/prefix_override:/usr/lib/python3/dist-packages/colcon_core/task/python/colcon_distutils_commands:/home/jason/C-ROS-Automodel_Car/simulacion_ws/install/carro_simulacion/lib/python3.12/site-packages:${PYTHONPATH} /usr/bin/python3 -W ignore:setup.py install is deprecated -W ignore:easy_install command is deprecated setup.py egg_info --egg-base ../../build/carro_simulacion build --build-base /home/jason/C-ROS-Automodel_Car/simulacion_ws/build/carro_simulacion/build install --record /home/jason/C-ROS-Automodel_Car/simulacion_ws/build/carro_simulacion/install.log --single-version-externally-managed install_data
[0.871s] running egg_info
[0.871s] creating ../../build/carro_simulacion/carro_simulacion.egg-info
[0.885s] writing ../../build/carro_simulacion/carro_simulacion.egg-info/PKG-INFO
[0.885s] writing dependency_links to ../../build/carro_simulacion/carro_simulacion.egg-info/dependency_links.txt
[0.886s] writing entry points to ../../build/carro_simulacion/carro_simulacion.egg-info/entry_points.txt
[0.886s] writing requirements to ../../build/carro_simulacion/carro_simulacion.egg-info/requires.txt
[0.886s] writing top-level names to ../../build/carro_simulacion/carro_simulacion.egg-info/top_level.txt
[0.886s] writing manifest file '../../build/carro_simulacion/carro_simulacion.egg-info/SOURCES.txt'
[0.923s] reading manifest file '../../build/carro_simulacion/carro_simulacion.egg-info/SOURCES.txt'
[0.923s] adding license file 'LICENSE'
[0.923s] writing manifest file '../../build/carro_simulacion/carro_simulacion.egg-info/SOURCES.txt'
[0.923s] running build
[0.923s] running build_py
[0.924s] creating /home/jason/C-ROS-Automodel_Car/simulacion_ws/build/carro_simulacion/build
[0.924s] creating /home/jason/C-ROS-Automodel_Car/simulacion_ws/build/carro_simulacion/build/lib
[0.924s] creating /home/jason/C-ROS-Automodel_Car/simulacion_ws/build/carro_simulacion/build/lib/carro_simulacion
[0.924s] copying carro_simulacion/__init__.py -> /home/jason/C-ROS-Automodel_Car/simulacion_ws/build/carro_simulacion/build/lib/carro_simulacion
[0.925s] copying carro_simulacion/sim_adapter.py -> /home/jason/C-ROS-Automodel_Car/simulacion_ws/build/carro_simulacion/build/lib/carro_simulacion
[0.925s] running install
[0.931s] running install_lib
[0.945s] creating /home/jason/C-ROS-Automodel_Car/simulacion_ws/install/carro_simulacion/lib/python3.12/site-packages/carro_simulacion
[0.946s] copying /home/jason/C-ROS-Automodel_Car/simulacion_ws/build/carro_simulacion/build/lib/carro_simulacion/__init__.py -> /home/jason/C-ROS-Automodel_Car/simulacion_ws/install/carro_simulacion/lib/python3.12/site-packages/carro_simulacion
[0.946s] copying /home/jason/C-ROS-Automodel_Car/simulacion_ws/build/carro_simulacion/build/lib/carro_simulacion/sim_adapter.py -> /home/jason/C-ROS-Automodel_Car/simulacion_ws/install/carro_simulacion/lib/python3.12/site-packages/carro_simulacion
[0.946s] byte-compiling /home/jason/C-ROS-Automodel_Car/simulacion_ws/install/carro_simulacion/lib/python3.12/site-packages/carro_simulacion/__init__.py to __init__.cpython-312.pyc
[0.947s] byte-compiling /home/jason/C-ROS-Automodel_Car/simulacion_ws/install/carro_simulacion/lib/python3.12/site-packages/carro_simulacion/sim_adapter.py to sim_adapter.cpython-312.pyc
[0.947s] running install_data
[0.948s] creating /home/jason/C-ROS-Automodel_Car/simulacion_ws/install/carro_simulacion/share/ament_index
[0.948s] creating /home/jason/C-ROS-Automodel_Car/simulacion_ws/install/carro_simulacion/share/ament_index/resource_index
[0.948s] creating /home/jason/C-ROS-Automodel_Car/simulacion_ws/install/carro_simulacion/share/ament_index/resource_index/packages
[0.948s] copying resource/carro_simulacion -> /home/jason/C-ROS-Automodel_Car/simulacion_ws/install/carro_simulacion/share/ament_index/resource_index/packages
[0.949s] copying package.xml -> /home/jason/C-ROS-Automodel_Car/simulacion_ws/install/carro_simulacion/share/carro_simulacion
[0.949s] creating /home/jason/C-ROS-Automodel_Car/simulacion_ws/install/carro_simulacion/share/carro_simulacion/launch
[0.949s] copying launch/car_sim.launch.py -> /home/jason/C-ROS-Automodel_Car/simulacion_ws/install/carro_simulacion/share/carro_simulacion/launch
[0.949s] creating /home/jason/C-ROS-Automodel_Car/simulacion_ws/install/carro_simulacion/share/carro_simulacion/urdf
[0.949s] copying urdf/carro.urdf -> /home/jason/C-ROS-Automodel_Car/simulacion_ws/install/carro_simulacion/share/carro_simulacion/urdf
[0.949s] creating /home/jason/C-ROS-Automodel_Car/simulacion_ws/install/carro_simulacion/share/carro_simulacion/meshes
[0.950s] copying meshes/chasis-Assembly2.stl -> /home/jason/C-ROS-Automodel_Car/simulacion_ws/install/carro_simulacion/share/carro_simulacion/meshes
[0.952s] creating /home/jason/C-ROS-Automodel_Car/simulacion_ws/install/carro_simulacion/share/carro_simulacion/worlds
[0.952s] copying worlds/pista.world -> /home/jason/C-ROS-Automodel_Car/simulacion_ws/install/carro_simulacion/share/carro_simulacion/worlds
[0.952s] creating /home/jason/C-ROS-Automodel_Car/simulacion_ws/install/carro_simulacion/share/carro_simulacion/materials
[0.952s] creating /home/jason/C-ROS-Automodel_Car/simulacion_ws/install/carro_simulacion/share/carro_simulacion/materials/textures
[0.953s] copying materials/textures/pista.png -> /home/jason/C-ROS-Automodel_Car/simulacion_ws/install/carro_simulacion/share/carro_simulacion/materials/textures
[0.953s] running install_egg_info
[0.969s] Copying ../../build/carro_simulacion/carro_simulacion.egg-info to /home/jason/C-ROS-Automodel_Car/simulacion_ws/install/carro_simulacion/lib/python3.12/site-packages/carro_simulacion-0.0.0-py3.12.egg-info
[0.970s] running install_scripts
[1.085s] Installing sim_adapter script to /home/jason/C-ROS-Automodel_Car/simulacion_ws/install/carro_simulacion/lib/carro_simulacion
[1.086s] writing list of installed files to '/home/jason/C-ROS-Automodel_Car/simulacion_ws/build/carro_simulacion/install.log'
[1.125s] Invoked command in '/home/jason/C-ROS-Automodel_Car/simulacion_ws/src/carro_simulacion' returned '0': PYTHONPATH=/home/jason/C-ROS-Automodel_Car/simulacion_ws/build/carro_simulacion/prefix_override:/usr/lib/python3/dist-packages/colcon_core/task/python/colcon_distutils_commands:/home/jason/C-ROS-Automodel_Car/simulacion_ws/install/carro_simulacion/lib/python3.12/site-packages:${PYTHONPATH} /usr/bin/python3 -W ignore:setup.py install is deprecated -W ignore:easy_install command is deprecated setup.py egg_info --egg-base ../../build/carro_simulacion build --build-base /home/jason/C-ROS-Automodel_Car/simulacion_ws/build/carro_simulacion/build install --record /home/jason/C-ROS-Automodel_Car/simulacion_ws/build/carro_simulacion/install.log --single-version-externally-managed install_data
