[100%] Built target ascamera_node
-- Install configuration: ""
-- Up-to-date: /home/alereyes/C-ROS-Automodel_Car/AutoModelRasp_ws/src/install/ascamera/lib/ascamera/ascamera_node
-- Up-to-date: /home/alereyes/C-ROS-Automodel_Car/AutoModelRasp_ws/src/install/ascamera/share/ascamera/launch
-- Installing: /home/alereyes/C-ROS-Automodel_Car/AutoModelRasp_ws/src/install/ascamera/share/ascamera/launch/hp60c.launch.py
-- Up-to-date: /home/alereyes/C-ROS-Automodel_Car/AutoModelRasp_ws/src/install/ascamera/share/ascamera/launch/kondyor.launch.py
-- Up-to-date: /home/alereyes/C-ROS-Automodel_Car/AutoModelRasp_ws/src/install/ascamera/share/ascamera/launch/kunlun_c.launch.py
-- Up-to-date: /home/alereyes/C-ROS-Automodel_Car/AutoModelRasp_ws/src/install/ascamera/share/ascamera/launch/hp60cn.launch.py
-- Up-to-date: /home/alereyes/C-ROS-Automodel_Car/AutoModelRasp_ws/src/install/ascamera/share/ascamera/launch/changA.launch.py
-- Up-to-date: /home/alereyes/C-ROS-Automodel_Car/AutoModelRasp_ws/src/install/ascamera/share/ascamera/launch/nuwa.launch.py
-- Up-to-date: /home/alereyes/C-ROS-Automodel_Car/AutoModelRasp_ws/src/install/ascamera/share/ascamera/launch/kunlun_a.launch.py
-- Up-to-date: /home/alereyes/C-ROS-Automodel_Car/AutoModelRasp_ws/src/install/ascamera/share/ascamera/launch/ascamera.launch.py
-- Up-to-date: /home/alereyes/C-ROS-Automodel_Car/AutoModelRasp_ws/src/install/ascamera/share/ament_index/resource_index/package_run_dependencies/ascamera
-- Up-to-date: /home/alereyes/C-ROS-Automodel_Car/AutoModelRasp_ws/src/install/ascamera/share/ament_index/resource_index/parent_prefix_path/ascamera
-- Up-to-date: /home/alereyes/C-ROS-Automodel_Car/AutoModelRasp_ws/src/install/ascamera/share/ascamera/environment/ament_prefix_path.sh
-- Up-to-date: /home/alereyes/C-ROS-Automodel_Car/AutoModelRasp_ws/src/install/ascamera/share/ascamera/environment/ament_prefix_path.dsv
-- Up-to-date: /home/alereyes/C-ROS-Automodel_Car/AutoModelRasp_ws/src/install/ascamera/share/ascamera/environment/path.sh
-- Up-to-date: /home/alereyes/C-ROS-Automodel_Car/AutoModelRasp_ws/src/install/ascamera/share/ascamera/environment/path.dsv
-- Up-to-date: /home/alereyes/C-ROS-Automodel_Car/AutoModelRasp_ws/src/install/ascamera/share/ascamera/local_setup.bash
-- Up-to-date: /home/alereyes/C-ROS-Automodel_Car/AutoModelRasp_ws/src/install/ascamera/share/ascamera/local_setup.sh
-- Up-to-date: /home/alereyes/C-ROS-Automodel_Car/AutoModelRasp_ws/src/install/ascamera/share/ascamera/local_setup.zsh
-- Up-to-date: /home/alereyes/C-ROS-Automodel_Car/AutoModelRasp_ws/src/install/ascamera/share/ascamera/local_setup.dsv
-- Installing: /home/alereyes/C-ROS-Automodel_Car/AutoModelRasp_ws/src/install/ascamera/share/ascamera/package.dsv
-- Up-to-date: /home/alereyes/C-ROS-Automodel_Car/AutoModelRasp_ws/src/install/ascamera/share/ament_index/resource_index/packages/ascamera
-- Up-to-date: /home/alereyes/C-ROS-Automodel_Car/AutoModelRasp_ws/src/install/ascamera/share/ascamera/cmake/ascameraConfig.cmake
-- Up-to-date: /home/alereyes/C-ROS-Automodel_Car/AutoModelRasp_ws/src/install/ascamera/share/ascamera/cmake/ascameraConfig-version.cmake
-- Up-to-date: /home/alereyes/C-ROS-Automodel_Car/AutoModelRasp_ws/src/install/ascamera/share/ascamera/package.xml
