[0.213s] Invoking command in '/home/alereyes/C-ROS-Automodel_Car/AutoModelRasp_ws/src/build/ascamera': CMAKE_PREFIX_PATH=${CMAKE_PREFIX_PATH}:/home/alereyes/C-ROS-Automodel_Car/AutoModelRasp_ws/src/install/parking:/home/alereyes/C-ROS-Automodel_Car/AutoModelRasp_ws/src/install/ms200_driver:/home/alereyes/C-ROS-Automodel_Car/AutoModelRasp_ws/src/install/manual:/home/alereyes/C-ROS-Automodel_Car/AutoModelRasp_ws/src/install/com_stm:/home/alereyes/C-ROS-Automodel_Car/AutoModelRasp_ws/src/install/driving:/opt/ros/jazzy DEBUGINFOD_URLS=https://debuginfod.ubuntu.com /usr/bin/cmake --build /home/alereyes/C-ROS-Automodel_Car/AutoModelRasp_ws/src/build/ascamera -- -j12 -l12
[12.044s] [100%] Built target ascamera_node
[12.064s] Invoked command in '/home/alereyes/C-ROS-Automodel_Car/AutoModelRasp_ws/src/build/ascamera' returned '0': CMAKE_PREFIX_PATH=${CMAKE_PREFIX_PATH}:/home/alereyes/C-ROS-Automodel_Car/AutoModelRasp_ws/src/install/parking:/home/alereyes/C-ROS-Automodel_Car/AutoModelRasp_ws/src/install/ms200_driver:/home/alereyes/C-ROS-Automodel_Car/AutoModelRasp_ws/src/install/manual:/home/alereyes/C-ROS-Automodel_Car/AutoModelRasp_ws/src/install/com_stm:/home/alereyes/C-ROS-Automodel_Car/AutoModelRasp_ws/src/install/driving:/opt/ros/jazzy DEBUGINFOD_URLS=https://debuginfod.ubuntu.com /usr/bin/cmake --build /home/alereyes/C-ROS-Automodel_Car/AutoModelRasp_ws/src/build/ascamera -- -j12 -l12
[12.172s] Invoking command in '/home/alereyes/C-ROS-Automodel_Car/AutoModelRasp_ws/src/build/ascamera': CMAKE_PREFIX_PATH=${CMAKE_PREFIX_PATH}:/home/alereyes/C-ROS-Automodel_Car/AutoModelRasp_ws/src/install/parking:/home/alereyes/C-ROS-Automodel_Car/AutoModelRasp_ws/src/install/ms200_driver:/home/alereyes/C-ROS-Automodel_Car/AutoModelRasp_ws/src/install/manual:/home/alereyes/C-ROS-Automodel_Car/AutoModelRasp_ws/src/install/com_stm:/home/alereyes/C-ROS-Automodel_Car/AutoModelRasp_ws/src/install/driving:/opt/ros/jazzy DEBUGINFOD_URLS=https://debuginfod.ubuntu.com /usr/bin/cmake --install /home/alereyes/C-ROS-Automodel_Car/AutoModelRasp_ws/src/build/ascamera
[12.222s] -- Install configuration: ""
[12.222s] -- Up-to-date: /home/alereyes/C-ROS-Automodel_Car/AutoModelRasp_ws/src/install/ascamera/lib/ascamera/ascamera_node
[12.222s] -- Up-to-date: /home/alereyes/C-ROS-Automodel_Car/AutoModelRasp_ws/src/install/ascamera/share/ascamera/launch
[12.222s] -- Installing: /home/alereyes/C-ROS-Automodel_Car/AutoModelRasp_ws/src/install/ascamera/share/ascamera/launch/hp60c.launch.py
[12.223s] -- Up-to-date: /home/alereyes/C-ROS-Automodel_Car/AutoModelRasp_ws/src/install/ascamera/share/ascamera/launch/kondyor.launch.py
[12.223s] -- Up-to-date: /home/alereyes/C-ROS-Automodel_Car/AutoModelRasp_ws/src/install/ascamera/share/ascamera/launch/kunlun_c.launch.py
[12.223s] -- Up-to-date: /home/alereyes/C-ROS-Automodel_Car/AutoModelRasp_ws/src/install/ascamera/share/ascamera/launch/hp60cn.launch.py
[12.223s] -- Up-to-date: /home/alereyes/C-ROS-Automodel_Car/AutoModelRasp_ws/src/install/ascamera/share/ascamera/launch/changA.launch.py
[12.223s] -- Up-to-date: /home/alereyes/C-ROS-Automodel_Car/AutoModelRasp_ws/src/install/ascamera/share/ascamera/launch/nuwa.launch.py
[12.223s] -- Up-to-date: /home/alereyes/C-ROS-Automodel_Car/AutoModelRasp_ws/src/install/ascamera/share/ascamera/launch/kunlun_a.launch.py
[12.223s] -- Up-to-date: /home/alereyes/C-ROS-Automodel_Car/AutoModelRasp_ws/src/install/ascamera/share/ascamera/launch/ascamera.launch.py
[12.224s] -- Up-to-date: /home/alereyes/C-ROS-Automodel_Car/AutoModelRasp_ws/src/install/ascamera/share/ament_index/resource_index/package_run_dependencies/ascamera
[12.262s] -- Up-to-date: /home/alereyes/C-ROS-Automodel_Car/AutoModelRasp_ws/src/install/ascamera/share/ament_index/resource_index/parent_prefix_path/ascamera
[12.262s] -- Up-to-date: /home/alereyes/C-ROS-Automodel_Car/AutoModelRasp_ws/src/install/ascamera/share/ascamera/environment/ament_prefix_path.sh
[12.262s] -- Up-to-date: /home/alereyes/C-ROS-Automodel_Car/AutoModelRasp_ws/src/install/ascamera/share/ascamera/environment/ament_prefix_path.dsv
[12.263s] -- Up-to-date: /home/alereyes/C-ROS-Automodel_Car/AutoModelRasp_ws/src/install/ascamera/share/ascamera/environment/path.sh
[12.263s] -- Up-to-date: /home/alereyes/C-ROS-Automodel_Car/AutoModelRasp_ws/src/install/ascamera/share/ascamera/environment/path.dsv
[12.263s] -- Up-to-date: /home/alereyes/C-ROS-Automodel_Car/AutoModelRasp_ws/src/install/ascamera/share/ascamera/local_setup.bash
[12.263s] -- Up-to-date: /home/alereyes/C-ROS-Automodel_Car/AutoModelRasp_ws/src/install/ascamera/share/ascamera/local_setup.sh
[12.263s] -- Up-to-date: /home/alereyes/C-ROS-Automodel_Car/AutoModelRasp_ws/src/install/ascamera/share/ascamera/local_setup.zsh
[12.263s] -- Up-to-date: /home/alereyes/C-ROS-Automodel_Car/AutoModelRasp_ws/src/install/ascamera/share/ascamera/local_setup.dsv
[12.263s] -- Installing: /home/alereyes/C-ROS-Automodel_Car/AutoModelRasp_ws/src/install/ascamera/share/ascamera/package.dsv
[12.291s] -- Up-to-date: /home/alereyes/C-ROS-Automodel_Car/AutoModelRasp_ws/src/install/ascamera/share/ament_index/resource_index/packages/ascamera
[12.292s] -- Up-to-date: /home/alereyes/C-ROS-Automodel_Car/AutoModelRasp_ws/src/install/ascamera/share/ascamera/cmake/ascameraConfig.cmake
[12.292s] -- Up-to-date: /home/alereyes/C-ROS-Automodel_Car/AutoModelRasp_ws/src/install/ascamera/share/ascamera/cmake/ascameraConfig-version.cmake
[12.292s] -- Up-to-date: /home/alereyes/C-ROS-Automodel_Car/AutoModelRasp_ws/src/install/ascamera/share/ascamera/package.xml
[12.295s] Invoked command in '/home/alereyes/C-ROS-Automodel_Car/AutoModelRasp_ws/src/build/ascamera' returned '0': CMAKE_PREFIX_PATH=${CMAKE_PREFIX_PATH}:/home/alereyes/C-ROS-Automodel_Car/AutoModelRasp_ws/src/install/parking:/home/alereyes/C-ROS-Automodel_Car/AutoModelRasp_ws/src/install/ms200_driver:/home/alereyes/C-ROS-Automodel_Car/AutoModelRasp_ws/src/install/manual:/home/alereyes/C-ROS-Automodel_Car/AutoModelRasp_ws/src/install/com_stm:/home/alereyes/C-ROS-Automodel_Car/AutoModelRasp_ws/src/install/driving:/opt/ros/jazzy DEBUGINFOD_URLS=https://debuginfod.ubuntu.com /usr/bin/cmake --install /home/alereyes/C-ROS-Automodel_Car/AutoModelRasp_ws/src/build/ascamera
