running egg_info
creating ../build/com_stm/com_stm.egg-info
writing ../build/com_stm/com_stm.egg-info/PKG-INFO
writing dependency_links to ../build/com_stm/com_stm.egg-info/dependency_links.txt
writing entry points to ../build/com_stm/com_stm.egg-info/entry_points.txt
writing requirements to ../build/com_stm/com_stm.egg-info/requires.txt
writing top-level names to ../build/com_stm/com_stm.egg-info/top_level.txt
writing manifest file '../build/com_stm/com_stm.egg-info/SOURCES.txt'
reading manifest file '../build/com_stm/com_stm.egg-info/SOURCES.txt'
adding license file 'LICENSE'
writing manifest file '../build/com_stm/com_stm.egg-info/SOURCES.txt'
running build
running build_py
creating /home/alereyes/C-ROS-Automodel_Car/AutoModelRasp_ws/src/build/com_stm/build
creating /home/alereyes/C-ROS-Automodel_Car/AutoModelRasp_ws/src/build/com_stm/build/lib
creating /home/alereyes/C-ROS-Automodel_Car/AutoModelRasp_ws/src/build/com_stm/build/lib/com_stm
copying com_stm/com_stm.py -> /home/alereyes/C-ROS-Automodel_Car/AutoModelRasp_ws/src/build/com_stm/build/lib/com_stm
copying com_stm/__init__.py -> /home/alereyes/C-ROS-Automodel_Car/AutoModelRasp_ws/src/build/com_stm/build/lib/com_stm
running install
running install_lib
creating /home/alereyes/C-ROS-Automodel_Car/AutoModelRasp_ws/src/install/com_stm/lib/python3.12/site-packages/com_stm
copying /home/alereyes/C-ROS-Automodel_Car/AutoModelRasp_ws/src/build/com_stm/build/lib/com_stm/com_stm.py -> /home/alereyes/C-ROS-Automodel_Car/AutoModelRasp_ws/src/install/com_stm/lib/python3.12/site-packages/com_stm
copying /home/alereyes/C-ROS-Automodel_Car/AutoModelRasp_ws/src/build/com_stm/build/lib/com_stm/__init__.py -> /home/alereyes/C-ROS-Automodel_Car/AutoModelRasp_ws/src/install/com_stm/lib/python3.12/site-packages/com_stm
byte-compiling /home/alereyes/C-ROS-Automodel_Car/AutoModelRasp_ws/src/install/com_stm/lib/python3.12/site-packages/com_stm/com_stm.py to com_stm.cpython-312.pyc
byte-compiling /home/alereyes/C-ROS-Automodel_Car/AutoModelRasp_ws/src/install/com_stm/lib/python3.12/site-packages/com_stm/__init__.py to __init__.cpython-312.pyc
running install_data
creating /home/alereyes/C-ROS-Automodel_Car/AutoModelRasp_ws/src/install/com_stm/share/ament_index
creating /home/alereyes/C-ROS-Automodel_Car/AutoModelRasp_ws/src/install/com_stm/share/ament_index/resource_index
creating /home/alereyes/C-ROS-Automodel_Car/AutoModelRasp_ws/src/install/com_stm/share/ament_index/resource_index/packages
copying resource/com_stm -> /home/alereyes/C-ROS-Automodel_Car/AutoModelRasp_ws/src/install/com_stm/share/ament_index/resource_index/packages
copying package.xml -> /home/alereyes/C-ROS-Automodel_Car/AutoModelRasp_ws/src/install/com_stm/share/com_stm
running install_egg_info
Copying ../build/com_stm/com_stm.egg-info to /home/alereyes/C-ROS-Automodel_Car/AutoModelRasp_ws/src/install/com_stm/lib/python3.12/site-packages/com_stm-0.0.0-py3.12.egg-info
running install_scripts
Installing com_stm script to /home/alereyes/C-ROS-Automodel_Car/AutoModelRasp_ws/src/install/com_stm/lib/com_stm
writing list of installed files to '/home/alereyes/C-ROS-Automodel_Car/AutoModelRasp_ws/src/build/com_stm/install.log'
