running egg_info
creating ../build/parking/parking.egg-info
writing ../build/parking/parking.egg-info/PKG-INFO
writing dependency_links to ../build/parking/parking.egg-info/dependency_links.txt
writing requirements to ../build/parking/parking.egg-info/requires.txt
writing top-level names to ../build/parking/parking.egg-info/top_level.txt
writing manifest file '../build/parking/parking.egg-info/SOURCES.txt'
reading manifest file '../build/parking/parking.egg-info/SOURCES.txt'
adding license file 'LICENSE'
writing manifest file '../build/parking/parking.egg-info/SOURCES.txt'
running build
running build_py
creating /home/alereyes/C-ROS-Automodel_Car/AutoModelRasp_ws/src/build/parking/build
creating /home/alereyes/C-ROS-Automodel_Car/AutoModelRasp_ws/src/build/parking/build/lib
creating /home/alereyes/C-ROS-Automodel_Car/AutoModelRasp_ws/src/build/parking/build/lib/parking
copying parking/__init__.py -> /home/alereyes/C-ROS-Automodel_Car/AutoModelRasp_ws/src/build/parking/build/lib/parking
running install
running install_lib
creating /home/alereyes/C-ROS-Automodel_Car/AutoModelRasp_ws/src/install/parking/lib/python3.12/site-packages/parking
copying /home/alereyes/C-ROS-Automodel_Car/AutoModelRasp_ws/src/build/parking/build/lib/parking/__init__.py -> /home/alereyes/C-ROS-Automodel_Car/AutoModelRasp_ws/src/install/parking/lib/python3.12/site-packages/parking
byte-compiling /home/alereyes/C-ROS-Automodel_Car/AutoModelRasp_ws/src/install/parking/lib/python3.12/site-packages/parking/__init__.py to __init__.cpython-312.pyc
running install_data
creating /home/alereyes/C-ROS-Automodel_Car/AutoModelRasp_ws/src/install/parking/share/ament_index
creating /home/alereyes/C-ROS-Automodel_Car/AutoModelRasp_ws/src/install/parking/share/ament_index/resource_index
creating /home/alereyes/C-ROS-Automodel_Car/AutoModelRasp_ws/src/install/parking/share/ament_index/resource_index/packages
copying resource/parking -> /home/alereyes/C-ROS-Automodel_Car/AutoModelRasp_ws/src/install/parking/share/ament_index/resource_index/packages
copying package.xml -> /home/alereyes/C-ROS-Automodel_Car/AutoModelRasp_ws/src/install/parking/share/parking
running install_egg_info
Copying ../build/parking/parking.egg-info to /home/alereyes/C-ROS-Automodel_Car/AutoModelRasp_ws/src/install/parking/lib/python3.12/site-packages/parking-0.0.0-py3.12.egg-info
running install_scripts
writing list of installed files to '/home/alereyes/C-ROS-Automodel_Car/AutoModelRasp_ws/src/build/parking/install.log'
