[13.738s] Invoking command in '/home/alereyes/C-ROS-Automodel_Car/AutoModelRasp_ws/src/parking': DEBUGINFOD_URLS=https://debuginfod.ubuntu.com PYTHONPATH=/home/alereyes/C-ROS-Automodel_Car/AutoModelRasp_ws/src/build/parking/prefix_override:/usr/lib/python3/dist-packages/colcon_core/task/python/colcon_distutils_commands:/home/alereyes/C-ROS-Automodel_Car/AutoModelRasp_ws/src/install/parking/lib/python3.12/site-packages:${PYTHONPATH} /usr/bin/python3 -W ignore:setup.py install is deprecated -W ignore:easy_install command is deprecated setup.py egg_info --egg-base ../build/parking build --build-base /home/alereyes/C-ROS-Automodel_Car/AutoModelRasp_ws/src/build/parking/build install --record /home/alereyes/C-ROS-Automodel_Car/AutoModelRasp_ws/src/build/parking/install.log --single-version-externally-managed install_data
[13.922s] running egg_info
[13.922s] creating ../build/parking/parking.egg-info
[13.955s] writing ../build/parking/parking.egg-info/PKG-INFO
[13.961s] writing dependency_links to ../build/parking/parking.egg-info/dependency_links.txt
[13.961s] writing requirements to ../build/parking/parking.egg-info/requires.txt
[13.961s] writing top-level names to ../build/parking/parking.egg-info/top_level.txt
[13.962s] writing manifest file '../build/parking/parking.egg-info/SOURCES.txt'
[13.987s] reading manifest file '../build/parking/parking.egg-info/SOURCES.txt'
[13.987s] adding license file 'LICENSE'
[13.987s] writing manifest file '../build/parking/parking.egg-info/SOURCES.txt'
[13.987s] running build
[13.987s] running build_py
[13.987s] creating /home/alereyes/C-ROS-Automodel_Car/AutoModelRasp_ws/src/build/parking/build
[13.988s] creating /home/alereyes/C-ROS-Automodel_Car/AutoModelRasp_ws/src/build/parking/build/lib
[13.988s] creating /home/alereyes/C-ROS-Automodel_Car/AutoModelRasp_ws/src/build/parking/build/lib/parking
[13.988s] copying parking/__init__.py -> /home/alereyes/C-ROS-Automodel_Car/AutoModelRasp_ws/src/build/parking/build/lib/parking
[13.988s] running install
[13.992s] running install_lib
[14.005s] creating /home/alereyes/C-ROS-Automodel_Car/AutoModelRasp_ws/src/install/parking/lib/python3.12/site-packages/parking
[14.005s] copying /home/alereyes/C-ROS-Automodel_Car/AutoModelRasp_ws/src/build/parking/build/lib/parking/__init__.py -> /home/alereyes/C-ROS-Automodel_Car/AutoModelRasp_ws/src/install/parking/lib/python3.12/site-packages/parking
[14.005s] byte-compiling /home/alereyes/C-ROS-Automodel_Car/AutoModelRasp_ws/src/install/parking/lib/python3.12/site-packages/parking/__init__.py to __init__.cpython-312.pyc
[14.005s] running install_data
[14.006s] creating /home/alereyes/C-ROS-Automodel_Car/AutoModelRasp_ws/src/install/parking/share/ament_index
[14.006s] creating /home/alereyes/C-ROS-Automodel_Car/AutoModelRasp_ws/src/install/parking/share/ament_index/resource_index
[14.006s] creating /home/alereyes/C-ROS-Automodel_Car/AutoModelRasp_ws/src/install/parking/share/ament_index/resource_index/packages
[14.006s] copying resource/parking -> /home/alereyes/C-ROS-Automodel_Car/AutoModelRasp_ws/src/install/parking/share/ament_index/resource_index/packages
[14.006s] copying package.xml -> /home/alereyes/C-ROS-Automodel_Car/AutoModelRasp_ws/src/install/parking/share/parking
[14.006s] running install_egg_info
[14.020s] Copying ../build/parking/parking.egg-info to /home/alereyes/C-ROS-Automodel_Car/AutoModelRasp_ws/src/install/parking/lib/python3.12/site-packages/parking-0.0.0-py3.12.egg-info
[14.020s] running install_scripts
[14.109s] writing list of installed files to '/home/alereyes/C-ROS-Automodel_Car/AutoModelRasp_ws/src/build/parking/install.log'
[14.430s] Invoked command in '/home/alereyes/C-ROS-Automodel_Car/AutoModelRasp_ws/src/parking' returned '0': DEBUGINFOD_URLS=https://debuginfod.ubuntu.com PYTHONPATH=/home/alereyes/C-ROS-Automodel_Car/AutoModelRasp_ws/src/build/parking/prefix_override:/usr/lib/python3/dist-packages/colcon_core/task/python/colcon_distutils_commands:/home/alereyes/C-ROS-Automodel_Car/AutoModelRasp_ws/src/install/parking/lib/python3.12/site-packages:${PYTHONPATH} /usr/bin/python3 -W ignore:setup.py install is deprecated -W ignore:easy_install command is deprecated setup.py egg_info --egg-base ../build/parking build --build-base /home/alereyes/C-ROS-Automodel_Car/AutoModelRasp_ws/src/build/parking/build install --record /home/alereyes/C-ROS-Automodel_Car/AutoModelRasp_ws/src/build/parking/install.log --single-version-externally-managed install_data
