[4.892s] Invoking command in '/home/alereyes/C-ROS-Automodel_Car/AutoModelRasp_ws/src/com_stm': DEBUGINFOD_URLS=https://debuginfod.ubuntu.com PYTHONPATH=/home/alereyes/C-ROS-Automodel_Car/AutoModelRasp_ws/src/build/com_stm/prefix_override:/usr/lib/python3/dist-packages/colcon_core/task/python/colcon_distutils_commands:/home/alereyes/C-ROS-Automodel_Car/AutoModelRasp_ws/src/install/com_stm/lib/python3.12/site-packages:/home/alereyes/C-ROS-Automodel_Car/AutoModelRasp_ws/src/install/motor_msgs/lib/python3.12/site-packages:/home/alereyes/C-ROS-Automodel_Car/AutoModelRasp_ws/src/install/parking/lib/python3.12/site-packages:/home/alereyes/C-ROS-Automodel_Car/AutoModelRasp_ws/src/install/ms200_driver/lib/python3.12/site-packages:/home/alereyes/C-ROS-Automodel_Car/AutoModelRasp_ws/src/install/manual/lib/python3.12/site-packages:/home/alereyes/C-ROS-Automodel_Car/AutoModelRasp_ws/src/install/com_stm/lib/python3.12/site-packages:/home/alereyes/C-ROS-Automodel_Car/AutoModelRasp_ws/src/install/driving/lib/python3.12/site-packages:/opt/ros/jazzy/lib/python3.12/site-packages /usr/bin/python3 -W ignore:setup.py install is deprecated -W ignore:easy_install command is deprecated setup.py egg_info --egg-base ../build/com_stm build --build-base /home/alereyes/C-ROS-Automodel_Car/AutoModelRasp_ws/src/build/com_stm/build install --record /home/alereyes/C-ROS-Automodel_Car/AutoModelRasp_ws/src/build/com_stm/install.log --single-version-externally-managed install_data
[5.211s] running egg_info
[5.232s] writing ../build/com_stm/com_stm.egg-info/PKG-INFO
[5.254s] writing dependency_links to ../build/com_stm/com_stm.egg-info/dependency_links.txt
[5.254s] writing entry points to ../build/com_stm/com_stm.egg-info/entry_points.txt
[5.254s] writing requirements to ../build/com_stm/com_stm.egg-info/requires.txt
[5.255s] writing top-level names to ../build/com_stm/com_stm.egg-info/top_level.txt
[5.330s] reading manifest file '../build/com_stm/com_stm.egg-info/SOURCES.txt'
[5.417s] adding license file 'LICENSE'
[5.418s] writing manifest file '../build/com_stm/com_stm.egg-info/SOURCES.txt'
[5.419s] running build
[5.419s] running build_py
[5.444s] running install
[5.457s] running install_lib
[5.495s] running install_data
[5.495s] running install_egg_info
[5.528s] removing '/home/alereyes/C-ROS-Automodel_Car/AutoModelRasp_ws/src/install/com_stm/lib/python3.12/site-packages/com_stm-0.0.0-py3.12.egg-info' (and everything under it)
[5.529s] Copying ../build/com_stm/com_stm.egg-info to /home/alereyes/C-ROS-Automodel_Car/AutoModelRasp_ws/src/install/com_stm/lib/python3.12/site-packages/com_stm-0.0.0-py3.12.egg-info
[5.557s] running install_scripts
[5.725s] Installing com_stm script to /home/alereyes/C-ROS-Automodel_Car/AutoModelRasp_ws/src/install/com_stm/lib/com_stm
[5.725s] writing list of installed files to '/home/alereyes/C-ROS-Automodel_Car/AutoModelRasp_ws/src/build/com_stm/install.log'
[5.766s] Invoked command in '/home/alereyes/C-ROS-Automodel_Car/AutoModelRasp_ws/src/com_stm' returned '0': DEBUGINFOD_URLS=https://debuginfod.ubuntu.com PYTHONPATH=/home/alereyes/C-ROS-Automodel_Car/AutoModelRasp_ws/src/build/com_stm/prefix_override:/usr/lib/python3/dist-packages/colcon_core/task/python/colcon_distutils_commands:/home/alereyes/C-ROS-Automodel_Car/AutoModelRasp_ws/src/install/com_stm/lib/python3.12/site-packages:/home/alereyes/C-ROS-Automodel_Car/AutoModelRasp_ws/src/install/motor_msgs/lib/python3.12/site-packages:/home/alereyes/C-ROS-Automodel_Car/AutoModelRasp_ws/src/install/parking/lib/python3.12/site-packages:/home/alereyes/C-ROS-Automodel_Car/AutoModelRasp_ws/src/install/ms200_driver/lib/python3.12/site-packages:/home/alereyes/C-ROS-Automodel_Car/AutoModelRasp_ws/src/install/manual/lib/python3.12/site-packages:/home/alereyes/C-ROS-Automodel_Car/AutoModelRasp_ws/src/install/com_stm/lib/python3.12/site-packages:/home/alereyes/C-ROS-Automodel_Car/AutoModelRasp_ws/src/install/driving/lib/python3.12/site-packages:/opt/ros/jazzy/lib/python3.12/site-packages /usr/bin/python3 -W ignore:setup.py install is deprecated -W ignore:easy_install command is deprecated setup.py egg_info --egg-base ../build/com_stm build --build-base /home/alereyes/C-ROS-Automodel_Car/AutoModelRasp_ws/src/build/com_stm/build install --record /home/alereyes/C-ROS-Automodel_Car/AutoModelRasp_ws/src/build/com_stm/install.log --single-version-externally-managed install_data
