[0.996s] Invoking command in '/home/alereyes/C-ROS-Automodel_Car/AutoModelRasp_ws/src/lidar': DEBUGINFOD_URLS=https://debuginfod.ubuntu.com PYTHONPATH=/home/alereyes/C-ROS-Automodel_Car/AutoModelRasp_ws/src/build/ms200_driver/prefix_override:/usr/lib/python3/dist-packages/colcon_core/task/python/colcon_distutils_commands:/home/alereyes/C-ROS-Automodel_Car/AutoModelRasp_ws/src/install/ms200_driver/lib/python3.12/site-packages:${PYTHONPATH} /usr/bin/python3 -W ignore:setup.py install is deprecated -W ignore:easy_install command is deprecated setup.py egg_info --egg-base ../build/ms200_driver build --build-base /home/alereyes/C-ROS-Automodel_Car/AutoModelRasp_ws/src/build/ms200_driver/build install --record /home/alereyes/C-ROS-Automodel_Car/AutoModelRasp_ws/src/build/ms200_driver/install.log --single-version-externally-managed install_data
[1.324s] running egg_info
[1.341s] writing ../build/ms200_driver/ms200_driver.egg-info/PKG-INFO
[1.341s] writing dependency_links to ../build/ms200_driver/ms200_driver.egg-info/dependency_links.txt
[1.341s] writing entry points to ../build/ms200_driver/ms200_driver.egg-info/entry_points.txt
[1.341s] writing requirements to ../build/ms200_driver/ms200_driver.egg-info/requires.txt
[1.341s] writing top-level names to ../build/ms200_driver/ms200_driver.egg-info/top_level.txt
[1.369s] reading manifest file '../build/ms200_driver/ms200_driver.egg-info/SOURCES.txt'
[1.369s] adding license file 'LICENSE'
[1.370s] writing manifest file '../build/ms200_driver/ms200_driver.egg-info/SOURCES.txt'
[1.370s] running build
[1.370s] running build_py
[1.370s] running install
[1.375s] running install_lib
[1.388s] running install_data
[1.388s] running install_egg_info
[1.409s] removing '/home/alereyes/C-ROS-Automodel_Car/AutoModelRasp_ws/src/install/ms200_driver/lib/python3.12/site-packages/ms200_driver-0.0.0-py3.12.egg-info' (and everything under it)
[1.409s] Copying ../build/ms200_driver/ms200_driver.egg-info to /home/alereyes/C-ROS-Automodel_Car/AutoModelRasp_ws/src/install/ms200_driver/lib/python3.12/site-packages/ms200_driver-0.0.0-py3.12.egg-info
[1.409s] running install_scripts
[1.497s] Installing ms200_node script to /home/alereyes/C-ROS-Automodel_Car/AutoModelRasp_ws/src/install/ms200_driver/lib/ms200_driver
[1.497s] writing list of installed files to '/home/alereyes/C-ROS-Automodel_Car/AutoModelRasp_ws/src/build/ms200_driver/install.log'
[1.519s] Invoked command in '/home/alereyes/C-ROS-Automodel_Car/AutoModelRasp_ws/src/lidar' returned '0': DEBUGINFOD_URLS=https://debuginfod.ubuntu.com PYTHONPATH=/home/alereyes/C-ROS-Automodel_Car/AutoModelRasp_ws/src/build/ms200_driver/prefix_override:/usr/lib/python3/dist-packages/colcon_core/task/python/colcon_distutils_commands:/home/alereyes/C-ROS-Automodel_Car/AutoModelRasp_ws/src/install/ms200_driver/lib/python3.12/site-packages:${PYTHONPATH} /usr/bin/python3 -W ignore:setup.py install is deprecated -W ignore:easy_install command is deprecated setup.py egg_info --egg-base ../build/ms200_driver build --build-base /home/alereyes/C-ROS-Automodel_Car/AutoModelRasp_ws/src/build/ms200_driver/build install --record /home/alereyes/C-ROS-Automodel_Car/AutoModelRasp_ws/src/build/ms200_driver/install.log --single-version-externally-managed install_data
